[  3%] Built target self_interface__cpp
[  6%] [32m[1mLinking CXX executable robot_publisher[0m
[ 15%] Built target self_interface__rosidl_generator_c
[35m[1mConsolidate compiler generated dependencies of target self_interface__rosidl_typesupport_fastrtps_cpp[0m
[35m[1mConsolidate compiler generated dependencies of target self_interface__rosidl_typesupport_introspection_cpp[0m
[ 15%] Built target ament_cmake_python_symlink_self_interface
[35m[1mConsolidate compiler generated dependencies of target self_interface__rosidl_typesupport_cpp[0m
[35m[1mConsolidate compiler generated dependencies of target self_interface__rosidl_typesupport_fastrtps_c[0m
[35m[1mConsolidate compiler generated dependencies of target self_interface__rosidl_typesupport_introspection_c[0m
[35m[1mConsolidate compiler generated dependencies of target self_interface__rosidl_typesupport_c[0m
[ 24%] Built target self_interface__rosidl_typesupport_fastrtps_cpp
[ 33%] Built target self_interface__rosidl_typesupport_introspection_cpp
[ 42%] Built target self_interface__rosidl_typesupport_cpp
[ 51%] Built target self_interface__rosidl_typesupport_introspection_c
[ 60%] Built target self_interface__rosidl_typesupport_fastrtps_c
[ 69%] Built target self_interface__rosidl_typesupport_c
[ 69%] Built target self_interface
running egg_info
writing self_interface.egg-info/PKG-INFO
writing dependency_links to self_interface.egg-info/dependency_links.txt
writing top-level names to self_interface.egg-info/top_level.txt
reading manifest file 'self_interface.egg-info/SOURCES.txt'
writing manifest file 'self_interface.egg-info/SOURCES.txt'
[ 69%] Built target ament_cmake_python_build_self_interface_egg
