[0.008s] Invoking command in '/home/qep/WorkSpace/RM2025/ROS2tutorial/ros_ws/build/self_interface': CMAKE_PREFIX_PATH=${CMAKE_PREFIX_PATH}:/opt/ros/humble /usr/bin/cmake --build /home/qep/WorkSpace/RM2025/ROS2tutorial/ros_ws/build/self_interface -- -j20 -l20
[0.029s] -- Found ament_cmake: 1.3.10 (/opt/ros/humble/share/ament_cmake/cmake)
[0.125s] -- Override CMake install command with custom implementation using symlinks instead of copying resources
[0.129s] -- Found rosidl_default_generators: 1.2.0 (/opt/ros/humble/share/rosidl_default_generators/cmake)
[0.130s] -- Using all available rosidl_typesupport_c: rosidl_typesupport_fastrtps_c;rosidl_typesupport_introspection_c
[0.132s] -- Found rosidl_adapter: 3.1.5 (/opt/ros/humble/share/rosidl_adapter/cmake)
[0.153s] -- Using all available rosidl_typesupport_cpp: rosidl_typesupport_fastrtps_cpp;rosidl_typesupport_introspection_cpp
[0.168s] -- Found rclcpp: 16.0.10 (/opt/ros/humble/share/rclcpp/cmake)
[0.192s] -- Found rmw_implementation_cmake: 6.1.2 (/opt/ros/humble/share/rmw_implementation_cmake/cmake)
[0.193s] -- Found rmw_fastrtps_cpp: 6.2.7 (/opt/ros/humble/share/rmw_fastrtps_cpp/cmake)
[0.272s] -- Using RMW implementation 'rmw_fastrtps_cpp' as default
[0.304s] -- Found geometry_msgs: 4.2.4 (/opt/ros/humble/share/geometry_msgs/cmake)
[0.535s] -- Found ament_cmake_ros: 0.10.0 (/opt/ros/humble/share/ament_cmake_ros/cmake)
[0.721s] -- Using all available rosidl_typesupport_c: rosidl_typesupport_fastrtps_c;rosidl_typesupport_introspection_c
[0.963s] -- Using all available rosidl_typesupport_cpp: rosidl_typesupport_fastrtps_cpp;rosidl_typesupport_introspection_cpp
[0.980s] -- Found python_cmake_module: 0.10.0 (/opt/ros/humble/share/python_cmake_module/cmake)
[1.007s] -- Using PYTHON_EXECUTABLE: /usr/bin/python3
[1.007s] -- Using PYTHON_INCLUDE_DIRS: /usr/include/python3.10
[1.007s] -- Using PYTHON_LIBRARIES: /usr/lib/x86_64-linux-gnu/libpython3.10.so
[1.034s] -- Found ament_lint_auto: 0.12.11 (/opt/ros/humble/share/ament_lint_auto/cmake)
[1.040s] -- Added test 'cppcheck' to perform static code analysis on C / C++ code
[1.040s] -- Configured cppcheck include dirs: 
[1.040s] -- Configured cppcheck exclude dirs and/or files: 
[1.041s] -- Added test 'lint_cmake' to check CMake code style
[1.041s] -- Added test 'uncrustify' to check C / C++ code style
[1.041s] -- Configured uncrustify additional arguments: 
[1.041s] -- Added test 'xmllint' to check XML markup files
[1.043s] -- Configuring done
[1.065s] -- Generating done
[1.067s] -- Build files have been written to: /home/qep/WorkSpace/RM2025/ROS2tutorial/ros_ws/build/self_interface
[1.090s] [35m[1mConsolidate compiler generated dependencies of target robot_publisher[0m
[1.090s] [35m[1mConsolidate compiler generated dependencies of target self_interface__rosidl_generator_c[0m
[1.097s] [  3%] Built target self_interface__cpp
[1.100s] [ 15%] [32mBuilding CXX object CMakeFiles/robot_publisher.dir/src/main.cpp.o[0m
[1.100s] [ 12%] Built target self_interface__rosidl_generator_c
[1.108s] [35m[1mConsolidate compiler generated dependencies of target self_interface__rosidl_typesupport_introspection_cpp[0m
[1.109s] [ 15%] Built target ament_cmake_python_symlink_self_interface
[1.112s] [35m[1mConsolidate compiler generated dependencies of target self_interface__rosidl_typesupport_fastrtps_cpp[0m
[1.115s] [35m[1mConsolidate compiler generated dependencies of target self_interface__rosidl_typesupport_cpp[0m
[1.117s] [35m[1mConsolidate compiler generated dependencies of target self_interface__rosidl_typesupport_c[0m
[1.120s] [35m[1mConsolidate compiler generated dependencies of target self_interface__rosidl_typesupport_introspection_c[0m
[1.123s] [35m[1mConsolidate compiler generated dependencies of target self_interface__rosidl_typesupport_fastrtps_c[0m
[1.132s] [ 24%] Built target self_interface__rosidl_typesupport_introspection_cpp
[1.139s] [ 33%] Built target self_interface__rosidl_typesupport_cpp
[1.139s] [ 42%] Built target self_interface__rosidl_typesupport_fastrtps_cpp
[1.139s] [ 51%] Built target self_interface__rosidl_typesupport_introspection_c
[1.140s] [ 60%] Built target self_interface__rosidl_typesupport_c
[1.144s] [ 69%] Built target self_interface__rosidl_typesupport_fastrtps_c
[1.160s] [ 69%] Built target self_interface
[1.175s] [ 72%] Built target self_interface__py
[1.185s] [35m[1mConsolidate compiler generated dependencies of target self_interface__rosidl_generator_py[0m
[1.196s] [ 78%] Built target self_interface__rosidl_generator_py
[1.207s] [35m[1mConsolidate compiler generated dependencies of target self_interface__rosidl_typesupport_fastrtps_c__pyext[0m
[1.207s] [35m[1mConsolidate compiler generated dependencies of target self_interface__rosidl_typesupport_introspection_c__pyext[0m
[1.207s] [35m[1mConsolidate compiler generated dependencies of target self_interface__rosidl_typesupport_c__pyext[0m
[1.221s] [ 84%] Built target self_interface__rosidl_typesupport_introspection_c__pyext
[1.222s] [ 96%] Built target self_interface__rosidl_typesupport_fastrtps_c__pyext
[1.223s] [ 96%] Built target self_interface__rosidl_typesupport_c__pyext
[1.234s] [01m[K/home/qep/WorkSpace/RM2025/ROS2tutorial/ros_ws/src/self_interface/src/main.cpp:2:10:[m[K [01;31m[Kfatal error: [m[Kself_interface/msg/robot.hpp: No such file or directory
[1.234s]     2 | #include [01;31m[K"self_interface/msg/robot.hpp"[m[K
[1.234s]       |          [01;31m[K^~~~~~~~~~~~~~~~~~~~~~~~~~~~~~[m[K
[1.234s] compilation terminated.
[1.235s] gmake[2]: *** [CMakeFiles/robot_publisher.dir/build.make:76: CMakeFiles/robot_publisher.dir/src/main.cpp.o] Error 1
[1.235s] gmake[1]: *** [CMakeFiles/Makefile2:592: CMakeFiles/robot_publisher.dir/all] Error 2
[1.236s] gmake[1]: *** Waiting for unfinished jobs....
[1.277s] running egg_info
[1.277s] writing self_interface.egg-info/PKG-INFO
[1.278s] writing dependency_links to self_interface.egg-info/dependency_links.txt
[1.278s] writing top-level names to self_interface.egg-info/top_level.txt
[1.279s] reading manifest file 'self_interface.egg-info/SOURCES.txt'
[1.279s] writing manifest file 'self_interface.egg-info/SOURCES.txt'
[1.299s] [ 96%] Built target ament_cmake_python_build_self_interface_egg
[1.300s] gmake: *** [Makefile:146: all] Error 2
[1.302s] Invoked command in '/home/qep/WorkSpace/RM2025/ROS2tutorial/ros_ws/build/self_interface' returned '2': CMAKE_PREFIX_PATH=${CMAKE_PREFIX_PATH}:/opt/ros/humble /usr/bin/cmake --build /home/qep/WorkSpace/RM2025/ROS2tutorial/ros_ws/build/self_interface -- -j20 -l20
