[0.008s] Invoking command in '/home/qep/WorkSpace/RM2025/ROS2tutorial/ros_ws/build/self_interface': CMAKE_PREFIX_PATH=${CMAKE_PREFIX_PATH}:/opt/ros/humble /usr/bin/cmake --build /home/qep/WorkSpace/RM2025/ROS2tutorial/ros_ws/build/self_interface -- -j20 -l20
[0.055s] [  3%] Built target self_interface__cpp
[0.055s] [ 12%] Built target self_interface__rosidl_generator_c
[0.058s] [ 15%] [32mBuilding CXX object CMakeFiles/robot_publisher.dir/src/main.cpp.o[0m
[0.063s] [ 15%] Built target ament_cmake_python_symlink_self_interface
[0.095s] [ 24%] Built target self_interface__rosidl_typesupport_fastrtps_c
[0.096s] [ 33%] Built target self_interface__rosidl_typesupport_introspection_cpp
[0.098s] [ 51%] Built target self_interface__rosidl_typesupport_c
[0.098s] [ 51%] Built target self_interface__rosidl_typesupport_introspection_c
[0.102s] [ 60%] Built target self_interface__rosidl_typesupport_fastrtps_cpp
[0.103s] [ 69%] Built target self_interface__rosidl_typesupport_cpp
[0.118s] [ 69%] Built target self_interface
[0.135s] [ 72%] Built target self_interface__py
[0.151s] [ 78%] Built target self_interface__rosidl_generator_py
[0.170s] [ 84%] Built target self_interface__rosidl_typesupport_c__pyext
[0.172s] [ 90%] Built target self_interface__rosidl_typesupport_fastrtps_c__pyext
[0.173s] [ 96%] Built target self_interface__rosidl_typesupport_introspection_c__pyext
[0.198s] In file included from [01m[K/home/qep/WorkSpace/RM2025/ROS2tutorial/ros_ws/src/self_interface/src/main.cpp:2[m[K:
[0.198s] [01m[K/home/qep/WorkSpace/RM2025/ROS2tutorial/ros_ws/install/self_interface/include/self_interface/self_interface/msg/robot.hpp:7:10:[m[K [01;31m[Kfatal error: [m[Kself_interface/msg/detail/robot__struct.hpp: No such file or directory
[0.198s]     7 | #include [01;31m[K"self_interface/msg/detail/robot__struct.hpp"[m[K
[0.199s]       |          [01;31m[K^~~~~~~~~~~~~~~~~~~~~~~~~~~~~~~~~~~~~~~~~~~~~[m[K
[0.199s] compilation terminated.
[0.208s] gmake[2]: *** [CMakeFiles/robot_publisher.dir/build.make:76: CMakeFiles/robot_publisher.dir/src/main.cpp.o] Error 1
[0.208s] gmake[1]: *** [CMakeFiles/Makefile2:592: CMakeFiles/robot_publisher.dir/all] Error 2
[0.208s] gmake[1]: *** Waiting for unfinished jobs....
[0.231s] running egg_info
[0.231s] writing self_interface.egg-info/PKG-INFO
[0.231s] writing dependency_links to self_interface.egg-info/dependency_links.txt
[0.231s] writing top-level names to self_interface.egg-info/top_level.txt
[0.233s] reading manifest file 'self_interface.egg-info/SOURCES.txt'
[0.233s] writing manifest file 'self_interface.egg-info/SOURCES.txt'
[0.250s] [ 96%] Built target ament_cmake_python_build_self_interface_egg
[0.251s] gmake: *** [Makefile:146: all] Error 2
[0.253s] Invoked command in '/home/qep/WorkSpace/RM2025/ROS2tutorial/ros_ws/build/self_interface' returned '2': CMAKE_PREFIX_PATH=${CMAKE_PREFIX_PATH}:/opt/ros/humble /usr/bin/cmake --build /home/qep/WorkSpace/RM2025/ROS2tutorial/ros_ws/build/self_interface -- -j20 -l20
