-- Found ament_cmake: 1.3.10 (/opt/ros/humble/share/ament_cmake/cmake)
-- Override CMake install command with custom implementation using symlinks instead of copying resources
-- Found rosidl_default_generators: 1.2.0 (/opt/ros/humble/share/rosidl_default_generators/cmake)
-- Using all available rosidl_typesupport_c: rosidl_typesupport_fastrtps_c;rosidl_typesupport_introspection_c
-- Found rosidl_adapter: 3.1.5 (/opt/ros/humble/share/rosidl_adapter/cmake)
-- Using all available rosidl_typesupport_cpp: rosidl_typesupport_fastrtps_cpp;rosidl_typesupport_introspection_cpp
-- Found rclcpp: 16.0.10 (/opt/ros/humble/share/rclcpp/cmake)
-- Found rmw_implementation_cmake: 6.1.2 (/opt/ros/humble/share/rmw_implementation_cmake/cmake)
-- Found rmw_fastrtps_cpp: 6.2.7 (/opt/ros/humble/share/rmw_fastrtps_cpp/cmake)
-- Using RMW implementation 'rmw_fastrtps_cpp' as default
-- Found geometry_msgs: 4.2.4 (/opt/ros/humble/share/geometry_msgs/cmake)
-- Found ament_cmake_ros: 0.10.0 (/opt/ros/humble/share/ament_cmake_ros/cmake)
-- Using all available rosidl_typesupport_c: rosidl_typesupport_fastrtps_c;rosidl_typesupport_introspection_c
-- Using all available rosidl_typesupport_cpp: rosidl_typesupport_fastrtps_cpp;rosidl_typesupport_introspection_cpp
-- Found python_cmake_module: 0.10.0 (/opt/ros/humble/share/python_cmake_module/cmake)
-- Using PYTHON_EXECUTABLE: /usr/bin/python3
-- Using PYTHON_INCLUDE_DIRS: /usr/include/python3.10
-- Using PYTHON_LIBRARIES: /usr/lib/x86_64-linux-gnu/libpython3.10.so
-- Found ament_lint_auto: 0.12.11 (/opt/ros/humble/share/ament_lint_auto/cmake)
-- Added test 'cppcheck' to perform static code analysis on C / C++ code
-- Configured cppcheck include dirs: 
-- Configured cppcheck exclude dirs and/or files: 
-- Added test 'lint_cmake' to check CMake code style
-- Added test 'uncrustify' to check C / C++ code style
-- Configured uncrustify additional arguments: 
-- Added test 'xmllint' to check XML markup files
-- Configuring done
-- Generating done
-- Build files have been written to: /home/qep/WorkSpace/RM2025/ROS2tutorial/ros_ws/build/self_interface
[35m[1mConsolidate compiler generated dependencies of target self_interface__rosidl_generator_c[0m
[  9%] Built target self_interface__rosidl_generator_c
[ 12%] Built target self_interface__cpp
[ 12%] Built target ament_cmake_python_symlink_self_interface
[35m[1mConsolidate compiler generated dependencies of target self_interface__rosidl_typesupport_cpp[0m
[35m[1mConsolidate compiler generated dependencies of target self_interface__rosidl_typesupport_fastrtps_c[0m
[35m[1mConsolidate compiler generated dependencies of target self_interface__rosidl_typesupport_fastrtps_cpp[0m
[35m[1mConsolidate compiler generated dependencies of target self_interface__rosidl_typesupport_introspection_cpp[0m
[35m[1mConsolidate compiler generated dependencies of target self_interface__rosidl_typesupport_c[0m
[35m[1mConsolidate compiler generated dependencies of target self_interface__rosidl_typesupport_introspection_c[0m
[ 22%] Built target self_interface__rosidl_typesupport_cpp
[ 32%] Built target self_interface__rosidl_typesupport_introspection_c
[ 41%] Built target self_interface__rosidl_typesupport_introspection_cpp
[ 51%] Built target self_interface__rosidl_typesupport_fastrtps_c
[ 61%] Built target self_interface__rosidl_typesupport_c
[ 70%] Built target self_interface__rosidl_typesupport_fastrtps_cpp
[ 70%] Built target self_interface
[ 74%] Built target self_interface__py
[35m[1mConsolidate compiler generated dependencies of target self_interface__rosidl_generator_py[0m
[ 80%] Built target self_interface__rosidl_generator_py
[ 83%] [32mBuilding C object CMakeFiles/self_interface__rosidl_typesupport_c__pyext.dir/rosidl_generator_py/self_interface/_self_interface_s.ep.rosidl_typesupport_c.c.o[0m
[ 87%] [32mBuilding C object CMakeFiles/self_interface__rosidl_typesupport_fastrtps_c__pyext.dir/rosidl_generator_py/self_interface/_self_interface_s.ep.rosidl_typesupport_fastrtps_c.c.o[0m
[ 90%] [32mBuilding C object CMakeFiles/self_interface__rosidl_typesupport_introspection_c__pyext.dir/rosidl_generator_py/self_interface/_self_interface_s.ep.rosidl_typesupport_introspection_c.c.o[0m
running egg_info
writing self_interface.egg-info/PKG-INFO
writing dependency_links to self_interface.egg-info/dependency_links.txt
writing top-level names to self_interface.egg-info/top_level.txt
[ 93%] [32m[1mLinking C shared library rosidl_generator_py/self_interface/self_interface_s__rosidl_typesupport_fastrtps_c.cpython-310-x86_64-linux-gnu.so[0m
reading manifest file 'self_interface.egg-info/SOURCES.txt'
[ 96%] [32m[1mLinking C shared library rosidl_generator_py/self_interface/self_interface_s__rosidl_typesupport_c.cpython-310-x86_64-linux-gnu.so[0m
writing manifest file 'self_interface.egg-info/SOURCES.txt'
[ 96%] Built target ament_cmake_python_build_self_interface_egg
[100%] [32m[1mLinking C shared library rosidl_generator_py/self_interface/self_interface_s__rosidl_typesupport_introspection_c.cpython-310-x86_64-linux-gnu.so[0m
[100%] Built target self_interface__rosidl_typesupport_fastrtps_c__pyext
[100%] Built target self_interface__rosidl_typesupport_c__pyext
[100%] Built target self_interface__rosidl_typesupport_introspection_c__pyext
-- Install configuration: ""
-- Execute custom install script
-- Symlinking: /home/qep/WorkSpace/RM2025/ROS2tutorial/ros_ws/install/self_interface/share/ament_index/resource_index/rosidl_interfaces/self_interface
-- Symlinking: /home/qep/WorkSpace/RM2025/ROS2tutorial/ros_ws/install/self_interface/include/self_interface/self_interface/msg/detail/robot__functions.h
-- Symlinking: /home/qep/WorkSpace/RM2025/ROS2tutorial/ros_ws/install/self_interface/include/self_interface/self_interface/msg/detail/robot__struct.h
-- Symlinking: /home/qep/WorkSpace/RM2025/ROS2tutorial/ros_ws/install/self_interface/include/self_interface/self_interface/msg/detail/robot__type_support.h
-- Symlinking: /home/qep/WorkSpace/RM2025/ROS2tutorial/ros_ws/install/self_interface/include/self_interface/self_interface/msg/robot.h
-- Symlinking: /home/qep/WorkSpace/RM2025/ROS2tutorial/ros_ws/install/self_interface/include/self_interface/self_interface/msg/rosidl_generator_c__visibility_control.h
-- Symlinking: /home/qep/WorkSpace/RM2025/ROS2tutorial/ros_ws/install/self_interface/share/self_interface/environment/library_path.sh
-- Symlinking: /home/qep/WorkSpace/RM2025/ROS2tutorial/ros_ws/install/self_interface/share/self_interface/environment/library_path.dsv
-- Symlinking: /home/qep/WorkSpace/RM2025/ROS2tutorial/ros_ws/install/self_interface/include/self_interface/self_interface/msg/detail/robot__rosidl_typesupport_fastrtps_c.h
-- Symlinking: /home/qep/WorkSpace/RM2025/ROS2tutorial/ros_ws/install/self_interface/include/self_interface/self_interface/msg/rosidl_typesupport_fastrtps_c__visibility_control.h
-- Symlinking: /home/qep/WorkSpace/RM2025/ROS2tutorial/ros_ws/install/self_interface/include/self_interface/self_interface/msg/detail/robot__rosidl_typesupport_introspection_c.h
-- Symlinking: /home/qep/WorkSpace/RM2025/ROS2tutorial/ros_ws/install/self_interface/include/self_interface/self_interface/msg/rosidl_typesupport_introspection_c__visibility_control.h
-- Symlinking: /home/qep/WorkSpace/RM2025/ROS2tutorial/ros_ws/install/self_interface/include/self_interface/self_interface/msg/detail/robot__builder.hpp
-- Symlinking: /home/qep/WorkSpace/RM2025/ROS2tutorial/ros_ws/install/self_interface/include/self_interface/self_interface/msg/detail/robot__struct.hpp
-- Symlinking: /home/qep/WorkSpace/RM2025/ROS2tutorial/ros_ws/install/self_interface/include/self_interface/self_interface/msg/detail/robot__traits.hpp
-- Symlinking: /home/qep/WorkSpace/RM2025/ROS2tutorial/ros_ws/install/self_interface/include/self_interface/self_interface/msg/robot.hpp
-- Symlinking: /home/qep/WorkSpace/RM2025/ROS2tutorial/ros_ws/install/self_interface/include/self_interface/self_interface/msg/detail/robot__rosidl_typesupport_fastrtps_cpp.hpp
-- Symlinking: /home/qep/WorkSpace/RM2025/ROS2tutorial/ros_ws/install/self_interface/include/self_interface/self_interface/msg/rosidl_typesupport_fastrtps_cpp__visibility_control.h
-- Symlinking: /home/qep/WorkSpace/RM2025/ROS2tutorial/ros_ws/install/self_interface/include/self_interface/self_interface/msg/detail/robot__rosidl_typesupport_introspection_cpp.hpp
-- Symlinking: /home/qep/WorkSpace/RM2025/ROS2tutorial/ros_ws/install/self_interface/share/self_interface/environment/pythonpath.sh
-- Symlinking: /home/qep/WorkSpace/RM2025/ROS2tutorial/ros_ws/install/self_interface/share/self_interface/environment/pythonpath.dsv
-- Symlinking: /home/qep/WorkSpace/RM2025/ROS2tutorial/ros_ws/install/self_interface/local/lib/python3.10/dist-packages/self_interface-0.0.0-py3.10.egg-info/PKG-INFO
-- Symlinking: /home/qep/WorkSpace/RM2025/ROS2tutorial/ros_ws/install/self_interface/local/lib/python3.10/dist-packages/self_interface-0.0.0-py3.10.egg-info/SOURCES.txt
-- Symlinking: /home/qep/WorkSpace/RM2025/ROS2tutorial/ros_ws/install/self_interface/local/lib/python3.10/dist-packages/self_interface-0.0.0-py3.10.egg-info/dependency_links.txt
-- Symlinking: /home/qep/WorkSpace/RM2025/ROS2tutorial/ros_ws/install/self_interface/local/lib/python3.10/dist-packages/self_interface-0.0.0-py3.10.egg-info/top_level.txt
-- Symlinking: /home/qep/WorkSpace/RM2025/ROS2tutorial/ros_ws/install/self_interface/local/lib/python3.10/dist-packages/self_interface/__init__.py
-- Symlinking: /home/qep/WorkSpace/RM2025/ROS2tutorial/ros_ws/install/self_interface/local/lib/python3.10/dist-packages/self_interface/_self_interface_s.ep.rosidl_typesupport_c.c
-- Symlinking: /home/qep/WorkSpace/RM2025/ROS2tutorial/ros_ws/install/self_interface/local/lib/python3.10/dist-packages/self_interface/_self_interface_s.ep.rosidl_typesupport_fastrtps_c.c
-- Symlinking: /home/qep/WorkSpace/RM2025/ROS2tutorial/ros_ws/install/self_interface/local/lib/python3.10/dist-packages/self_interface/_self_interface_s.ep.rosidl_typesupport_introspection_c.c
-- Symlinking: /home/qep/WorkSpace/RM2025/ROS2tutorial/ros_ws/install/self_interface/local/lib/python3.10/dist-packages/self_interface/libself_interface__rosidl_generator_py.so
-- Symlinking: /home/qep/WorkSpace/RM2025/ROS2tutorial/ros_ws/install/self_interface/local/lib/python3.10/dist-packages/self_interface/msg/__init__.py
-- Symlinking: /home/qep/WorkSpace/RM2025/ROS2tutorial/ros_ws/install/self_interface/local/lib/python3.10/dist-packages/self_interface/msg/_robot.py
-- Symlinking: /home/qep/WorkSpace/RM2025/ROS2tutorial/ros_ws/install/self_interface/local/lib/python3.10/dist-packages/self_interface/msg/_robot_s.c
-- Symlinking: /home/qep/WorkSpace/RM2025/ROS2tutorial/ros_ws/install/self_interface/local/lib/python3.10/dist-packages/self_interface/self_interface_s__rosidl_typesupport_c.cpython-310-x86_64-linux-gnu.so
-- Symlinking: /home/qep/WorkSpace/RM2025/ROS2tutorial/ros_ws/install/self_interface/local/lib/python3.10/dist-packages/self_interface/self_interface_s__rosidl_typesupport_fastrtps_c.cpython-310-x86_64-linux-gnu.so
-- Symlinking: /home/qep/WorkSpace/RM2025/ROS2tutorial/ros_ws/install/self_interface/local/lib/python3.10/dist-packages/self_interface/self_interface_s__rosidl_typesupport_introspection_c.cpython-310-x86_64-linux-gnu.so
-- Up-to-date symlink: /home/qep/WorkSpace/RM2025/ROS2tutorial/ros_ws/install/self_interface/local/lib/python3.10/dist-packages/self_interface/self_interface_s__rosidl_typesupport_fastrtps_c.cpython-310-x86_64-linux-gnu.so
-- Up-to-date symlink: /home/qep/WorkSpace/RM2025/ROS2tutorial/ros_ws/install/self_interface/local/lib/python3.10/dist-packages/self_interface/self_interface_s__rosidl_typesupport_introspection_c.cpython-310-x86_64-linux-gnu.so
-- Up-to-date symlink: /home/qep/WorkSpace/RM2025/ROS2tutorial/ros_ws/install/self_interface/local/lib/python3.10/dist-packages/self_interface/self_interface_s__rosidl_typesupport_c.cpython-310-x86_64-linux-gnu.so
-- Symlinking: /home/qep/WorkSpace/RM2025/ROS2tutorial/ros_ws/install/self_interface/share/self_interface/msg/Robot.idl
-- Symlinking: /home/qep/WorkSpace/RM2025/ROS2tutorial/ros_ws/install/self_interface/share/self_interface/msg/Robot.msg
-- Symlinking: /home/qep/WorkSpace/RM2025/ROS2tutorial/ros_ws/install/self_interface/share/ament_index/resource_index/package_run_dependencies/self_interface
-- Symlinking: /home/qep/WorkSpace/RM2025/ROS2tutorial/ros_ws/install/self_interface/share/ament_index/resource_index/parent_prefix_path/self_interface
-- Symlinking: /home/qep/WorkSpace/RM2025/ROS2tutorial/ros_ws/install/self_interface/share/self_interface/environment/ament_prefix_path.sh
-- Symlinking: /home/qep/WorkSpace/RM2025/ROS2tutorial/ros_ws/install/self_interface/share/self_interface/environment/ament_prefix_path.dsv
-- Symlinking: /home/qep/WorkSpace/RM2025/ROS2tutorial/ros_ws/install/self_interface/share/self_interface/environment/path.sh
-- Symlinking: /home/qep/WorkSpace/RM2025/ROS2tutorial/ros_ws/install/self_interface/share/self_interface/environment/path.dsv
-- Symlinking: /home/qep/WorkSpace/RM2025/ROS2tutorial/ros_ws/install/self_interface/share/self_interface/local_setup.bash
-- Symlinking: /home/qep/WorkSpace/RM2025/ROS2tutorial/ros_ws/install/self_interface/share/self_interface/local_setup.sh
-- Symlinking: /home/qep/WorkSpace/RM2025/ROS2tutorial/ros_ws/install/self_interface/share/self_interface/local_setup.zsh
-- Symlinking: /home/qep/WorkSpace/RM2025/ROS2tutorial/ros_ws/install/self_interface/share/self_interface/local_setup.dsv
-- Symlinking: /home/qep/WorkSpace/RM2025/ROS2tutorial/ros_ws/install/self_interface/share/self_interface/package.dsv
-- Symlinking: /home/qep/WorkSpace/RM2025/ROS2tutorial/ros_ws/install/self_interface/share/ament_index/resource_index/packages/self_interface
-- Symlinking: /home/qep/WorkSpace/RM2025/ROS2tutorial/ros_ws/install/self_interface/share/self_interface/cmake/rosidl_cmake-extras.cmake
-- Symlinking: /home/qep/WorkSpace/RM2025/ROS2tutorial/ros_ws/install/self_interface/share/self_interface/cmake/ament_cmake_export_dependencies-extras.cmake
-- Symlinking: /home/qep/WorkSpace/RM2025/ROS2tutorial/ros_ws/install/self_interface/share/self_interface/cmake/ament_cmake_export_include_directories-extras.cmake
-- Symlinking: /home/qep/WorkSpace/RM2025/ROS2tutorial/ros_ws/install/self_interface/share/self_interface/cmake/ament_cmake_export_libraries-extras.cmake
-- Symlinking: /home/qep/WorkSpace/RM2025/ROS2tutorial/ros_ws/install/self_interface/share/self_interface/cmake/ament_cmake_export_targets-extras.cmake
-- Symlinking: /home/qep/WorkSpace/RM2025/ROS2tutorial/ros_ws/install/self_interface/share/self_interface/cmake/rosidl_cmake_export_typesupport_targets-extras.cmake
-- Symlinking: /home/qep/WorkSpace/RM2025/ROS2tutorial/ros_ws/install/self_interface/share/self_interface/cmake/rosidl_cmake_export_typesupport_libraries-extras.cmake
-- Symlinking: /home/qep/WorkSpace/RM2025/ROS2tutorial/ros_ws/install/self_interface/share/self_interface/cmake/self_interfaceConfig.cmake
-- Symlinking: /home/qep/WorkSpace/RM2025/ROS2tutorial/ros_ws/install/self_interface/share/self_interface/cmake/self_interfaceConfig-version.cmake
-- Symlinking: /home/qep/WorkSpace/RM2025/ROS2tutorial/ros_ws/install/self_interface/share/self_interface/package.xml
-- Installing: /home/qep/WorkSpace/RM2025/ROS2tutorial/ros_ws/install/self_interface/lib/libself_interface__rosidl_generator_c.so
-- Set runtime path of "/home/qep/WorkSpace/RM2025/ROS2tutorial/ros_ws/install/self_interface/lib/libself_interface__rosidl_generator_c.so" to ""
-- Installing: /home/qep/WorkSpace/RM2025/ROS2tutorial/ros_ws/install/self_interface/lib/libself_interface__rosidl_typesupport_fastrtps_c.so
-- Set runtime path of "/home/qep/WorkSpace/RM2025/ROS2tutorial/ros_ws/install/self_interface/lib/libself_interface__rosidl_typesupport_fastrtps_c.so" to ""
-- Installing: /home/qep/WorkSpace/RM2025/ROS2tutorial/ros_ws/install/self_interface/lib/libself_interface__rosidl_typesupport_introspection_c.so
-- Set runtime path of "/home/qep/WorkSpace/RM2025/ROS2tutorial/ros_ws/install/self_interface/lib/libself_interface__rosidl_typesupport_introspection_c.so" to ""
-- Installing: /home/qep/WorkSpace/RM2025/ROS2tutorial/ros_ws/install/self_interface/lib/libself_interface__rosidl_typesupport_c.so
-- Set runtime path of "/home/qep/WorkSpace/RM2025/ROS2tutorial/ros_ws/install/self_interface/lib/libself_interface__rosidl_typesupport_c.so" to ""
-- Installing: /home/qep/WorkSpace/RM2025/ROS2tutorial/ros_ws/install/self_interface/lib/libself_interface__rosidl_typesupport_fastrtps_cpp.so
-- Set runtime path of "/home/qep/WorkSpace/RM2025/ROS2tutorial/ros_ws/install/self_interface/lib/libself_interface__rosidl_typesupport_fastrtps_cpp.so" to ""
-- Installing: /home/qep/WorkSpace/RM2025/ROS2tutorial/ros_ws/install/self_interface/lib/libself_interface__rosidl_typesupport_introspection_cpp.so
-- Set runtime path of "/home/qep/WorkSpace/RM2025/ROS2tutorial/ros_ws/install/self_interface/lib/libself_interface__rosidl_typesupport_introspection_cpp.so" to ""
-- Installing: /home/qep/WorkSpace/RM2025/ROS2tutorial/ros_ws/install/self_interface/lib/libself_interface__rosidl_typesupport_cpp.so
-- Set runtime path of "/home/qep/WorkSpace/RM2025/ROS2tutorial/ros_ws/install/self_interface/lib/libself_interface__rosidl_typesupport_cpp.so" to ""
Listing '/home/qep/WorkSpace/RM2025/ROS2tutorial/ros_ws/install/self_interface/local/lib/python3.10/dist-packages/self_interface'...
Compiling '/home/qep/WorkSpace/RM2025/ROS2tutorial/ros_ws/install/self_interface/local/lib/python3.10/dist-packages/self_interface/__init__.py'...
Listing '/home/qep/WorkSpace/RM2025/ROS2tutorial/ros_ws/install/self_interface/local/lib/python3.10/dist-packages/self_interface/msg'...
Compiling '/home/qep/WorkSpace/RM2025/ROS2tutorial/ros_ws/install/self_interface/local/lib/python3.10/dist-packages/self_interface/msg/__init__.py'...
Compiling '/home/qep/WorkSpace/RM2025/ROS2tutorial/ros_ws/install/self_interface/local/lib/python3.10/dist-packages/self_interface/msg/_robot.py'...
-- Installing: /home/qep/WorkSpace/RM2025/ROS2tutorial/ros_ws/install/self_interface/lib/libself_interface__rosidl_generator_py.so
-- Set runtime path of "/home/qep/WorkSpace/RM2025/ROS2tutorial/ros_ws/install/self_interface/lib/libself_interface__rosidl_generator_py.so" to ""
-- Installing: /home/qep/WorkSpace/RM2025/ROS2tutorial/ros_ws/install/self_interface/share/self_interface/cmake/export_self_interface__rosidl_generator_cExport.cmake
-- Installing: /home/qep/WorkSpace/RM2025/ROS2tutorial/ros_ws/install/self_interface/share/self_interface/cmake/export_self_interface__rosidl_generator_cExport-noconfig.cmake
-- Installing: /home/qep/WorkSpace/RM2025/ROS2tutorial/ros_ws/install/self_interface/share/self_interface/cmake/export_self_interface__rosidl_typesupport_fastrtps_cExport.cmake
-- Installing: /home/qep/WorkSpace/RM2025/ROS2tutorial/ros_ws/install/self_interface/share/self_interface/cmake/export_self_interface__rosidl_typesupport_fastrtps_cExport-noconfig.cmake
-- Installing: /home/qep/WorkSpace/RM2025/ROS2tutorial/ros_ws/install/self_interface/share/self_interface/cmake/self_interface__rosidl_typesupport_introspection_cExport.cmake
-- Installing: /home/qep/WorkSpace/RM2025/ROS2tutorial/ros_ws/install/self_interface/share/self_interface/cmake/self_interface__rosidl_typesupport_introspection_cExport-noconfig.cmake
-- Installing: /home/qep/WorkSpace/RM2025/ROS2tutorial/ros_ws/install/self_interface/share/self_interface/cmake/self_interface__rosidl_typesupport_cExport.cmake
-- Installing: /home/qep/WorkSpace/RM2025/ROS2tutorial/ros_ws/install/self_interface/share/self_interface/cmake/self_interface__rosidl_typesupport_cExport-noconfig.cmake
-- Installing: /home/qep/WorkSpace/RM2025/ROS2tutorial/ros_ws/install/self_interface/share/self_interface/cmake/export_self_interface__rosidl_generator_cppExport.cmake
-- Installing: /home/qep/WorkSpace/RM2025/ROS2tutorial/ros_ws/install/self_interface/share/self_interface/cmake/export_self_interface__rosidl_typesupport_fastrtps_cppExport.cmake
-- Installing: /home/qep/WorkSpace/RM2025/ROS2tutorial/ros_ws/install/self_interface/share/self_interface/cmake/export_self_interface__rosidl_typesupport_fastrtps_cppExport-noconfig.cmake
-- Installing: /home/qep/WorkSpace/RM2025/ROS2tutorial/ros_ws/install/self_interface/share/self_interface/cmake/self_interface__rosidl_typesupport_introspection_cppExport.cmake
-- Installing: /home/qep/WorkSpace/RM2025/ROS2tutorial/ros_ws/install/self_interface/share/self_interface/cmake/self_interface__rosidl_typesupport_introspection_cppExport-noconfig.cmake
-- Installing: /home/qep/WorkSpace/RM2025/ROS2tutorial/ros_ws/install/self_interface/share/self_interface/cmake/self_interface__rosidl_typesupport_cppExport.cmake
-- Installing: /home/qep/WorkSpace/RM2025/ROS2tutorial/ros_ws/install/self_interface/share/self_interface/cmake/self_interface__rosidl_typesupport_cppExport-noconfig.cmake
-- Installing: /home/qep/WorkSpace/RM2025/ROS2tutorial/ros_ws/install/self_interface/share/self_interface/cmake/export_self_interface__rosidl_generator_pyExport.cmake
-- Installing: /home/qep/WorkSpace/RM2025/ROS2tutorial/ros_ws/install/self_interface/share/self_interface/cmake/export_self_interface__rosidl_generator_pyExport-noconfig.cmake
