[0.007s] Invoking command in '/home/qep/WorkSpace/RM2025/ROS2tutorial/ros_ws/build/self_interface': CMAKE_PREFIX_PATH=/opt/ros/humble /usr/bin/cmake --build /home/qep/WorkSpace/RM2025/ROS2tutorial/ros_ws/build/self_interface -- -j20 -l20
[0.033s] -- Found ament_cmake: 1.3.10 (/opt/ros/humble/share/ament_cmake/cmake)
[0.126s] -- Override CMake install command with custom implementation using symlinks instead of copying resources
[0.130s] -- Found rosidl_default_generators: 1.2.0 (/opt/ros/humble/share/rosidl_default_generators/cmake)
[0.131s] -- Using all available rosidl_typesupport_c: rosidl_typesupport_fastrtps_c;rosidl_typesupport_introspection_c
[0.133s] -- Found rosidl_adapter: 3.1.5 (/opt/ros/humble/share/rosidl_adapter/cmake)
[0.153s] -- Using all available rosidl_typesupport_cpp: rosidl_typesupport_fastrtps_cpp;rosidl_typesupport_introspection_cpp
[0.168s] -- Found rclcpp: 16.0.10 (/opt/ros/humble/share/rclcpp/cmake)
[0.191s] -- Found rmw_implementation_cmake: 6.1.2 (/opt/ros/humble/share/rmw_implementation_cmake/cmake)
[0.192s] -- Found rmw_fastrtps_cpp: 6.2.7 (/opt/ros/humble/share/rmw_fastrtps_cpp/cmake)
[0.270s] -- Using RMW implementation 'rmw_fastrtps_cpp' as default
[0.303s] -- Found geometry_msgs: 4.2.4 (/opt/ros/humble/share/geometry_msgs/cmake)
[0.523s] -- Found ament_cmake_ros: 0.10.0 (/opt/ros/humble/share/ament_cmake_ros/cmake)
[0.693s] -- Using all available rosidl_typesupport_c: rosidl_typesupport_fastrtps_c;rosidl_typesupport_introspection_c
[0.950s] -- Using all available rosidl_typesupport_cpp: rosidl_typesupport_fastrtps_cpp;rosidl_typesupport_introspection_cpp
[0.974s] -- Found python_cmake_module: 0.10.0 (/opt/ros/humble/share/python_cmake_module/cmake)
[0.999s] -- Using PYTHON_EXECUTABLE: /usr/bin/python3
[0.999s] -- Using PYTHON_INCLUDE_DIRS: /usr/include/python3.10
[0.999s] -- Using PYTHON_LIBRARIES: /usr/lib/x86_64-linux-gnu/libpython3.10.so
[1.026s] -- Found ament_lint_auto: 0.12.11 (/opt/ros/humble/share/ament_lint_auto/cmake)
[1.031s] -- Added test 'cppcheck' to perform static code analysis on C / C++ code
[1.032s] -- Configured cppcheck include dirs: 
[1.032s] -- Configured cppcheck exclude dirs and/or files: 
[1.032s] -- Added test 'lint_cmake' to check CMake code style
[1.032s] -- Added test 'uncrustify' to check C / C++ code style
[1.032s] -- Configured uncrustify additional arguments: 
[1.033s] -- Added test 'xmllint' to check XML markup files
[1.034s] -- Configuring done
[1.054s] -- Generating done
[1.055s] -- Build files have been written to: /home/qep/WorkSpace/RM2025/ROS2tutorial/ros_ws/build/self_interface
[1.074s] [35m[1mConsolidate compiler generated dependencies of target self_interface__rosidl_generator_c[0m
[1.084s] [  9%] Built target self_interface__rosidl_generator_c
[1.084s] [ 12%] Built target self_interface__cpp
[1.092s] [ 12%] Built target ament_cmake_python_symlink_self_interface
[1.094s] [35m[1mConsolidate compiler generated dependencies of target self_interface__rosidl_typesupport_cpp[0m
[1.094s] [35m[1mConsolidate compiler generated dependencies of target self_interface__rosidl_typesupport_fastrtps_c[0m
[1.094s] [35m[1mConsolidate compiler generated dependencies of target self_interface__rosidl_typesupport_fastrtps_cpp[0m
[1.094s] [35m[1mConsolidate compiler generated dependencies of target self_interface__rosidl_typesupport_introspection_cpp[0m
[1.095s] [35m[1mConsolidate compiler generated dependencies of target self_interface__rosidl_typesupport_c[0m
[1.097s] [35m[1mConsolidate compiler generated dependencies of target self_interface__rosidl_typesupport_introspection_c[0m
[1.110s] [ 22%] Built target self_interface__rosidl_typesupport_cpp
[1.110s] [ 32%] Built target self_interface__rosidl_typesupport_introspection_c
[1.111s] [ 41%] Built target self_interface__rosidl_typesupport_introspection_cpp
[1.113s] [ 51%] Built target self_interface__rosidl_typesupport_fastrtps_c
[1.113s] [ 61%] Built target self_interface__rosidl_typesupport_c
[1.114s] [ 70%] Built target self_interface__rosidl_typesupport_fastrtps_cpp
[1.129s] [ 70%] Built target self_interface
[1.144s] [ 74%] Built target self_interface__py
[1.154s] [35m[1mConsolidate compiler generated dependencies of target self_interface__rosidl_generator_py[0m
[1.165s] [ 80%] Built target self_interface__rosidl_generator_py
[1.184s] [ 83%] [32mBuilding C object CMakeFiles/self_interface__rosidl_typesupport_c__pyext.dir/rosidl_generator_py/self_interface/_self_interface_s.ep.rosidl_typesupport_c.c.o[0m
[1.184s] [ 87%] [32mBuilding C object CMakeFiles/self_interface__rosidl_typesupport_fastrtps_c__pyext.dir/rosidl_generator_py/self_interface/_self_interface_s.ep.rosidl_typesupport_fastrtps_c.c.o[0m
[1.184s] [ 90%] [32mBuilding C object CMakeFiles/self_interface__rosidl_typesupport_introspection_c__pyext.dir/rosidl_generator_py/self_interface/_self_interface_s.ep.rosidl_typesupport_introspection_c.c.o[0m
[1.246s] running egg_info
[1.246s] writing self_interface.egg-info/PKG-INFO
[1.246s] writing dependency_links to self_interface.egg-info/dependency_links.txt
[1.246s] writing top-level names to self_interface.egg-info/top_level.txt
[1.247s] [ 93%] [32m[1mLinking C shared library rosidl_generator_py/self_interface/self_interface_s__rosidl_typesupport_fastrtps_c.cpython-310-x86_64-linux-gnu.so[0m
[1.248s] reading manifest file 'self_interface.egg-info/SOURCES.txt'
[1.248s] [ 96%] [32m[1mLinking C shared library rosidl_generator_py/self_interface/self_interface_s__rosidl_typesupport_c.cpython-310-x86_64-linux-gnu.so[0m
[1.248s] writing manifest file 'self_interface.egg-info/SOURCES.txt'
[1.266s] [ 96%] Built target ament_cmake_python_build_self_interface_egg
[1.268s] [100%] [32m[1mLinking C shared library rosidl_generator_py/self_interface/self_interface_s__rosidl_typesupport_introspection_c.cpython-310-x86_64-linux-gnu.so[0m
[1.278s] [100%] Built target self_interface__rosidl_typesupport_fastrtps_c__pyext
[1.279s] [100%] Built target self_interface__rosidl_typesupport_c__pyext
[1.300s] [100%] Built target self_interface__rosidl_typesupport_introspection_c__pyext
[1.310s] Invoked command in '/home/qep/WorkSpace/RM2025/ROS2tutorial/ros_ws/build/self_interface' returned '0': CMAKE_PREFIX_PATH=/opt/ros/humble /usr/bin/cmake --build /home/qep/WorkSpace/RM2025/ROS2tutorial/ros_ws/build/self_interface -- -j20 -l20
[1.369s] Invoking command in '/home/qep/WorkSpace/RM2025/ROS2tutorial/ros_ws/build/self_interface': CMAKE_PREFIX_PATH=/opt/ros/humble /usr/bin/cmake --install /home/qep/WorkSpace/RM2025/ROS2tutorial/ros_ws/build/self_interface
[1.377s] -- Install configuration: ""
[1.377s] -- Execute custom install script
[1.378s] -- Symlinking: /home/qep/WorkSpace/RM2025/ROS2tutorial/ros_ws/install/self_interface/share/ament_index/resource_index/rosidl_interfaces/self_interface
[1.386s] -- Symlinking: /home/qep/WorkSpace/RM2025/ROS2tutorial/ros_ws/install/self_interface/include/self_interface/self_interface/msg/detail/robot__functions.h
[1.398s] -- Symlinking: /home/qep/WorkSpace/RM2025/ROS2tutorial/ros_ws/install/self_interface/include/self_interface/self_interface/msg/detail/robot__struct.h
[1.408s] -- Symlinking: /home/qep/WorkSpace/RM2025/ROS2tutorial/ros_ws/install/self_interface/include/self_interface/self_interface/msg/detail/robot__type_support.h
[1.416s] -- Symlinking: /home/qep/WorkSpace/RM2025/ROS2tutorial/ros_ws/install/self_interface/include/self_interface/self_interface/msg/robot.h
[1.425s] -- Symlinking: /home/qep/WorkSpace/RM2025/ROS2tutorial/ros_ws/install/self_interface/include/self_interface/self_interface/msg/rosidl_generator_c__visibility_control.h
[1.431s] -- Symlinking: /home/qep/WorkSpace/RM2025/ROS2tutorial/ros_ws/install/self_interface/share/self_interface/environment/library_path.sh
[1.437s] -- Symlinking: /home/qep/WorkSpace/RM2025/ROS2tutorial/ros_ws/install/self_interface/share/self_interface/environment/library_path.dsv
[1.447s] -- Symlinking: /home/qep/WorkSpace/RM2025/ROS2tutorial/ros_ws/install/self_interface/include/self_interface/self_interface/msg/detail/robot__rosidl_typesupport_fastrtps_c.h
[1.457s] -- Symlinking: /home/qep/WorkSpace/RM2025/ROS2tutorial/ros_ws/install/self_interface/include/self_interface/self_interface/msg/rosidl_typesupport_fastrtps_c__visibility_control.h
[1.468s] -- Symlinking: /home/qep/WorkSpace/RM2025/ROS2tutorial/ros_ws/install/self_interface/include/self_interface/self_interface/msg/detail/robot__rosidl_typesupport_introspection_c.h
[1.479s] -- Symlinking: /home/qep/WorkSpace/RM2025/ROS2tutorial/ros_ws/install/self_interface/include/self_interface/self_interface/msg/rosidl_typesupport_introspection_c__visibility_control.h
[1.490s] -- Symlinking: /home/qep/WorkSpace/RM2025/ROS2tutorial/ros_ws/install/self_interface/include/self_interface/self_interface/msg/detail/robot__builder.hpp
[1.500s] -- Symlinking: /home/qep/WorkSpace/RM2025/ROS2tutorial/ros_ws/install/self_interface/include/self_interface/self_interface/msg/detail/robot__struct.hpp
[1.509s] -- Symlinking: /home/qep/WorkSpace/RM2025/ROS2tutorial/ros_ws/install/self_interface/include/self_interface/self_interface/msg/detail/robot__traits.hpp
[1.518s] -- Symlinking: /home/qep/WorkSpace/RM2025/ROS2tutorial/ros_ws/install/self_interface/include/self_interface/self_interface/msg/robot.hpp
[1.531s] -- Symlinking: /home/qep/WorkSpace/RM2025/ROS2tutorial/ros_ws/install/self_interface/include/self_interface/self_interface/msg/detail/robot__rosidl_typesupport_fastrtps_cpp.hpp
[1.540s] -- Symlinking: /home/qep/WorkSpace/RM2025/ROS2tutorial/ros_ws/install/self_interface/include/self_interface/self_interface/msg/rosidl_typesupport_fastrtps_cpp__visibility_control.h
[1.551s] -- Symlinking: /home/qep/WorkSpace/RM2025/ROS2tutorial/ros_ws/install/self_interface/include/self_interface/self_interface/msg/detail/robot__rosidl_typesupport_introspection_cpp.hpp
[1.561s] -- Symlinking: /home/qep/WorkSpace/RM2025/ROS2tutorial/ros_ws/install/self_interface/share/self_interface/environment/pythonpath.sh
[1.575s] -- Symlinking: /home/qep/WorkSpace/RM2025/ROS2tutorial/ros_ws/install/self_interface/share/self_interface/environment/pythonpath.dsv
[1.586s] -- Symlinking: /home/qep/WorkSpace/RM2025/ROS2tutorial/ros_ws/install/self_interface/local/lib/python3.10/dist-packages/self_interface-0.0.0-py3.10.egg-info/PKG-INFO
[1.596s] -- Symlinking: /home/qep/WorkSpace/RM2025/ROS2tutorial/ros_ws/install/self_interface/local/lib/python3.10/dist-packages/self_interface-0.0.0-py3.10.egg-info/SOURCES.txt
[1.606s] -- Symlinking: /home/qep/WorkSpace/RM2025/ROS2tutorial/ros_ws/install/self_interface/local/lib/python3.10/dist-packages/self_interface-0.0.0-py3.10.egg-info/dependency_links.txt
[1.618s] -- Symlinking: /home/qep/WorkSpace/RM2025/ROS2tutorial/ros_ws/install/self_interface/local/lib/python3.10/dist-packages/self_interface-0.0.0-py3.10.egg-info/top_level.txt
[1.631s] -- Symlinking: /home/qep/WorkSpace/RM2025/ROS2tutorial/ros_ws/install/self_interface/local/lib/python3.10/dist-packages/self_interface/__init__.py
[1.642s] -- Symlinking: /home/qep/WorkSpace/RM2025/ROS2tutorial/ros_ws/install/self_interface/local/lib/python3.10/dist-packages/self_interface/_self_interface_s.ep.rosidl_typesupport_c.c
[1.652s] -- Symlinking: /home/qep/WorkSpace/RM2025/ROS2tutorial/ros_ws/install/self_interface/local/lib/python3.10/dist-packages/self_interface/_self_interface_s.ep.rosidl_typesupport_fastrtps_c.c
[1.662s] -- Symlinking: /home/qep/WorkSpace/RM2025/ROS2tutorial/ros_ws/install/self_interface/local/lib/python3.10/dist-packages/self_interface/_self_interface_s.ep.rosidl_typesupport_introspection_c.c
[1.674s] -- Symlinking: /home/qep/WorkSpace/RM2025/ROS2tutorial/ros_ws/install/self_interface/local/lib/python3.10/dist-packages/self_interface/libself_interface__rosidl_generator_py.so
[1.684s] -- Symlinking: /home/qep/WorkSpace/RM2025/ROS2tutorial/ros_ws/install/self_interface/local/lib/python3.10/dist-packages/self_interface/msg/__init__.py
[1.695s] -- Symlinking: /home/qep/WorkSpace/RM2025/ROS2tutorial/ros_ws/install/self_interface/local/lib/python3.10/dist-packages/self_interface/msg/_robot.py
[1.706s] -- Symlinking: /home/qep/WorkSpace/RM2025/ROS2tutorial/ros_ws/install/self_interface/local/lib/python3.10/dist-packages/self_interface/msg/_robot_s.c
[1.717s] -- Symlinking: /home/qep/WorkSpace/RM2025/ROS2tutorial/ros_ws/install/self_interface/local/lib/python3.10/dist-packages/self_interface/self_interface_s__rosidl_typesupport_c.cpython-310-x86_64-linux-gnu.so
[1.728s] -- Symlinking: /home/qep/WorkSpace/RM2025/ROS2tutorial/ros_ws/install/self_interface/local/lib/python3.10/dist-packages/self_interface/self_interface_s__rosidl_typesupport_fastrtps_c.cpython-310-x86_64-linux-gnu.so
[1.739s] -- Symlinking: /home/qep/WorkSpace/RM2025/ROS2tutorial/ros_ws/install/self_interface/local/lib/python3.10/dist-packages/self_interface/self_interface_s__rosidl_typesupport_introspection_c.cpython-310-x86_64-linux-gnu.so
[1.749s] -- Up-to-date symlink: /home/qep/WorkSpace/RM2025/ROS2tutorial/ros_ws/install/self_interface/local/lib/python3.10/dist-packages/self_interface/self_interface_s__rosidl_typesupport_fastrtps_c.cpython-310-x86_64-linux-gnu.so
[1.749s] -- Up-to-date symlink: /home/qep/WorkSpace/RM2025/ROS2tutorial/ros_ws/install/self_interface/local/lib/python3.10/dist-packages/self_interface/self_interface_s__rosidl_typesupport_introspection_c.cpython-310-x86_64-linux-gnu.so
[1.750s] -- Up-to-date symlink: /home/qep/WorkSpace/RM2025/ROS2tutorial/ros_ws/install/self_interface/local/lib/python3.10/dist-packages/self_interface/self_interface_s__rosidl_typesupport_c.cpython-310-x86_64-linux-gnu.so
[1.750s] -- Symlinking: /home/qep/WorkSpace/RM2025/ROS2tutorial/ros_ws/install/self_interface/share/self_interface/msg/Robot.idl
[1.760s] -- Symlinking: /home/qep/WorkSpace/RM2025/ROS2tutorial/ros_ws/install/self_interface/share/self_interface/msg/Robot.msg
[1.772s] -- Symlinking: /home/qep/WorkSpace/RM2025/ROS2tutorial/ros_ws/install/self_interface/share/ament_index/resource_index/package_run_dependencies/self_interface
[1.781s] -- Symlinking: /home/qep/WorkSpace/RM2025/ROS2tutorial/ros_ws/install/self_interface/share/ament_index/resource_index/parent_prefix_path/self_interface
[1.791s] -- Symlinking: /home/qep/WorkSpace/RM2025/ROS2tutorial/ros_ws/install/self_interface/share/self_interface/environment/ament_prefix_path.sh
[1.802s] -- Symlinking: /home/qep/WorkSpace/RM2025/ROS2tutorial/ros_ws/install/self_interface/share/self_interface/environment/ament_prefix_path.dsv
[1.814s] -- Symlinking: /home/qep/WorkSpace/RM2025/ROS2tutorial/ros_ws/install/self_interface/share/self_interface/environment/path.sh
[1.825s] -- Symlinking: /home/qep/WorkSpace/RM2025/ROS2tutorial/ros_ws/install/self_interface/share/self_interface/environment/path.dsv
[1.838s] -- Symlinking: /home/qep/WorkSpace/RM2025/ROS2tutorial/ros_ws/install/self_interface/share/self_interface/local_setup.bash
[1.848s] -- Symlinking: /home/qep/WorkSpace/RM2025/ROS2tutorial/ros_ws/install/self_interface/share/self_interface/local_setup.sh
[1.859s] -- Symlinking: /home/qep/WorkSpace/RM2025/ROS2tutorial/ros_ws/install/self_interface/share/self_interface/local_setup.zsh
[1.869s] -- Symlinking: /home/qep/WorkSpace/RM2025/ROS2tutorial/ros_ws/install/self_interface/share/self_interface/local_setup.dsv
[1.880s] -- Symlinking: /home/qep/WorkSpace/RM2025/ROS2tutorial/ros_ws/install/self_interface/share/self_interface/package.dsv
[1.890s] -- Symlinking: /home/qep/WorkSpace/RM2025/ROS2tutorial/ros_ws/install/self_interface/share/ament_index/resource_index/packages/self_interface
[1.901s] -- Symlinking: /home/qep/WorkSpace/RM2025/ROS2tutorial/ros_ws/install/self_interface/share/self_interface/cmake/rosidl_cmake-extras.cmake
[1.913s] -- Symlinking: /home/qep/WorkSpace/RM2025/ROS2tutorial/ros_ws/install/self_interface/share/self_interface/cmake/ament_cmake_export_dependencies-extras.cmake
[1.926s] -- Symlinking: /home/qep/WorkSpace/RM2025/ROS2tutorial/ros_ws/install/self_interface/share/self_interface/cmake/ament_cmake_export_include_directories-extras.cmake
[1.938s] -- Symlinking: /home/qep/WorkSpace/RM2025/ROS2tutorial/ros_ws/install/self_interface/share/self_interface/cmake/ament_cmake_export_libraries-extras.cmake
[1.948s] -- Symlinking: /home/qep/WorkSpace/RM2025/ROS2tutorial/ros_ws/install/self_interface/share/self_interface/cmake/ament_cmake_export_targets-extras.cmake
[1.959s] -- Symlinking: /home/qep/WorkSpace/RM2025/ROS2tutorial/ros_ws/install/self_interface/share/self_interface/cmake/rosidl_cmake_export_typesupport_targets-extras.cmake
[1.971s] -- Symlinking: /home/qep/WorkSpace/RM2025/ROS2tutorial/ros_ws/install/self_interface/share/self_interface/cmake/rosidl_cmake_export_typesupport_libraries-extras.cmake
[1.983s] -- Symlinking: /home/qep/WorkSpace/RM2025/ROS2tutorial/ros_ws/install/self_interface/share/self_interface/cmake/self_interfaceConfig.cmake
[1.994s] -- Symlinking: /home/qep/WorkSpace/RM2025/ROS2tutorial/ros_ws/install/self_interface/share/self_interface/cmake/self_interfaceConfig-version.cmake
[2.006s] -- Symlinking: /home/qep/WorkSpace/RM2025/ROS2tutorial/ros_ws/install/self_interface/share/self_interface/package.xml
[2.018s] -- Installing: /home/qep/WorkSpace/RM2025/ROS2tutorial/ros_ws/install/self_interface/lib/libself_interface__rosidl_generator_c.so
[2.018s] -- Set runtime path of "/home/qep/WorkSpace/RM2025/ROS2tutorial/ros_ws/install/self_interface/lib/libself_interface__rosidl_generator_c.so" to ""
[2.019s] -- Installing: /home/qep/WorkSpace/RM2025/ROS2tutorial/ros_ws/install/self_interface/lib/libself_interface__rosidl_typesupport_fastrtps_c.so
[2.019s] -- Set runtime path of "/home/qep/WorkSpace/RM2025/ROS2tutorial/ros_ws/install/self_interface/lib/libself_interface__rosidl_typesupport_fastrtps_c.so" to ""
[2.019s] -- Installing: /home/qep/WorkSpace/RM2025/ROS2tutorial/ros_ws/install/self_interface/lib/libself_interface__rosidl_typesupport_introspection_c.so
[2.019s] -- Set runtime path of "/home/qep/WorkSpace/RM2025/ROS2tutorial/ros_ws/install/self_interface/lib/libself_interface__rosidl_typesupport_introspection_c.so" to ""
[2.019s] -- Installing: /home/qep/WorkSpace/RM2025/ROS2tutorial/ros_ws/install/self_interface/lib/libself_interface__rosidl_typesupport_c.so
[2.019s] -- Set runtime path of "/home/qep/WorkSpace/RM2025/ROS2tutorial/ros_ws/install/self_interface/lib/libself_interface__rosidl_typesupport_c.so" to ""
[2.019s] -- Installing: /home/qep/WorkSpace/RM2025/ROS2tutorial/ros_ws/install/self_interface/lib/libself_interface__rosidl_typesupport_fastrtps_cpp.so
[2.020s] -- Set runtime path of "/home/qep/WorkSpace/RM2025/ROS2tutorial/ros_ws/install/self_interface/lib/libself_interface__rosidl_typesupport_fastrtps_cpp.so" to ""
[2.020s] -- Installing: /home/qep/WorkSpace/RM2025/ROS2tutorial/ros_ws/install/self_interface/lib/libself_interface__rosidl_typesupport_introspection_cpp.so
[2.020s] -- Set runtime path of "/home/qep/WorkSpace/RM2025/ROS2tutorial/ros_ws/install/self_interface/lib/libself_interface__rosidl_typesupport_introspection_cpp.so" to ""
[2.020s] -- Installing: /home/qep/WorkSpace/RM2025/ROS2tutorial/ros_ws/install/self_interface/lib/libself_interface__rosidl_typesupport_cpp.so
[2.021s] -- Set runtime path of "/home/qep/WorkSpace/RM2025/ROS2tutorial/ros_ws/install/self_interface/lib/libself_interface__rosidl_typesupport_cpp.so" to ""
[2.061s] Listing '/home/qep/WorkSpace/RM2025/ROS2tutorial/ros_ws/install/self_interface/local/lib/python3.10/dist-packages/self_interface'...
[2.061s] Compiling '/home/qep/WorkSpace/RM2025/ROS2tutorial/ros_ws/install/self_interface/local/lib/python3.10/dist-packages/self_interface/__init__.py'...
[2.061s] Listing '/home/qep/WorkSpace/RM2025/ROS2tutorial/ros_ws/install/self_interface/local/lib/python3.10/dist-packages/self_interface/msg'...
[2.061s] Compiling '/home/qep/WorkSpace/RM2025/ROS2tutorial/ros_ws/install/self_interface/local/lib/python3.10/dist-packages/self_interface/msg/__init__.py'...
[2.061s] Compiling '/home/qep/WorkSpace/RM2025/ROS2tutorial/ros_ws/install/self_interface/local/lib/python3.10/dist-packages/self_interface/msg/_robot.py'...
[2.064s] -- Installing: /home/qep/WorkSpace/RM2025/ROS2tutorial/ros_ws/install/self_interface/lib/libself_interface__rosidl_generator_py.so
[2.064s] -- Set runtime path of "/home/qep/WorkSpace/RM2025/ROS2tutorial/ros_ws/install/self_interface/lib/libself_interface__rosidl_generator_py.so" to ""
[2.064s] -- Installing: /home/qep/WorkSpace/RM2025/ROS2tutorial/ros_ws/install/self_interface/share/self_interface/cmake/export_self_interface__rosidl_generator_cExport.cmake
[2.064s] -- Installing: /home/qep/WorkSpace/RM2025/ROS2tutorial/ros_ws/install/self_interface/share/self_interface/cmake/export_self_interface__rosidl_generator_cExport-noconfig.cmake
[2.065s] -- Installing: /home/qep/WorkSpace/RM2025/ROS2tutorial/ros_ws/install/self_interface/share/self_interface/cmake/export_self_interface__rosidl_typesupport_fastrtps_cExport.cmake
[2.065s] -- Installing: /home/qep/WorkSpace/RM2025/ROS2tutorial/ros_ws/install/self_interface/share/self_interface/cmake/export_self_interface__rosidl_typesupport_fastrtps_cExport-noconfig.cmake
[2.065s] -- Installing: /home/qep/WorkSpace/RM2025/ROS2tutorial/ros_ws/install/self_interface/share/self_interface/cmake/self_interface__rosidl_typesupport_introspection_cExport.cmake
[2.065s] -- Installing: /home/qep/WorkSpace/RM2025/ROS2tutorial/ros_ws/install/self_interface/share/self_interface/cmake/self_interface__rosidl_typesupport_introspection_cExport-noconfig.cmake
[2.065s] -- Installing: /home/qep/WorkSpace/RM2025/ROS2tutorial/ros_ws/install/self_interface/share/self_interface/cmake/self_interface__rosidl_typesupport_cExport.cmake
[2.065s] -- Installing: /home/qep/WorkSpace/RM2025/ROS2tutorial/ros_ws/install/self_interface/share/self_interface/cmake/self_interface__rosidl_typesupport_cExport-noconfig.cmake
[2.065s] -- Installing: /home/qep/WorkSpace/RM2025/ROS2tutorial/ros_ws/install/self_interface/share/self_interface/cmake/export_self_interface__rosidl_generator_cppExport.cmake
[2.065s] -- Installing: /home/qep/WorkSpace/RM2025/ROS2tutorial/ros_ws/install/self_interface/share/self_interface/cmake/export_self_interface__rosidl_typesupport_fastrtps_cppExport.cmake
[2.065s] -- Installing: /home/qep/WorkSpace/RM2025/ROS2tutorial/ros_ws/install/self_interface/share/self_interface/cmake/export_self_interface__rosidl_typesupport_fastrtps_cppExport-noconfig.cmake
[2.065s] -- Installing: /home/qep/WorkSpace/RM2025/ROS2tutorial/ros_ws/install/self_interface/share/self_interface/cmake/self_interface__rosidl_typesupport_introspection_cppExport.cmake
[2.066s] -- Installing: /home/qep/WorkSpace/RM2025/ROS2tutorial/ros_ws/install/self_interface/share/self_interface/cmake/self_interface__rosidl_typesupport_introspection_cppExport-noconfig.cmake
[2.066s] -- Installing: /home/qep/WorkSpace/RM2025/ROS2tutorial/ros_ws/install/self_interface/share/self_interface/cmake/self_interface__rosidl_typesupport_cppExport.cmake
[2.066s] -- Installing: /home/qep/WorkSpace/RM2025/ROS2tutorial/ros_ws/install/self_interface/share/self_interface/cmake/self_interface__rosidl_typesupport_cppExport-noconfig.cmake
[2.066s] -- Installing: /home/qep/WorkSpace/RM2025/ROS2tutorial/ros_ws/install/self_interface/share/self_interface/cmake/export_self_interface__rosidl_generator_pyExport.cmake
[2.066s] -- Installing: /home/qep/WorkSpace/RM2025/ROS2tutorial/ros_ws/install/self_interface/share/self_interface/cmake/export_self_interface__rosidl_generator_pyExport-noconfig.cmake
[2.067s] Invoked command in '/home/qep/WorkSpace/RM2025/ROS2tutorial/ros_ws/build/self_interface' returned '0': CMAKE_PREFIX_PATH=/opt/ros/humble /usr/bin/cmake --install /home/qep/WorkSpace/RM2025/ROS2tutorial/ros_ws/build/self_interface
