[0.020s] Invoking command in '/home/qep/WorkSpace/RM2025/ROS2tutorial/ros_ws/build/my_interface': CMAKE_PREFIX_PATH=/opt/ros/humble /usr/bin/cmake /home/qep/WorkSpace/RM2025/ROS2tutorial/ros_ws/src/my_interface -DAMENT_CMAKE_SYMLINK_INSTALL=1 -DCMAKE_INSTALL_PREFIX=/home/qep/WorkSpace/RM2025/ROS2tutorial/ros_ws/install/my_interface
[0.121s] -- The C compiler identification is GNU 11.4.0
[0.211s] -- The CXX compiler identification is GNU 11.4.0
[0.220s] -- Detecting C compiler ABI info
[0.268s] -- Detecting C compiler ABI info - done
[0.273s] -- Check for working C compiler: /usr/bin/cc - skipped
[0.273s] -- Detecting C compile features
[0.273s] -- Detecting C compile features - done
[0.275s] -- Detecting CXX compiler ABI info
[0.325s] -- Detecting CXX compiler ABI info - done
[0.335s] -- Check for working CXX compiler: /usr/bin/c++ - skipped
[0.335s] -- Detecting CXX compile features
[0.336s] -- Detecting CXX compile features - done
[0.341s] -- Found ament_cmake: 1.3.10 (/opt/ros/humble/share/ament_cmake/cmake)
[0.476s] -- Found Python3: /usr/bin/python3 (found version "3.10.12") found components: Interpreter 
[0.541s] -- Override CMake install command with custom implementation using symlinks instead of copying resources
[0.564s] -- Found rosidl_default_generators: 1.2.0 (/opt/ros/humble/share/rosidl_default_generators/cmake)
[0.567s] -- Using all available rosidl_typesupport_c: rosidl_typesupport_fastrtps_c;rosidl_typesupport_introspection_c
[0.570s] -- Found rosidl_adapter: 3.1.5 (/opt/ros/humble/share/rosidl_adapter/cmake)
[0.594s] -- Using all available rosidl_typesupport_cpp: rosidl_typesupport_fastrtps_cpp;rosidl_typesupport_introspection_cpp
[0.613s] -- Found rclcpp: 16.0.10 (/opt/ros/humble/share/rclcpp/cmake)
[0.642s] -- Found rmw_implementation_cmake: 6.1.2 (/opt/ros/humble/share/rmw_implementation_cmake/cmake)
[0.644s] -- Found rmw_fastrtps_cpp: 6.2.7 (/opt/ros/humble/share/rmw_fastrtps_cpp/cmake)
[0.700s] -- Found OpenSSL: /usr/lib/x86_64-linux-gnu/libcrypto.so (found version "3.0.2")  
[0.726s] -- Found FastRTPS: /opt/ros/humble/include  
[0.755s] -- Using RMW implementation 'rmw_fastrtps_cpp' as default
[0.762s] -- Looking for pthread.h
[0.808s] -- Looking for pthread.h - found
[0.808s] -- Performing Test CMAKE_HAVE_LIBC_PTHREAD
[0.862s] -- Performing Test CMAKE_HAVE_LIBC_PTHREAD - Success
[0.863s] -- Found Threads: TRUE  
[0.910s] -- Found geometry_msgs: 4.2.4 (/opt/ros/humble/share/geometry_msgs/cmake)
[1.156s] -- Found ament_cmake_ros: 0.10.0 (/opt/ros/humble/share/ament_cmake_ros/cmake)
[1.378s] -- Using all available rosidl_typesupport_c: rosidl_typesupport_fastrtps_c;rosidl_typesupport_introspection_c
[1.745s] -- Using all available rosidl_typesupport_cpp: rosidl_typesupport_fastrtps_cpp;rosidl_typesupport_introspection_cpp
[1.764s] -- Found PythonInterp: /usr/bin/python3 (found suitable version "3.10.12", minimum required is "3.6") 
[1.765s] -- Found python_cmake_module: 0.10.0 (/opt/ros/humble/share/python_cmake_module/cmake)
[1.787s] -- Found PythonLibs: /usr/lib/x86_64-linux-gnu/libpython3.10.so (found suitable version "3.10.12", minimum required is "3.5") 
[1.787s] -- Using PYTHON_EXECUTABLE: /usr/bin/python3
[1.788s] -- Using PYTHON_INCLUDE_DIRS: /usr/include/python3.10
[1.788s] -- Using PYTHON_LIBRARIES: /usr/lib/x86_64-linux-gnu/libpython3.10.so
[1.803s] -- Found PythonExtra: .so  
[1.846s] -- Found ament_lint_auto: 0.12.11 (/opt/ros/humble/share/ament_lint_auto/cmake)
[1.857s] -- Added test 'lint_cmake' to check CMake code style
[1.858s] -- Added test 'xmllint' to check XML markup files
[1.860s] -- Configuring done
[1.881s] -- Generating done
[1.883s] -- Build files have been written to: /home/qep/WorkSpace/RM2025/ROS2tutorial/ros_ws/build/my_interface
[1.892s] Invoked command in '/home/qep/WorkSpace/RM2025/ROS2tutorial/ros_ws/build/my_interface' returned '0': CMAKE_PREFIX_PATH=/opt/ros/humble /usr/bin/cmake /home/qep/WorkSpace/RM2025/ROS2tutorial/ros_ws/src/my_interface -DAMENT_CMAKE_SYMLINK_INSTALL=1 -DCMAKE_INSTALL_PREFIX=/home/qep/WorkSpace/RM2025/ROS2tutorial/ros_ws/install/my_interface
[1.893s] Invoking command in '/home/qep/WorkSpace/RM2025/ROS2tutorial/ros_ws/build/my_interface': CMAKE_PREFIX_PATH=/opt/ros/humble /usr/bin/cmake --build /home/qep/WorkSpace/RM2025/ROS2tutorial/ros_ws/build/my_interface -- -j20 -l20
[1.928s] [  3%] [34m[1mGenerating C code for ROS interfaces[0m
[1.938s] [  3%] Built target ament_cmake_python_symlink_my_interface
[1.938s] [  6%] [34m[1mGenerating C++ code for ROS interfaces[0m
[2.131s] [  6%] Built target my_interface__cpp
[2.139s] [  9%] [34m[1mGenerating C++ type support dispatch for ROS interfaces[0m
[2.141s] [ 16%] [34m[1mGenerating C++ type support for eProsima Fast-RTPS[0m
[2.141s] [ 16%] [34m[1mGenerating C++ introspection for ROS interfaces[0m
[2.252s] running egg_info
[2.253s] creating my_interface.egg-info
[2.253s] writing my_interface.egg-info/PKG-INFO
[2.254s] writing dependency_links to my_interface.egg-info/dependency_links.txt
[2.254s] writing top-level names to my_interface.egg-info/top_level.txt
[2.254s] writing manifest file 'my_interface.egg-info/SOURCES.txt'
[2.257s] reading manifest file 'my_interface.egg-info/SOURCES.txt'
[2.258s] writing manifest file 'my_interface.egg-info/SOURCES.txt'
[2.293s] [ 16%] Built target ament_cmake_python_build_my_interface_egg
[2.330s] [ 19%] [32mBuilding C object CMakeFiles/my_interface__rosidl_generator_c.dir/rosidl_generator_c/my_interface/msg/detail/robot__functions.c.o[0m
[2.379s] [ 22%] [32mBuilding CXX object CMakeFiles/my_interface__rosidl_typesupport_introspection_cpp.dir/rosidl_typesupport_introspection_cpp/my_interface/msg/detail/robot__type_support.cpp.o[0m
[2.386s] [ 25%] [32m[1mLinking C shared library libmy_interface__rosidl_generator_c.so[0m
[2.395s] [ 29%] [32mBuilding CXX object CMakeFiles/my_interface__rosidl_typesupport_cpp.dir/rosidl_typesupport_cpp/my_interface/msg/robot__type_support.cpp.o[0m
[2.422s] [ 29%] Built target my_interface__rosidl_generator_c
[2.434s] [ 38%] [34m[1mGenerating C type support dispatch for ROS interfaces[0m
[2.434s] [ 38%] [34m[1mGenerating C introspection for ROS interfaces[0m
[2.434s] [ 38%] [34m[1mGenerating C type support for eProsima Fast-RTPS[0m
[2.500s] [ 41%] [32mBuilding CXX object CMakeFiles/my_interface__rosidl_typesupport_fastrtps_cpp.dir/rosidl_typesupport_fastrtps_cpp/my_interface/msg/detail/dds_fastrtps/robot__type_support.cpp.o[0m
[2.674s] [ 45%] [32m[1mLinking CXX shared library libmy_interface__rosidl_typesupport_cpp.so[0m
[2.724s] [ 48%] [32mBuilding CXX object CMakeFiles/my_interface__rosidl_typesupport_c.dir/rosidl_typesupport_c/my_interface/msg/robot__type_support.cpp.o[0m
[2.736s] [ 48%] Built target my_interface__rosidl_typesupport_cpp
[2.752s] [ 51%] [32mBuilding CXX object CMakeFiles/my_interface__rosidl_typesupport_fastrtps_c.dir/rosidl_typesupport_fastrtps_c/my_interface/msg/detail/robot__type_support_c.cpp.o[0m
[2.756s] [ 54%] [32mBuilding C object CMakeFiles/my_interface__rosidl_typesupport_introspection_c.dir/rosidl_typesupport_introspection_c/my_interface/msg/detail/robot__type_support.c.o[0m
[2.759s] [ 58%] [32m[1mLinking CXX shared library libmy_interface__rosidl_typesupport_c.so[0m
[2.797s] [ 61%] [32m[1mLinking C shared library libmy_interface__rosidl_typesupport_introspection_c.so[0m
[2.806s] [ 61%] Built target my_interface__rosidl_typesupport_c
[2.851s] [ 61%] Built target my_interface__rosidl_typesupport_introspection_c
[2.907s] [ 64%] [32m[1mLinking CXX shared library libmy_interface__rosidl_typesupport_introspection_cpp.so[0m
[2.996s] [ 64%] Built target my_interface__rosidl_typesupport_introspection_cpp
[3.071s] [ 67%] [32m[1mLinking CXX shared library libmy_interface__rosidl_typesupport_fastrtps_c.so[0m
[3.105s] [ 70%] [32m[1mLinking CXX shared library libmy_interface__rosidl_typesupport_fastrtps_cpp.so[0m
[3.158s] [ 70%] Built target my_interface__rosidl_typesupport_fastrtps_c
[3.188s] [ 70%] Built target my_interface__rosidl_typesupport_fastrtps_cpp
[3.207s] [ 70%] Built target my_interface
[3.228s] [ 74%] [34m[1mGenerating Python code for ROS interfaces[0m
[3.514s] [ 74%] Built target my_interface__py
[3.532s] [ 77%] [32mBuilding C object CMakeFiles/my_interface__rosidl_generator_py.dir/rosidl_generator_py/my_interface/msg/_robot_s.c.o[0m
[3.629s] [ 80%] [32m[1mLinking C shared library rosidl_generator_py/my_interface/libmy_interface__rosidl_generator_py.so[0m
[3.659s] [ 80%] Built target my_interface__rosidl_generator_py
[3.674s] [ 83%] [32mBuilding C object CMakeFiles/my_interface__rosidl_typesupport_c__pyext.dir/rosidl_generator_py/my_interface/_my_interface_s.ep.rosidl_typesupport_c.c.o[0m
[3.676s] [ 87%] [32mBuilding C object CMakeFiles/my_interface__rosidl_typesupport_introspection_c__pyext.dir/rosidl_generator_py/my_interface/_my_interface_s.ep.rosidl_typesupport_introspection_c.c.o[0m
[3.678s] [ 90%] [32mBuilding C object CMakeFiles/my_interface__rosidl_typesupport_fastrtps_c__pyext.dir/rosidl_generator_py/my_interface/_my_interface_s.ep.rosidl_typesupport_fastrtps_c.c.o[0m
[3.743s] [ 93%] [32m[1mLinking C shared library rosidl_generator_py/my_interface/my_interface_s__rosidl_typesupport_introspection_c.cpython-310-x86_64-linux-gnu.so[0m
[3.765s] [ 96%] [32m[1mLinking C shared library rosidl_generator_py/my_interface/my_interface_s__rosidl_typesupport_c.cpython-310-x86_64-linux-gnu.so[0m
[3.782s] [ 96%] Built target my_interface__rosidl_typesupport_introspection_c__pyext
[3.792s] [100%] [32m[1mLinking C shared library rosidl_generator_py/my_interface/my_interface_s__rosidl_typesupport_fastrtps_c.cpython-310-x86_64-linux-gnu.so[0m
[3.794s] [100%] Built target my_interface__rosidl_typesupport_c__pyext
[3.829s] [100%] Built target my_interface__rosidl_typesupport_fastrtps_c__pyext
[3.842s] Invoked command in '/home/qep/WorkSpace/RM2025/ROS2tutorial/ros_ws/build/my_interface' returned '0': CMAKE_PREFIX_PATH=/opt/ros/humble /usr/bin/cmake --build /home/qep/WorkSpace/RM2025/ROS2tutorial/ros_ws/build/my_interface -- -j20 -l20
[3.893s] Invoking command in '/home/qep/WorkSpace/RM2025/ROS2tutorial/ros_ws/build/my_interface': CMAKE_PREFIX_PATH=/opt/ros/humble /usr/bin/cmake --install /home/qep/WorkSpace/RM2025/ROS2tutorial/ros_ws/build/my_interface
[3.902s] -- Install configuration: ""
[3.903s] -- Execute custom install script
[3.903s] -- Symlinking: /home/qep/WorkSpace/RM2025/ROS2tutorial/ros_ws/install/my_interface/share/ament_index/resource_index/rosidl_interfaces/my_interface
[3.913s] -- Symlinking: /home/qep/WorkSpace/RM2025/ROS2tutorial/ros_ws/install/my_interface/include/my_interface/my_interface/msg/detail/robot__functions.h
[3.922s] -- Symlinking: /home/qep/WorkSpace/RM2025/ROS2tutorial/ros_ws/install/my_interface/include/my_interface/my_interface/msg/detail/robot__struct.h
[3.928s] -- Symlinking: /home/qep/WorkSpace/RM2025/ROS2tutorial/ros_ws/install/my_interface/include/my_interface/my_interface/msg/detail/robot__type_support.h
[3.934s] -- Symlinking: /home/qep/WorkSpace/RM2025/ROS2tutorial/ros_ws/install/my_interface/include/my_interface/my_interface/msg/robot.h
[3.940s] -- Symlinking: /home/qep/WorkSpace/RM2025/ROS2tutorial/ros_ws/install/my_interface/include/my_interface/my_interface/msg/rosidl_generator_c__visibility_control.h
[3.949s] -- Symlinking: /home/qep/WorkSpace/RM2025/ROS2tutorial/ros_ws/install/my_interface/share/my_interface/environment/library_path.sh
[3.957s] -- Symlinking: /home/qep/WorkSpace/RM2025/ROS2tutorial/ros_ws/install/my_interface/share/my_interface/environment/library_path.dsv
[3.963s] -- Symlinking: /home/qep/WorkSpace/RM2025/ROS2tutorial/ros_ws/install/my_interface/include/my_interface/my_interface/msg/detail/robot__rosidl_typesupport_fastrtps_c.h
[3.969s] -- Symlinking: /home/qep/WorkSpace/RM2025/ROS2tutorial/ros_ws/install/my_interface/include/my_interface/my_interface/msg/rosidl_typesupport_fastrtps_c__visibility_control.h
[3.974s] -- Symlinking: /home/qep/WorkSpace/RM2025/ROS2tutorial/ros_ws/install/my_interface/include/my_interface/my_interface/msg/detail/robot__rosidl_typesupport_introspection_c.h
[3.979s] -- Symlinking: /home/qep/WorkSpace/RM2025/ROS2tutorial/ros_ws/install/my_interface/include/my_interface/my_interface/msg/rosidl_typesupport_introspection_c__visibility_control.h
[3.986s] -- Symlinking: /home/qep/WorkSpace/RM2025/ROS2tutorial/ros_ws/install/my_interface/include/my_interface/my_interface/msg/detail/robot__builder.hpp
[3.992s] -- Symlinking: /home/qep/WorkSpace/RM2025/ROS2tutorial/ros_ws/install/my_interface/include/my_interface/my_interface/msg/detail/robot__struct.hpp
[3.998s] -- Symlinking: /home/qep/WorkSpace/RM2025/ROS2tutorial/ros_ws/install/my_interface/include/my_interface/my_interface/msg/detail/robot__traits.hpp
[4.006s] -- Symlinking: /home/qep/WorkSpace/RM2025/ROS2tutorial/ros_ws/install/my_interface/include/my_interface/my_interface/msg/robot.hpp
[4.012s] -- Symlinking: /home/qep/WorkSpace/RM2025/ROS2tutorial/ros_ws/install/my_interface/include/my_interface/my_interface/msg/detail/robot__rosidl_typesupport_fastrtps_cpp.hpp
[4.018s] -- Symlinking: /home/qep/WorkSpace/RM2025/ROS2tutorial/ros_ws/install/my_interface/include/my_interface/my_interface/msg/rosidl_typesupport_fastrtps_cpp__visibility_control.h
[4.028s] -- Symlinking: /home/qep/WorkSpace/RM2025/ROS2tutorial/ros_ws/install/my_interface/include/my_interface/my_interface/msg/detail/robot__rosidl_typesupport_introspection_cpp.hpp
[4.038s] -- Symlinking: /home/qep/WorkSpace/RM2025/ROS2tutorial/ros_ws/install/my_interface/share/my_interface/environment/pythonpath.sh
[4.044s] -- Symlinking: /home/qep/WorkSpace/RM2025/ROS2tutorial/ros_ws/install/my_interface/share/my_interface/environment/pythonpath.dsv
[4.050s] -- Symlinking: /home/qep/WorkSpace/RM2025/ROS2tutorial/ros_ws/install/my_interface/local/lib/python3.10/dist-packages/my_interface-0.0.0-py3.10.egg-info/PKG-INFO
[4.056s] -- Symlinking: /home/qep/WorkSpace/RM2025/ROS2tutorial/ros_ws/install/my_interface/local/lib/python3.10/dist-packages/my_interface-0.0.0-py3.10.egg-info/SOURCES.txt
[4.062s] -- Symlinking: /home/qep/WorkSpace/RM2025/ROS2tutorial/ros_ws/install/my_interface/local/lib/python3.10/dist-packages/my_interface-0.0.0-py3.10.egg-info/dependency_links.txt
[4.068s] -- Symlinking: /home/qep/WorkSpace/RM2025/ROS2tutorial/ros_ws/install/my_interface/local/lib/python3.10/dist-packages/my_interface-0.0.0-py3.10.egg-info/top_level.txt
[4.075s] -- Symlinking: /home/qep/WorkSpace/RM2025/ROS2tutorial/ros_ws/install/my_interface/local/lib/python3.10/dist-packages/my_interface/__init__.py
[4.084s] -- Symlinking: /home/qep/WorkSpace/RM2025/ROS2tutorial/ros_ws/install/my_interface/local/lib/python3.10/dist-packages/my_interface/_my_interface_s.ep.rosidl_typesupport_c.c
[4.090s] -- Symlinking: /home/qep/WorkSpace/RM2025/ROS2tutorial/ros_ws/install/my_interface/local/lib/python3.10/dist-packages/my_interface/_my_interface_s.ep.rosidl_typesupport_fastrtps_c.c
[4.097s] -- Symlinking: /home/qep/WorkSpace/RM2025/ROS2tutorial/ros_ws/install/my_interface/local/lib/python3.10/dist-packages/my_interface/_my_interface_s.ep.rosidl_typesupport_introspection_c.c
[4.103s] -- Symlinking: /home/qep/WorkSpace/RM2025/ROS2tutorial/ros_ws/install/my_interface/local/lib/python3.10/dist-packages/my_interface/libmy_interface__rosidl_generator_py.so
[4.109s] -- Symlinking: /home/qep/WorkSpace/RM2025/ROS2tutorial/ros_ws/install/my_interface/local/lib/python3.10/dist-packages/my_interface/msg/__init__.py
[4.115s] -- Symlinking: /home/qep/WorkSpace/RM2025/ROS2tutorial/ros_ws/install/my_interface/local/lib/python3.10/dist-packages/my_interface/msg/_robot.py
[4.121s] -- Symlinking: /home/qep/WorkSpace/RM2025/ROS2tutorial/ros_ws/install/my_interface/local/lib/python3.10/dist-packages/my_interface/msg/_robot_s.c
[4.126s] -- Symlinking: /home/qep/WorkSpace/RM2025/ROS2tutorial/ros_ws/install/my_interface/local/lib/python3.10/dist-packages/my_interface/my_interface_s__rosidl_typesupport_c.cpython-310-x86_64-linux-gnu.so
[4.133s] -- Symlinking: /home/qep/WorkSpace/RM2025/ROS2tutorial/ros_ws/install/my_interface/local/lib/python3.10/dist-packages/my_interface/my_interface_s__rosidl_typesupport_fastrtps_c.cpython-310-x86_64-linux-gnu.so
[4.139s] -- Symlinking: /home/qep/WorkSpace/RM2025/ROS2tutorial/ros_ws/install/my_interface/local/lib/python3.10/dist-packages/my_interface/my_interface_s__rosidl_typesupport_introspection_c.cpython-310-x86_64-linux-gnu.so
[4.145s] -- Up-to-date symlink: /home/qep/WorkSpace/RM2025/ROS2tutorial/ros_ws/install/my_interface/local/lib/python3.10/dist-packages/my_interface/my_interface_s__rosidl_typesupport_fastrtps_c.cpython-310-x86_64-linux-gnu.so
[4.145s] -- Up-to-date symlink: /home/qep/WorkSpace/RM2025/ROS2tutorial/ros_ws/install/my_interface/local/lib/python3.10/dist-packages/my_interface/my_interface_s__rosidl_typesupport_introspection_c.cpython-310-x86_64-linux-gnu.so
[4.146s] -- Up-to-date symlink: /home/qep/WorkSpace/RM2025/ROS2tutorial/ros_ws/install/my_interface/local/lib/python3.10/dist-packages/my_interface/my_interface_s__rosidl_typesupport_c.cpython-310-x86_64-linux-gnu.so
[4.146s] -- Symlinking: /home/qep/WorkSpace/RM2025/ROS2tutorial/ros_ws/install/my_interface/share/my_interface/msg/Robot.idl
[4.153s] -- Symlinking: /home/qep/WorkSpace/RM2025/ROS2tutorial/ros_ws/install/my_interface/share/my_interface/msg/Robot.msg
[4.160s] -- Symlinking: /home/qep/WorkSpace/RM2025/ROS2tutorial/ros_ws/install/my_interface/share/ament_index/resource_index/package_run_dependencies/my_interface
[4.170s] -- Symlinking: /home/qep/WorkSpace/RM2025/ROS2tutorial/ros_ws/install/my_interface/share/ament_index/resource_index/parent_prefix_path/my_interface
[4.179s] -- Symlinking: /home/qep/WorkSpace/RM2025/ROS2tutorial/ros_ws/install/my_interface/share/my_interface/environment/ament_prefix_path.sh
[4.185s] -- Symlinking: /home/qep/WorkSpace/RM2025/ROS2tutorial/ros_ws/install/my_interface/share/my_interface/environment/ament_prefix_path.dsv
[4.194s] -- Symlinking: /home/qep/WorkSpace/RM2025/ROS2tutorial/ros_ws/install/my_interface/share/my_interface/environment/path.sh
[4.204s] -- Symlinking: /home/qep/WorkSpace/RM2025/ROS2tutorial/ros_ws/install/my_interface/share/my_interface/environment/path.dsv
[4.212s] -- Symlinking: /home/qep/WorkSpace/RM2025/ROS2tutorial/ros_ws/install/my_interface/share/my_interface/local_setup.bash
[4.218s] -- Symlinking: /home/qep/WorkSpace/RM2025/ROS2tutorial/ros_ws/install/my_interface/share/my_interface/local_setup.sh
[4.228s] -- Symlinking: /home/qep/WorkSpace/RM2025/ROS2tutorial/ros_ws/install/my_interface/share/my_interface/local_setup.zsh
[4.234s] -- Symlinking: /home/qep/WorkSpace/RM2025/ROS2tutorial/ros_ws/install/my_interface/share/my_interface/local_setup.dsv
[4.242s] -- Symlinking: /home/qep/WorkSpace/RM2025/ROS2tutorial/ros_ws/install/my_interface/share/my_interface/package.dsv
[4.252s] -- Symlinking: /home/qep/WorkSpace/RM2025/ROS2tutorial/ros_ws/install/my_interface/share/ament_index/resource_index/packages/my_interface
[4.259s] -- Symlinking: /home/qep/WorkSpace/RM2025/ROS2tutorial/ros_ws/install/my_interface/share/my_interface/cmake/rosidl_cmake-extras.cmake
[4.268s] -- Symlinking: /home/qep/WorkSpace/RM2025/ROS2tutorial/ros_ws/install/my_interface/share/my_interface/cmake/ament_cmake_export_dependencies-extras.cmake
[4.278s] -- Symlinking: /home/qep/WorkSpace/RM2025/ROS2tutorial/ros_ws/install/my_interface/share/my_interface/cmake/ament_cmake_export_include_directories-extras.cmake
[4.288s] -- Symlinking: /home/qep/WorkSpace/RM2025/ROS2tutorial/ros_ws/install/my_interface/share/my_interface/cmake/ament_cmake_export_libraries-extras.cmake
[4.295s] -- Symlinking: /home/qep/WorkSpace/RM2025/ROS2tutorial/ros_ws/install/my_interface/share/my_interface/cmake/ament_cmake_export_targets-extras.cmake
[4.303s] -- Symlinking: /home/qep/WorkSpace/RM2025/ROS2tutorial/ros_ws/install/my_interface/share/my_interface/cmake/rosidl_cmake_export_typesupport_targets-extras.cmake
[4.312s] -- Symlinking: /home/qep/WorkSpace/RM2025/ROS2tutorial/ros_ws/install/my_interface/share/my_interface/cmake/rosidl_cmake_export_typesupport_libraries-extras.cmake
[4.323s] -- Symlinking: /home/qep/WorkSpace/RM2025/ROS2tutorial/ros_ws/install/my_interface/share/my_interface/cmake/my_interfaceConfig.cmake
[4.332s] -- Symlinking: /home/qep/WorkSpace/RM2025/ROS2tutorial/ros_ws/install/my_interface/share/my_interface/cmake/my_interfaceConfig-version.cmake
[4.343s] -- Symlinking: /home/qep/WorkSpace/RM2025/ROS2tutorial/ros_ws/install/my_interface/share/my_interface/package.xml
[4.354s] -- Installing: /home/qep/WorkSpace/RM2025/ROS2tutorial/ros_ws/install/my_interface/lib/libmy_interface__rosidl_generator_c.so
[4.354s] -- Set runtime path of "/home/qep/WorkSpace/RM2025/ROS2tutorial/ros_ws/install/my_interface/lib/libmy_interface__rosidl_generator_c.so" to ""
[4.354s] -- Installing: /home/qep/WorkSpace/RM2025/ROS2tutorial/ros_ws/install/my_interface/lib/libmy_interface__rosidl_typesupport_fastrtps_c.so
[4.355s] -- Set runtime path of "/home/qep/WorkSpace/RM2025/ROS2tutorial/ros_ws/install/my_interface/lib/libmy_interface__rosidl_typesupport_fastrtps_c.so" to ""
[4.355s] -- Installing: /home/qep/WorkSpace/RM2025/ROS2tutorial/ros_ws/install/my_interface/lib/libmy_interface__rosidl_typesupport_introspection_c.so
[4.355s] -- Set runtime path of "/home/qep/WorkSpace/RM2025/ROS2tutorial/ros_ws/install/my_interface/lib/libmy_interface__rosidl_typesupport_introspection_c.so" to ""
[4.355s] -- Installing: /home/qep/WorkSpace/RM2025/ROS2tutorial/ros_ws/install/my_interface/lib/libmy_interface__rosidl_typesupport_c.so
[4.355s] -- Set runtime path of "/home/qep/WorkSpace/RM2025/ROS2tutorial/ros_ws/install/my_interface/lib/libmy_interface__rosidl_typesupport_c.so" to ""
[4.355s] -- Installing: /home/qep/WorkSpace/RM2025/ROS2tutorial/ros_ws/install/my_interface/lib/libmy_interface__rosidl_typesupport_fastrtps_cpp.so
[4.356s] -- Set runtime path of "/home/qep/WorkSpace/RM2025/ROS2tutorial/ros_ws/install/my_interface/lib/libmy_interface__rosidl_typesupport_fastrtps_cpp.so" to ""
[4.356s] -- Installing: /home/qep/WorkSpace/RM2025/ROS2tutorial/ros_ws/install/my_interface/lib/libmy_interface__rosidl_typesupport_introspection_cpp.so
[4.356s] -- Set runtime path of "/home/qep/WorkSpace/RM2025/ROS2tutorial/ros_ws/install/my_interface/lib/libmy_interface__rosidl_typesupport_introspection_cpp.so" to ""
[4.357s] -- Installing: /home/qep/WorkSpace/RM2025/ROS2tutorial/ros_ws/install/my_interface/lib/libmy_interface__rosidl_typesupport_cpp.so
[4.357s] -- Set runtime path of "/home/qep/WorkSpace/RM2025/ROS2tutorial/ros_ws/install/my_interface/lib/libmy_interface__rosidl_typesupport_cpp.so" to ""
[4.387s] Listing '/home/qep/WorkSpace/RM2025/ROS2tutorial/ros_ws/install/my_interface/local/lib/python3.10/dist-packages/my_interface'...
[4.388s] Compiling '/home/qep/WorkSpace/RM2025/ROS2tutorial/ros_ws/install/my_interface/local/lib/python3.10/dist-packages/my_interface/__init__.py'...
[4.388s] Listing '/home/qep/WorkSpace/RM2025/ROS2tutorial/ros_ws/install/my_interface/local/lib/python3.10/dist-packages/my_interface/msg'...
[4.388s] Compiling '/home/qep/WorkSpace/RM2025/ROS2tutorial/ros_ws/install/my_interface/local/lib/python3.10/dist-packages/my_interface/msg/__init__.py'...
[4.388s] Compiling '/home/qep/WorkSpace/RM2025/ROS2tutorial/ros_ws/install/my_interface/local/lib/python3.10/dist-packages/my_interface/msg/_robot.py'...
[4.391s] -- Installing: /home/qep/WorkSpace/RM2025/ROS2tutorial/ros_ws/install/my_interface/lib/libmy_interface__rosidl_generator_py.so
[4.391s] -- Set runtime path of "/home/qep/WorkSpace/RM2025/ROS2tutorial/ros_ws/install/my_interface/lib/libmy_interface__rosidl_generator_py.so" to ""
[4.391s] -- Installing: /home/qep/WorkSpace/RM2025/ROS2tutorial/ros_ws/install/my_interface/share/my_interface/cmake/export_my_interface__rosidl_generator_cExport.cmake
[4.392s] -- Installing: /home/qep/WorkSpace/RM2025/ROS2tutorial/ros_ws/install/my_interface/share/my_interface/cmake/export_my_interface__rosidl_generator_cExport-noconfig.cmake
[4.392s] -- Installing: /home/qep/WorkSpace/RM2025/ROS2tutorial/ros_ws/install/my_interface/share/my_interface/cmake/export_my_interface__rosidl_typesupport_fastrtps_cExport.cmake
[4.392s] -- Installing: /home/qep/WorkSpace/RM2025/ROS2tutorial/ros_ws/install/my_interface/share/my_interface/cmake/export_my_interface__rosidl_typesupport_fastrtps_cExport-noconfig.cmake
[4.392s] -- Installing: /home/qep/WorkSpace/RM2025/ROS2tutorial/ros_ws/install/my_interface/share/my_interface/cmake/my_interface__rosidl_typesupport_introspection_cExport.cmake
[4.392s] -- Installing: /home/qep/WorkSpace/RM2025/ROS2tutorial/ros_ws/install/my_interface/share/my_interface/cmake/my_interface__rosidl_typesupport_introspection_cExport-noconfig.cmake
[4.392s] -- Installing: /home/qep/WorkSpace/RM2025/ROS2tutorial/ros_ws/install/my_interface/share/my_interface/cmake/my_interface__rosidl_typesupport_cExport.cmake
[4.392s] -- Installing: /home/qep/WorkSpace/RM2025/ROS2tutorial/ros_ws/install/my_interface/share/my_interface/cmake/my_interface__rosidl_typesupport_cExport-noconfig.cmake
[4.392s] -- Installing: /home/qep/WorkSpace/RM2025/ROS2tutorial/ros_ws/install/my_interface/share/my_interface/cmake/export_my_interface__rosidl_generator_cppExport.cmake
[4.392s] -- Installing: /home/qep/WorkSpace/RM2025/ROS2tutorial/ros_ws/install/my_interface/share/my_interface/cmake/export_my_interface__rosidl_typesupport_fastrtps_cppExport.cmake
[4.392s] -- Installing: /home/qep/WorkSpace/RM2025/ROS2tutorial/ros_ws/install/my_interface/share/my_interface/cmake/export_my_interface__rosidl_typesupport_fastrtps_cppExport-noconfig.cmake
[4.393s] -- Installing: /home/qep/WorkSpace/RM2025/ROS2tutorial/ros_ws/install/my_interface/share/my_interface/cmake/my_interface__rosidl_typesupport_introspection_cppExport.cmake
[4.393s] -- Installing: /home/qep/WorkSpace/RM2025/ROS2tutorial/ros_ws/install/my_interface/share/my_interface/cmake/my_interface__rosidl_typesupport_introspection_cppExport-noconfig.cmake
[4.393s] -- Installing: /home/qep/WorkSpace/RM2025/ROS2tutorial/ros_ws/install/my_interface/share/my_interface/cmake/my_interface__rosidl_typesupport_cppExport.cmake
[4.393s] -- Installing: /home/qep/WorkSpace/RM2025/ROS2tutorial/ros_ws/install/my_interface/share/my_interface/cmake/my_interface__rosidl_typesupport_cppExport-noconfig.cmake
[4.393s] -- Installing: /home/qep/WorkSpace/RM2025/ROS2tutorial/ros_ws/install/my_interface/share/my_interface/cmake/export_my_interface__rosidl_generator_pyExport.cmake
[4.393s] -- Installing: /home/qep/WorkSpace/RM2025/ROS2tutorial/ros_ws/install/my_interface/share/my_interface/cmake/export_my_interface__rosidl_generator_pyExport-noconfig.cmake
[4.394s] Invoked command in '/home/qep/WorkSpace/RM2025/ROS2tutorial/ros_ws/build/my_interface' returned '0': CMAKE_PREFIX_PATH=/opt/ros/humble /usr/bin/cmake --install /home/qep/WorkSpace/RM2025/ROS2tutorial/ros_ws/build/my_interface
