[0.007s] Invoking command in '/home/qep/WorkSpace/RM2025/ROS2tutorial/ros_ws/build/callback_demo': CMAKE_PREFIX_PATH=${CMAKE_PREFIX_PATH}:/opt/ros/humble /usr/bin/cmake --build /home/qep/WorkSpace/RM2025/ROS2tutorial/ros_ws/build/callback_demo -- -j20 -l20
[0.055s] [35m[1mConsolidate compiler generated dependencies of target callback_demo[0m
[0.071s] [ 50%] [32mBuilding CXX object CMakeFiles/callback_demo.dir/src/main.cpp.o[0m
[1.861s] [100%] [32m[1mLinking CXX executable callback_demo[0m
[1.958s] [100%] Built target callback_demo
[1.971s] Invoked command in '/home/qep/WorkSpace/RM2025/ROS2tutorial/ros_ws/build/callback_demo' returned '0': CMAKE_PREFIX_PATH=${CMAKE_PREFIX_PATH}:/opt/ros/humble /usr/bin/cmake --build /home/qep/WorkSpace/RM2025/ROS2tutorial/ros_ws/build/callback_demo -- -j20 -l20
[2.012s] Invoking command in '/home/qep/WorkSpace/RM2025/ROS2tutorial/ros_ws/build/callback_demo': CMAKE_PREFIX_PATH=${CMAKE_PREFIX_PATH}:/opt/ros/humble /usr/bin/cmake --install /home/qep/WorkSpace/RM2025/ROS2tutorial/ros_ws/build/callback_demo
[2.022s] -- Install configuration: ""
[2.023s] -- Execute custom install script
[2.023s] -- Up-to-date symlink: /home/qep/WorkSpace/RM2025/ROS2tutorial/ros_ws/install/callback_demo/lib/callback_demo/callback_demo
[2.023s] -- Up-to-date symlink: /home/qep/WorkSpace/RM2025/ROS2tutorial/ros_ws/install/callback_demo/share/ament_index/resource_index/package_run_dependencies/callback_demo
[2.024s] -- Up-to-date symlink: /home/qep/WorkSpace/RM2025/ROS2tutorial/ros_ws/install/callback_demo/share/ament_index/resource_index/parent_prefix_path/callback_demo
[2.024s] -- Up-to-date symlink: /home/qep/WorkSpace/RM2025/ROS2tutorial/ros_ws/install/callback_demo/share/callback_demo/environment/ament_prefix_path.sh
[2.024s] -- Up-to-date symlink: /home/qep/WorkSpace/RM2025/ROS2tutorial/ros_ws/install/callback_demo/share/callback_demo/environment/ament_prefix_path.dsv
[2.024s] -- Up-to-date symlink: /home/qep/WorkSpace/RM2025/ROS2tutorial/ros_ws/install/callback_demo/share/callback_demo/environment/path.sh
[2.024s] -- Up-to-date symlink: /home/qep/WorkSpace/RM2025/ROS2tutorial/ros_ws/install/callback_demo/share/callback_demo/environment/path.dsv
[2.025s] -- Up-to-date symlink: /home/qep/WorkSpace/RM2025/ROS2tutorial/ros_ws/install/callback_demo/share/callback_demo/local_setup.bash
[2.025s] -- Up-to-date symlink: /home/qep/WorkSpace/RM2025/ROS2tutorial/ros_ws/install/callback_demo/share/callback_demo/local_setup.sh
[2.025s] -- Up-to-date symlink: /home/qep/WorkSpace/RM2025/ROS2tutorial/ros_ws/install/callback_demo/share/callback_demo/local_setup.zsh
[2.025s] -- Up-to-date symlink: /home/qep/WorkSpace/RM2025/ROS2tutorial/ros_ws/install/callback_demo/share/callback_demo/local_setup.dsv
[2.025s] -- Symlinking: /home/qep/WorkSpace/RM2025/ROS2tutorial/ros_ws/install/callback_demo/share/callback_demo/package.dsv
[2.036s] -- Up-to-date symlink: /home/qep/WorkSpace/RM2025/ROS2tutorial/ros_ws/install/callback_demo/share/ament_index/resource_index/packages/callback_demo
[2.037s] -- Up-to-date symlink: /home/qep/WorkSpace/RM2025/ROS2tutorial/ros_ws/install/callback_demo/share/callback_demo/cmake/callback_demoConfig.cmake
[2.037s] -- Up-to-date symlink: /home/qep/WorkSpace/RM2025/ROS2tutorial/ros_ws/install/callback_demo/share/callback_demo/cmake/callback_demoConfig-version.cmake
[2.037s] -- Up-to-date symlink: /home/qep/WorkSpace/RM2025/ROS2tutorial/ros_ws/install/callback_demo/share/callback_demo/package.xml
[2.040s] Invoked command in '/home/qep/WorkSpace/RM2025/ROS2tutorial/ros_ws/build/callback_demo' returned '0': CMAKE_PREFIX_PATH=${CMAKE_PREFIX_PATH}:/opt/ros/humble /usr/bin/cmake --install /home/qep/WorkSpace/RM2025/ROS2tutorial/ros_ws/build/callback_demo
