[35m[1mConsolidate compiler generated dependencies of target robot_publisher[0m
[100%] Built target robot_publisher
-- Install configuration: ""
-- Execute custom install script
-- Up-to-date symlink: /home/qep/WorkSpace/RM2025/ROS2tutorial/ros_ws/install/robot_status/lib/robot_status/robot_publisher
-- Up-to-date symlink: /home/qep/WorkSpace/RM2025/ROS2tutorial/ros_ws/install/robot_status/share/ament_index/resource_index/package_run_dependencies/robot_status
-- Up-to-date symlink: /home/qep/WorkSpace/RM2025/ROS2tutorial/ros_ws/install/robot_status/share/ament_index/resource_index/parent_prefix_path/robot_status
-- Up-to-date symlink: /home/qep/WorkSpace/RM2025/ROS2tutorial/ros_ws/install/robot_status/share/robot_status/environment/ament_prefix_path.sh
-- Up-to-date symlink: /home/qep/WorkSpace/RM2025/ROS2tutorial/ros_ws/install/robot_status/share/robot_status/environment/ament_prefix_path.dsv
-- Up-to-date symlink: /home/qep/WorkSpace/RM2025/ROS2tutorial/ros_ws/install/robot_status/share/robot_status/environment/path.sh
-- Up-to-date symlink: /home/qep/WorkSpace/RM2025/ROS2tutorial/ros_ws/install/robot_status/share/robot_status/environment/path.dsv
-- Up-to-date symlink: /home/qep/WorkSpace/RM2025/ROS2tutorial/ros_ws/install/robot_status/share/robot_status/local_setup.bash
-- Up-to-date symlink: /home/qep/WorkSpace/RM2025/ROS2tutorial/ros_ws/install/robot_status/share/robot_status/local_setup.sh
-- Up-to-date symlink: /home/qep/WorkSpace/RM2025/ROS2tutorial/ros_ws/install/robot_status/share/robot_status/local_setup.zsh
-- Up-to-date symlink: /home/qep/WorkSpace/RM2025/ROS2tutorial/ros_ws/install/robot_status/share/robot_status/local_setup.dsv
-- Symlinking: /home/qep/WorkSpace/RM2025/ROS2tutorial/ros_ws/install/robot_status/share/robot_status/package.dsv
-- Up-to-date symlink: /home/qep/WorkSpace/RM2025/ROS2tutorial/ros_ws/install/robot_status/share/ament_index/resource_index/packages/robot_status
-- Up-to-date symlink: /home/qep/WorkSpace/RM2025/ROS2tutorial/ros_ws/install/robot_status/share/robot_status/cmake/robot_statusConfig.cmake
-- Up-to-date symlink: /home/qep/WorkSpace/RM2025/ROS2tutorial/ros_ws/install/robot_status/share/robot_status/cmake/robot_statusConfig-version.cmake
-- Up-to-date symlink: /home/qep/WorkSpace/RM2025/ROS2tutorial/ros_ws/install/robot_status/share/robot_status/package.xml
