[0.019s] Invoking command in '/home/qep/WorkSpace/RM2025/ROS2tutorial/ros_ws/build/example_param_rclcpp': CMAKE_PREFIX_PATH=/opt/ros/humble /usr/bin/cmake /home/qep/WorkSpace/RM2025/ROS2tutorial/ros_ws/src/example_param_rclcpp -DAMENT_CMAKE_SYMLINK_INSTALL=1 -DCMAKE_INSTALL_PREFIX=/home/qep/WorkSpace/RM2025/ROS2tutorial/ros_ws/install/example_param_rclcpp
[0.117s] -- The C compiler identification is GNU 11.4.0
[0.206s] -- The CXX compiler identification is GNU 11.4.0
[0.214s] -- Detecting C compiler ABI info
[0.261s] -- Detecting C compiler ABI info - done
[0.266s] -- Check for working C compiler: /usr/bin/cc - skipped
[0.266s] -- Detecting C compile features
[0.266s] -- Detecting C compile features - done
[0.269s] -- Detecting CXX compiler ABI info
[0.319s] -- Detecting CXX compiler ABI info - done
[0.329s] -- Check for working CXX compiler: /usr/bin/c++ - skipped
[0.329s] -- Detecting CXX compile features
[0.330s] -- Detecting CXX compile features - done
[0.335s] -- Found ament_cmake: 1.3.10 (/opt/ros/humble/share/ament_cmake/cmake)
[0.458s] -- Found Python3: /usr/bin/python3 (found version "3.10.12") found components: Interpreter 
[0.501s] -- Override CMake install command with custom implementation using symlinks instead of copying resources
[0.514s] -- Found rclcpp: 16.0.10 (/opt/ros/humble/share/rclcpp/cmake)
[0.555s] -- Found rosidl_generator_c: 3.1.5 (/opt/ros/humble/share/rosidl_generator_c/cmake)
[0.560s] -- Found rosidl_adapter: 3.1.5 (/opt/ros/humble/share/rosidl_adapter/cmake)
[0.569s] -- Found rosidl_generator_cpp: 3.1.5 (/opt/ros/humble/share/rosidl_generator_cpp/cmake)
[0.578s] -- Using all available rosidl_typesupport_c: rosidl_typesupport_fastrtps_c;rosidl_typesupport_introspection_c
[0.587s] -- Using all available rosidl_typesupport_cpp: rosidl_typesupport_fastrtps_cpp;rosidl_typesupport_introspection_cpp
[0.621s] -- Found rmw_implementation_cmake: 6.1.2 (/opt/ros/humble/share/rmw_implementation_cmake/cmake)
[0.623s] -- Found rmw_fastrtps_cpp: 6.2.7 (/opt/ros/humble/share/rmw_fastrtps_cpp/cmake)
[0.690s] -- Found OpenSSL: /usr/lib/x86_64-linux-gnu/libcrypto.so (found version "3.0.2")  
[0.709s] -- Found FastRTPS: /opt/ros/humble/include  
[0.736s] -- Using RMW implementation 'rmw_fastrtps_cpp' as default
[0.741s] -- Looking for pthread.h
[0.788s] -- Looking for pthread.h - found
[0.789s] -- Performing Test CMAKE_HAVE_LIBC_PTHREAD
[0.846s] -- Performing Test CMAKE_HAVE_LIBC_PTHREAD - Success
[0.848s] -- Found Threads: TRUE  
[0.898s] -- Found ament_lint_auto: 0.12.11 (/opt/ros/humble/share/ament_lint_auto/cmake)
[0.963s] -- Added test 'cppcheck' to perform static code analysis on C / C++ code
[0.963s] -- Configured cppcheck include dirs: 
[0.963s] -- Configured cppcheck exclude dirs and/or files: 
[0.963s] -- Added test 'lint_cmake' to check CMake code style
[0.964s] -- Added test 'uncrustify' to check C / C++ code style
[0.964s] -- Configured uncrustify additional arguments: 
[0.965s] -- Added test 'xmllint' to check XML markup files
[0.966s] -- Configuring done
[0.971s] -- Generating done
[0.972s] -- Build files have been written to: /home/qep/WorkSpace/RM2025/ROS2tutorial/ros_ws/build/example_param_rclcpp
[0.980s] Invoked command in '/home/qep/WorkSpace/RM2025/ROS2tutorial/ros_ws/build/example_param_rclcpp' returned '0': CMAKE_PREFIX_PATH=/opt/ros/humble /usr/bin/cmake /home/qep/WorkSpace/RM2025/ROS2tutorial/ros_ws/src/example_param_rclcpp -DAMENT_CMAKE_SYMLINK_INSTALL=1 -DCMAKE_INSTALL_PREFIX=/home/qep/WorkSpace/RM2025/ROS2tutorial/ros_ws/install/example_param_rclcpp
[0.982s] Invoking command in '/home/qep/WorkSpace/RM2025/ROS2tutorial/ros_ws/build/example_param_rclcpp': CMAKE_PREFIX_PATH=/opt/ros/humble /usr/bin/cmake --build /home/qep/WorkSpace/RM2025/ROS2tutorial/ros_ws/build/example_param_rclcpp -- -j20 -l20
[1.022s] [ 50%] [32mBuilding CXX object CMakeFiles/param_node.dir/src/param.cpp.o[0m
[4.717s] [100%] [32m[1mLinking CXX executable param_node[0m
[4.799s] [100%] Built target param_node
[4.808s] Invoked command in '/home/qep/WorkSpace/RM2025/ROS2tutorial/ros_ws/build/example_param_rclcpp' returned '0': CMAKE_PREFIX_PATH=/opt/ros/humble /usr/bin/cmake --build /home/qep/WorkSpace/RM2025/ROS2tutorial/ros_ws/build/example_param_rclcpp -- -j20 -l20
[4.833s] Invoking command in '/home/qep/WorkSpace/RM2025/ROS2tutorial/ros_ws/build/example_param_rclcpp': CMAKE_PREFIX_PATH=/opt/ros/humble /usr/bin/cmake --install /home/qep/WorkSpace/RM2025/ROS2tutorial/ros_ws/build/example_param_rclcpp
[4.838s] -- Install configuration: ""
[4.839s] -- Execute custom install script
[4.839s] -- Symlinking: /home/qep/WorkSpace/RM2025/ROS2tutorial/ros_ws/install/example_param_rclcpp/lib/example_param_rclcpp/param_node
[4.847s] -- Symlinking: /home/qep/WorkSpace/RM2025/ROS2tutorial/ros_ws/install/example_param_rclcpp/share/ament_index/resource_index/package_run_dependencies/example_param_rclcpp
[4.854s] -- Symlinking: /home/qep/WorkSpace/RM2025/ROS2tutorial/ros_ws/install/example_param_rclcpp/share/ament_index/resource_index/parent_prefix_path/example_param_rclcpp
[4.860s] -- Symlinking: /home/qep/WorkSpace/RM2025/ROS2tutorial/ros_ws/install/example_param_rclcpp/share/example_param_rclcpp/environment/ament_prefix_path.sh
[4.869s] -- Symlinking: /home/qep/WorkSpace/RM2025/ROS2tutorial/ros_ws/install/example_param_rclcpp/share/example_param_rclcpp/environment/ament_prefix_path.dsv
[4.879s] -- Symlinking: /home/qep/WorkSpace/RM2025/ROS2tutorial/ros_ws/install/example_param_rclcpp/share/example_param_rclcpp/environment/path.sh
[4.886s] -- Symlinking: /home/qep/WorkSpace/RM2025/ROS2tutorial/ros_ws/install/example_param_rclcpp/share/example_param_rclcpp/environment/path.dsv
[4.893s] -- Symlinking: /home/qep/WorkSpace/RM2025/ROS2tutorial/ros_ws/install/example_param_rclcpp/share/example_param_rclcpp/local_setup.bash
[4.903s] -- Symlinking: /home/qep/WorkSpace/RM2025/ROS2tutorial/ros_ws/install/example_param_rclcpp/share/example_param_rclcpp/local_setup.sh
[4.913s] -- Symlinking: /home/qep/WorkSpace/RM2025/ROS2tutorial/ros_ws/install/example_param_rclcpp/share/example_param_rclcpp/local_setup.zsh
[4.922s] -- Symlinking: /home/qep/WorkSpace/RM2025/ROS2tutorial/ros_ws/install/example_param_rclcpp/share/example_param_rclcpp/local_setup.dsv
[4.932s] -- Symlinking: /home/qep/WorkSpace/RM2025/ROS2tutorial/ros_ws/install/example_param_rclcpp/share/example_param_rclcpp/package.dsv
[4.940s] -- Symlinking: /home/qep/WorkSpace/RM2025/ROS2tutorial/ros_ws/install/example_param_rclcpp/share/ament_index/resource_index/packages/example_param_rclcpp
[4.948s] -- Symlinking: /home/qep/WorkSpace/RM2025/ROS2tutorial/ros_ws/install/example_param_rclcpp/share/example_param_rclcpp/cmake/example_param_rclcppConfig.cmake
[4.955s] -- Symlinking: /home/qep/WorkSpace/RM2025/ROS2tutorial/ros_ws/install/example_param_rclcpp/share/example_param_rclcpp/cmake/example_param_rclcppConfig-version.cmake
[4.962s] -- Symlinking: /home/qep/WorkSpace/RM2025/ROS2tutorial/ros_ws/install/example_param_rclcpp/share/example_param_rclcpp/package.xml
[4.971s] Invoked command in '/home/qep/WorkSpace/RM2025/ROS2tutorial/ros_ws/build/example_param_rclcpp' returned '0': CMAKE_PREFIX_PATH=/opt/ros/humble /usr/bin/cmake --install /home/qep/WorkSpace/RM2025/ROS2tutorial/ros_ws/build/example_param_rclcpp
