[0.013s] Invoking command in '/home/qep/WorkSpace/RM2025/ROS2tutorial/ros_ws/build/example_param_rclcpp': CMAKE_PREFIX_PATH=${CMAKE_PREFIX_PATH}:/opt/ros/humble /usr/bin/cmake /home/qep/WorkSpace/RM2025/ROS2tutorial/ros_ws/src/example_param_rclcpp -DAMENT_CMAKE_SYMLINK_INSTALL=1 -DCMAKE_INSTALL_PREFIX=/home/qep/WorkSpace/RM2025/ROS2tutorial/ros_ws/install/example_param_rclcpp
[0.060s] -- The C compiler identification is GNU 11.4.0
[0.104s] -- The CXX compiler identification is GNU 11.4.0
[0.111s] -- Detecting C compiler ABI info
[0.169s] -- Detecting C compiler ABI info - done
[0.176s] -- Check for working C compiler: /usr/bin/cc - skipped
[0.176s] -- Detecting C compile features
[0.176s] -- Detecting C compile features - done
[0.178s] -- Detecting CXX compiler ABI info
[0.243s] -- Detecting CXX compiler ABI info - done
[0.253s] -- Check for working CXX compiler: /usr/bin/c++ - skipped
[0.253s] -- Detecting CXX compile features
[0.254s] -- Detecting CXX compile features - done
[0.255s] -- Found ament_cmake: 1.3.10 (/opt/ros/humble/share/ament_cmake/cmake)
[0.375s] -- Found Python3: /usr/bin/python3 (found version "3.10.12") found components: Interpreter 
[0.419s] -- Override CMake install command with custom implementation using symlinks instead of copying resources
[0.435s] -- Found rclcpp: 16.0.10 (/opt/ros/humble/share/rclcpp/cmake)
[0.468s] -- Found rosidl_generator_c: 3.1.5 (/opt/ros/humble/share/rosidl_generator_c/cmake)
[0.471s] -- Found rosidl_adapter: 3.1.5 (/opt/ros/humble/share/rosidl_adapter/cmake)
[0.476s] -- Found rosidl_generator_cpp: 3.1.5 (/opt/ros/humble/share/rosidl_generator_cpp/cmake)
[0.483s] -- Using all available rosidl_typesupport_c: rosidl_typesupport_fastrtps_c;rosidl_typesupport_introspection_c
[0.492s] -- Using all available rosidl_typesupport_cpp: rosidl_typesupport_fastrtps_cpp;rosidl_typesupport_introspection_cpp
[0.518s] -- Found rmw_implementation_cmake: 6.1.2 (/opt/ros/humble/share/rmw_implementation_cmake/cmake)
[0.519s] -- Found rmw_fastrtps_cpp: 6.2.7 (/opt/ros/humble/share/rmw_fastrtps_cpp/cmake)
[0.590s] -- Found OpenSSL: /usr/lib/x86_64-linux-gnu/libcrypto.so (found version "3.0.2")  
[0.615s] -- Found FastRTPS: /opt/ros/humble/include  
[0.644s] -- Using RMW implementation 'rmw_fastrtps_cpp' as default
[0.649s] -- Looking for pthread.h
[0.702s] -- Looking for pthread.h - found
[0.702s] -- Performing Test CMAKE_HAVE_LIBC_PTHREAD
[0.760s] -- Performing Test CMAKE_HAVE_LIBC_PTHREAD - Success
[0.760s] -- Found Threads: TRUE  
[0.792s] -- Found ament_lint_auto: 0.12.11 (/opt/ros/humble/share/ament_lint_auto/cmake)
[0.842s] -- Added test 'cppcheck' to perform static code analysis on C / C++ code
[0.842s] -- Configured cppcheck include dirs: 
[0.842s] -- Configured cppcheck exclude dirs and/or files: 
[0.842s] -- Added test 'lint_cmake' to check CMake code style
[0.843s] -- Added test 'uncrustify' to check C / C++ code style
[0.843s] -- Configured uncrustify additional arguments: 
[0.843s] -- Added test 'xmllint' to check XML markup files
[0.844s] -- Configuring done
[0.849s] -- Generating done
[0.850s] -- Build files have been written to: /home/qep/WorkSpace/RM2025/ROS2tutorial/ros_ws/build/example_param_rclcpp
[0.856s] Invoked command in '/home/qep/WorkSpace/RM2025/ROS2tutorial/ros_ws/build/example_param_rclcpp' returned '0': CMAKE_PREFIX_PATH=${CMAKE_PREFIX_PATH}:/opt/ros/humble /usr/bin/cmake /home/qep/WorkSpace/RM2025/ROS2tutorial/ros_ws/src/example_param_rclcpp -DAMENT_CMAKE_SYMLINK_INSTALL=1 -DCMAKE_INSTALL_PREFIX=/home/qep/WorkSpace/RM2025/ROS2tutorial/ros_ws/install/example_param_rclcpp
[0.858s] Invoking command in '/home/qep/WorkSpace/RM2025/ROS2tutorial/ros_ws/build/example_param_rclcpp': CMAKE_PREFIX_PATH=${CMAKE_PREFIX_PATH}:/opt/ros/humble /usr/bin/cmake --build /home/qep/WorkSpace/RM2025/ROS2tutorial/ros_ws/build/example_param_rclcpp -- -j20 -l20
[0.895s] [ 50%] [32mBuilding CXX object CMakeFiles/param_node.dir/src/param.cpp.o[0m
[3.169s] [100%] [32m[1mLinking CXX executable param_node[0m
[3.289s] [100%] Built target param_node
[3.298s] Invoked command in '/home/qep/WorkSpace/RM2025/ROS2tutorial/ros_ws/build/example_param_rclcpp' returned '0': CMAKE_PREFIX_PATH=${CMAKE_PREFIX_PATH}:/opt/ros/humble /usr/bin/cmake --build /home/qep/WorkSpace/RM2025/ROS2tutorial/ros_ws/build/example_param_rclcpp -- -j20 -l20
[3.319s] Invoking command in '/home/qep/WorkSpace/RM2025/ROS2tutorial/ros_ws/build/example_param_rclcpp': CMAKE_PREFIX_PATH=${CMAKE_PREFIX_PATH}:/opt/ros/humble /usr/bin/cmake --install /home/qep/WorkSpace/RM2025/ROS2tutorial/ros_ws/build/example_param_rclcpp
[3.328s] -- Install configuration: ""
[3.328s] -- Execute custom install script
[3.328s] -- Symlinking: /home/qep/WorkSpace/RM2025/ROS2tutorial/ros_ws/install/example_param_rclcpp/lib/example_param_rclcpp/param_node
[3.335s] -- Symlinking: /home/qep/WorkSpace/RM2025/ROS2tutorial/ros_ws/install/example_param_rclcpp/share/ament_index/resource_index/package_run_dependencies/example_param_rclcpp
[3.345s] -- Symlinking: /home/qep/WorkSpace/RM2025/ROS2tutorial/ros_ws/install/example_param_rclcpp/share/ament_index/resource_index/parent_prefix_path/example_param_rclcpp
[3.351s] -- Symlinking: /home/qep/WorkSpace/RM2025/ROS2tutorial/ros_ws/install/example_param_rclcpp/share/example_param_rclcpp/environment/ament_prefix_path.sh
[3.360s] -- Symlinking: /home/qep/WorkSpace/RM2025/ROS2tutorial/ros_ws/install/example_param_rclcpp/share/example_param_rclcpp/environment/ament_prefix_path.dsv
[3.369s] -- Symlinking: /home/qep/WorkSpace/RM2025/ROS2tutorial/ros_ws/install/example_param_rclcpp/share/example_param_rclcpp/environment/path.sh
[3.376s] -- Symlinking: /home/qep/WorkSpace/RM2025/ROS2tutorial/ros_ws/install/example_param_rclcpp/share/example_param_rclcpp/environment/path.dsv
[3.384s] -- Symlinking: /home/qep/WorkSpace/RM2025/ROS2tutorial/ros_ws/install/example_param_rclcpp/share/example_param_rclcpp/local_setup.bash
[3.390s] -- Symlinking: /home/qep/WorkSpace/RM2025/ROS2tutorial/ros_ws/install/example_param_rclcpp/share/example_param_rclcpp/local_setup.sh
[3.399s] -- Symlinking: /home/qep/WorkSpace/RM2025/ROS2tutorial/ros_ws/install/example_param_rclcpp/share/example_param_rclcpp/local_setup.zsh
[3.406s] -- Symlinking: /home/qep/WorkSpace/RM2025/ROS2tutorial/ros_ws/install/example_param_rclcpp/share/example_param_rclcpp/local_setup.dsv
[3.413s] -- Symlinking: /home/qep/WorkSpace/RM2025/ROS2tutorial/ros_ws/install/example_param_rclcpp/share/example_param_rclcpp/package.dsv
[3.420s] -- Symlinking: /home/qep/WorkSpace/RM2025/ROS2tutorial/ros_ws/install/example_param_rclcpp/share/ament_index/resource_index/packages/example_param_rclcpp
[3.429s] -- Symlinking: /home/qep/WorkSpace/RM2025/ROS2tutorial/ros_ws/install/example_param_rclcpp/share/example_param_rclcpp/cmake/example_param_rclcppConfig.cmake
[3.436s] -- Symlinking: /home/qep/WorkSpace/RM2025/ROS2tutorial/ros_ws/install/example_param_rclcpp/share/example_param_rclcpp/cmake/example_param_rclcppConfig-version.cmake
[3.445s] -- Symlinking: /home/qep/WorkSpace/RM2025/ROS2tutorial/ros_ws/install/example_param_rclcpp/share/example_param_rclcpp/package.xml
[3.453s] Invoked command in '/home/qep/WorkSpace/RM2025/ROS2tutorial/ros_ws/build/example_param_rclcpp' returned '0': CMAKE_PREFIX_PATH=${CMAKE_PREFIX_PATH}:/opt/ros/humble /usr/bin/cmake --install /home/qep/WorkSpace/RM2025/ROS2tutorial/ros_ws/build/example_param_rclcpp
