[0.064s] DEBUG:colcon:Command line arguments: ['/usr/bin/colcon', 'build', '--packages-select', 'callback_demo', '--symlink-install']
[0.064s] DEBUG:colcon:Parsed command line arguments: Namespace(log_base=None, log_level=None, verb_name='build', build_base='build', install_base='install', merge_install=False, symlink_install=True, test_result_base=None, continue_on_error=False, executor='parallel', parallel_workers=20, event_handlers=None, ignore_user_meta=False, metas=['./colcon.meta'], base_paths=['.'], packages_ignore=None, packages_ignore_regex=None, paths=None, packages_up_to=None, packages_up_to_regex=None, packages_above=None, packages_above_and_dependencies=None, packages_above_depth=None, packages_select_by_dep=None, packages_skip_by_dep=None, packages_skip_up_to=None, packages_select_build_failed=False, packages_skip_build_finished=False, packages_select_test_failures=False, packages_skip_test_passed=False, packages_select=['callback_demo'], packages_skip=None, packages_select_regex=None, packages_skip_regex=None, packages_start=None, packages_end=None, allow_overriding=[], cmake_args=None, cmake_target=None, cmake_target_skip_unavailable=False, cmake_clean_cache=False, cmake_clean_first=False, cmake_force_configure=False, ament_cmake_args=None, catkin_cmake_args=None, catkin_skip_building_tests=False, verb_parser=<colcon_defaults.argument_parser.defaults.DefaultArgumentsDecorator object at 0x736929044a90>, verb_extension=<colcon_core.verb.build.BuildVerb object at 0x736929145660>, main=<bound method BuildVerb.main of <colcon_core.verb.build.BuildVerb object at 0x736929145660>>)
[0.156s] Level 1:colcon.colcon_core.package_discovery:discover_packages(colcon_meta) check parameters
[0.156s] Level 1:colcon.colcon_core.package_discovery:discover_packages(recursive) check parameters
[0.156s] Level 1:colcon.colcon_core.package_discovery:discover_packages(ignore) check parameters
[0.156s] Level 1:colcon.colcon_core.package_discovery:discover_packages(path) check parameters
[0.156s] Level 1:colcon.colcon_core.package_discovery:discover_packages(colcon_meta) discover
[0.156s] Level 1:colcon.colcon_core.package_discovery:discover_packages(recursive) discover
[0.156s] INFO:colcon.colcon_core.package_discovery:Crawling recursively for packages in '/home/qep/WorkSpace/RM2025/ROS2tutorial/ros_ws'
[0.156s] Level 1:colcon.colcon_core.package_identification:_identify(.) by extensions ['ignore', 'ignore_ament_install']
[0.157s] Level 1:colcon.colcon_core.package_identification:_identify(.) by extension 'ignore'
[0.157s] Level 1:colcon.colcon_core.package_identification:_identify(.) by extension 'ignore_ament_install'
[0.157s] Level 1:colcon.colcon_core.package_identification:_identify(.) by extensions ['colcon_pkg']
[0.157s] Level 1:colcon.colcon_core.package_identification:_identify(.) by extension 'colcon_pkg'
[0.157s] Level 1:colcon.colcon_core.package_identification:_identify(.) by extensions ['colcon_meta']
[0.157s] Level 1:colcon.colcon_core.package_identification:_identify(.) by extension 'colcon_meta'
[0.157s] Level 1:colcon.colcon_core.package_identification:_identify(.) by extensions ['ros']
[0.157s] Level 1:colcon.colcon_core.package_identification:_identify(.) by extension 'ros'
[0.164s] Level 1:colcon.colcon_core.package_identification:_identify(.) by extensions ['cmake', 'python']
[0.164s] Level 1:colcon.colcon_core.package_identification:_identify(.) by extension 'cmake'
[0.164s] Level 1:colcon.colcon_core.package_identification:_identify(.) by extension 'python'
[0.164s] Level 1:colcon.colcon_core.package_identification:_identify(.) by extensions ['python_setup_py']
[0.164s] Level 1:colcon.colcon_core.package_identification:_identify(.) by extension 'python_setup_py'
[0.164s] Level 1:colcon.colcon_core.package_identification:_identify(build) by extensions ['ignore', 'ignore_ament_install']
[0.164s] Level 1:colcon.colcon_core.package_identification:_identify(build) by extension 'ignore'
[0.164s] Level 1:colcon.colcon_core.package_identification:_identify(build) ignored
[0.164s] Level 1:colcon.colcon_core.package_identification:_identify(install) by extensions ['ignore', 'ignore_ament_install']
[0.164s] Level 1:colcon.colcon_core.package_identification:_identify(install) by extension 'ignore'
[0.164s] Level 1:colcon.colcon_core.package_identification:_identify(install) ignored
[0.164s] Level 1:colcon.colcon_core.package_identification:_identify(log) by extensions ['ignore', 'ignore_ament_install']
[0.164s] Level 1:colcon.colcon_core.package_identification:_identify(log) by extension 'ignore'
[0.164s] Level 1:colcon.colcon_core.package_identification:_identify(log) ignored
[0.164s] Level 1:colcon.colcon_core.package_identification:_identify(src) by extensions ['ignore', 'ignore_ament_install']
[0.164s] Level 1:colcon.colcon_core.package_identification:_identify(src) by extension 'ignore'
[0.164s] Level 1:colcon.colcon_core.package_identification:_identify(src) by extension 'ignore_ament_install'
[0.164s] Level 1:colcon.colcon_core.package_identification:_identify(src) by extensions ['colcon_pkg']
[0.164s] Level 1:colcon.colcon_core.package_identification:_identify(src) by extension 'colcon_pkg'
[0.165s] Level 1:colcon.colcon_core.package_identification:_identify(src) by extensions ['colcon_meta']
[0.165s] Level 1:colcon.colcon_core.package_identification:_identify(src) by extension 'colcon_meta'
[0.165s] Level 1:colcon.colcon_core.package_identification:_identify(src) by extensions ['ros']
[0.165s] Level 1:colcon.colcon_core.package_identification:_identify(src) by extension 'ros'
[0.165s] Level 1:colcon.colcon_core.package_identification:_identify(src) by extensions ['cmake', 'python']
[0.165s] Level 1:colcon.colcon_core.package_identification:_identify(src) by extension 'cmake'
[0.165s] Level 1:colcon.colcon_core.package_identification:_identify(src) by extension 'python'
[0.165s] Level 1:colcon.colcon_core.package_identification:_identify(src) by extensions ['python_setup_py']
[0.165s] Level 1:colcon.colcon_core.package_identification:_identify(src) by extension 'python_setup_py'
[0.165s] Level 1:colcon.colcon_core.package_identification:_identify(src/callback_demo) by extensions ['ignore', 'ignore_ament_install']
[0.165s] Level 1:colcon.colcon_core.package_identification:_identify(src/callback_demo) by extension 'ignore'
[0.165s] Level 1:colcon.colcon_core.package_identification:_identify(src/callback_demo) by extension 'ignore_ament_install'
[0.165s] Level 1:colcon.colcon_core.package_identification:_identify(src/callback_demo) by extensions ['colcon_pkg']
[0.165s] Level 1:colcon.colcon_core.package_identification:_identify(src/callback_demo) by extension 'colcon_pkg'
[0.165s] Level 1:colcon.colcon_core.package_identification:_identify(src/callback_demo) by extensions ['colcon_meta']
[0.165s] Level 1:colcon.colcon_core.package_identification:_identify(src/callback_demo) by extension 'colcon_meta'
[0.165s] Level 1:colcon.colcon_core.package_identification:_identify(src/callback_demo) by extensions ['ros']
[0.165s] Level 1:colcon.colcon_core.package_identification:_identify(src/callback_demo) by extension 'ros'
[0.166s] DEBUG:colcon.colcon_core.package_identification:Package 'src/callback_demo' with type 'ros.ament_cmake' and name 'callback_demo'
[0.167s] Level 1:colcon.colcon_core.package_identification:_identify(src/example_param_rclcpp) by extensions ['ignore', 'ignore_ament_install']
[0.167s] Level 1:colcon.colcon_core.package_identification:_identify(src/example_param_rclcpp) by extension 'ignore'
[0.167s] Level 1:colcon.colcon_core.package_identification:_identify(src/example_param_rclcpp) by extension 'ignore_ament_install'
[0.167s] Level 1:colcon.colcon_core.package_identification:_identify(src/example_param_rclcpp) by extensions ['colcon_pkg']
[0.167s] Level 1:colcon.colcon_core.package_identification:_identify(src/example_param_rclcpp) by extension 'colcon_pkg'
[0.167s] Level 1:colcon.colcon_core.package_identification:_identify(src/example_param_rclcpp) by extensions ['colcon_meta']
[0.167s] Level 1:colcon.colcon_core.package_identification:_identify(src/example_param_rclcpp) by extension 'colcon_meta'
[0.167s] Level 1:colcon.colcon_core.package_identification:_identify(src/example_param_rclcpp) by extensions ['ros']
[0.167s] Level 1:colcon.colcon_core.package_identification:_identify(src/example_param_rclcpp) by extension 'ros'
[0.167s] DEBUG:colcon.colcon_core.package_identification:Package 'src/example_param_rclcpp' with type 'ros.ament_cmake' and name 'example_param_rclcpp'
[0.167s] Level 1:colcon.colcon_core.package_identification:_identify(src/example_service_rclcpp) by extensions ['ignore', 'ignore_ament_install']
[0.167s] Level 1:colcon.colcon_core.package_identification:_identify(src/example_service_rclcpp) by extension 'ignore'
[0.167s] Level 1:colcon.colcon_core.package_identification:_identify(src/example_service_rclcpp) by extension 'ignore_ament_install'
[0.167s] Level 1:colcon.colcon_core.package_identification:_identify(src/example_service_rclcpp) by extensions ['colcon_pkg']
[0.167s] Level 1:colcon.colcon_core.package_identification:_identify(src/example_service_rclcpp) by extension 'colcon_pkg'
[0.167s] Level 1:colcon.colcon_core.package_identification:_identify(src/example_service_rclcpp) by extensions ['colcon_meta']
[0.167s] Level 1:colcon.colcon_core.package_identification:_identify(src/example_service_rclcpp) by extension 'colcon_meta'
[0.167s] Level 1:colcon.colcon_core.package_identification:_identify(src/example_service_rclcpp) by extensions ['ros']
[0.167s] Level 1:colcon.colcon_core.package_identification:_identify(src/example_service_rclcpp) by extension 'ros'
[0.168s] DEBUG:colcon.colcon_core.package_identification:Package 'src/example_service_rclcpp' with type 'ros.ament_cmake' and name 'example_service_rclcpp'
[0.168s] Level 1:colcon.colcon_core.package_identification:_identify(src/example_topic_rclcpp) by extensions ['ignore', 'ignore_ament_install']
[0.168s] Level 1:colcon.colcon_core.package_identification:_identify(src/example_topic_rclcpp) by extension 'ignore'
[0.168s] Level 1:colcon.colcon_core.package_identification:_identify(src/example_topic_rclcpp) by extension 'ignore_ament_install'
[0.168s] Level 1:colcon.colcon_core.package_identification:_identify(src/example_topic_rclcpp) by extensions ['colcon_pkg']
[0.168s] Level 1:colcon.colcon_core.package_identification:_identify(src/example_topic_rclcpp) by extension 'colcon_pkg'
[0.168s] Level 1:colcon.colcon_core.package_identification:_identify(src/example_topic_rclcpp) by extensions ['colcon_meta']
[0.168s] Level 1:colcon.colcon_core.package_identification:_identify(src/example_topic_rclcpp) by extension 'colcon_meta'
[0.168s] Level 1:colcon.colcon_core.package_identification:_identify(src/example_topic_rclcpp) by extensions ['ros']
[0.168s] Level 1:colcon.colcon_core.package_identification:_identify(src/example_topic_rclcpp) by extension 'ros'
[0.168s] DEBUG:colcon.colcon_core.package_identification:Package 'src/example_topic_rclcpp' with type 'ros.ament_cmake' and name 'example_topic_rclcpp'
[0.169s] Level 1:colcon.colcon_core.package_identification:_identify(src/my_interface) by extensions ['ignore', 'ignore_ament_install']
[0.169s] Level 1:colcon.colcon_core.package_identification:_identify(src/my_interface) by extension 'ignore'
[0.169s] Level 1:colcon.colcon_core.package_identification:_identify(src/my_interface) by extension 'ignore_ament_install'
[0.169s] Level 1:colcon.colcon_core.package_identification:_identify(src/my_interface) by extensions ['colcon_pkg']
[0.169s] Level 1:colcon.colcon_core.package_identification:_identify(src/my_interface) by extension 'colcon_pkg'
[0.169s] Level 1:colcon.colcon_core.package_identification:_identify(src/my_interface) by extensions ['colcon_meta']
[0.169s] Level 1:colcon.colcon_core.package_identification:_identify(src/my_interface) by extension 'colcon_meta'
[0.169s] Level 1:colcon.colcon_core.package_identification:_identify(src/my_interface) by extensions ['ros']
[0.169s] Level 1:colcon.colcon_core.package_identification:_identify(src/my_interface) by extension 'ros'
[0.169s] DEBUG:colcon.colcon_core.package_identification:Package 'src/my_interface' with type 'ros.ament_cmake' and name 'my_interface'
[0.169s] Level 1:colcon.colcon_core.package_identification:_identify(src/robot_status) by extensions ['ignore', 'ignore_ament_install']
[0.169s] Level 1:colcon.colcon_core.package_identification:_identify(src/robot_status) by extension 'ignore'
[0.169s] Level 1:colcon.colcon_core.package_identification:_identify(src/robot_status) by extension 'ignore_ament_install'
[0.169s] Level 1:colcon.colcon_core.package_identification:_identify(src/robot_status) by extensions ['colcon_pkg']
[0.169s] Level 1:colcon.colcon_core.package_identification:_identify(src/robot_status) by extension 'colcon_pkg'
[0.169s] Level 1:colcon.colcon_core.package_identification:_identify(src/robot_status) by extensions ['colcon_meta']
[0.169s] Level 1:colcon.colcon_core.package_identification:_identify(src/robot_status) by extension 'colcon_meta'
[0.169s] Level 1:colcon.colcon_core.package_identification:_identify(src/robot_status) by extensions ['ros']
[0.169s] Level 1:colcon.colcon_core.package_identification:_identify(src/robot_status) by extension 'ros'
[0.170s] DEBUG:colcon.colcon_core.package_identification:Package 'src/robot_status' with type 'ros.ament_cmake' and name 'robot_status'
[0.170s] Level 1:colcon.colcon_core.package_identification:_identify(src/rviz_demo) by extensions ['ignore', 'ignore_ament_install']
[0.170s] Level 1:colcon.colcon_core.package_identification:_identify(src/rviz_demo) by extension 'ignore'
[0.170s] Level 1:colcon.colcon_core.package_identification:_identify(src/rviz_demo) by extension 'ignore_ament_install'
[0.170s] Level 1:colcon.colcon_core.package_identification:_identify(src/rviz_demo) by extensions ['colcon_pkg']
[0.170s] Level 1:colcon.colcon_core.package_identification:_identify(src/rviz_demo) by extension 'colcon_pkg'
[0.170s] Level 1:colcon.colcon_core.package_identification:_identify(src/rviz_demo) by extensions ['colcon_meta']
[0.170s] Level 1:colcon.colcon_core.package_identification:_identify(src/rviz_demo) by extension 'colcon_meta'
[0.170s] Level 1:colcon.colcon_core.package_identification:_identify(src/rviz_demo) by extensions ['ros']
[0.170s] Level 1:colcon.colcon_core.package_identification:_identify(src/rviz_demo) by extension 'ros'
[0.171s] DEBUG:colcon.colcon_core.package_identification:Package 'src/rviz_demo' with type 'ros.ament_cmake' and name 'rviz_demo'
[0.171s] Level 1:colcon.colcon_core.package_identification:_identify(src/tf_demo) by extensions ['ignore', 'ignore_ament_install']
[0.171s] Level 1:colcon.colcon_core.package_identification:_identify(src/tf_demo) by extension 'ignore'
[0.171s] Level 1:colcon.colcon_core.package_identification:_identify(src/tf_demo) by extension 'ignore_ament_install'
[0.171s] Level 1:colcon.colcon_core.package_identification:_identify(src/tf_demo) by extensions ['colcon_pkg']
[0.171s] Level 1:colcon.colcon_core.package_identification:_identify(src/tf_demo) by extension 'colcon_pkg'
[0.171s] Level 1:colcon.colcon_core.package_identification:_identify(src/tf_demo) by extensions ['colcon_meta']
[0.171s] Level 1:colcon.colcon_core.package_identification:_identify(src/tf_demo) by extension 'colcon_meta'
[0.171s] Level 1:colcon.colcon_core.package_identification:_identify(src/tf_demo) by extensions ['ros']
[0.171s] Level 1:colcon.colcon_core.package_identification:_identify(src/tf_demo) by extension 'ros'
[0.171s] DEBUG:colcon.colcon_core.package_identification:Package 'src/tf_demo' with type 'ros.ament_cmake' and name 'tf_demo'
[0.171s] Level 1:colcon.colcon_core.package_identification:_identify(test) by extensions ['ignore', 'ignore_ament_install']
[0.171s] Level 1:colcon.colcon_core.package_identification:_identify(test) by extension 'ignore'
[0.171s] Level 1:colcon.colcon_core.package_identification:_identify(test) by extension 'ignore_ament_install'
[0.171s] Level 1:colcon.colcon_core.package_identification:_identify(test) by extensions ['colcon_pkg']
[0.171s] Level 1:colcon.colcon_core.package_identification:_identify(test) by extension 'colcon_pkg'
[0.171s] Level 1:colcon.colcon_core.package_identification:_identify(test) by extensions ['colcon_meta']
[0.171s] Level 1:colcon.colcon_core.package_identification:_identify(test) by extension 'colcon_meta'
[0.171s] Level 1:colcon.colcon_core.package_identification:_identify(test) by extensions ['ros']
[0.171s] Level 1:colcon.colcon_core.package_identification:_identify(test) by extension 'ros'
[0.171s] Level 1:colcon.colcon_core.package_identification:_identify(test) by extensions ['cmake', 'python']
[0.171s] Level 1:colcon.colcon_core.package_identification:_identify(test) by extension 'cmake'
[0.171s] Level 1:colcon.colcon_core.package_identification:_identify(test) by extension 'python'
[0.172s] Level 1:colcon.colcon_core.package_identification:_identify(test) by extensions ['python_setup_py']
[0.172s] Level 1:colcon.colcon_core.package_identification:_identify(test) by extension 'python_setup_py'
[0.172s] Level 1:colcon.colcon_core.package_discovery:discover_packages(recursive) using defaults
[0.172s] Level 1:colcon.colcon_core.package_discovery:discover_packages(ignore) discover
[0.172s] Level 1:colcon.colcon_core.package_discovery:discover_packages(ignore) using defaults
[0.172s] Level 1:colcon.colcon_core.package_discovery:discover_packages(path) discover
[0.172s] Level 1:colcon.colcon_core.package_discovery:discover_packages(path) using defaults
[0.184s] INFO:colcon.colcon_core.package_selection:Skipping not selected package 'example_param_rclcpp' in 'src/example_param_rclcpp'
[0.185s] INFO:colcon.colcon_core.package_selection:Skipping not selected package 'example_service_rclcpp' in 'src/example_service_rclcpp'
[0.185s] INFO:colcon.colcon_core.package_selection:Skipping not selected package 'example_topic_rclcpp' in 'src/example_topic_rclcpp'
[0.185s] INFO:colcon.colcon_core.package_selection:Skipping not selected package 'my_interface' in 'src/my_interface'
[0.185s] INFO:colcon.colcon_core.package_selection:Skipping not selected package 'rviz_demo' in 'src/rviz_demo'
[0.185s] INFO:colcon.colcon_core.package_selection:Skipping not selected package 'tf_demo' in 'src/tf_demo'
[0.185s] INFO:colcon.colcon_core.package_selection:Skipping not selected package 'robot_status' in 'src/robot_status'
[0.185s] Level 1:colcon.colcon_core.package_discovery:discover_packages(prefix_path) check parameters
[0.185s] Level 1:colcon.colcon_core.package_discovery:discover_packages(prefix_path) discover
[0.186s] DEBUG:colcon.colcon_installed_package_information.package_discovery:Found 8 installed packages in /home/qep/WorkSpace/RM2025/ROS2tutorial/ros_ws/install
[0.187s] DEBUG:colcon.colcon_installed_package_information.package_discovery:Found 274 installed packages in /opt/ros/humble
[0.192s] Level 1:colcon.colcon_core.package_discovery:discover_packages(prefix_path) using defaults
[0.213s] Level 5:colcon.colcon_core.verb:set package 'callback_demo' build argument 'cmake_args' from command line to 'None'
[0.213s] Level 5:colcon.colcon_core.verb:set package 'callback_demo' build argument 'cmake_target' from command line to 'None'
[0.213s] Level 5:colcon.colcon_core.verb:set package 'callback_demo' build argument 'cmake_target_skip_unavailable' from command line to 'False'
[0.213s] Level 5:colcon.colcon_core.verb:set package 'callback_demo' build argument 'cmake_clean_cache' from command line to 'False'
[0.213s] Level 5:colcon.colcon_core.verb:set package 'callback_demo' build argument 'cmake_clean_first' from command line to 'False'
[0.213s] Level 5:colcon.colcon_core.verb:set package 'callback_demo' build argument 'cmake_force_configure' from command line to 'False'
[0.213s] Level 5:colcon.colcon_core.verb:set package 'callback_demo' build argument 'ament_cmake_args' from command line to 'None'
[0.213s] Level 5:colcon.colcon_core.verb:set package 'callback_demo' build argument 'catkin_cmake_args' from command line to 'None'
[0.213s] Level 5:colcon.colcon_core.verb:set package 'callback_demo' build argument 'catkin_skip_building_tests' from command line to 'False'
[0.213s] DEBUG:colcon.colcon_core.verb:Building package 'callback_demo' with the following arguments: {'ament_cmake_args': None, 'build_base': '/home/qep/WorkSpace/RM2025/ROS2tutorial/ros_ws/build/callback_demo', 'catkin_cmake_args': None, 'catkin_skip_building_tests': False, 'cmake_args': None, 'cmake_clean_cache': False, 'cmake_clean_first': False, 'cmake_force_configure': False, 'cmake_target': None, 'cmake_target_skip_unavailable': False, 'install_base': '/home/qep/WorkSpace/RM2025/ROS2tutorial/ros_ws/install/callback_demo', 'merge_install': False, 'path': '/home/qep/WorkSpace/RM2025/ROS2tutorial/ros_ws/src/callback_demo', 'symlink_install': True, 'test_result_base': None}
[0.213s] INFO:colcon.colcon_core.executor:Executing jobs using 'parallel' executor
[0.214s] DEBUG:colcon.colcon_parallel_executor.executor.parallel:run_until_complete
[0.214s] INFO:colcon.colcon_ros.task.ament_cmake.build:Building ROS package in '/home/qep/WorkSpace/RM2025/ROS2tutorial/ros_ws/src/callback_demo' with build type 'ament_cmake'
[0.214s] INFO:colcon.colcon_cmake.task.cmake.build:Building CMake package in '/home/qep/WorkSpace/RM2025/ROS2tutorial/ros_ws/src/callback_demo'
[0.215s] INFO:colcon.colcon_core.plugin_system:Skipping extension 'colcon_core.shell.bat': Not used on non-Windows systems
[0.216s] INFO:colcon.colcon_core.shell:Skip shell extension 'powershell' for command environment: Not usable outside of PowerShell
[0.216s] DEBUG:colcon.colcon_core.shell:Skip shell extension 'dsv' for command environment
[0.223s] DEBUG:colcon.colcon_core.event_handler.log_command:Invoking command in '/home/qep/WorkSpace/RM2025/ROS2tutorial/ros_ws/build/callback_demo': CMAKE_PREFIX_PATH=${CMAKE_PREFIX_PATH}:/opt/ros/humble /usr/bin/cmake --build /home/qep/WorkSpace/RM2025/ROS2tutorial/ros_ws/build/callback_demo -- -j20 -l20
[2.129s] DEBUG:colcon.colcon_core.event_handler.log_command:Invoked command in '/home/qep/WorkSpace/RM2025/ROS2tutorial/ros_ws/build/callback_demo' returned '0': CMAKE_PREFIX_PATH=${CMAKE_PREFIX_PATH}:/opt/ros/humble /usr/bin/cmake --build /home/qep/WorkSpace/RM2025/ROS2tutorial/ros_ws/build/callback_demo -- -j20 -l20
[2.175s] DEBUG:colcon.colcon_core.event_handler.log_command:Invoking command in '/home/qep/WorkSpace/RM2025/ROS2tutorial/ros_ws/build/callback_demo': CMAKE_PREFIX_PATH=${CMAKE_PREFIX_PATH}:/opt/ros/humble /usr/bin/cmake --install /home/qep/WorkSpace/RM2025/ROS2tutorial/ros_ws/build/callback_demo
[2.201s] Level 1:colcon.colcon_core.environment:create_environment_scripts_only(callback_demo)
[2.202s] DEBUG:colcon.colcon_core.event_handler.log_command:Invoked command in '/home/qep/WorkSpace/RM2025/ROS2tutorial/ros_ws/build/callback_demo' returned '0': CMAKE_PREFIX_PATH=${CMAKE_PREFIX_PATH}:/opt/ros/humble /usr/bin/cmake --install /home/qep/WorkSpace/RM2025/ROS2tutorial/ros_ws/build/callback_demo
[2.204s] Level 1:colcon.colcon_core.environment:checking '/home/qep/WorkSpace/RM2025/ROS2tutorial/ros_ws/install/callback_demo' for CMake module files
[2.205s] Level 1:colcon.colcon_core.environment:checking '/home/qep/WorkSpace/RM2025/ROS2tutorial/ros_ws/install/callback_demo' for CMake config files
[2.205s] Level 1:colcon.colcon_core.shell:create_environment_hook('callback_demo', 'cmake_prefix_path')
[2.205s] INFO:colcon.colcon_core.shell:Creating environment hook '/home/qep/WorkSpace/RM2025/ROS2tutorial/ros_ws/install/callback_demo/share/callback_demo/hook/cmake_prefix_path.ps1'
[2.206s] INFO:colcon.colcon_core.shell:Creating environment descriptor '/home/qep/WorkSpace/RM2025/ROS2tutorial/ros_ws/install/callback_demo/share/callback_demo/hook/cmake_prefix_path.dsv'
[2.207s] INFO:colcon.colcon_core.shell:Creating environment hook '/home/qep/WorkSpace/RM2025/ROS2tutorial/ros_ws/install/callback_demo/share/callback_demo/hook/cmake_prefix_path.sh'
[2.208s] Level 1:colcon.colcon_core.environment:checking '/home/qep/WorkSpace/RM2025/ROS2tutorial/ros_ws/install/callback_demo/lib'
[2.208s] Level 1:colcon.colcon_core.environment:checking '/home/qep/WorkSpace/RM2025/ROS2tutorial/ros_ws/install/callback_demo/bin'
[2.208s] Level 1:colcon.colcon_core.environment:checking '/home/qep/WorkSpace/RM2025/ROS2tutorial/ros_ws/install/callback_demo/lib/pkgconfig/callback_demo.pc'
[2.208s] Level 1:colcon.colcon_core.environment:checking '/home/qep/WorkSpace/RM2025/ROS2tutorial/ros_ws/install/callback_demo/lib/python3.10/site-packages'
[2.209s] Level 1:colcon.colcon_core.environment:checking '/home/qep/WorkSpace/RM2025/ROS2tutorial/ros_ws/install/callback_demo/bin'
[2.209s] INFO:colcon.colcon_core.shell:Creating package script '/home/qep/WorkSpace/RM2025/ROS2tutorial/ros_ws/install/callback_demo/share/callback_demo/package.ps1'
[2.210s] INFO:colcon.colcon_core.shell:Creating package descriptor '/home/qep/WorkSpace/RM2025/ROS2tutorial/ros_ws/install/callback_demo/share/callback_demo/package.dsv'
[2.210s] INFO:colcon.colcon_core.shell:Creating package script '/home/qep/WorkSpace/RM2025/ROS2tutorial/ros_ws/install/callback_demo/share/callback_demo/package.sh'
[2.211s] INFO:colcon.colcon_core.shell:Creating package script '/home/qep/WorkSpace/RM2025/ROS2tutorial/ros_ws/install/callback_demo/share/callback_demo/package.bash'
[2.211s] INFO:colcon.colcon_core.shell:Creating package script '/home/qep/WorkSpace/RM2025/ROS2tutorial/ros_ws/install/callback_demo/share/callback_demo/package.zsh'
[2.212s] Level 1:colcon.colcon_core.environment:create_file_with_runtime_dependencies(/home/qep/WorkSpace/RM2025/ROS2tutorial/ros_ws/install/callback_demo/share/colcon-core/packages/callback_demo)
[2.237s] Level 1:colcon.colcon_core.environment:create_environment_scripts_only(callback_demo)
[2.237s] Level 1:colcon.colcon_core.environment:checking '/home/qep/WorkSpace/RM2025/ROS2tutorial/ros_ws/install/callback_demo' for CMake module files
[2.237s] Level 1:colcon.colcon_core.environment:checking '/home/qep/WorkSpace/RM2025/ROS2tutorial/ros_ws/install/callback_demo' for CMake config files
[2.238s] Level 1:colcon.colcon_core.shell:create_environment_hook('callback_demo', 'cmake_prefix_path')
[2.238s] INFO:colcon.colcon_core.shell:Creating environment hook '/home/qep/WorkSpace/RM2025/ROS2tutorial/ros_ws/install/callback_demo/share/callback_demo/hook/cmake_prefix_path.ps1'
[2.238s] INFO:colcon.colcon_core.shell:Creating environment descriptor '/home/qep/WorkSpace/RM2025/ROS2tutorial/ros_ws/install/callback_demo/share/callback_demo/hook/cmake_prefix_path.dsv'
[2.239s] INFO:colcon.colcon_core.shell:Creating environment hook '/home/qep/WorkSpace/RM2025/ROS2tutorial/ros_ws/install/callback_demo/share/callback_demo/hook/cmake_prefix_path.sh'
[2.240s] Level 1:colcon.colcon_core.environment:checking '/home/qep/WorkSpace/RM2025/ROS2tutorial/ros_ws/install/callback_demo/lib'
[2.240s] Level 1:colcon.colcon_core.environment:checking '/home/qep/WorkSpace/RM2025/ROS2tutorial/ros_ws/install/callback_demo/bin'
[2.240s] Level 1:colcon.colcon_core.environment:checking '/home/qep/WorkSpace/RM2025/ROS2tutorial/ros_ws/install/callback_demo/lib/pkgconfig/callback_demo.pc'
[2.240s] Level 1:colcon.colcon_core.environment:checking '/home/qep/WorkSpace/RM2025/ROS2tutorial/ros_ws/install/callback_demo/lib/python3.10/site-packages'
[2.240s] Level 1:colcon.colcon_core.environment:checking '/home/qep/WorkSpace/RM2025/ROS2tutorial/ros_ws/install/callback_demo/bin'
[2.241s] INFO:colcon.colcon_core.shell:Creating package script '/home/qep/WorkSpace/RM2025/ROS2tutorial/ros_ws/install/callback_demo/share/callback_demo/package.ps1'
[2.242s] INFO:colcon.colcon_core.shell:Creating package descriptor '/home/qep/WorkSpace/RM2025/ROS2tutorial/ros_ws/install/callback_demo/share/callback_demo/package.dsv'
[2.242s] INFO:colcon.colcon_core.shell:Creating package script '/home/qep/WorkSpace/RM2025/ROS2tutorial/ros_ws/install/callback_demo/share/callback_demo/package.sh'
[2.243s] INFO:colcon.colcon_core.shell:Creating package script '/home/qep/WorkSpace/RM2025/ROS2tutorial/ros_ws/install/callback_demo/share/callback_demo/package.bash'
[2.243s] INFO:colcon.colcon_core.shell:Creating package script '/home/qep/WorkSpace/RM2025/ROS2tutorial/ros_ws/install/callback_demo/share/callback_demo/package.zsh'
[2.244s] Level 1:colcon.colcon_core.environment:create_file_with_runtime_dependencies(/home/qep/WorkSpace/RM2025/ROS2tutorial/ros_ws/install/callback_demo/share/colcon-core/packages/callback_demo)
[2.244s] DEBUG:colcon.colcon_parallel_executor.executor.parallel:closing loop
[2.244s] DEBUG:colcon.colcon_parallel_executor.executor.parallel:loop closed
[2.244s] DEBUG:colcon.colcon_parallel_executor.executor.parallel:run_until_complete finished with '0'
[2.244s] DEBUG:colcon.colcon_core.event_reactor:joining thread
[2.252s] INFO:colcon.colcon_core.plugin_system:Skipping extension 'colcon_notification.desktop_notification.terminal_notifier': Not used on non-Darwin systems
[2.252s] INFO:colcon.colcon_core.plugin_system:Skipping extension 'colcon_notification.desktop_notification.win32': Not used on non-Windows systems
[2.252s] INFO:colcon.colcon_notification.desktop_notification:Sending desktop notification using 'notify2'
[2.270s] DEBUG:colcon.colcon_core.event_reactor:joined thread
[2.271s] INFO:colcon.colcon_core.shell:Creating prefix script '/home/qep/WorkSpace/RM2025/ROS2tutorial/ros_ws/install/local_setup.ps1'
[2.272s] INFO:colcon.colcon_core.shell:Creating prefix util module '/home/qep/WorkSpace/RM2025/ROS2tutorial/ros_ws/install/_local_setup_util_ps1.py'
[2.273s] INFO:colcon.colcon_core.shell:Creating prefix chain script '/home/qep/WorkSpace/RM2025/ROS2tutorial/ros_ws/install/setup.ps1'
[2.274s] INFO:colcon.colcon_core.shell:Creating prefix script '/home/qep/WorkSpace/RM2025/ROS2tutorial/ros_ws/install/local_setup.sh'
[2.275s] INFO:colcon.colcon_core.shell:Creating prefix util module '/home/qep/WorkSpace/RM2025/ROS2tutorial/ros_ws/install/_local_setup_util_sh.py'
[2.276s] INFO:colcon.colcon_core.shell:Creating prefix chain script '/home/qep/WorkSpace/RM2025/ROS2tutorial/ros_ws/install/setup.sh'
[2.277s] INFO:colcon.colcon_core.shell:Creating prefix script '/home/qep/WorkSpace/RM2025/ROS2tutorial/ros_ws/install/local_setup.bash'
[2.278s] INFO:colcon.colcon_core.shell:Creating prefix chain script '/home/qep/WorkSpace/RM2025/ROS2tutorial/ros_ws/install/setup.bash'
[2.279s] INFO:colcon.colcon_core.shell:Creating prefix script '/home/qep/WorkSpace/RM2025/ROS2tutorial/ros_ws/install/local_setup.zsh'
[2.280s] INFO:colcon.colcon_core.shell:Creating prefix chain script '/home/qep/WorkSpace/RM2025/ROS2tutorial/ros_ws/install/setup.zsh'
