-- Found ament_cmake: 1.3.10 (/opt/ros/humble/share/ament_cmake/cmake)
-- Override CMake install command with custom implementation using symlinks instead of copying resources
-- Found rclcpp: 16.0.10 (/opt/ros/humble/share/rclcpp/cmake)
-- Found rosidl_generator_c: 3.1.5 (/opt/ros/humble/share/rosidl_generator_c/cmake)
-- Found rosidl_adapter: 3.1.5 (/opt/ros/humble/share/rosidl_adapter/cmake)
-- Found rosidl_generator_cpp: 3.1.5 (/opt/ros/humble/share/rosidl_generator_cpp/cmake)
-- Using all available rosidl_typesupport_c: rosidl_typesupport_fastrtps_c;rosidl_typesupport_introspection_c
-- Using all available rosidl_typesupport_cpp: rosidl_typesupport_fastrtps_cpp;rosidl_typesupport_introspection_cpp
-- Found rmw_implementation_cmake: 6.1.2 (/opt/ros/humble/share/rmw_implementation_cmake/cmake)
-- Found rmw_fastrtps_cpp: 6.2.7 (/opt/ros/humble/share/rmw_fastrtps_cpp/cmake)
-- Using RMW implementation 'rmw_fastrtps_cpp' as default
-- Found tf2_ros: 0.25.8 (/opt/ros/humble/share/tf2_ros/cmake)
-- Found ament_lint_auto: 0.12.11 (/opt/ros/humble/share/ament_lint_auto/cmake)
-- Added test 'cppcheck' to perform static code analysis on C / C++ code
-- Configured cppcheck include dirs: 
-- Configured cppcheck exclude dirs and/or files: 
-- Added test 'lint_cmake' to check CMake code style
-- Added test 'uncrustify' to check C / C++ code style
-- Configured uncrustify additional arguments: 
-- Added test 'xmllint' to check XML markup files
-- Configuring done
-- Generating done
-- Build files have been written to: /home/qep/WorkSpace/RM2025/ROS2tutorial/ros_ws/build/tf_demo
[ 25%] [32mBuilding CXX object CMakeFiles/pub_tf.dir/src/pub_tf.cpp.o[0m
[ 50%] [32mBuilding CXX object CMakeFiles/sub_tf.dir/src/sub_tf.cpp.o[0m
[ 75%] [32m[1mLinking CXX executable sub_tf[0m
[ 75%] Built target sub_tf
[100%] [32m[1mLinking CXX executable pub_tf[0m
[100%] Built target pub_tf
-- Install configuration: ""
-- Execute custom install script
-- Symlinking: /home/qep/WorkSpace/RM2025/ROS2tutorial/ros_ws/install/tf_demo/lib/tf_demo/pub_tf
-- Symlinking: /home/qep/WorkSpace/RM2025/ROS2tutorial/ros_ws/install/tf_demo/lib/tf_demo/sub_tf
-- Symlinking: /home/qep/WorkSpace/RM2025/ROS2tutorial/ros_ws/install/tf_demo/share/ament_index/resource_index/package_run_dependencies/tf_demo
-- Symlinking: /home/qep/WorkSpace/RM2025/ROS2tutorial/ros_ws/install/tf_demo/share/ament_index/resource_index/parent_prefix_path/tf_demo
-- Symlinking: /home/qep/WorkSpace/RM2025/ROS2tutorial/ros_ws/install/tf_demo/share/tf_demo/environment/ament_prefix_path.sh
-- Symlinking: /home/qep/WorkSpace/RM2025/ROS2tutorial/ros_ws/install/tf_demo/share/tf_demo/environment/ament_prefix_path.dsv
-- Symlinking: /home/qep/WorkSpace/RM2025/ROS2tutorial/ros_ws/install/tf_demo/share/tf_demo/environment/path.sh
-- Symlinking: /home/qep/WorkSpace/RM2025/ROS2tutorial/ros_ws/install/tf_demo/share/tf_demo/environment/path.dsv
-- Symlinking: /home/qep/WorkSpace/RM2025/ROS2tutorial/ros_ws/install/tf_demo/share/tf_demo/local_setup.bash
-- Symlinking: /home/qep/WorkSpace/RM2025/ROS2tutorial/ros_ws/install/tf_demo/share/tf_demo/local_setup.sh
-- Symlinking: /home/qep/WorkSpace/RM2025/ROS2tutorial/ros_ws/install/tf_demo/share/tf_demo/local_setup.zsh
-- Symlinking: /home/qep/WorkSpace/RM2025/ROS2tutorial/ros_ws/install/tf_demo/share/tf_demo/local_setup.dsv
-- Symlinking: /home/qep/WorkSpace/RM2025/ROS2tutorial/ros_ws/install/tf_demo/share/tf_demo/package.dsv
-- Symlinking: /home/qep/WorkSpace/RM2025/ROS2tutorial/ros_ws/install/tf_demo/share/ament_index/resource_index/packages/tf_demo
-- Symlinking: /home/qep/WorkSpace/RM2025/ROS2tutorial/ros_ws/install/tf_demo/share/tf_demo/cmake/tf_demoConfig.cmake
-- Symlinking: /home/qep/WorkSpace/RM2025/ROS2tutorial/ros_ws/install/tf_demo/share/tf_demo/cmake/tf_demoConfig-version.cmake
-- Symlinking: /home/qep/WorkSpace/RM2025/ROS2tutorial/ros_ws/install/tf_demo/share/tf_demo/package.xml
