[0.008s] Invoking command in '/home/qep/WorkSpace/RM2025/ROS2tutorial/ros_ws/build/tf_demo': CMAKE_PREFIX_PATH=/opt/ros/humble /usr/bin/cmake --build /home/qep/WorkSpace/RM2025/ROS2tutorial/ros_ws/build/tf_demo -- -j20 -l20
[0.035s] -- Found ament_cmake: 1.3.10 (/opt/ros/humble/share/ament_cmake/cmake)
[0.129s] -- Override CMake install command with custom implementation using symlinks instead of copying resources
[0.133s] -- Found rclcpp: 16.0.10 (/opt/ros/humble/share/rclcpp/cmake)
[0.153s] -- Found rosidl_generator_c: 3.1.5 (/opt/ros/humble/share/rosidl_generator_c/cmake)
[0.155s] -- Found rosidl_adapter: 3.1.5 (/opt/ros/humble/share/rosidl_adapter/cmake)
[0.159s] -- Found rosidl_generator_cpp: 3.1.5 (/opt/ros/humble/share/rosidl_generator_cpp/cmake)
[0.165s] -- Using all available rosidl_typesupport_c: rosidl_typesupport_fastrtps_c;rosidl_typesupport_introspection_c
[0.173s] -- Using all available rosidl_typesupport_cpp: rosidl_typesupport_fastrtps_cpp;rosidl_typesupport_introspection_cpp
[0.193s] -- Found rmw_implementation_cmake: 6.1.2 (/opt/ros/humble/share/rmw_implementation_cmake/cmake)
[0.194s] -- Found rmw_fastrtps_cpp: 6.2.7 (/opt/ros/humble/share/rmw_fastrtps_cpp/cmake)
[0.270s] -- Using RMW implementation 'rmw_fastrtps_cpp' as default
[0.312s] -- Found tf2_ros: 0.25.8 (/opt/ros/humble/share/tf2_ros/cmake)
[0.400s] -- Found ament_lint_auto: 0.12.11 (/opt/ros/humble/share/ament_lint_auto/cmake)
[0.448s] -- Added test 'cppcheck' to perform static code analysis on C / C++ code
[0.449s] -- Configured cppcheck include dirs: 
[0.449s] -- Configured cppcheck exclude dirs and/or files: 
[0.449s] -- Added test 'lint_cmake' to check CMake code style
[0.449s] -- Added test 'uncrustify' to check C / C++ code style
[0.449s] -- Configured uncrustify additional arguments: 
[0.449s] -- Added test 'xmllint' to check XML markup files
[0.450s] -- Configuring done
[0.460s] -- Generating done
[0.461s] -- Build files have been written to: /home/qep/WorkSpace/RM2025/ROS2tutorial/ros_ws/build/tf_demo
[0.497s] [ 25%] [32mBuilding CXX object CMakeFiles/pub_tf.dir/src/pub_tf.cpp.o[0m
[0.498s] [ 50%] [32mBuilding CXX object CMakeFiles/sub_tf.dir/src/sub_tf.cpp.o[0m
[2.493s] [ 75%] [32m[1mLinking CXX executable sub_tf[0m
[2.590s] [ 75%] Built target sub_tf
[2.991s] [100%] [32m[1mLinking CXX executable pub_tf[0m
[3.128s] [100%] Built target pub_tf
[3.139s] Invoked command in '/home/qep/WorkSpace/RM2025/ROS2tutorial/ros_ws/build/tf_demo' returned '0': CMAKE_PREFIX_PATH=/opt/ros/humble /usr/bin/cmake --build /home/qep/WorkSpace/RM2025/ROS2tutorial/ros_ws/build/tf_demo -- -j20 -l20
[3.186s] Invoking command in '/home/qep/WorkSpace/RM2025/ROS2tutorial/ros_ws/build/tf_demo': CMAKE_PREFIX_PATH=/opt/ros/humble /usr/bin/cmake --install /home/qep/WorkSpace/RM2025/ROS2tutorial/ros_ws/build/tf_demo
[3.194s] -- Install configuration: ""
[3.195s] -- Execute custom install script
[3.195s] -- Symlinking: /home/qep/WorkSpace/RM2025/ROS2tutorial/ros_ws/install/tf_demo/lib/tf_demo/pub_tf
[3.204s] -- Symlinking: /home/qep/WorkSpace/RM2025/ROS2tutorial/ros_ws/install/tf_demo/lib/tf_demo/sub_tf
[3.213s] -- Symlinking: /home/qep/WorkSpace/RM2025/ROS2tutorial/ros_ws/install/tf_demo/share/ament_index/resource_index/package_run_dependencies/tf_demo
[3.225s] -- Symlinking: /home/qep/WorkSpace/RM2025/ROS2tutorial/ros_ws/install/tf_demo/share/ament_index/resource_index/parent_prefix_path/tf_demo
[3.234s] -- Symlinking: /home/qep/WorkSpace/RM2025/ROS2tutorial/ros_ws/install/tf_demo/share/tf_demo/environment/ament_prefix_path.sh
[3.245s] -- Symlinking: /home/qep/WorkSpace/RM2025/ROS2tutorial/ros_ws/install/tf_demo/share/tf_demo/environment/ament_prefix_path.dsv
[3.257s] -- Symlinking: /home/qep/WorkSpace/RM2025/ROS2tutorial/ros_ws/install/tf_demo/share/tf_demo/environment/path.sh
[3.266s] -- Symlinking: /home/qep/WorkSpace/RM2025/ROS2tutorial/ros_ws/install/tf_demo/share/tf_demo/environment/path.dsv
[3.276s] -- Symlinking: /home/qep/WorkSpace/RM2025/ROS2tutorial/ros_ws/install/tf_demo/share/tf_demo/local_setup.bash
[3.285s] -- Symlinking: /home/qep/WorkSpace/RM2025/ROS2tutorial/ros_ws/install/tf_demo/share/tf_demo/local_setup.sh
[3.295s] -- Symlinking: /home/qep/WorkSpace/RM2025/ROS2tutorial/ros_ws/install/tf_demo/share/tf_demo/local_setup.zsh
[3.305s] -- Symlinking: /home/qep/WorkSpace/RM2025/ROS2tutorial/ros_ws/install/tf_demo/share/tf_demo/local_setup.dsv
[3.314s] -- Symlinking: /home/qep/WorkSpace/RM2025/ROS2tutorial/ros_ws/install/tf_demo/share/tf_demo/package.dsv
[3.325s] -- Symlinking: /home/qep/WorkSpace/RM2025/ROS2tutorial/ros_ws/install/tf_demo/share/ament_index/resource_index/packages/tf_demo
[3.337s] -- Symlinking: /home/qep/WorkSpace/RM2025/ROS2tutorial/ros_ws/install/tf_demo/share/tf_demo/cmake/tf_demoConfig.cmake
[3.350s] -- Symlinking: /home/qep/WorkSpace/RM2025/ROS2tutorial/ros_ws/install/tf_demo/share/tf_demo/cmake/tf_demoConfig-version.cmake
[3.359s] -- Symlinking: /home/qep/WorkSpace/RM2025/ROS2tutorial/ros_ws/install/tf_demo/share/tf_demo/package.xml
[3.370s] Invoked command in '/home/qep/WorkSpace/RM2025/ROS2tutorial/ros_ws/build/tf_demo' returned '0': CMAKE_PREFIX_PATH=/opt/ros/humble /usr/bin/cmake --install /home/qep/WorkSpace/RM2025/ROS2tutorial/ros_ws/build/tf_demo
