[35m[1mConsolidate compiler generated dependencies of target rviz_demo[0m
[ 50%] [32mBuilding CXX object CMakeFiles/rviz_demo.dir/src/main.cpp.o[0m
[100%] [32m[1mLinking CXX executable rviz_demo[0m
[100%] Built target rviz_demo
-- Install configuration: ""
-- Execute custom install script
-- Up-to-date symlink: /home/qep/WorkSpace/RM2025/ROS2tutorial/ros_ws/install/rviz_demo/lib/rviz_demo/rviz_demo
-- Up-to-date symlink: /home/qep/WorkSpace/RM2025/ROS2tutorial/ros_ws/install/rviz_demo/share/ament_index/resource_index/package_run_dependencies/rviz_demo
-- Up-to-date symlink: /home/qep/WorkSpace/RM2025/ROS2tutorial/ros_ws/install/rviz_demo/share/ament_index/resource_index/parent_prefix_path/rviz_demo
-- Up-to-date symlink: /home/qep/WorkSpace/RM2025/ROS2tutorial/ros_ws/install/rviz_demo/share/rviz_demo/environment/ament_prefix_path.sh
-- Up-to-date symlink: /home/qep/WorkSpace/RM2025/ROS2tutorial/ros_ws/install/rviz_demo/share/rviz_demo/environment/ament_prefix_path.dsv
-- Up-to-date symlink: /home/qep/WorkSpace/RM2025/ROS2tutorial/ros_ws/install/rviz_demo/share/rviz_demo/environment/path.sh
-- Up-to-date symlink: /home/qep/WorkSpace/RM2025/ROS2tutorial/ros_ws/install/rviz_demo/share/rviz_demo/environment/path.dsv
-- Up-to-date symlink: /home/qep/WorkSpace/RM2025/ROS2tutorial/ros_ws/install/rviz_demo/share/rviz_demo/local_setup.bash
-- Up-to-date symlink: /home/qep/WorkSpace/RM2025/ROS2tutorial/ros_ws/install/rviz_demo/share/rviz_demo/local_setup.sh
-- Up-to-date symlink: /home/qep/WorkSpace/RM2025/ROS2tutorial/ros_ws/install/rviz_demo/share/rviz_demo/local_setup.zsh
-- Up-to-date symlink: /home/qep/WorkSpace/RM2025/ROS2tutorial/ros_ws/install/rviz_demo/share/rviz_demo/local_setup.dsv
-- Symlinking: /home/qep/WorkSpace/RM2025/ROS2tutorial/ros_ws/install/rviz_demo/share/rviz_demo/package.dsv
-- Up-to-date symlink: /home/qep/WorkSpace/RM2025/ROS2tutorial/ros_ws/install/rviz_demo/share/ament_index/resource_index/packages/rviz_demo
-- Up-to-date symlink: /home/qep/WorkSpace/RM2025/ROS2tutorial/ros_ws/install/rviz_demo/share/rviz_demo/cmake/rviz_demoConfig.cmake
-- Up-to-date symlink: /home/qep/WorkSpace/RM2025/ROS2tutorial/ros_ws/install/rviz_demo/share/rviz_demo/cmake/rviz_demoConfig-version.cmake
-- Up-to-date symlink: /home/qep/WorkSpace/RM2025/ROS2tutorial/ros_ws/install/rviz_demo/share/rviz_demo/package.xml
