[0.008s] Invoking command in '/home/qep/WorkSpace/RM2025/ROS2tutorial/ros_ws/build/rviz_demo': CMAKE_PREFIX_PATH=${CMAKE_PREFIX_PATH}:/opt/ros/humble /usr/bin/cmake --build /home/qep/WorkSpace/RM2025/ROS2tutorial/ros_ws/build/rviz_demo -- -j20 -l20
[0.056s] [35m[1mConsolidate compiler generated dependencies of target rviz_demo[0m
[0.078s] [ 50%] [32mBuilding CXX object CMakeFiles/rviz_demo.dir/src/main.cpp.o[0m
[2.815s] [100%] [32m[1mLinking CXX executable rviz_demo[0m
[2.959s] [100%] Built target rviz_demo
[2.970s] Invoked command in '/home/qep/WorkSpace/RM2025/ROS2tutorial/ros_ws/build/rviz_demo' returned '0': CMAKE_PREFIX_PATH=${CMAKE_PREFIX_PATH}:/opt/ros/humble /usr/bin/cmake --build /home/qep/WorkSpace/RM2025/ROS2tutorial/ros_ws/build/rviz_demo -- -j20 -l20
[3.011s] Invoking command in '/home/qep/WorkSpace/RM2025/ROS2tutorial/ros_ws/build/rviz_demo': CMAKE_PREFIX_PATH=${CMAKE_PREFIX_PATH}:/opt/ros/humble /usr/bin/cmake --install /home/qep/WorkSpace/RM2025/ROS2tutorial/ros_ws/build/rviz_demo
[3.020s] -- Install configuration: ""
[3.021s] -- Execute custom install script
[3.021s] -- Up-to-date symlink: /home/qep/WorkSpace/RM2025/ROS2tutorial/ros_ws/install/rviz_demo/lib/rviz_demo/rviz_demo
[3.021s] -- Up-to-date symlink: /home/qep/WorkSpace/RM2025/ROS2tutorial/ros_ws/install/rviz_demo/share/ament_index/resource_index/package_run_dependencies/rviz_demo
[3.021s] -- Up-to-date symlink: /home/qep/WorkSpace/RM2025/ROS2tutorial/ros_ws/install/rviz_demo/share/ament_index/resource_index/parent_prefix_path/rviz_demo
[3.022s] -- Up-to-date symlink: /home/qep/WorkSpace/RM2025/ROS2tutorial/ros_ws/install/rviz_demo/share/rviz_demo/environment/ament_prefix_path.sh
[3.022s] -- Up-to-date symlink: /home/qep/WorkSpace/RM2025/ROS2tutorial/ros_ws/install/rviz_demo/share/rviz_demo/environment/ament_prefix_path.dsv
[3.022s] -- Up-to-date symlink: /home/qep/WorkSpace/RM2025/ROS2tutorial/ros_ws/install/rviz_demo/share/rviz_demo/environment/path.sh
[3.022s] -- Up-to-date symlink: /home/qep/WorkSpace/RM2025/ROS2tutorial/ros_ws/install/rviz_demo/share/rviz_demo/environment/path.dsv
[3.022s] -- Up-to-date symlink: /home/qep/WorkSpace/RM2025/ROS2tutorial/ros_ws/install/rviz_demo/share/rviz_demo/local_setup.bash
[3.023s] -- Up-to-date symlink: /home/qep/WorkSpace/RM2025/ROS2tutorial/ros_ws/install/rviz_demo/share/rviz_demo/local_setup.sh
[3.023s] -- Up-to-date symlink: /home/qep/WorkSpace/RM2025/ROS2tutorial/ros_ws/install/rviz_demo/share/rviz_demo/local_setup.zsh
[3.023s] -- Up-to-date symlink: /home/qep/WorkSpace/RM2025/ROS2tutorial/ros_ws/install/rviz_demo/share/rviz_demo/local_setup.dsv
[3.023s] -- Symlinking: /home/qep/WorkSpace/RM2025/ROS2tutorial/ros_ws/install/rviz_demo/share/rviz_demo/package.dsv
[3.037s] -- Up-to-date symlink: /home/qep/WorkSpace/RM2025/ROS2tutorial/ros_ws/install/rviz_demo/share/ament_index/resource_index/packages/rviz_demo
[3.037s] -- Up-to-date symlink: /home/qep/WorkSpace/RM2025/ROS2tutorial/ros_ws/install/rviz_demo/share/rviz_demo/cmake/rviz_demoConfig.cmake
[3.038s] -- Up-to-date symlink: /home/qep/WorkSpace/RM2025/ROS2tutorial/ros_ws/install/rviz_demo/share/rviz_demo/cmake/rviz_demoConfig-version.cmake
[3.038s] -- Up-to-date symlink: /home/qep/WorkSpace/RM2025/ROS2tutorial/ros_ws/install/rviz_demo/share/rviz_demo/package.xml
[3.040s] Invoked command in '/home/qep/WorkSpace/RM2025/ROS2tutorial/ros_ws/build/rviz_demo' returned '0': CMAKE_PREFIX_PATH=${CMAKE_PREFIX_PATH}:/opt/ros/humble /usr/bin/cmake --install /home/qep/WorkSpace/RM2025/ROS2tutorial/ros_ws/build/rviz_demo
