[  3%] Built target self_interface__cpp
[ 12%] Built target self_interface__rosidl_generator_c
[ 15%] [32mBuilding CXX object CMakeFiles/robot_publisher.dir/src/main.cpp.o[0m
[ 15%] Built target ament_cmake_python_symlink_self_interface
[ 24%] Built target self_interface__rosidl_typesupport_introspection_c
[ 36%] Built target self_interface__rosidl_typesupport_c
[ 42%] Built target self_interface__rosidl_typesupport_fastrtps_cpp
[ 51%] Built target self_interface__rosidl_typesupport_cpp
[ 60%] Built target self_interface__rosidl_typesupport_fastrtps_c
[ 69%] Built target self_interface__rosidl_typesupport_introspection_cpp
[ 69%] Built target self_interface
[ 72%] [34m[1mGenerating Python code for ROS interfaces[0m
running egg_info
writing self_interface.egg-info/PKG-INFO
writing dependency_links to self_interface.egg-info/dependency_links.txt
writing top-level names to self_interface.egg-info/top_level.txt
reading manifest file 'self_interface.egg-info/SOURCES.txt'
writing manifest file 'self_interface.egg-info/SOURCES.txt'
[ 72%] Built target ament_cmake_python_build_self_interface_egg
[ 72%] Built target self_interface__py
