[0.014s] Invoking command in '/home/qep/WorkSpace/RM2025/ROS2tutorial/ros_ws/build/my_interface': CMAKE_PREFIX_PATH=${CMAKE_PREFIX_PATH}:/opt/ros/humble /usr/bin/cmake /home/qep/WorkSpace/RM2025/ROS2tutorial/ros_ws/src/my_interface -DAMENT_CMAKE_SYMLINK_INSTALL=1 -DCMAKE_INSTALL_PREFIX=/home/qep/WorkSpace/RM2025/ROS2tutorial/ros_ws/install/my_interface
[0.062s] -- The C compiler identification is GNU 11.4.0
[0.103s] -- The CXX compiler identification is GNU 11.4.0
[0.108s] -- Detecting C compiler ABI info
[0.169s] -- Detecting C compiler ABI info - done
[0.175s] -- Check for working C compiler: /usr/bin/cc - skipped
[0.175s] -- Detecting C compile features
[0.175s] -- Detecting C compile features - done
[0.177s] -- Detecting CXX compiler ABI info
[0.242s] -- Detecting CXX compiler ABI info - done
[0.248s] -- Check for working CXX compiler: /usr/bin/c++ - skipped
[0.248s] -- Detecting CXX compile features
[0.249s] -- Detecting CXX compile features - done
[0.250s] -- Found ament_cmake: 1.3.10 (/opt/ros/humble/share/ament_cmake/cmake)
[0.362s] -- Found Python3: /usr/bin/python3 (found version "3.10.12") found components: Interpreter 
[0.406s] -- Override CMake install command with custom implementation using symlinks instead of copying resources
[0.437s] -- Found rosidl_default_generators: 1.2.0 (/opt/ros/humble/share/rosidl_default_generators/cmake)
[0.440s] -- Using all available rosidl_typesupport_c: rosidl_typesupport_fastrtps_c;rosidl_typesupport_introspection_c
[0.446s] -- Found rosidl_adapter: 3.1.5 (/opt/ros/humble/share/rosidl_adapter/cmake)
[0.476s] -- Using all available rosidl_typesupport_cpp: rosidl_typesupport_fastrtps_cpp;rosidl_typesupport_introspection_cpp
[0.495s] -- Found rclcpp: 16.0.10 (/opt/ros/humble/share/rclcpp/cmake)
[0.524s] -- Found rmw_implementation_cmake: 6.1.2 (/opt/ros/humble/share/rmw_implementation_cmake/cmake)
[0.526s] -- Found rmw_fastrtps_cpp: 6.2.7 (/opt/ros/humble/share/rmw_fastrtps_cpp/cmake)
[0.597s] -- Found OpenSSL: /usr/lib/x86_64-linux-gnu/libcrypto.so (found version "3.0.2")  
[0.622s] -- Found FastRTPS: /opt/ros/humble/include  
[0.669s] -- Using RMW implementation 'rmw_fastrtps_cpp' as default
[0.677s] -- Looking for pthread.h
[0.746s] -- Looking for pthread.h - found
[0.746s] -- Performing Test CMAKE_HAVE_LIBC_PTHREAD
[0.799s] -- Performing Test CMAKE_HAVE_LIBC_PTHREAD - Success
[0.800s] -- Found Threads: TRUE  
[0.832s] -- Found geometry_msgs: 4.2.4 (/opt/ros/humble/share/geometry_msgs/cmake)
[1.034s] -- Found ament_cmake_ros: 0.10.0 (/opt/ros/humble/share/ament_cmake_ros/cmake)
[1.246s] -- Using all available rosidl_typesupport_c: rosidl_typesupport_fastrtps_c;rosidl_typesupport_introspection_c
[1.549s] -- Using all available rosidl_typesupport_cpp: rosidl_typesupport_fastrtps_cpp;rosidl_typesupport_introspection_cpp
[1.577s] -- Found PythonInterp: /usr/bin/python3 (found suitable version "3.10.12", minimum required is "3.6") 
[1.578s] -- Found python_cmake_module: 0.10.0 (/opt/ros/humble/share/python_cmake_module/cmake)
[1.596s] -- Found PythonLibs: /usr/lib/x86_64-linux-gnu/libpython3.10.so (found suitable version "3.10.12", minimum required is "3.5") 
[1.596s] -- Using PYTHON_EXECUTABLE: /usr/bin/python3
[1.596s] -- Using PYTHON_INCLUDE_DIRS: /usr/include/python3.10
[1.596s] -- Using PYTHON_LIBRARIES: /usr/lib/x86_64-linux-gnu/libpython3.10.so
[1.618s] -- Found PythonExtra: .so  
[1.659s] -- Found ament_lint_auto: 0.12.11 (/opt/ros/humble/share/ament_lint_auto/cmake)
[1.669s] -- Added test 'lint_cmake' to check CMake code style
[1.670s] -- Added test 'xmllint' to check XML markup files
[1.672s] -- Configuring done
[1.692s] -- Generating done
[1.694s] -- Build files have been written to: /home/qep/WorkSpace/RM2025/ROS2tutorial/ros_ws/build/my_interface
[1.702s] Invoked command in '/home/qep/WorkSpace/RM2025/ROS2tutorial/ros_ws/build/my_interface' returned '0': CMAKE_PREFIX_PATH=${CMAKE_PREFIX_PATH}:/opt/ros/humble /usr/bin/cmake /home/qep/WorkSpace/RM2025/ROS2tutorial/ros_ws/src/my_interface -DAMENT_CMAKE_SYMLINK_INSTALL=1 -DCMAKE_INSTALL_PREFIX=/home/qep/WorkSpace/RM2025/ROS2tutorial/ros_ws/install/my_interface
[1.703s] Invoking command in '/home/qep/WorkSpace/RM2025/ROS2tutorial/ros_ws/build/my_interface': CMAKE_PREFIX_PATH=${CMAKE_PREFIX_PATH}:/opt/ros/humble /usr/bin/cmake --build /home/qep/WorkSpace/RM2025/ROS2tutorial/ros_ws/build/my_interface -- -j20 -l20
[1.748s] [  3%] [34m[1mGenerating C code for ROS interfaces[0m
[1.758s] [  6%] [34m[1mGenerating C++ code for ROS interfaces[0m
[1.767s] [  6%] Built target ament_cmake_python_symlink_my_interface
[1.916s] running egg_info
[1.917s] creating my_interface.egg-info
[1.917s] writing my_interface.egg-info/PKG-INFO
[1.917s] writing dependency_links to my_interface.egg-info/dependency_links.txt
[1.917s] writing top-level names to my_interface.egg-info/top_level.txt
[1.917s] writing manifest file 'my_interface.egg-info/SOURCES.txt'
[1.918s] reading manifest file 'my_interface.egg-info/SOURCES.txt'
[1.919s] writing manifest file 'my_interface.egg-info/SOURCES.txt'
[1.931s] [  9%] [32mBuilding C object CMakeFiles/my_interface__rosidl_generator_c.dir/rosidl_generator_c/my_interface/msg/detail/robot__functions.c.o[0m
[1.940s] [  9%] Built target ament_cmake_python_build_my_interface_egg
[1.972s] [ 12%] [32m[1mLinking C shared library libmy_interface__rosidl_generator_c.so[0m
[1.991s] [ 12%] Built target my_interface__cpp
[1.998s] [ 16%] [34m[1mGenerating C++ type support dispatch for ROS interfaces[0m
[2.000s] [ 16%] Built target my_interface__rosidl_generator_c
[2.001s] [ 19%] [34m[1mGenerating C++ introspection for ROS interfaces[0m
[2.001s] [ 22%] [34m[1mGenerating C++ type support for eProsima Fast-RTPS[0m
[2.009s] [ 25%] [34m[1mGenerating C type support for eProsima Fast-RTPS[0m
[2.009s] [ 29%] [34m[1mGenerating C introspection for ROS interfaces[0m
[2.010s] [ 32%] [34m[1mGenerating C type support dispatch for ROS interfaces[0m
[2.170s] [ 35%] [32mBuilding CXX object CMakeFiles/my_interface__rosidl_typesupport_fastrtps_cpp.dir/rosidl_typesupport_fastrtps_cpp/my_interface/msg/detail/dds_fastrtps/robot__type_support.cpp.o[0m
[2.172s] [ 38%] [32mBuilding CXX object CMakeFiles/my_interface__rosidl_typesupport_c.dir/rosidl_typesupport_c/my_interface/msg/robot__type_support.cpp.o[0m
[2.194s] [ 41%] [32mBuilding CXX object CMakeFiles/my_interface__rosidl_typesupport_fastrtps_c.dir/rosidl_typesupport_fastrtps_c/my_interface/msg/detail/robot__type_support_c.cpp.o[0m
[2.200s] [ 45%] [32m[1mLinking CXX shared library libmy_interface__rosidl_typesupport_c.so[0m
[2.236s] [ 45%] Built target my_interface__rosidl_typesupport_c
[2.250s] [ 48%] [32mBuilding CXX object CMakeFiles/my_interface__rosidl_typesupport_cpp.dir/rosidl_typesupport_cpp/my_interface/msg/robot__type_support.cpp.o[0m
[2.257s] [ 51%] [32mBuilding CXX object CMakeFiles/my_interface__rosidl_typesupport_introspection_cpp.dir/rosidl_typesupport_introspection_cpp/my_interface/msg/detail/robot__type_support.cpp.o[0m
[2.301s] [ 54%] [32mBuilding C object CMakeFiles/my_interface__rosidl_typesupport_introspection_c.dir/rosidl_typesupport_introspection_c/my_interface/msg/detail/robot__type_support.c.o[0m
[2.345s] [ 58%] [32m[1mLinking C shared library libmy_interface__rosidl_typesupport_introspection_c.so[0m
[2.371s] [ 58%] Built target my_interface__rosidl_typesupport_introspection_c
[2.405s] [ 61%] [32m[1mLinking CXX shared library libmy_interface__rosidl_typesupport_fastrtps_c.so[0m
[2.460s] [ 64%] [32m[1mLinking CXX shared library libmy_interface__rosidl_typesupport_fastrtps_cpp.so[0m
[2.467s] [ 64%] Built target my_interface__rosidl_typesupport_fastrtps_c
[2.521s] [ 64%] Built target my_interface__rosidl_typesupport_fastrtps_cpp
[2.535s] [ 67%] [32m[1mLinking CXX shared library libmy_interface__rosidl_typesupport_cpp.so[0m
[2.559s] [ 70%] [32m[1mLinking CXX shared library libmy_interface__rosidl_typesupport_introspection_cpp.so[0m
[2.564s] [ 70%] Built target my_interface__rosidl_typesupport_cpp
[2.612s] [ 70%] Built target my_interface__rosidl_typesupport_introspection_cpp
[2.634s] [ 70%] Built target my_interface
[2.656s] [ 74%] [34m[1mGenerating Python code for ROS interfaces[0m
[2.857s] [ 74%] Built target my_interface__py
[2.877s] [ 77%] [32mBuilding C object CMakeFiles/my_interface__rosidl_generator_py.dir/rosidl_generator_py/my_interface/msg/_robot_s.c.o[0m
[2.950s] [ 80%] [32m[1mLinking C shared library rosidl_generator_py/my_interface/libmy_interface__rosidl_generator_py.so[0m
[2.992s] [ 80%] Built target my_interface__rosidl_generator_py
[3.012s] [ 83%] [32mBuilding C object CMakeFiles/my_interface__rosidl_typesupport_introspection_c__pyext.dir/rosidl_generator_py/my_interface/_my_interface_s.ep.rosidl_typesupport_introspection_c.c.o[0m
[3.013s] [ 87%] [32mBuilding C object CMakeFiles/my_interface__rosidl_typesupport_c__pyext.dir/rosidl_generator_py/my_interface/_my_interface_s.ep.rosidl_typesupport_c.c.o[0m
[3.013s] [ 90%] [32mBuilding C object CMakeFiles/my_interface__rosidl_typesupport_fastrtps_c__pyext.dir/rosidl_generator_py/my_interface/_my_interface_s.ep.rosidl_typesupport_fastrtps_c.c.o[0m
[3.079s] [ 93%] [32m[1mLinking C shared library rosidl_generator_py/my_interface/my_interface_s__rosidl_typesupport_introspection_c.cpython-310-x86_64-linux-gnu.so[0m
[3.111s] [ 93%] Built target my_interface__rosidl_typesupport_introspection_c__pyext
[3.118s] [ 96%] [32m[1mLinking C shared library rosidl_generator_py/my_interface/my_interface_s__rosidl_typesupport_fastrtps_c.cpython-310-x86_64-linux-gnu.so[0m
[3.121s] [100%] [32m[1mLinking C shared library rosidl_generator_py/my_interface/my_interface_s__rosidl_typesupport_c.cpython-310-x86_64-linux-gnu.so[0m
[3.152s] [100%] Built target my_interface__rosidl_typesupport_fastrtps_c__pyext
[3.165s] [100%] Built target my_interface__rosidl_typesupport_c__pyext
[3.175s] Invoked command in '/home/qep/WorkSpace/RM2025/ROS2tutorial/ros_ws/build/my_interface' returned '0': CMAKE_PREFIX_PATH=${CMAKE_PREFIX_PATH}:/opt/ros/humble /usr/bin/cmake --build /home/qep/WorkSpace/RM2025/ROS2tutorial/ros_ws/build/my_interface -- -j20 -l20
[3.241s] Invoking command in '/home/qep/WorkSpace/RM2025/ROS2tutorial/ros_ws/build/my_interface': CMAKE_PREFIX_PATH=${CMAKE_PREFIX_PATH}:/opt/ros/humble /usr/bin/cmake --install /home/qep/WorkSpace/RM2025/ROS2tutorial/ros_ws/build/my_interface
[3.248s] -- Install configuration: ""
[3.248s] -- Execute custom install script
[3.248s] -- Symlinking: /home/qep/WorkSpace/RM2025/ROS2tutorial/ros_ws/install/my_interface/share/ament_index/resource_index/rosidl_interfaces/my_interface
[3.256s] -- Symlinking: /home/qep/WorkSpace/RM2025/ROS2tutorial/ros_ws/install/my_interface/include/my_interface/my_interface/msg/detail/robot__functions.h
[3.263s] -- Symlinking: /home/qep/WorkSpace/RM2025/ROS2tutorial/ros_ws/install/my_interface/include/my_interface/my_interface/msg/detail/robot__struct.h
[3.271s] -- Symlinking: /home/qep/WorkSpace/RM2025/ROS2tutorial/ros_ws/install/my_interface/include/my_interface/my_interface/msg/detail/robot__type_support.h
[3.281s] -- Symlinking: /home/qep/WorkSpace/RM2025/ROS2tutorial/ros_ws/install/my_interface/include/my_interface/my_interface/msg/robot.h
[3.287s] -- Symlinking: /home/qep/WorkSpace/RM2025/ROS2tutorial/ros_ws/install/my_interface/include/my_interface/my_interface/msg/rosidl_generator_c__visibility_control.h
[3.294s] -- Symlinking: /home/qep/WorkSpace/RM2025/ROS2tutorial/ros_ws/install/my_interface/share/my_interface/environment/library_path.sh
[3.303s] -- Symlinking: /home/qep/WorkSpace/RM2025/ROS2tutorial/ros_ws/install/my_interface/share/my_interface/environment/library_path.dsv
[3.309s] -- Symlinking: /home/qep/WorkSpace/RM2025/ROS2tutorial/ros_ws/install/my_interface/include/my_interface/my_interface/msg/detail/robot__rosidl_typesupport_fastrtps_c.h
[3.318s] -- Symlinking: /home/qep/WorkSpace/RM2025/ROS2tutorial/ros_ws/install/my_interface/include/my_interface/my_interface/msg/rosidl_typesupport_fastrtps_c__visibility_control.h
[3.328s] -- Symlinking: /home/qep/WorkSpace/RM2025/ROS2tutorial/ros_ws/install/my_interface/include/my_interface/my_interface/msg/detail/robot__rosidl_typesupport_introspection_c.h
[3.337s] -- Symlinking: /home/qep/WorkSpace/RM2025/ROS2tutorial/ros_ws/install/my_interface/include/my_interface/my_interface/msg/rosidl_typesupport_introspection_c__visibility_control.h
[3.344s] -- Symlinking: /home/qep/WorkSpace/RM2025/ROS2tutorial/ros_ws/install/my_interface/include/my_interface/my_interface/msg/detail/robot__builder.hpp
[3.353s] -- Symlinking: /home/qep/WorkSpace/RM2025/ROS2tutorial/ros_ws/install/my_interface/include/my_interface/my_interface/msg/detail/robot__struct.hpp
[3.362s] -- Symlinking: /home/qep/WorkSpace/RM2025/ROS2tutorial/ros_ws/install/my_interface/include/my_interface/my_interface/msg/detail/robot__traits.hpp
[3.371s] -- Symlinking: /home/qep/WorkSpace/RM2025/ROS2tutorial/ros_ws/install/my_interface/include/my_interface/my_interface/msg/robot.hpp
[3.378s] -- Symlinking: /home/qep/WorkSpace/RM2025/ROS2tutorial/ros_ws/install/my_interface/include/my_interface/my_interface/msg/detail/robot__rosidl_typesupport_fastrtps_cpp.hpp
[3.387s] -- Symlinking: /home/qep/WorkSpace/RM2025/ROS2tutorial/ros_ws/install/my_interface/include/my_interface/my_interface/msg/rosidl_typesupport_fastrtps_cpp__visibility_control.h
[3.394s] -- Symlinking: /home/qep/WorkSpace/RM2025/ROS2tutorial/ros_ws/install/my_interface/include/my_interface/my_interface/msg/detail/robot__rosidl_typesupport_introspection_cpp.hpp
[3.402s] -- Symlinking: /home/qep/WorkSpace/RM2025/ROS2tutorial/ros_ws/install/my_interface/share/my_interface/environment/pythonpath.sh
[3.411s] -- Symlinking: /home/qep/WorkSpace/RM2025/ROS2tutorial/ros_ws/install/my_interface/share/my_interface/environment/pythonpath.dsv
[3.420s] -- Symlinking: /home/qep/WorkSpace/RM2025/ROS2tutorial/ros_ws/install/my_interface/local/lib/python3.10/dist-packages/my_interface-0.0.0-py3.10.egg-info/PKG-INFO
[3.424s] -- Symlinking: /home/qep/WorkSpace/RM2025/ROS2tutorial/ros_ws/install/my_interface/local/lib/python3.10/dist-packages/my_interface-0.0.0-py3.10.egg-info/SOURCES.txt
[3.431s] -- Symlinking: /home/qep/WorkSpace/RM2025/ROS2tutorial/ros_ws/install/my_interface/local/lib/python3.10/dist-packages/my_interface-0.0.0-py3.10.egg-info/dependency_links.txt
[3.437s] -- Symlinking: /home/qep/WorkSpace/RM2025/ROS2tutorial/ros_ws/install/my_interface/local/lib/python3.10/dist-packages/my_interface-0.0.0-py3.10.egg-info/top_level.txt
[3.444s] -- Symlinking: /home/qep/WorkSpace/RM2025/ROS2tutorial/ros_ws/install/my_interface/local/lib/python3.10/dist-packages/my_interface/__init__.py
[3.451s] -- Symlinking: /home/qep/WorkSpace/RM2025/ROS2tutorial/ros_ws/install/my_interface/local/lib/python3.10/dist-packages/my_interface/_my_interface_s.ep.rosidl_typesupport_c.c
[3.458s] -- Symlinking: /home/qep/WorkSpace/RM2025/ROS2tutorial/ros_ws/install/my_interface/local/lib/python3.10/dist-packages/my_interface/_my_interface_s.ep.rosidl_typesupport_fastrtps_c.c
[3.463s] -- Symlinking: /home/qep/WorkSpace/RM2025/ROS2tutorial/ros_ws/install/my_interface/local/lib/python3.10/dist-packages/my_interface/_my_interface_s.ep.rosidl_typesupport_introspection_c.c
[3.471s] -- Symlinking: /home/qep/WorkSpace/RM2025/ROS2tutorial/ros_ws/install/my_interface/local/lib/python3.10/dist-packages/my_interface/libmy_interface__rosidl_generator_py.so
[3.478s] -- Symlinking: /home/qep/WorkSpace/RM2025/ROS2tutorial/ros_ws/install/my_interface/local/lib/python3.10/dist-packages/my_interface/msg/__init__.py
[3.487s] -- Symlinking: /home/qep/WorkSpace/RM2025/ROS2tutorial/ros_ws/install/my_interface/local/lib/python3.10/dist-packages/my_interface/msg/_robot.py
[3.495s] -- Symlinking: /home/qep/WorkSpace/RM2025/ROS2tutorial/ros_ws/install/my_interface/local/lib/python3.10/dist-packages/my_interface/msg/_robot_s.c
[3.503s] -- Symlinking: /home/qep/WorkSpace/RM2025/ROS2tutorial/ros_ws/install/my_interface/local/lib/python3.10/dist-packages/my_interface/my_interface_s__rosidl_typesupport_c.cpython-310-x86_64-linux-gnu.so
[3.511s] -- Symlinking: /home/qep/WorkSpace/RM2025/ROS2tutorial/ros_ws/install/my_interface/local/lib/python3.10/dist-packages/my_interface/my_interface_s__rosidl_typesupport_fastrtps_c.cpython-310-x86_64-linux-gnu.so
[3.517s] -- Symlinking: /home/qep/WorkSpace/RM2025/ROS2tutorial/ros_ws/install/my_interface/local/lib/python3.10/dist-packages/my_interface/my_interface_s__rosidl_typesupport_introspection_c.cpython-310-x86_64-linux-gnu.so
[3.524s] -- Up-to-date symlink: /home/qep/WorkSpace/RM2025/ROS2tutorial/ros_ws/install/my_interface/local/lib/python3.10/dist-packages/my_interface/my_interface_s__rosidl_typesupport_fastrtps_c.cpython-310-x86_64-linux-gnu.so
[3.524s] -- Up-to-date symlink: /home/qep/WorkSpace/RM2025/ROS2tutorial/ros_ws/install/my_interface/local/lib/python3.10/dist-packages/my_interface/my_interface_s__rosidl_typesupport_introspection_c.cpython-310-x86_64-linux-gnu.so
[3.524s] -- Up-to-date symlink: /home/qep/WorkSpace/RM2025/ROS2tutorial/ros_ws/install/my_interface/local/lib/python3.10/dist-packages/my_interface/my_interface_s__rosidl_typesupport_c.cpython-310-x86_64-linux-gnu.so
[3.525s] -- Symlinking: /home/qep/WorkSpace/RM2025/ROS2tutorial/ros_ws/install/my_interface/share/my_interface/msg/Robot.idl
[3.534s] -- Symlinking: /home/qep/WorkSpace/RM2025/ROS2tutorial/ros_ws/install/my_interface/share/my_interface/msg/Robot.msg
[3.542s] -- Symlinking: /home/qep/WorkSpace/RM2025/ROS2tutorial/ros_ws/install/my_interface/share/ament_index/resource_index/package_run_dependencies/my_interface
[3.552s] -- Symlinking: /home/qep/WorkSpace/RM2025/ROS2tutorial/ros_ws/install/my_interface/share/ament_index/resource_index/parent_prefix_path/my_interface
[3.561s] -- Symlinking: /home/qep/WorkSpace/RM2025/ROS2tutorial/ros_ws/install/my_interface/share/my_interface/environment/ament_prefix_path.sh
[3.570s] -- Symlinking: /home/qep/WorkSpace/RM2025/ROS2tutorial/ros_ws/install/my_interface/share/my_interface/environment/ament_prefix_path.dsv
[3.576s] -- Symlinking: /home/qep/WorkSpace/RM2025/ROS2tutorial/ros_ws/install/my_interface/share/my_interface/environment/path.sh
[3.584s] -- Symlinking: /home/qep/WorkSpace/RM2025/ROS2tutorial/ros_ws/install/my_interface/share/my_interface/environment/path.dsv
[3.591s] -- Symlinking: /home/qep/WorkSpace/RM2025/ROS2tutorial/ros_ws/install/my_interface/share/my_interface/local_setup.bash
[3.597s] -- Symlinking: /home/qep/WorkSpace/RM2025/ROS2tutorial/ros_ws/install/my_interface/share/my_interface/local_setup.sh
[3.605s] -- Symlinking: /home/qep/WorkSpace/RM2025/ROS2tutorial/ros_ws/install/my_interface/share/my_interface/local_setup.zsh
[3.615s] -- Symlinking: /home/qep/WorkSpace/RM2025/ROS2tutorial/ros_ws/install/my_interface/share/my_interface/local_setup.dsv
[3.620s] -- Symlinking: /home/qep/WorkSpace/RM2025/ROS2tutorial/ros_ws/install/my_interface/share/my_interface/package.dsv
[3.627s] -- Symlinking: /home/qep/WorkSpace/RM2025/ROS2tutorial/ros_ws/install/my_interface/share/ament_index/resource_index/packages/my_interface
[3.635s] -- Symlinking: /home/qep/WorkSpace/RM2025/ROS2tutorial/ros_ws/install/my_interface/share/my_interface/cmake/rosidl_cmake-extras.cmake
[3.642s] -- Symlinking: /home/qep/WorkSpace/RM2025/ROS2tutorial/ros_ws/install/my_interface/share/my_interface/cmake/ament_cmake_export_dependencies-extras.cmake
[3.649s] -- Symlinking: /home/qep/WorkSpace/RM2025/ROS2tutorial/ros_ws/install/my_interface/share/my_interface/cmake/ament_cmake_export_include_directories-extras.cmake
[3.656s] -- Symlinking: /home/qep/WorkSpace/RM2025/ROS2tutorial/ros_ws/install/my_interface/share/my_interface/cmake/ament_cmake_export_libraries-extras.cmake
[3.662s] -- Symlinking: /home/qep/WorkSpace/RM2025/ROS2tutorial/ros_ws/install/my_interface/share/my_interface/cmake/ament_cmake_export_targets-extras.cmake
[3.668s] -- Symlinking: /home/qep/WorkSpace/RM2025/ROS2tutorial/ros_ws/install/my_interface/share/my_interface/cmake/rosidl_cmake_export_typesupport_targets-extras.cmake
[3.675s] -- Symlinking: /home/qep/WorkSpace/RM2025/ROS2tutorial/ros_ws/install/my_interface/share/my_interface/cmake/rosidl_cmake_export_typesupport_libraries-extras.cmake
[3.682s] -- Symlinking: /home/qep/WorkSpace/RM2025/ROS2tutorial/ros_ws/install/my_interface/share/my_interface/cmake/my_interfaceConfig.cmake
[3.691s] -- Symlinking: /home/qep/WorkSpace/RM2025/ROS2tutorial/ros_ws/install/my_interface/share/my_interface/cmake/my_interfaceConfig-version.cmake
[3.699s] -- Symlinking: /home/qep/WorkSpace/RM2025/ROS2tutorial/ros_ws/install/my_interface/share/my_interface/package.xml
[3.707s] -- Installing: /home/qep/WorkSpace/RM2025/ROS2tutorial/ros_ws/install/my_interface/lib/libmy_interface__rosidl_generator_c.so
[3.707s] -- Set runtime path of "/home/qep/WorkSpace/RM2025/ROS2tutorial/ros_ws/install/my_interface/lib/libmy_interface__rosidl_generator_c.so" to ""
[3.707s] -- Installing: /home/qep/WorkSpace/RM2025/ROS2tutorial/ros_ws/install/my_interface/lib/libmy_interface__rosidl_typesupport_fastrtps_c.so
[3.708s] -- Set runtime path of "/home/qep/WorkSpace/RM2025/ROS2tutorial/ros_ws/install/my_interface/lib/libmy_interface__rosidl_typesupport_fastrtps_c.so" to ""
[3.708s] -- Installing: /home/qep/WorkSpace/RM2025/ROS2tutorial/ros_ws/install/my_interface/lib/libmy_interface__rosidl_typesupport_introspection_c.so
[3.708s] -- Set runtime path of "/home/qep/WorkSpace/RM2025/ROS2tutorial/ros_ws/install/my_interface/lib/libmy_interface__rosidl_typesupport_introspection_c.so" to ""
[3.708s] -- Installing: /home/qep/WorkSpace/RM2025/ROS2tutorial/ros_ws/install/my_interface/lib/libmy_interface__rosidl_typesupport_c.so
[3.708s] -- Set runtime path of "/home/qep/WorkSpace/RM2025/ROS2tutorial/ros_ws/install/my_interface/lib/libmy_interface__rosidl_typesupport_c.so" to ""
[3.708s] -- Installing: /home/qep/WorkSpace/RM2025/ROS2tutorial/ros_ws/install/my_interface/lib/libmy_interface__rosidl_typesupport_fastrtps_cpp.so
[3.708s] -- Set runtime path of "/home/qep/WorkSpace/RM2025/ROS2tutorial/ros_ws/install/my_interface/lib/libmy_interface__rosidl_typesupport_fastrtps_cpp.so" to ""
[3.708s] -- Installing: /home/qep/WorkSpace/RM2025/ROS2tutorial/ros_ws/install/my_interface/lib/libmy_interface__rosidl_typesupport_introspection_cpp.so
[3.708s] -- Set runtime path of "/home/qep/WorkSpace/RM2025/ROS2tutorial/ros_ws/install/my_interface/lib/libmy_interface__rosidl_typesupport_introspection_cpp.so" to ""
[3.708s] -- Installing: /home/qep/WorkSpace/RM2025/ROS2tutorial/ros_ws/install/my_interface/lib/libmy_interface__rosidl_typesupport_cpp.so
[3.709s] -- Set runtime path of "/home/qep/WorkSpace/RM2025/ROS2tutorial/ros_ws/install/my_interface/lib/libmy_interface__rosidl_typesupport_cpp.so" to ""
[3.732s] Listing '/home/qep/WorkSpace/RM2025/ROS2tutorial/ros_ws/install/my_interface/local/lib/python3.10/dist-packages/my_interface'...
[3.732s] Compiling '/home/qep/WorkSpace/RM2025/ROS2tutorial/ros_ws/install/my_interface/local/lib/python3.10/dist-packages/my_interface/__init__.py'...
[3.732s] Listing '/home/qep/WorkSpace/RM2025/ROS2tutorial/ros_ws/install/my_interface/local/lib/python3.10/dist-packages/my_interface/msg'...
[3.732s] Compiling '/home/qep/WorkSpace/RM2025/ROS2tutorial/ros_ws/install/my_interface/local/lib/python3.10/dist-packages/my_interface/msg/__init__.py'...
[3.732s] Compiling '/home/qep/WorkSpace/RM2025/ROS2tutorial/ros_ws/install/my_interface/local/lib/python3.10/dist-packages/my_interface/msg/_robot.py'...
[3.735s] -- Installing: /home/qep/WorkSpace/RM2025/ROS2tutorial/ros_ws/install/my_interface/lib/libmy_interface__rosidl_generator_py.so
[3.736s] -- Set runtime path of "/home/qep/WorkSpace/RM2025/ROS2tutorial/ros_ws/install/my_interface/lib/libmy_interface__rosidl_generator_py.so" to ""
[3.736s] -- Installing: /home/qep/WorkSpace/RM2025/ROS2tutorial/ros_ws/install/my_interface/share/my_interface/cmake/export_my_interface__rosidl_generator_cExport.cmake
[3.736s] -- Installing: /home/qep/WorkSpace/RM2025/ROS2tutorial/ros_ws/install/my_interface/share/my_interface/cmake/export_my_interface__rosidl_generator_cExport-noconfig.cmake
[3.736s] -- Installing: /home/qep/WorkSpace/RM2025/ROS2tutorial/ros_ws/install/my_interface/share/my_interface/cmake/export_my_interface__rosidl_typesupport_fastrtps_cExport.cmake
[3.736s] -- Installing: /home/qep/WorkSpace/RM2025/ROS2tutorial/ros_ws/install/my_interface/share/my_interface/cmake/export_my_interface__rosidl_typesupport_fastrtps_cExport-noconfig.cmake
[3.737s] -- Installing: /home/qep/WorkSpace/RM2025/ROS2tutorial/ros_ws/install/my_interface/share/my_interface/cmake/my_interface__rosidl_typesupport_introspection_cExport.cmake
[3.737s] -- Installing: /home/qep/WorkSpace/RM2025/ROS2tutorial/ros_ws/install/my_interface/share/my_interface/cmake/my_interface__rosidl_typesupport_introspection_cExport-noconfig.cmake
[3.737s] -- Installing: /home/qep/WorkSpace/RM2025/ROS2tutorial/ros_ws/install/my_interface/share/my_interface/cmake/my_interface__rosidl_typesupport_cExport.cmake
[3.737s] -- Installing: /home/qep/WorkSpace/RM2025/ROS2tutorial/ros_ws/install/my_interface/share/my_interface/cmake/my_interface__rosidl_typesupport_cExport-noconfig.cmake
[3.737s] -- Installing: /home/qep/WorkSpace/RM2025/ROS2tutorial/ros_ws/install/my_interface/share/my_interface/cmake/export_my_interface__rosidl_generator_cppExport.cmake
[3.737s] -- Installing: /home/qep/WorkSpace/RM2025/ROS2tutorial/ros_ws/install/my_interface/share/my_interface/cmake/export_my_interface__rosidl_typesupport_fastrtps_cppExport.cmake
[3.737s] -- Installing: /home/qep/WorkSpace/RM2025/ROS2tutorial/ros_ws/install/my_interface/share/my_interface/cmake/export_my_interface__rosidl_typesupport_fastrtps_cppExport-noconfig.cmake
[3.737s] -- Installing: /home/qep/WorkSpace/RM2025/ROS2tutorial/ros_ws/install/my_interface/share/my_interface/cmake/my_interface__rosidl_typesupport_introspection_cppExport.cmake
[3.737s] -- Installing: /home/qep/WorkSpace/RM2025/ROS2tutorial/ros_ws/install/my_interface/share/my_interface/cmake/my_interface__rosidl_typesupport_introspection_cppExport-noconfig.cmake
[3.737s] -- Installing: /home/qep/WorkSpace/RM2025/ROS2tutorial/ros_ws/install/my_interface/share/my_interface/cmake/my_interface__rosidl_typesupport_cppExport.cmake
[3.737s] -- Installing: /home/qep/WorkSpace/RM2025/ROS2tutorial/ros_ws/install/my_interface/share/my_interface/cmake/my_interface__rosidl_typesupport_cppExport-noconfig.cmake
[3.737s] -- Installing: /home/qep/WorkSpace/RM2025/ROS2tutorial/ros_ws/install/my_interface/share/my_interface/cmake/export_my_interface__rosidl_generator_pyExport.cmake
[3.738s] -- Installing: /home/qep/WorkSpace/RM2025/ROS2tutorial/ros_ws/install/my_interface/share/my_interface/cmake/export_my_interface__rosidl_generator_pyExport-noconfig.cmake
[3.739s] Invoked command in '/home/qep/WorkSpace/RM2025/ROS2tutorial/ros_ws/build/my_interface' returned '0': CMAKE_PREFIX_PATH=${CMAKE_PREFIX_PATH}:/opt/ros/humble /usr/bin/cmake --install /home/qep/WorkSpace/RM2025/ROS2tutorial/ros_ws/build/my_interface
