[0.021s] Invoking command in '/home/qep/WorkSpace/RM2025/ROS2tutorial/ros_ws/build/example_topic_rclcpp': CMAKE_PREFIX_PATH=/opt/ros/humble /usr/bin/cmake /home/qep/WorkSpace/RM2025/ROS2tutorial/ros_ws/src/example_topic_rclcpp -DAMENT_CMAKE_SYMLINK_INSTALL=1 -DCMAKE_INSTALL_PREFIX=/home/qep/WorkSpace/RM2025/ROS2tutorial/ros_ws/install/example_topic_rclcpp
[0.113s] -- The C compiler identification is GNU 11.4.0
[0.203s] -- The CXX compiler identification is GNU 11.4.0
[0.211s] -- Detecting C compiler ABI info
[0.273s] -- Detecting C compiler ABI info - done
[0.278s] -- Check for working C compiler: /usr/bin/cc - skipped
[0.278s] -- Detecting C compile features
[0.278s] -- Detecting C compile features - done
[0.280s] -- Detecting CXX compiler ABI info
[0.332s] -- Detecting CXX compiler ABI info - done
[0.337s] -- Check for working CXX compiler: /usr/bin/c++ - skipped
[0.338s] -- Detecting CXX compile features
[0.338s] -- Detecting CXX compile features - done
[0.339s] -- Found ament_cmake: 1.3.10 (/opt/ros/humble/share/ament_cmake/cmake)
[0.452s] -- Found Python3: /usr/bin/python3 (found version "3.10.12") found components: Interpreter 
[0.526s] -- Override CMake install command with custom implementation using symlinks instead of copying resources
[0.548s] -- Found rclcpp: 16.0.10 (/opt/ros/humble/share/rclcpp/cmake)
[0.587s] -- Found rosidl_generator_c: 3.1.5 (/opt/ros/humble/share/rosidl_generator_c/cmake)
[0.589s] -- Found rosidl_adapter: 3.1.5 (/opt/ros/humble/share/rosidl_adapter/cmake)
[0.594s] -- Found rosidl_generator_cpp: 3.1.5 (/opt/ros/humble/share/rosidl_generator_cpp/cmake)
[0.601s] -- Using all available rosidl_typesupport_c: rosidl_typesupport_fastrtps_c;rosidl_typesupport_introspection_c
[0.613s] -- Using all available rosidl_typesupport_cpp: rosidl_typesupport_fastrtps_cpp;rosidl_typesupport_introspection_cpp
[0.641s] -- Found rmw_implementation_cmake: 6.1.2 (/opt/ros/humble/share/rmw_implementation_cmake/cmake)
[0.642s] -- Found rmw_fastrtps_cpp: 6.2.7 (/opt/ros/humble/share/rmw_fastrtps_cpp/cmake)
[0.699s] -- Found OpenSSL: /usr/lib/x86_64-linux-gnu/libcrypto.so (found version "3.0.2")  
[0.719s] -- Found FastRTPS: /opt/ros/humble/include  
[0.749s] -- Using RMW implementation 'rmw_fastrtps_cpp' as default
[0.754s] -- Looking for pthread.h
[0.800s] -- Looking for pthread.h - found
[0.800s] -- Performing Test CMAKE_HAVE_LIBC_PTHREAD
[0.845s] -- Performing Test CMAKE_HAVE_LIBC_PTHREAD - Success
[0.846s] -- Found Threads: TRUE  
[0.901s] -- Found ament_lint_auto: 0.12.11 (/opt/ros/humble/share/ament_lint_auto/cmake)
[0.963s] -- Added test 'cppcheck' to perform static code analysis on C / C++ code
[0.963s] -- Configured cppcheck include dirs: 
[0.963s] -- Configured cppcheck exclude dirs and/or files: 
[0.963s] -- Added test 'flake8' to check Python code syntax and style conventions
[0.964s] -- Added test 'lint_cmake' to check CMake code style
[0.964s] -- Added test 'pep257' to check Python code against some of the docstring style conventions in PEP 257
[0.965s] -- Added test 'uncrustify' to check C / C++ code style
[0.965s] -- Configured uncrustify additional arguments: 
[0.966s] -- Added test 'xmllint' to check XML markup files
[0.967s] -- Configuring done
[0.980s] -- Generating done
[0.983s] -- Build files have been written to: /home/qep/WorkSpace/RM2025/ROS2tutorial/ros_ws/build/example_topic_rclcpp
[0.993s] Invoked command in '/home/qep/WorkSpace/RM2025/ROS2tutorial/ros_ws/build/example_topic_rclcpp' returned '0': CMAKE_PREFIX_PATH=/opt/ros/humble /usr/bin/cmake /home/qep/WorkSpace/RM2025/ROS2tutorial/ros_ws/src/example_topic_rclcpp -DAMENT_CMAKE_SYMLINK_INSTALL=1 -DCMAKE_INSTALL_PREFIX=/home/qep/WorkSpace/RM2025/ROS2tutorial/ros_ws/install/example_topic_rclcpp
[0.995s] Invoking command in '/home/qep/WorkSpace/RM2025/ROS2tutorial/ros_ws/build/example_topic_rclcpp': CMAKE_PREFIX_PATH=/opt/ros/humble /usr/bin/cmake --build /home/qep/WorkSpace/RM2025/ROS2tutorial/ros_ws/build/example_topic_rclcpp -- -j20 -l20
[1.034s] [ 25%] [32mBuilding CXX object CMakeFiles/topic_subscribe_01.dir/src/topic_subscribe_01.cpp.o[0m
[1.039s] [ 50%] [32mBuilding CXX object CMakeFiles/topic_publisher_01.dir/src/topic_publisher_01.cpp.o[0m
[2.991s] [01m[K/home/qep/WorkSpace/RM2025/ROS2tutorial/ros_ws/src/example_topic_rclcpp/src/topic_publisher_01.cpp:[m[K In constructor ‘[01m[KTopicPublisher01::TopicPublisher01(std::string)[m[K’:
[2.991s] [01m[K/home/qep/WorkSpace/RM2025/ROS2tutorial/ros_ws/src/example_topic_rclcpp/src/topic_publisher_01.cpp:12:14:[m[K [01;35m[Kwarning: [m[Kunused variable ‘[01m[Kqos[m[K’ [[01;35m[K]8;;https://gcc.gnu.org/onlinedocs/gcc/Warning-Options.html#index-Wunused-variable-Wunused-variable]8;;[m[K]
[2.991s]    12 |         auto [01;35m[Kqos[m[K = rclcpp::QoS(rclcpp::KeepLast(10)).reliability();
[2.991s]       |              [01;35m[K^~~[m[K
[4.402s] [ 75%] [32m[1mLinking CXX executable topic_publisher_01[0m
[4.536s] [ 75%] Built target topic_publisher_01
[7.423s] [100%] [32m[1mLinking CXX executable topic_subscribe_01[0m
[7.660s] [100%] Built target topic_subscribe_01
[7.671s] Invoked command in '/home/qep/WorkSpace/RM2025/ROS2tutorial/ros_ws/build/example_topic_rclcpp' returned '0': CMAKE_PREFIX_PATH=/opt/ros/humble /usr/bin/cmake --build /home/qep/WorkSpace/RM2025/ROS2tutorial/ros_ws/build/example_topic_rclcpp -- -j20 -l20
[7.698s] Invoking command in '/home/qep/WorkSpace/RM2025/ROS2tutorial/ros_ws/build/example_topic_rclcpp': CMAKE_PREFIX_PATH=/opt/ros/humble /usr/bin/cmake --install /home/qep/WorkSpace/RM2025/ROS2tutorial/ros_ws/build/example_topic_rclcpp
[7.704s] -- Install configuration: ""
[7.704s] -- Execute custom install script
[7.704s] -- Symlinking: /home/qep/WorkSpace/RM2025/ROS2tutorial/ros_ws/install/example_topic_rclcpp/lib/example_topic_rclcpp/topic_publisher_01
[7.711s] -- Symlinking: /home/qep/WorkSpace/RM2025/ROS2tutorial/ros_ws/install/example_topic_rclcpp/lib/example_topic_rclcpp/topic_subscribe_01
[7.717s] -- Symlinking: /home/qep/WorkSpace/RM2025/ROS2tutorial/ros_ws/install/example_topic_rclcpp/share/example_topic_rclcpp/launch/demo.launch.py
[7.724s] -- Symlinking: /home/qep/WorkSpace/RM2025/ROS2tutorial/ros_ws/install/example_topic_rclcpp/share/ament_index/resource_index/package_run_dependencies/example_topic_rclcpp
[7.730s] -- Symlinking: /home/qep/WorkSpace/RM2025/ROS2tutorial/ros_ws/install/example_topic_rclcpp/share/ament_index/resource_index/parent_prefix_path/example_topic_rclcpp
[7.737s] -- Symlinking: /home/qep/WorkSpace/RM2025/ROS2tutorial/ros_ws/install/example_topic_rclcpp/share/example_topic_rclcpp/environment/ament_prefix_path.sh
[7.743s] -- Symlinking: /home/qep/WorkSpace/RM2025/ROS2tutorial/ros_ws/install/example_topic_rclcpp/share/example_topic_rclcpp/environment/ament_prefix_path.dsv
[7.750s] -- Symlinking: /home/qep/WorkSpace/RM2025/ROS2tutorial/ros_ws/install/example_topic_rclcpp/share/example_topic_rclcpp/environment/path.sh
[7.757s] -- Symlinking: /home/qep/WorkSpace/RM2025/ROS2tutorial/ros_ws/install/example_topic_rclcpp/share/example_topic_rclcpp/environment/path.dsv
[7.765s] -- Symlinking: /home/qep/WorkSpace/RM2025/ROS2tutorial/ros_ws/install/example_topic_rclcpp/share/example_topic_rclcpp/local_setup.bash
[7.770s] -- Symlinking: /home/qep/WorkSpace/RM2025/ROS2tutorial/ros_ws/install/example_topic_rclcpp/share/example_topic_rclcpp/local_setup.sh
[7.776s] -- Symlinking: /home/qep/WorkSpace/RM2025/ROS2tutorial/ros_ws/install/example_topic_rclcpp/share/example_topic_rclcpp/local_setup.zsh
[7.785s] -- Symlinking: /home/qep/WorkSpace/RM2025/ROS2tutorial/ros_ws/install/example_topic_rclcpp/share/example_topic_rclcpp/local_setup.dsv
[7.791s] -- Symlinking: /home/qep/WorkSpace/RM2025/ROS2tutorial/ros_ws/install/example_topic_rclcpp/share/example_topic_rclcpp/package.dsv
[7.797s] -- Symlinking: /home/qep/WorkSpace/RM2025/ROS2tutorial/ros_ws/install/example_topic_rclcpp/share/ament_index/resource_index/packages/example_topic_rclcpp
[7.805s] -- Symlinking: /home/qep/WorkSpace/RM2025/ROS2tutorial/ros_ws/install/example_topic_rclcpp/share/example_topic_rclcpp/cmake/example_topic_rclcppConfig.cmake
[7.810s] -- Symlinking: /home/qep/WorkSpace/RM2025/ROS2tutorial/ros_ws/install/example_topic_rclcpp/share/example_topic_rclcpp/cmake/example_topic_rclcppConfig-version.cmake
[7.817s] -- Symlinking: /home/qep/WorkSpace/RM2025/ROS2tutorial/ros_ws/install/example_topic_rclcpp/share/example_topic_rclcpp/package.xml
[7.826s] Invoked command in '/home/qep/WorkSpace/RM2025/ROS2tutorial/ros_ws/build/example_topic_rclcpp' returned '0': CMAKE_PREFIX_PATH=/opt/ros/humble /usr/bin/cmake --install /home/qep/WorkSpace/RM2025/ROS2tutorial/ros_ws/build/example_topic_rclcpp
