[0.008s] Invoking command in '/home/qep/WorkSpace/RM2025/ROS2tutorial/ros_ws/build/rviz_demo': CMAKE_PREFIX_PATH=/opt/ros/humble /usr/bin/cmake /home/qep/WorkSpace/RM2025/ROS2tutorial/ros_ws/src/rviz_demo -DAMENT_CMAKE_SYMLINK_INSTALL=1 -DCMAKE_INSTALL_PREFIX=/home/qep/WorkSpace/RM2025/ROS2tutorial/ros_ws/install/rviz_demo
[0.124s] -- The C compiler identification is GNU 11.4.0
[0.223s] -- The CXX compiler identification is GNU 11.4.0
[0.231s] -- Detecting C compiler ABI info
[0.314s] -- Detecting C compiler ABI info - done
[0.325s] -- Check for working C compiler: /usr/bin/cc - skipped
[0.325s] -- Detecting C compile features
[0.326s] -- Detecting C compile features - done
[0.331s] -- Detecting CXX compiler ABI info
[0.421s] -- Detecting CXX compiler ABI info - done
[0.430s] -- Check for working CXX compiler: /usr/bin/c++ - skipped
[0.430s] -- Detecting CXX compile features
[0.430s] -- Detecting CXX compile features - done
[0.437s] -- Found ament_cmake: 1.3.10 (/opt/ros/humble/share/ament_cmake/cmake)
[0.596s] -- Found Python3: /usr/bin/python3 (found version "3.10.12") found components: Interpreter 
[0.664s] -- Override CMake install command with custom implementation using symlinks instead of copying resources
[0.701s] -- Found rclcpp: 16.0.10 (/opt/ros/humble/share/rclcpp/cmake)
[0.773s] -- Found rosidl_generator_c: 3.1.5 (/opt/ros/humble/share/rosidl_generator_c/cmake)
[0.780s] -- Found rosidl_adapter: 3.1.5 (/opt/ros/humble/share/rosidl_adapter/cmake)
[0.793s] -- Found rosidl_generator_cpp: 3.1.5 (/opt/ros/humble/share/rosidl_generator_cpp/cmake)
[0.804s] -- Using all available rosidl_typesupport_c: rosidl_typesupport_fastrtps_c;rosidl_typesupport_introspection_c
[0.817s] -- Using all available rosidl_typesupport_cpp: rosidl_typesupport_fastrtps_cpp;rosidl_typesupport_introspection_cpp
[0.851s] -- Found rmw_implementation_cmake: 6.1.2 (/opt/ros/humble/share/rmw_implementation_cmake/cmake)
[0.853s] -- Found rmw_fastrtps_cpp: 6.2.7 (/opt/ros/humble/share/rmw_fastrtps_cpp/cmake)
[0.949s] -- Found OpenSSL: /usr/lib/x86_64-linux-gnu/libcrypto.so (found version "3.0.2")  
[0.988s] -- Found FastRTPS: /opt/ros/humble/include  
[1.021s] -- Using RMW implementation 'rmw_fastrtps_cpp' as default
[1.031s] -- Looking for pthread.h
[1.115s] -- Looking for pthread.h - found
[1.115s] -- Performing Test CMAKE_HAVE_LIBC_PTHREAD
[1.200s] -- Performing Test CMAKE_HAVE_LIBC_PTHREAD - Success
[1.201s] -- Found Threads: TRUE  
[1.244s] -- Found visualization_msgs: 4.2.4 (/opt/ros/humble/share/visualization_msgs/cmake)
[1.284s] -- Found ament_lint_auto: 0.12.11 (/opt/ros/humble/share/ament_lint_auto/cmake)
[1.346s] -- Added test 'cppcheck' to perform static code analysis on C / C++ code
[1.346s] -- Configured cppcheck include dirs: 
[1.346s] -- Configured cppcheck exclude dirs and/or files: 
[1.347s] -- Added test 'lint_cmake' to check CMake code style
[1.348s] -- Added test 'uncrustify' to check C / C++ code style
[1.348s] -- Configured uncrustify additional arguments: 
[1.348s] -- Added test 'xmllint' to check XML markup files
[1.349s] -- Configuring done
[1.355s] -- Generating done
[1.356s] -- Build files have been written to: /home/qep/WorkSpace/RM2025/ROS2tutorial/ros_ws/build/rviz_demo
[1.364s] Invoked command in '/home/qep/WorkSpace/RM2025/ROS2tutorial/ros_ws/build/rviz_demo' returned '0': CMAKE_PREFIX_PATH=/opt/ros/humble /usr/bin/cmake /home/qep/WorkSpace/RM2025/ROS2tutorial/ros_ws/src/rviz_demo -DAMENT_CMAKE_SYMLINK_INSTALL=1 -DCMAKE_INSTALL_PREFIX=/home/qep/WorkSpace/RM2025/ROS2tutorial/ros_ws/install/rviz_demo
[1.365s] Invoking command in '/home/qep/WorkSpace/RM2025/ROS2tutorial/ros_ws/build/rviz_demo': CMAKE_PREFIX_PATH=/opt/ros/humble /usr/bin/cmake --build /home/qep/WorkSpace/RM2025/ROS2tutorial/ros_ws/build/rviz_demo -- -j20 -l20
[1.413s] [ 50%] [32mBuilding CXX object CMakeFiles/rviz_demo.dir/src/main.cpp.o[0m
[4.158s] [100%] [32m[1mLinking CXX executable rviz_demo[0m
[4.378s] [100%] Built target rviz_demo
[4.390s] Invoked command in '/home/qep/WorkSpace/RM2025/ROS2tutorial/ros_ws/build/rviz_demo' returned '0': CMAKE_PREFIX_PATH=/opt/ros/humble /usr/bin/cmake --build /home/qep/WorkSpace/RM2025/ROS2tutorial/ros_ws/build/rviz_demo -- -j20 -l20
[4.422s] Invoking command in '/home/qep/WorkSpace/RM2025/ROS2tutorial/ros_ws/build/rviz_demo': CMAKE_PREFIX_PATH=/opt/ros/humble /usr/bin/cmake --install /home/qep/WorkSpace/RM2025/ROS2tutorial/ros_ws/build/rviz_demo
[4.429s] -- Install configuration: ""
[4.429s] -- Execute custom install script
[4.429s] -- Symlinking: /home/qep/WorkSpace/RM2025/ROS2tutorial/ros_ws/install/rviz_demo/lib/rviz_demo/rviz_demo
[4.444s] -- Symlinking: /home/qep/WorkSpace/RM2025/ROS2tutorial/ros_ws/install/rviz_demo/share/ament_index/resource_index/package_run_dependencies/rviz_demo
[4.456s] -- Symlinking: /home/qep/WorkSpace/RM2025/ROS2tutorial/ros_ws/install/rviz_demo/share/ament_index/resource_index/parent_prefix_path/rviz_demo
[4.468s] -- Symlinking: /home/qep/WorkSpace/RM2025/ROS2tutorial/ros_ws/install/rviz_demo/share/rviz_demo/environment/ament_prefix_path.sh
[4.479s] -- Symlinking: /home/qep/WorkSpace/RM2025/ROS2tutorial/ros_ws/install/rviz_demo/share/rviz_demo/environment/ament_prefix_path.dsv
[4.490s] -- Symlinking: /home/qep/WorkSpace/RM2025/ROS2tutorial/ros_ws/install/rviz_demo/share/rviz_demo/environment/path.sh
[4.501s] -- Symlinking: /home/qep/WorkSpace/RM2025/ROS2tutorial/ros_ws/install/rviz_demo/share/rviz_demo/environment/path.dsv
[4.510s] -- Symlinking: /home/qep/WorkSpace/RM2025/ROS2tutorial/ros_ws/install/rviz_demo/share/rviz_demo/local_setup.bash
[4.520s] -- Symlinking: /home/qep/WorkSpace/RM2025/ROS2tutorial/ros_ws/install/rviz_demo/share/rviz_demo/local_setup.sh
[4.534s] -- Symlinking: /home/qep/WorkSpace/RM2025/ROS2tutorial/ros_ws/install/rviz_demo/share/rviz_demo/local_setup.zsh
[4.548s] -- Symlinking: /home/qep/WorkSpace/RM2025/ROS2tutorial/ros_ws/install/rviz_demo/share/rviz_demo/local_setup.dsv
[4.561s] -- Symlinking: /home/qep/WorkSpace/RM2025/ROS2tutorial/ros_ws/install/rviz_demo/share/rviz_demo/package.dsv
[4.574s] -- Symlinking: /home/qep/WorkSpace/RM2025/ROS2tutorial/ros_ws/install/rviz_demo/share/ament_index/resource_index/packages/rviz_demo
[4.585s] -- Symlinking: /home/qep/WorkSpace/RM2025/ROS2tutorial/ros_ws/install/rviz_demo/share/rviz_demo/cmake/rviz_demoConfig.cmake
[4.597s] -- Symlinking: /home/qep/WorkSpace/RM2025/ROS2tutorial/ros_ws/install/rviz_demo/share/rviz_demo/cmake/rviz_demoConfig-version.cmake
[4.604s] -- Symlinking: /home/qep/WorkSpace/RM2025/ROS2tutorial/ros_ws/install/rviz_demo/share/rviz_demo/package.xml
[4.614s] Invoked command in '/home/qep/WorkSpace/RM2025/ROS2tutorial/ros_ws/build/rviz_demo' returned '0': CMAKE_PREFIX_PATH=/opt/ros/humble /usr/bin/cmake --install /home/qep/WorkSpace/RM2025/ROS2tutorial/ros_ws/build/rviz_demo
