[0.022s] Invoking command in '/home/qep/WorkSpace/RM2025/ROS2tutorial/ros_ws/build/rviz_demo': CMAKE_PREFIX_PATH=/opt/ros/humble /usr/bin/cmake /home/qep/WorkSpace/RM2025/ROS2tutorial/ros_ws/src/rviz_demo -DAMENT_CMAKE_SYMLINK_INSTALL=1 -DCMAKE_INSTALL_PREFIX=/home/qep/WorkSpace/RM2025/ROS2tutorial/ros_ws/install/rviz_demo
[0.118s] -- The C compiler identification is GNU 11.4.0
[0.200s] -- The CXX compiler identification is GNU 11.4.0
[0.209s] -- Detecting C compiler ABI info
[0.257s] -- Detecting C compiler ABI info - done
[0.262s] -- Check for working C compiler: /usr/bin/cc - skipped
[0.262s] -- Detecting C compile features
[0.262s] -- Detecting C compile features - done
[0.264s] -- Detecting CXX compiler ABI info
[0.319s] -- Detecting CXX compiler ABI info - done
[0.324s] -- Check for working CXX compiler: /usr/bin/c++ - skipped
[0.325s] -- Detecting CXX compile features
[0.325s] -- Detecting CXX compile features - done
[0.330s] -- Found ament_cmake: 1.3.10 (/opt/ros/humble/share/ament_cmake/cmake)
[0.435s] -- Found Python3: /usr/bin/python3 (found version "3.10.12") found components: Interpreter 
[0.482s] -- Override CMake install command with custom implementation using symlinks instead of copying resources
[0.506s] -- Found rclcpp: 16.0.10 (/opt/ros/humble/share/rclcpp/cmake)
[0.542s] -- Found rosidl_generator_c: 3.1.5 (/opt/ros/humble/share/rosidl_generator_c/cmake)
[0.546s] -- Found rosidl_adapter: 3.1.5 (/opt/ros/humble/share/rosidl_adapter/cmake)
[0.552s] -- Found rosidl_generator_cpp: 3.1.5 (/opt/ros/humble/share/rosidl_generator_cpp/cmake)
[0.562s] -- Using all available rosidl_typesupport_c: rosidl_typesupport_fastrtps_c;rosidl_typesupport_introspection_c
[0.578s] -- Using all available rosidl_typesupport_cpp: rosidl_typesupport_fastrtps_cpp;rosidl_typesupport_introspection_cpp
[0.615s] -- Found rmw_implementation_cmake: 6.1.2 (/opt/ros/humble/share/rmw_implementation_cmake/cmake)
[0.617s] -- Found rmw_fastrtps_cpp: 6.2.7 (/opt/ros/humble/share/rmw_fastrtps_cpp/cmake)
[0.686s] -- Found OpenSSL: /usr/lib/x86_64-linux-gnu/libcrypto.so (found version "3.0.2")  
[0.713s] -- Found FastRTPS: /opt/ros/humble/include  
[0.744s] -- Using RMW implementation 'rmw_fastrtps_cpp' as default
[0.752s] -- Looking for pthread.h
[0.798s] -- Looking for pthread.h - found
[0.798s] -- Performing Test CMAKE_HAVE_LIBC_PTHREAD
[0.849s] -- Performing Test CMAKE_HAVE_LIBC_PTHREAD - Success
[0.850s] -- Found Threads: TRUE  
[0.899s] -- Found visualization_msgs: 4.2.4 (/opt/ros/humble/share/visualization_msgs/cmake)
[0.952s] -- Found ament_lint_auto: 0.12.11 (/opt/ros/humble/share/ament_lint_auto/cmake)
[1.007s] -- Added test 'cppcheck' to perform static code analysis on C / C++ code
[1.008s] -- Configured cppcheck include dirs: 
[1.008s] -- Configured cppcheck exclude dirs and/or files: 
[1.008s] -- Added test 'lint_cmake' to check CMake code style
[1.009s] -- Added test 'uncrustify' to check C / C++ code style
[1.009s] -- Configured uncrustify additional arguments: 
[1.009s] -- Added test 'xmllint' to check XML markup files
[1.010s] -- Configuring done
[1.015s] -- Generating done
[1.016s] -- Build files have been written to: /home/qep/WorkSpace/RM2025/ROS2tutorial/ros_ws/build/rviz_demo
[1.026s] Invoked command in '/home/qep/WorkSpace/RM2025/ROS2tutorial/ros_ws/build/rviz_demo' returned '0': CMAKE_PREFIX_PATH=/opt/ros/humble /usr/bin/cmake /home/qep/WorkSpace/RM2025/ROS2tutorial/ros_ws/src/rviz_demo -DAMENT_CMAKE_SYMLINK_INSTALL=1 -DCMAKE_INSTALL_PREFIX=/home/qep/WorkSpace/RM2025/ROS2tutorial/ros_ws/install/rviz_demo
[1.027s] Invoking command in '/home/qep/WorkSpace/RM2025/ROS2tutorial/ros_ws/build/rviz_demo': CMAKE_PREFIX_PATH=/opt/ros/humble /usr/bin/cmake --build /home/qep/WorkSpace/RM2025/ROS2tutorial/ros_ws/build/rviz_demo -- -j20 -l20
[1.068s] [ 50%] [32mBuilding CXX object CMakeFiles/rviz_demo.dir/src/main.cpp.o[0m
[5.179s] [100%] [32m[1mLinking CXX executable rviz_demo[0m
[5.334s] [100%] Built target rviz_demo
[5.346s] Invoked command in '/home/qep/WorkSpace/RM2025/ROS2tutorial/ros_ws/build/rviz_demo' returned '0': CMAKE_PREFIX_PATH=/opt/ros/humble /usr/bin/cmake --build /home/qep/WorkSpace/RM2025/ROS2tutorial/ros_ws/build/rviz_demo -- -j20 -l20
[5.368s] Invoking command in '/home/qep/WorkSpace/RM2025/ROS2tutorial/ros_ws/build/rviz_demo': CMAKE_PREFIX_PATH=/opt/ros/humble /usr/bin/cmake --install /home/qep/WorkSpace/RM2025/ROS2tutorial/ros_ws/build/rviz_demo
[5.373s] -- Install configuration: ""
[5.373s] -- Execute custom install script
[5.373s] -- Symlinking: /home/qep/WorkSpace/RM2025/ROS2tutorial/ros_ws/install/rviz_demo/lib/rviz_demo/rviz_demo
[5.380s] -- Symlinking: /home/qep/WorkSpace/RM2025/ROS2tutorial/ros_ws/install/rviz_demo/share/ament_index/resource_index/package_run_dependencies/rviz_demo
[5.387s] -- Symlinking: /home/qep/WorkSpace/RM2025/ROS2tutorial/ros_ws/install/rviz_demo/share/ament_index/resource_index/parent_prefix_path/rviz_demo
[5.393s] -- Symlinking: /home/qep/WorkSpace/RM2025/ROS2tutorial/ros_ws/install/rviz_demo/share/rviz_demo/environment/ament_prefix_path.sh
[5.402s] -- Symlinking: /home/qep/WorkSpace/RM2025/ROS2tutorial/ros_ws/install/rviz_demo/share/rviz_demo/environment/ament_prefix_path.dsv
[5.410s] -- Symlinking: /home/qep/WorkSpace/RM2025/ROS2tutorial/ros_ws/install/rviz_demo/share/rviz_demo/environment/path.sh
[5.418s] -- Symlinking: /home/qep/WorkSpace/RM2025/ROS2tutorial/ros_ws/install/rviz_demo/share/rviz_demo/environment/path.dsv
[5.426s] -- Symlinking: /home/qep/WorkSpace/RM2025/ROS2tutorial/ros_ws/install/rviz_demo/share/rviz_demo/local_setup.bash
[5.432s] -- Symlinking: /home/qep/WorkSpace/RM2025/ROS2tutorial/ros_ws/install/rviz_demo/share/rviz_demo/local_setup.sh
[5.439s] -- Symlinking: /home/qep/WorkSpace/RM2025/ROS2tutorial/ros_ws/install/rviz_demo/share/rviz_demo/local_setup.zsh
[5.447s] -- Symlinking: /home/qep/WorkSpace/RM2025/ROS2tutorial/ros_ws/install/rviz_demo/share/rviz_demo/local_setup.dsv
[5.453s] -- Symlinking: /home/qep/WorkSpace/RM2025/ROS2tutorial/ros_ws/install/rviz_demo/share/rviz_demo/package.dsv
[5.459s] -- Symlinking: /home/qep/WorkSpace/RM2025/ROS2tutorial/ros_ws/install/rviz_demo/share/ament_index/resource_index/packages/rviz_demo
[5.465s] -- Symlinking: /home/qep/WorkSpace/RM2025/ROS2tutorial/ros_ws/install/rviz_demo/share/rviz_demo/cmake/rviz_demoConfig.cmake
[5.472s] -- Symlinking: /home/qep/WorkSpace/RM2025/ROS2tutorial/ros_ws/install/rviz_demo/share/rviz_demo/cmake/rviz_demoConfig-version.cmake
[5.477s] -- Symlinking: /home/qep/WorkSpace/RM2025/ROS2tutorial/ros_ws/install/rviz_demo/share/rviz_demo/package.xml
[5.488s] Invoked command in '/home/qep/WorkSpace/RM2025/ROS2tutorial/ros_ws/build/rviz_demo' returned '0': CMAKE_PREFIX_PATH=/opt/ros/humble /usr/bin/cmake --install /home/qep/WorkSpace/RM2025/ROS2tutorial/ros_ws/build/rviz_demo
