[35m[1mConsolidate compiler generated dependencies of target self_interface__rosidl_generator_c[0m
[  3%] Built target self_interface__cpp
[ 12%] Built target self_interface__rosidl_generator_c
[ 12%] Built target ament_cmake_python_symlink_self_interface
[35m[1mConsolidate compiler generated dependencies of target self_interface__rosidl_typesupport_cpp[0m
[35m[1mConsolidate compiler generated dependencies of target self_interface__rosidl_typesupport_c[0m
[35m[1mConsolidate compiler generated dependencies of target self_interface__rosidl_typesupport_fastrtps_cpp[0m
[35m[1mConsolidate compiler generated dependencies of target self_interface__rosidl_typesupport_introspection_cpp[0m
[35m[1mConsolidate compiler generated dependencies of target self_interface__rosidl_typesupport_introspection_c[0m
[35m[1mConsolidate compiler generated dependencies of target self_interface__rosidl_typesupport_fastrtps_c[0m
[ 21%] Built target self_interface__rosidl_typesupport_c
[ 30%] Built target self_interface__rosidl_typesupport_cpp
[ 39%] Built target self_interface__rosidl_typesupport_fastrtps_cpp
[ 48%] Built target self_interface__rosidl_typesupport_introspection_c
[ 57%] Built target self_interface__rosidl_typesupport_introspection_cpp
[ 66%] Built target self_interface__rosidl_typesupport_fastrtps_c
[ 66%] Built target self_interface
[35m[1mConsolidate compiler generated dependencies of target robot_publisher[0m
[ 69%] Built target self_interface__py
[ 72%] [32mBuilding CXX object CMakeFiles/robot_publisher.dir/src/main.cpp.o[0m
[35m[1mConsolidate compiler generated dependencies of target self_interface__rosidl_generator_py[0m
[ 78%] Built target self_interface__rosidl_generator_py
[35m[1mConsolidate compiler generated dependencies of target self_interface__rosidl_typesupport_introspection_c__pyext[0m
[35m[1mConsolidate compiler generated dependencies of target self_interface__rosidl_typesupport_fastrtps_c__pyext[0m
[35m[1mConsolidate compiler generated dependencies of target self_interface__rosidl_typesupport_c__pyext[0m
[ 84%] Built target self_interface__rosidl_typesupport_introspection_c__pyext
[ 90%] Built target self_interface__rosidl_typesupport_fastrtps_c__pyext
[ 96%] Built target self_interface__rosidl_typesupport_c__pyext
running egg_info
writing self_interface.egg-info/PKG-INFO
writing dependency_links to self_interface.egg-info/dependency_links.txt
writing top-level names to self_interface.egg-info/top_level.txt
reading manifest file 'self_interface.egg-info/SOURCES.txt'
writing manifest file 'self_interface.egg-info/SOURCES.txt'
[ 96%] Built target ament_cmake_python_build_self_interface_egg
[100%] [32m[1mLinking CXX executable robot_publisher[0m
[100%] Built target robot_publisher
-- Install configuration: ""
-- Execute custom install script
-- Up-to-date symlink: /home/qep/WorkSpace/RM2025/ROS2tutorial/ros_ws/install/self_interface/share/ament_index/resource_index/rosidl_interfaces/self_interface
-- Up-to-date symlink: /home/qep/WorkSpace/RM2025/ROS2tutorial/ros_ws/install/self_interface/include/self_interface/self_interface/msg/detail/robot__functions.h
-- Up-to-date symlink: /home/qep/WorkSpace/RM2025/ROS2tutorial/ros_ws/install/self_interface/include/self_interface/self_interface/msg/detail/robot__struct.h
-- Up-to-date symlink: /home/qep/WorkSpace/RM2025/ROS2tutorial/ros_ws/install/self_interface/include/self_interface/self_interface/msg/detail/robot__type_support.h
-- Up-to-date symlink: /home/qep/WorkSpace/RM2025/ROS2tutorial/ros_ws/install/self_interface/include/self_interface/self_interface/msg/robot.h
-- Up-to-date symlink: /home/qep/WorkSpace/RM2025/ROS2tutorial/ros_ws/install/self_interface/include/self_interface/self_interface/msg/rosidl_generator_c__visibility_control.h
-- Up-to-date symlink: /home/qep/WorkSpace/RM2025/ROS2tutorial/ros_ws/install/self_interface/share/self_interface/environment/library_path.sh
-- Up-to-date symlink: /home/qep/WorkSpace/RM2025/ROS2tutorial/ros_ws/install/self_interface/share/self_interface/environment/library_path.dsv
-- Up-to-date symlink: /home/qep/WorkSpace/RM2025/ROS2tutorial/ros_ws/install/self_interface/include/self_interface/self_interface/msg/detail/robot__rosidl_typesupport_fastrtps_c.h
-- Up-to-date symlink: /home/qep/WorkSpace/RM2025/ROS2tutorial/ros_ws/install/self_interface/include/self_interface/self_interface/msg/rosidl_typesupport_fastrtps_c__visibility_control.h
-- Up-to-date symlink: /home/qep/WorkSpace/RM2025/ROS2tutorial/ros_ws/install/self_interface/include/self_interface/self_interface/msg/detail/robot__rosidl_typesupport_introspection_c.h
-- Up-to-date symlink: /home/qep/WorkSpace/RM2025/ROS2tutorial/ros_ws/install/self_interface/include/self_interface/self_interface/msg/rosidl_typesupport_introspection_c__visibility_control.h
-- Up-to-date symlink: /home/qep/WorkSpace/RM2025/ROS2tutorial/ros_ws/install/self_interface/include/self_interface/self_interface/msg/detail/robot__builder.hpp
-- Up-to-date symlink: /home/qep/WorkSpace/RM2025/ROS2tutorial/ros_ws/install/self_interface/include/self_interface/self_interface/msg/detail/robot__struct.hpp
-- Up-to-date symlink: /home/qep/WorkSpace/RM2025/ROS2tutorial/ros_ws/install/self_interface/include/self_interface/self_interface/msg/detail/robot__traits.hpp
-- Up-to-date symlink: /home/qep/WorkSpace/RM2025/ROS2tutorial/ros_ws/install/self_interface/include/self_interface/self_interface/msg/robot.hpp
-- Up-to-date symlink: /home/qep/WorkSpace/RM2025/ROS2tutorial/ros_ws/install/self_interface/include/self_interface/self_interface/msg/detail/robot__rosidl_typesupport_fastrtps_cpp.hpp
-- Up-to-date symlink: /home/qep/WorkSpace/RM2025/ROS2tutorial/ros_ws/install/self_interface/include/self_interface/self_interface/msg/rosidl_typesupport_fastrtps_cpp__visibility_control.h
-- Up-to-date symlink: /home/qep/WorkSpace/RM2025/ROS2tutorial/ros_ws/install/self_interface/include/self_interface/self_interface/msg/detail/robot__rosidl_typesupport_introspection_cpp.hpp
-- Up-to-date symlink: /home/qep/WorkSpace/RM2025/ROS2tutorial/ros_ws/install/self_interface/share/self_interface/environment/pythonpath.sh
-- Up-to-date symlink: /home/qep/WorkSpace/RM2025/ROS2tutorial/ros_ws/install/self_interface/share/self_interface/environment/pythonpath.dsv
-- Up-to-date symlink: /home/qep/WorkSpace/RM2025/ROS2tutorial/ros_ws/install/self_interface/local/lib/python3.10/dist-packages/self_interface-0.0.0-py3.10.egg-info/PKG-INFO
-- Up-to-date symlink: /home/qep/WorkSpace/RM2025/ROS2tutorial/ros_ws/install/self_interface/local/lib/python3.10/dist-packages/self_interface-0.0.0-py3.10.egg-info/SOURCES.txt
-- Up-to-date symlink: /home/qep/WorkSpace/RM2025/ROS2tutorial/ros_ws/install/self_interface/local/lib/python3.10/dist-packages/self_interface-0.0.0-py3.10.egg-info/dependency_links.txt
-- Up-to-date symlink: /home/qep/WorkSpace/RM2025/ROS2tutorial/ros_ws/install/self_interface/local/lib/python3.10/dist-packages/self_interface-0.0.0-py3.10.egg-info/top_level.txt
-- Up-to-date symlink: /home/qep/WorkSpace/RM2025/ROS2tutorial/ros_ws/install/self_interface/local/lib/python3.10/dist-packages/self_interface/__init__.py
-- Up-to-date symlink: /home/qep/WorkSpace/RM2025/ROS2tutorial/ros_ws/install/self_interface/local/lib/python3.10/dist-packages/self_interface/_self_interface_s.ep.rosidl_typesupport_c.c
-- Up-to-date symlink: /home/qep/WorkSpace/RM2025/ROS2tutorial/ros_ws/install/self_interface/local/lib/python3.10/dist-packages/self_interface/_self_interface_s.ep.rosidl_typesupport_fastrtps_c.c
-- Up-to-date symlink: /home/qep/WorkSpace/RM2025/ROS2tutorial/ros_ws/install/self_interface/local/lib/python3.10/dist-packages/self_interface/_self_interface_s.ep.rosidl_typesupport_introspection_c.c
-- Up-to-date symlink: /home/qep/WorkSpace/RM2025/ROS2tutorial/ros_ws/install/self_interface/local/lib/python3.10/dist-packages/self_interface/libself_interface__rosidl_generator_py.so
-- Up-to-date symlink: /home/qep/WorkSpace/RM2025/ROS2tutorial/ros_ws/install/self_interface/local/lib/python3.10/dist-packages/self_interface/msg/__init__.py
-- Up-to-date symlink: /home/qep/WorkSpace/RM2025/ROS2tutorial/ros_ws/install/self_interface/local/lib/python3.10/dist-packages/self_interface/msg/_robot.py
-- Up-to-date symlink: /home/qep/WorkSpace/RM2025/ROS2tutorial/ros_ws/install/self_interface/local/lib/python3.10/dist-packages/self_interface/msg/_robot_s.c
-- Up-to-date symlink: /home/qep/WorkSpace/RM2025/ROS2tutorial/ros_ws/install/self_interface/local/lib/python3.10/dist-packages/self_interface/self_interface_s__rosidl_typesupport_c.cpython-310-x86_64-linux-gnu.so
-- Up-to-date symlink: /home/qep/WorkSpace/RM2025/ROS2tutorial/ros_ws/install/self_interface/local/lib/python3.10/dist-packages/self_interface/self_interface_s__rosidl_typesupport_fastrtps_c.cpython-310-x86_64-linux-gnu.so
-- Up-to-date symlink: /home/qep/WorkSpace/RM2025/ROS2tutorial/ros_ws/install/self_interface/local/lib/python3.10/dist-packages/self_interface/self_interface_s__rosidl_typesupport_introspection_c.cpython-310-x86_64-linux-gnu.so
-- Up-to-date symlink: /home/qep/WorkSpace/RM2025/ROS2tutorial/ros_ws/install/self_interface/local/lib/python3.10/dist-packages/self_interface/self_interface_s__rosidl_typesupport_fastrtps_c.cpython-310-x86_64-linux-gnu.so
-- Up-to-date symlink: /home/qep/WorkSpace/RM2025/ROS2tutorial/ros_ws/install/self_interface/local/lib/python3.10/dist-packages/self_interface/self_interface_s__rosidl_typesupport_introspection_c.cpython-310-x86_64-linux-gnu.so
-- Up-to-date symlink: /home/qep/WorkSpace/RM2025/ROS2tutorial/ros_ws/install/self_interface/local/lib/python3.10/dist-packages/self_interface/self_interface_s__rosidl_typesupport_c.cpython-310-x86_64-linux-gnu.so
-- Up-to-date symlink: /home/qep/WorkSpace/RM2025/ROS2tutorial/ros_ws/install/self_interface/share/self_interface/msg/Robot.idl
-- Up-to-date symlink: /home/qep/WorkSpace/RM2025/ROS2tutorial/ros_ws/install/self_interface/share/self_interface/msg/Robot.msg
-- Symlinking: /home/qep/WorkSpace/RM2025/ROS2tutorial/ros_ws/install/self_interface/lib/self_interface/robot_publisher
-- Up-to-date symlink: /home/qep/WorkSpace/RM2025/ROS2tutorial/ros_ws/install/self_interface/share/ament_index/resource_index/package_run_dependencies/self_interface
-- Up-to-date symlink: /home/qep/WorkSpace/RM2025/ROS2tutorial/ros_ws/install/self_interface/share/ament_index/resource_index/parent_prefix_path/self_interface
-- Up-to-date symlink: /home/qep/WorkSpace/RM2025/ROS2tutorial/ros_ws/install/self_interface/share/self_interface/environment/ament_prefix_path.sh
-- Up-to-date symlink: /home/qep/WorkSpace/RM2025/ROS2tutorial/ros_ws/install/self_interface/share/self_interface/environment/ament_prefix_path.dsv
-- Up-to-date symlink: /home/qep/WorkSpace/RM2025/ROS2tutorial/ros_ws/install/self_interface/share/self_interface/environment/path.sh
-- Up-to-date symlink: /home/qep/WorkSpace/RM2025/ROS2tutorial/ros_ws/install/self_interface/share/self_interface/environment/path.dsv
-- Up-to-date symlink: /home/qep/WorkSpace/RM2025/ROS2tutorial/ros_ws/install/self_interface/share/self_interface/local_setup.bash
-- Up-to-date symlink: /home/qep/WorkSpace/RM2025/ROS2tutorial/ros_ws/install/self_interface/share/self_interface/local_setup.sh
-- Up-to-date symlink: /home/qep/WorkSpace/RM2025/ROS2tutorial/ros_ws/install/self_interface/share/self_interface/local_setup.zsh
-- Up-to-date symlink: /home/qep/WorkSpace/RM2025/ROS2tutorial/ros_ws/install/self_interface/share/self_interface/local_setup.dsv
-- Symlinking: /home/qep/WorkSpace/RM2025/ROS2tutorial/ros_ws/install/self_interface/share/self_interface/package.dsv
-- Up-to-date symlink: /home/qep/WorkSpace/RM2025/ROS2tutorial/ros_ws/install/self_interface/share/ament_index/resource_index/packages/self_interface
-- Up-to-date symlink: /home/qep/WorkSpace/RM2025/ROS2tutorial/ros_ws/install/self_interface/share/self_interface/cmake/rosidl_cmake-extras.cmake
-- Up-to-date symlink: /home/qep/WorkSpace/RM2025/ROS2tutorial/ros_ws/install/self_interface/share/self_interface/cmake/ament_cmake_export_dependencies-extras.cmake
-- Up-to-date symlink: /home/qep/WorkSpace/RM2025/ROS2tutorial/ros_ws/install/self_interface/share/self_interface/cmake/ament_cmake_export_include_directories-extras.cmake
-- Up-to-date symlink: /home/qep/WorkSpace/RM2025/ROS2tutorial/ros_ws/install/self_interface/share/self_interface/cmake/ament_cmake_export_libraries-extras.cmake
-- Up-to-date symlink: /home/qep/WorkSpace/RM2025/ROS2tutorial/ros_ws/install/self_interface/share/self_interface/cmake/ament_cmake_export_targets-extras.cmake
-- Up-to-date symlink: /home/qep/WorkSpace/RM2025/ROS2tutorial/ros_ws/install/self_interface/share/self_interface/cmake/rosidl_cmake_export_typesupport_targets-extras.cmake
-- Up-to-date symlink: /home/qep/WorkSpace/RM2025/ROS2tutorial/ros_ws/install/self_interface/share/self_interface/cmake/rosidl_cmake_export_typesupport_libraries-extras.cmake
-- Up-to-date symlink: /home/qep/WorkSpace/RM2025/ROS2tutorial/ros_ws/install/self_interface/share/self_interface/cmake/self_interfaceConfig.cmake
-- Up-to-date symlink: /home/qep/WorkSpace/RM2025/ROS2tutorial/ros_ws/install/self_interface/share/self_interface/cmake/self_interfaceConfig-version.cmake
-- Up-to-date symlink: /home/qep/WorkSpace/RM2025/ROS2tutorial/ros_ws/install/self_interface/share/self_interface/package.xml
-- Installing: /home/qep/WorkSpace/RM2025/ROS2tutorial/ros_ws/install/self_interface/lib/libself_interface__rosidl_generator_c.so
-- Set runtime path of "/home/qep/WorkSpace/RM2025/ROS2tutorial/ros_ws/install/self_interface/lib/libself_interface__rosidl_generator_c.so" to ""
-- Installing: /home/qep/WorkSpace/RM2025/ROS2tutorial/ros_ws/install/self_interface/lib/libself_interface__rosidl_typesupport_fastrtps_c.so
-- Set runtime path of "/home/qep/WorkSpace/RM2025/ROS2tutorial/ros_ws/install/self_interface/lib/libself_interface__rosidl_typesupport_fastrtps_c.so" to ""
-- Installing: /home/qep/WorkSpace/RM2025/ROS2tutorial/ros_ws/install/self_interface/lib/libself_interface__rosidl_typesupport_introspection_c.so
-- Set runtime path of "/home/qep/WorkSpace/RM2025/ROS2tutorial/ros_ws/install/self_interface/lib/libself_interface__rosidl_typesupport_introspection_c.so" to ""
-- Installing: /home/qep/WorkSpace/RM2025/ROS2tutorial/ros_ws/install/self_interface/lib/libself_interface__rosidl_typesupport_c.so
-- Set runtime path of "/home/qep/WorkSpace/RM2025/ROS2tutorial/ros_ws/install/self_interface/lib/libself_interface__rosidl_typesupport_c.so" to ""
-- Installing: /home/qep/WorkSpace/RM2025/ROS2tutorial/ros_ws/install/self_interface/lib/libself_interface__rosidl_typesupport_fastrtps_cpp.so
-- Set runtime path of "/home/qep/WorkSpace/RM2025/ROS2tutorial/ros_ws/install/self_interface/lib/libself_interface__rosidl_typesupport_fastrtps_cpp.so" to ""
-- Installing: /home/qep/WorkSpace/RM2025/ROS2tutorial/ros_ws/install/self_interface/lib/libself_interface__rosidl_typesupport_introspection_cpp.so
-- Set runtime path of "/home/qep/WorkSpace/RM2025/ROS2tutorial/ros_ws/install/self_interface/lib/libself_interface__rosidl_typesupport_introspection_cpp.so" to ""
-- Installing: /home/qep/WorkSpace/RM2025/ROS2tutorial/ros_ws/install/self_interface/lib/libself_interface__rosidl_typesupport_cpp.so
-- Set runtime path of "/home/qep/WorkSpace/RM2025/ROS2tutorial/ros_ws/install/self_interface/lib/libself_interface__rosidl_typesupport_cpp.so" to ""
Listing '/home/qep/WorkSpace/RM2025/ROS2tutorial/ros_ws/install/self_interface/local/lib/python3.10/dist-packages/self_interface'...
Compiling '/home/qep/WorkSpace/RM2025/ROS2tutorial/ros_ws/install/self_interface/local/lib/python3.10/dist-packages/self_interface/__init__.py'...
Listing '/home/qep/WorkSpace/RM2025/ROS2tutorial/ros_ws/install/self_interface/local/lib/python3.10/dist-packages/self_interface/msg'...
-- Installing: /home/qep/WorkSpace/RM2025/ROS2tutorial/ros_ws/install/self_interface/lib/libself_interface__rosidl_generator_py.so
-- Set runtime path of "/home/qep/WorkSpace/RM2025/ROS2tutorial/ros_ws/install/self_interface/lib/libself_interface__rosidl_generator_py.so" to ""
-- Up-to-date: /home/qep/WorkSpace/RM2025/ROS2tutorial/ros_ws/install/self_interface/share/self_interface/cmake/export_self_interface__rosidl_generator_cExport.cmake
-- Up-to-date: /home/qep/WorkSpace/RM2025/ROS2tutorial/ros_ws/install/self_interface/share/self_interface/cmake/export_self_interface__rosidl_generator_cExport-noconfig.cmake
-- Up-to-date: /home/qep/WorkSpace/RM2025/ROS2tutorial/ros_ws/install/self_interface/share/self_interface/cmake/export_self_interface__rosidl_typesupport_fastrtps_cExport.cmake
-- Up-to-date: /home/qep/WorkSpace/RM2025/ROS2tutorial/ros_ws/install/self_interface/share/self_interface/cmake/export_self_interface__rosidl_typesupport_fastrtps_cExport-noconfig.cmake
-- Up-to-date: /home/qep/WorkSpace/RM2025/ROS2tutorial/ros_ws/install/self_interface/share/self_interface/cmake/self_interface__rosidl_typesupport_introspection_cExport.cmake
-- Up-to-date: /home/qep/WorkSpace/RM2025/ROS2tutorial/ros_ws/install/self_interface/share/self_interface/cmake/self_interface__rosidl_typesupport_introspection_cExport-noconfig.cmake
-- Up-to-date: /home/qep/WorkSpace/RM2025/ROS2tutorial/ros_ws/install/self_interface/share/self_interface/cmake/self_interface__rosidl_typesupport_cExport.cmake
-- Up-to-date: /home/qep/WorkSpace/RM2025/ROS2tutorial/ros_ws/install/self_interface/share/self_interface/cmake/self_interface__rosidl_typesupport_cExport-noconfig.cmake
-- Up-to-date: /home/qep/WorkSpace/RM2025/ROS2tutorial/ros_ws/install/self_interface/share/self_interface/cmake/export_self_interface__rosidl_generator_cppExport.cmake
-- Up-to-date: /home/qep/WorkSpace/RM2025/ROS2tutorial/ros_ws/install/self_interface/share/self_interface/cmake/export_self_interface__rosidl_typesupport_fastrtps_cppExport.cmake
-- Up-to-date: /home/qep/WorkSpace/RM2025/ROS2tutorial/ros_ws/install/self_interface/share/self_interface/cmake/export_self_interface__rosidl_typesupport_fastrtps_cppExport-noconfig.cmake
-- Up-to-date: /home/qep/WorkSpace/RM2025/ROS2tutorial/ros_ws/install/self_interface/share/self_interface/cmake/self_interface__rosidl_typesupport_introspection_cppExport.cmake
-- Up-to-date: /home/qep/WorkSpace/RM2025/ROS2tutorial/ros_ws/install/self_interface/share/self_interface/cmake/self_interface__rosidl_typesupport_introspection_cppExport-noconfig.cmake
-- Up-to-date: /home/qep/WorkSpace/RM2025/ROS2tutorial/ros_ws/install/self_interface/share/self_interface/cmake/self_interface__rosidl_typesupport_cppExport.cmake
-- Up-to-date: /home/qep/WorkSpace/RM2025/ROS2tutorial/ros_ws/install/self_interface/share/self_interface/cmake/self_interface__rosidl_typesupport_cppExport-noconfig.cmake
-- Up-to-date: /home/qep/WorkSpace/RM2025/ROS2tutorial/ros_ws/install/self_interface/share/self_interface/cmake/export_self_interface__rosidl_generator_pyExport.cmake
-- Up-to-date: /home/qep/WorkSpace/RM2025/ROS2tutorial/ros_ws/install/self_interface/share/self_interface/cmake/export_self_interface__rosidl_generator_pyExport-noconfig.cmake
