[0.008s] Invoking command in '/home/qep/WorkSpace/RM2025/ROS2tutorial/ros_ws/build/self_interface': CMAKE_PREFIX_PATH=${CMAKE_PREFIX_PATH}:/opt/ros/humble /usr/bin/cmake --build /home/qep/WorkSpace/RM2025/ROS2tutorial/ros_ws/build/self_interface -- -j20 -l20
[0.044s] [35m[1mConsolidate compiler generated dependencies of target self_interface__rosidl_generator_c[0m
[0.058s] [  3%] Built target self_interface__cpp
[0.060s] [ 12%] Built target self_interface__rosidl_generator_c
[0.065s] [ 12%] Built target ament_cmake_python_symlink_self_interface
[0.073s] [35m[1mConsolidate compiler generated dependencies of target self_interface__rosidl_typesupport_cpp[0m
[0.076s] [35m[1mConsolidate compiler generated dependencies of target self_interface__rosidl_typesupport_c[0m
[0.077s] [35m[1mConsolidate compiler generated dependencies of target self_interface__rosidl_typesupport_fastrtps_cpp[0m
[0.079s] [35m[1mConsolidate compiler generated dependencies of target self_interface__rosidl_typesupport_introspection_cpp[0m
[0.080s] [35m[1mConsolidate compiler generated dependencies of target self_interface__rosidl_typesupport_introspection_c[0m
[0.081s] [35m[1mConsolidate compiler generated dependencies of target self_interface__rosidl_typesupport_fastrtps_c[0m
[0.097s] [ 21%] Built target self_interface__rosidl_typesupport_c
[0.101s] [ 30%] Built target self_interface__rosidl_typesupport_cpp
[0.101s] [ 39%] Built target self_interface__rosidl_typesupport_fastrtps_cpp
[0.112s] [ 48%] Built target self_interface__rosidl_typesupport_introspection_c
[0.112s] [ 57%] Built target self_interface__rosidl_typesupport_introspection_cpp
[0.115s] [ 66%] Built target self_interface__rosidl_typesupport_fastrtps_c
[0.135s] [ 66%] Built target self_interface
[0.145s] [35m[1mConsolidate compiler generated dependencies of target robot_publisher[0m
[0.155s] [ 69%] Built target self_interface__py
[0.161s] [ 72%] [32mBuilding CXX object CMakeFiles/robot_publisher.dir/src/main.cpp.o[0m
[0.165s] [35m[1mConsolidate compiler generated dependencies of target self_interface__rosidl_generator_py[0m
[0.177s] [ 78%] Built target self_interface__rosidl_generator_py
[0.188s] [35m[1mConsolidate compiler generated dependencies of target self_interface__rosidl_typesupport_introspection_c__pyext[0m
[0.189s] [35m[1mConsolidate compiler generated dependencies of target self_interface__rosidl_typesupport_fastrtps_c__pyext[0m
[0.189s] [35m[1mConsolidate compiler generated dependencies of target self_interface__rosidl_typesupport_c__pyext[0m
[0.201s] [ 84%] Built target self_interface__rosidl_typesupport_introspection_c__pyext
[0.203s] [ 90%] Built target self_interface__rosidl_typesupport_fastrtps_c__pyext
[0.204s] [ 96%] Built target self_interface__rosidl_typesupport_c__pyext
[0.251s] running egg_info
[0.251s] writing self_interface.egg-info/PKG-INFO
[0.251s] writing dependency_links to self_interface.egg-info/dependency_links.txt
[0.252s] writing top-level names to self_interface.egg-info/top_level.txt
[0.253s] reading manifest file 'self_interface.egg-info/SOURCES.txt'
[0.253s] writing manifest file 'self_interface.egg-info/SOURCES.txt'
[0.271s] [ 96%] Built target ament_cmake_python_build_self_interface_egg
[2.730s] [100%] [32m[1mLinking CXX executable robot_publisher[0m
[2.866s] [100%] Built target robot_publisher
[2.877s] Invoked command in '/home/qep/WorkSpace/RM2025/ROS2tutorial/ros_ws/build/self_interface' returned '0': CMAKE_PREFIX_PATH=${CMAKE_PREFIX_PATH}:/opt/ros/humble /usr/bin/cmake --build /home/qep/WorkSpace/RM2025/ROS2tutorial/ros_ws/build/self_interface -- -j20 -l20
[2.967s] Invoking command in '/home/qep/WorkSpace/RM2025/ROS2tutorial/ros_ws/build/self_interface': CMAKE_PREFIX_PATH=${CMAKE_PREFIX_PATH}:/opt/ros/humble /usr/bin/cmake --install /home/qep/WorkSpace/RM2025/ROS2tutorial/ros_ws/build/self_interface
[2.977s] -- Install configuration: ""
[2.978s] -- Execute custom install script
[2.978s] -- Up-to-date symlink: /home/qep/WorkSpace/RM2025/ROS2tutorial/ros_ws/install/self_interface/share/ament_index/resource_index/rosidl_interfaces/self_interface
[2.979s] -- Up-to-date symlink: /home/qep/WorkSpace/RM2025/ROS2tutorial/ros_ws/install/self_interface/include/self_interface/self_interface/msg/detail/robot__functions.h
[2.979s] -- Up-to-date symlink: /home/qep/WorkSpace/RM2025/ROS2tutorial/ros_ws/install/self_interface/include/self_interface/self_interface/msg/detail/robot__struct.h
[2.979s] -- Up-to-date symlink: /home/qep/WorkSpace/RM2025/ROS2tutorial/ros_ws/install/self_interface/include/self_interface/self_interface/msg/detail/robot__type_support.h
[2.979s] -- Up-to-date symlink: /home/qep/WorkSpace/RM2025/ROS2tutorial/ros_ws/install/self_interface/include/self_interface/self_interface/msg/robot.h
[2.979s] -- Up-to-date symlink: /home/qep/WorkSpace/RM2025/ROS2tutorial/ros_ws/install/self_interface/include/self_interface/self_interface/msg/rosidl_generator_c__visibility_control.h
[2.980s] -- Up-to-date symlink: /home/qep/WorkSpace/RM2025/ROS2tutorial/ros_ws/install/self_interface/share/self_interface/environment/library_path.sh
[2.980s] -- Up-to-date symlink: /home/qep/WorkSpace/RM2025/ROS2tutorial/ros_ws/install/self_interface/share/self_interface/environment/library_path.dsv
[2.981s] -- Up-to-date symlink: /home/qep/WorkSpace/RM2025/ROS2tutorial/ros_ws/install/self_interface/include/self_interface/self_interface/msg/detail/robot__rosidl_typesupport_fastrtps_c.h
[2.981s] -- Up-to-date symlink: /home/qep/WorkSpace/RM2025/ROS2tutorial/ros_ws/install/self_interface/include/self_interface/self_interface/msg/rosidl_typesupport_fastrtps_c__visibility_control.h
[2.982s] -- Up-to-date symlink: /home/qep/WorkSpace/RM2025/ROS2tutorial/ros_ws/install/self_interface/include/self_interface/self_interface/msg/detail/robot__rosidl_typesupport_introspection_c.h
[2.982s] -- Up-to-date symlink: /home/qep/WorkSpace/RM2025/ROS2tutorial/ros_ws/install/self_interface/include/self_interface/self_interface/msg/rosidl_typesupport_introspection_c__visibility_control.h
[2.982s] -- Up-to-date symlink: /home/qep/WorkSpace/RM2025/ROS2tutorial/ros_ws/install/self_interface/include/self_interface/self_interface/msg/detail/robot__builder.hpp
[2.982s] -- Up-to-date symlink: /home/qep/WorkSpace/RM2025/ROS2tutorial/ros_ws/install/self_interface/include/self_interface/self_interface/msg/detail/robot__struct.hpp
[2.982s] -- Up-to-date symlink: /home/qep/WorkSpace/RM2025/ROS2tutorial/ros_ws/install/self_interface/include/self_interface/self_interface/msg/detail/robot__traits.hpp
[2.982s] -- Up-to-date symlink: /home/qep/WorkSpace/RM2025/ROS2tutorial/ros_ws/install/self_interface/include/self_interface/self_interface/msg/robot.hpp
[2.983s] -- Up-to-date symlink: /home/qep/WorkSpace/RM2025/ROS2tutorial/ros_ws/install/self_interface/include/self_interface/self_interface/msg/detail/robot__rosidl_typesupport_fastrtps_cpp.hpp
[2.983s] -- Up-to-date symlink: /home/qep/WorkSpace/RM2025/ROS2tutorial/ros_ws/install/self_interface/include/self_interface/self_interface/msg/rosidl_typesupport_fastrtps_cpp__visibility_control.h
[2.983s] -- Up-to-date symlink: /home/qep/WorkSpace/RM2025/ROS2tutorial/ros_ws/install/self_interface/include/self_interface/self_interface/msg/detail/robot__rosidl_typesupport_introspection_cpp.hpp
[2.984s] -- Up-to-date symlink: /home/qep/WorkSpace/RM2025/ROS2tutorial/ros_ws/install/self_interface/share/self_interface/environment/pythonpath.sh
[2.984s] -- Up-to-date symlink: /home/qep/WorkSpace/RM2025/ROS2tutorial/ros_ws/install/self_interface/share/self_interface/environment/pythonpath.dsv
[2.984s] -- Up-to-date symlink: /home/qep/WorkSpace/RM2025/ROS2tutorial/ros_ws/install/self_interface/local/lib/python3.10/dist-packages/self_interface-0.0.0-py3.10.egg-info/PKG-INFO
[2.984s] -- Up-to-date symlink: /home/qep/WorkSpace/RM2025/ROS2tutorial/ros_ws/install/self_interface/local/lib/python3.10/dist-packages/self_interface-0.0.0-py3.10.egg-info/SOURCES.txt
[2.984s] -- Up-to-date symlink: /home/qep/WorkSpace/RM2025/ROS2tutorial/ros_ws/install/self_interface/local/lib/python3.10/dist-packages/self_interface-0.0.0-py3.10.egg-info/dependency_links.txt
[2.984s] -- Up-to-date symlink: /home/qep/WorkSpace/RM2025/ROS2tutorial/ros_ws/install/self_interface/local/lib/python3.10/dist-packages/self_interface-0.0.0-py3.10.egg-info/top_level.txt
[2.985s] -- Up-to-date symlink: /home/qep/WorkSpace/RM2025/ROS2tutorial/ros_ws/install/self_interface/local/lib/python3.10/dist-packages/self_interface/__init__.py
[2.985s] -- Up-to-date symlink: /home/qep/WorkSpace/RM2025/ROS2tutorial/ros_ws/install/self_interface/local/lib/python3.10/dist-packages/self_interface/_self_interface_s.ep.rosidl_typesupport_c.c
[2.985s] -- Up-to-date symlink: /home/qep/WorkSpace/RM2025/ROS2tutorial/ros_ws/install/self_interface/local/lib/python3.10/dist-packages/self_interface/_self_interface_s.ep.rosidl_typesupport_fastrtps_c.c
[2.985s] -- Up-to-date symlink: /home/qep/WorkSpace/RM2025/ROS2tutorial/ros_ws/install/self_interface/local/lib/python3.10/dist-packages/self_interface/_self_interface_s.ep.rosidl_typesupport_introspection_c.c
[2.985s] -- Up-to-date symlink: /home/qep/WorkSpace/RM2025/ROS2tutorial/ros_ws/install/self_interface/local/lib/python3.10/dist-packages/self_interface/libself_interface__rosidl_generator_py.so
[2.986s] -- Up-to-date symlink: /home/qep/WorkSpace/RM2025/ROS2tutorial/ros_ws/install/self_interface/local/lib/python3.10/dist-packages/self_interface/msg/__init__.py
[2.986s] -- Up-to-date symlink: /home/qep/WorkSpace/RM2025/ROS2tutorial/ros_ws/install/self_interface/local/lib/python3.10/dist-packages/self_interface/msg/_robot.py
[2.986s] -- Up-to-date symlink: /home/qep/WorkSpace/RM2025/ROS2tutorial/ros_ws/install/self_interface/local/lib/python3.10/dist-packages/self_interface/msg/_robot_s.c
[2.986s] -- Up-to-date symlink: /home/qep/WorkSpace/RM2025/ROS2tutorial/ros_ws/install/self_interface/local/lib/python3.10/dist-packages/self_interface/self_interface_s__rosidl_typesupport_c.cpython-310-x86_64-linux-gnu.so
[2.986s] -- Up-to-date symlink: /home/qep/WorkSpace/RM2025/ROS2tutorial/ros_ws/install/self_interface/local/lib/python3.10/dist-packages/self_interface/self_interface_s__rosidl_typesupport_fastrtps_c.cpython-310-x86_64-linux-gnu.so
[2.986s] -- Up-to-date symlink: /home/qep/WorkSpace/RM2025/ROS2tutorial/ros_ws/install/self_interface/local/lib/python3.10/dist-packages/self_interface/self_interface_s__rosidl_typesupport_introspection_c.cpython-310-x86_64-linux-gnu.so
[2.986s] -- Up-to-date symlink: /home/qep/WorkSpace/RM2025/ROS2tutorial/ros_ws/install/self_interface/local/lib/python3.10/dist-packages/self_interface/self_interface_s__rosidl_typesupport_fastrtps_c.cpython-310-x86_64-linux-gnu.so
[2.986s] -- Up-to-date symlink: /home/qep/WorkSpace/RM2025/ROS2tutorial/ros_ws/install/self_interface/local/lib/python3.10/dist-packages/self_interface/self_interface_s__rosidl_typesupport_introspection_c.cpython-310-x86_64-linux-gnu.so
[2.987s] -- Up-to-date symlink: /home/qep/WorkSpace/RM2025/ROS2tutorial/ros_ws/install/self_interface/local/lib/python3.10/dist-packages/self_interface/self_interface_s__rosidl_typesupport_c.cpython-310-x86_64-linux-gnu.so
[2.987s] -- Up-to-date symlink: /home/qep/WorkSpace/RM2025/ROS2tutorial/ros_ws/install/self_interface/share/self_interface/msg/Robot.idl
[2.987s] -- Up-to-date symlink: /home/qep/WorkSpace/RM2025/ROS2tutorial/ros_ws/install/self_interface/share/self_interface/msg/Robot.msg
[2.987s] -- Symlinking: /home/qep/WorkSpace/RM2025/ROS2tutorial/ros_ws/install/self_interface/lib/self_interface/robot_publisher
[2.996s] -- Up-to-date symlink: /home/qep/WorkSpace/RM2025/ROS2tutorial/ros_ws/install/self_interface/share/ament_index/resource_index/package_run_dependencies/self_interface
[2.996s] -- Up-to-date symlink: /home/qep/WorkSpace/RM2025/ROS2tutorial/ros_ws/install/self_interface/share/ament_index/resource_index/parent_prefix_path/self_interface
[2.996s] -- Up-to-date symlink: /home/qep/WorkSpace/RM2025/ROS2tutorial/ros_ws/install/self_interface/share/self_interface/environment/ament_prefix_path.sh
[2.996s] -- Up-to-date symlink: /home/qep/WorkSpace/RM2025/ROS2tutorial/ros_ws/install/self_interface/share/self_interface/environment/ament_prefix_path.dsv
[2.996s] -- Up-to-date symlink: /home/qep/WorkSpace/RM2025/ROS2tutorial/ros_ws/install/self_interface/share/self_interface/environment/path.sh
[2.996s] -- Up-to-date symlink: /home/qep/WorkSpace/RM2025/ROS2tutorial/ros_ws/install/self_interface/share/self_interface/environment/path.dsv
[2.996s] -- Up-to-date symlink: /home/qep/WorkSpace/RM2025/ROS2tutorial/ros_ws/install/self_interface/share/self_interface/local_setup.bash
[2.996s] -- Up-to-date symlink: /home/qep/WorkSpace/RM2025/ROS2tutorial/ros_ws/install/self_interface/share/self_interface/local_setup.sh
[2.997s] -- Up-to-date symlink: /home/qep/WorkSpace/RM2025/ROS2tutorial/ros_ws/install/self_interface/share/self_interface/local_setup.zsh
[2.997s] -- Up-to-date symlink: /home/qep/WorkSpace/RM2025/ROS2tutorial/ros_ws/install/self_interface/share/self_interface/local_setup.dsv
[2.997s] -- Symlinking: /home/qep/WorkSpace/RM2025/ROS2tutorial/ros_ws/install/self_interface/share/self_interface/package.dsv
[3.005s] -- Up-to-date symlink: /home/qep/WorkSpace/RM2025/ROS2tutorial/ros_ws/install/self_interface/share/ament_index/resource_index/packages/self_interface
[3.005s] -- Up-to-date symlink: /home/qep/WorkSpace/RM2025/ROS2tutorial/ros_ws/install/self_interface/share/self_interface/cmake/rosidl_cmake-extras.cmake
[3.005s] -- Up-to-date symlink: /home/qep/WorkSpace/RM2025/ROS2tutorial/ros_ws/install/self_interface/share/self_interface/cmake/ament_cmake_export_dependencies-extras.cmake
[3.005s] -- Up-to-date symlink: /home/qep/WorkSpace/RM2025/ROS2tutorial/ros_ws/install/self_interface/share/self_interface/cmake/ament_cmake_export_include_directories-extras.cmake
[3.005s] -- Up-to-date symlink: /home/qep/WorkSpace/RM2025/ROS2tutorial/ros_ws/install/self_interface/share/self_interface/cmake/ament_cmake_export_libraries-extras.cmake
[3.005s] -- Up-to-date symlink: /home/qep/WorkSpace/RM2025/ROS2tutorial/ros_ws/install/self_interface/share/self_interface/cmake/ament_cmake_export_targets-extras.cmake
[3.005s] -- Up-to-date symlink: /home/qep/WorkSpace/RM2025/ROS2tutorial/ros_ws/install/self_interface/share/self_interface/cmake/rosidl_cmake_export_typesupport_targets-extras.cmake
[3.005s] -- Up-to-date symlink: /home/qep/WorkSpace/RM2025/ROS2tutorial/ros_ws/install/self_interface/share/self_interface/cmake/rosidl_cmake_export_typesupport_libraries-extras.cmake
[3.006s] -- Up-to-date symlink: /home/qep/WorkSpace/RM2025/ROS2tutorial/ros_ws/install/self_interface/share/self_interface/cmake/self_interfaceConfig.cmake
[3.006s] -- Up-to-date symlink: /home/qep/WorkSpace/RM2025/ROS2tutorial/ros_ws/install/self_interface/share/self_interface/cmake/self_interfaceConfig-version.cmake
[3.006s] -- Up-to-date symlink: /home/qep/WorkSpace/RM2025/ROS2tutorial/ros_ws/install/self_interface/share/self_interface/package.xml
[3.006s] -- Installing: /home/qep/WorkSpace/RM2025/ROS2tutorial/ros_ws/install/self_interface/lib/libself_interface__rosidl_generator_c.so
[3.006s] -- Set runtime path of "/home/qep/WorkSpace/RM2025/ROS2tutorial/ros_ws/install/self_interface/lib/libself_interface__rosidl_generator_c.so" to ""
[3.006s] -- Installing: /home/qep/WorkSpace/RM2025/ROS2tutorial/ros_ws/install/self_interface/lib/libself_interface__rosidl_typesupport_fastrtps_c.so
[3.006s] -- Set runtime path of "/home/qep/WorkSpace/RM2025/ROS2tutorial/ros_ws/install/self_interface/lib/libself_interface__rosidl_typesupport_fastrtps_c.so" to ""
[3.006s] -- Installing: /home/qep/WorkSpace/RM2025/ROS2tutorial/ros_ws/install/self_interface/lib/libself_interface__rosidl_typesupport_introspection_c.so
[3.006s] -- Set runtime path of "/home/qep/WorkSpace/RM2025/ROS2tutorial/ros_ws/install/self_interface/lib/libself_interface__rosidl_typesupport_introspection_c.so" to ""
[3.007s] -- Installing: /home/qep/WorkSpace/RM2025/ROS2tutorial/ros_ws/install/self_interface/lib/libself_interface__rosidl_typesupport_c.so
[3.007s] -- Set runtime path of "/home/qep/WorkSpace/RM2025/ROS2tutorial/ros_ws/install/self_interface/lib/libself_interface__rosidl_typesupport_c.so" to ""
[3.007s] -- Installing: /home/qep/WorkSpace/RM2025/ROS2tutorial/ros_ws/install/self_interface/lib/libself_interface__rosidl_typesupport_fastrtps_cpp.so
[3.007s] -- Set runtime path of "/home/qep/WorkSpace/RM2025/ROS2tutorial/ros_ws/install/self_interface/lib/libself_interface__rosidl_typesupport_fastrtps_cpp.so" to ""
[3.007s] -- Installing: /home/qep/WorkSpace/RM2025/ROS2tutorial/ros_ws/install/self_interface/lib/libself_interface__rosidl_typesupport_introspection_cpp.so
[3.007s] -- Set runtime path of "/home/qep/WorkSpace/RM2025/ROS2tutorial/ros_ws/install/self_interface/lib/libself_interface__rosidl_typesupport_introspection_cpp.so" to ""
[3.007s] -- Installing: /home/qep/WorkSpace/RM2025/ROS2tutorial/ros_ws/install/self_interface/lib/libself_interface__rosidl_typesupport_cpp.so
[3.007s] -- Set runtime path of "/home/qep/WorkSpace/RM2025/ROS2tutorial/ros_ws/install/self_interface/lib/libself_interface__rosidl_typesupport_cpp.so" to ""
[3.029s] Listing '/home/qep/WorkSpace/RM2025/ROS2tutorial/ros_ws/install/self_interface/local/lib/python3.10/dist-packages/self_interface'...
[3.029s] Compiling '/home/qep/WorkSpace/RM2025/ROS2tutorial/ros_ws/install/self_interface/local/lib/python3.10/dist-packages/self_interface/__init__.py'...
[3.030s] Listing '/home/qep/WorkSpace/RM2025/ROS2tutorial/ros_ws/install/self_interface/local/lib/python3.10/dist-packages/self_interface/msg'...
[3.032s] -- Installing: /home/qep/WorkSpace/RM2025/ROS2tutorial/ros_ws/install/self_interface/lib/libself_interface__rosidl_generator_py.so
[3.033s] -- Set runtime path of "/home/qep/WorkSpace/RM2025/ROS2tutorial/ros_ws/install/self_interface/lib/libself_interface__rosidl_generator_py.so" to ""
[3.033s] -- Up-to-date: /home/qep/WorkSpace/RM2025/ROS2tutorial/ros_ws/install/self_interface/share/self_interface/cmake/export_self_interface__rosidl_generator_cExport.cmake
[3.033s] -- Up-to-date: /home/qep/WorkSpace/RM2025/ROS2tutorial/ros_ws/install/self_interface/share/self_interface/cmake/export_self_interface__rosidl_generator_cExport-noconfig.cmake
[3.033s] -- Up-to-date: /home/qep/WorkSpace/RM2025/ROS2tutorial/ros_ws/install/self_interface/share/self_interface/cmake/export_self_interface__rosidl_typesupport_fastrtps_cExport.cmake
[3.033s] -- Up-to-date: /home/qep/WorkSpace/RM2025/ROS2tutorial/ros_ws/install/self_interface/share/self_interface/cmake/export_self_interface__rosidl_typesupport_fastrtps_cExport-noconfig.cmake
[3.033s] -- Up-to-date: /home/qep/WorkSpace/RM2025/ROS2tutorial/ros_ws/install/self_interface/share/self_interface/cmake/self_interface__rosidl_typesupport_introspection_cExport.cmake
[3.034s] -- Up-to-date: /home/qep/WorkSpace/RM2025/ROS2tutorial/ros_ws/install/self_interface/share/self_interface/cmake/self_interface__rosidl_typesupport_introspection_cExport-noconfig.cmake
[3.034s] -- Up-to-date: /home/qep/WorkSpace/RM2025/ROS2tutorial/ros_ws/install/self_interface/share/self_interface/cmake/self_interface__rosidl_typesupport_cExport.cmake
[3.034s] -- Up-to-date: /home/qep/WorkSpace/RM2025/ROS2tutorial/ros_ws/install/self_interface/share/self_interface/cmake/self_interface__rosidl_typesupport_cExport-noconfig.cmake
[3.034s] -- Up-to-date: /home/qep/WorkSpace/RM2025/ROS2tutorial/ros_ws/install/self_interface/share/self_interface/cmake/export_self_interface__rosidl_generator_cppExport.cmake
[3.034s] -- Up-to-date: /home/qep/WorkSpace/RM2025/ROS2tutorial/ros_ws/install/self_interface/share/self_interface/cmake/export_self_interface__rosidl_typesupport_fastrtps_cppExport.cmake
[3.034s] -- Up-to-date: /home/qep/WorkSpace/RM2025/ROS2tutorial/ros_ws/install/self_interface/share/self_interface/cmake/export_self_interface__rosidl_typesupport_fastrtps_cppExport-noconfig.cmake
[3.034s] -- Up-to-date: /home/qep/WorkSpace/RM2025/ROS2tutorial/ros_ws/install/self_interface/share/self_interface/cmake/self_interface__rosidl_typesupport_introspection_cppExport.cmake
[3.034s] -- Up-to-date: /home/qep/WorkSpace/RM2025/ROS2tutorial/ros_ws/install/self_interface/share/self_interface/cmake/self_interface__rosidl_typesupport_introspection_cppExport-noconfig.cmake
[3.034s] -- Up-to-date: /home/qep/WorkSpace/RM2025/ROS2tutorial/ros_ws/install/self_interface/share/self_interface/cmake/self_interface__rosidl_typesupport_cppExport.cmake
[3.034s] -- Up-to-date: /home/qep/WorkSpace/RM2025/ROS2tutorial/ros_ws/install/self_interface/share/self_interface/cmake/self_interface__rosidl_typesupport_cppExport-noconfig.cmake
[3.034s] -- Up-to-date: /home/qep/WorkSpace/RM2025/ROS2tutorial/ros_ws/install/self_interface/share/self_interface/cmake/export_self_interface__rosidl_generator_pyExport.cmake
[3.035s] -- Up-to-date: /home/qep/WorkSpace/RM2025/ROS2tutorial/ros_ws/install/self_interface/share/self_interface/cmake/export_self_interface__rosidl_generator_pyExport-noconfig.cmake
[3.036s] Invoked command in '/home/qep/WorkSpace/RM2025/ROS2tutorial/ros_ws/build/self_interface' returned '0': CMAKE_PREFIX_PATH=${CMAKE_PREFIX_PATH}:/opt/ros/humble /usr/bin/cmake --install /home/qep/WorkSpace/RM2025/ROS2tutorial/ros_ws/build/self_interface
