[0.007s] Invoking command in '/home/qep/WorkSpace/RM2025/ROS2tutorial/ros_ws/build/self_interface': CMAKE_PREFIX_PATH=/opt/ros/humble /usr/bin/cmake --build /home/qep/WorkSpace/RM2025/ROS2tutorial/ros_ws/build/self_interface -- -j20 -l20
[0.062s] [  3%] [32mBuilding CXX object CMakeFiles/robot_publisher.dir/src/main.cpp.o[0m
[0.063s] [  6%] Built target self_interface__cpp
[0.065s] [ 15%] Built target self_interface__rosidl_generator_c
[0.068s] [ 15%] Built target ament_cmake_python_symlink_self_interface
[0.096s] [ 24%] Built target self_interface__rosidl_typesupport_cpp
[0.097s] [ 33%] Built target self_interface__rosidl_typesupport_c
[0.102s] [ 42%] Built target self_interface__rosidl_typesupport_introspection_c
[0.102s] [ 51%] Built target self_interface__rosidl_typesupport_introspection_cpp
[0.104s] [ 60%] Built target self_interface__rosidl_typesupport_fastrtps_c
[0.105s] [ 69%] Built target self_interface__rosidl_typesupport_fastrtps_cpp
[0.124s] [ 69%] Built target self_interface
[0.140s] [ 72%] Built target self_interface__py
[0.158s] [ 75%] [32mBuilding C object CMakeFiles/self_interface__rosidl_generator_py.dir/rosidl_generator_py/self_interface/msg/_robot_s.c.o[0m
[0.196s] [01m[K/home/qep/WorkSpace/RM2025/ROS2tutorial/ros_ws/src/self_interface/src/main.cpp:2:10:[m[K [01;31m[Kfatal error: [m[Kself_interface/msg/robot.hpp: No such file or directory
[0.196s]     2 | #include [01;31m[K"self_interface/msg/robot.hpp"[m[K
[0.196s]       |          [01;31m[K^~~~~~~~~~~~~~~~~~~~~~~~~~~~~~[m[K
[0.196s] compilation terminated.
[0.197s] gmake[2]: *** [CMakeFiles/robot_publisher.dir/build.make:76: CMakeFiles/robot_publisher.dir/src/main.cpp.o] Error 1
[0.197s] gmake[1]: *** [CMakeFiles/Makefile2:592: CMakeFiles/robot_publisher.dir/all] Error 2
[0.197s] gmake[1]: *** Waiting for unfinished jobs....
[0.231s] running egg_info
[0.231s] writing self_interface.egg-info/PKG-INFO
[0.231s] writing dependency_links to self_interface.egg-info/dependency_links.txt
[0.232s] writing top-level names to self_interface.egg-info/top_level.txt
[0.233s] reading manifest file 'self_interface.egg-info/SOURCES.txt'
[0.233s] writing manifest file 'self_interface.egg-info/SOURCES.txt'
[0.250s] [ 75%] Built target ament_cmake_python_build_self_interface_egg
[0.272s] [ 78%] [32m[1mLinking C shared library rosidl_generator_py/self_interface/libself_interface__rosidl_generator_py.so[0m
[0.315s] [ 78%] Built target self_interface__rosidl_generator_py
[0.316s] gmake: *** [Makefile:146: all] Error 2
[0.318s] Invoked command in '/home/qep/WorkSpace/RM2025/ROS2tutorial/ros_ws/build/self_interface' returned '2': CMAKE_PREFIX_PATH=/opt/ros/humble /usr/bin/cmake --build /home/qep/WorkSpace/RM2025/ROS2tutorial/ros_ws/build/self_interface -- -j20 -l20
