[0.007s] Invoking command in '/home/qep/WorkSpace/RM2025/ROS2tutorial/ros_ws/build/robot_status': AMENT_PREFIX_PATH=/home/qep/WorkSpace/RM2025/ROS2tutorial/ros_ws/install/my_interface:${AMENT_PREFIX_PATH} CMAKE_PREFIX_PATH=/home/qep/WorkSpace/RM2025/ROS2tutorial/ros_ws/install/my_interface:/opt/ros/humble LD_LIBRARY_PATH=/home/qep/WorkSpace/RM2025/ROS2tutorial/ros_ws/install/my_interface/lib:${LD_LIBRARY_PATH} PYTHONPATH=/home/qep/WorkSpace/RM2025/ROS2tutorial/ros_ws/install/my_interface/local/lib/python3.10/dist-packages:${PYTHONPATH} /usr/bin/cmake /home/qep/WorkSpace/RM2025/ROS2tutorial/ros_ws/src/robot_status -DAMENT_CMAKE_SYMLINK_INSTALL=1 -DCMAKE_INSTALL_PREFIX=/home/qep/WorkSpace/RM2025/ROS2tutorial/ros_ws/install/robot_status
[0.056s] -- The C compiler identification is GNU 11.4.0
[0.104s] -- The CXX compiler identification is GNU 11.4.0
[0.110s] -- Detecting C compiler ABI info
[0.165s] -- Detecting C compiler ABI info - done
[0.171s] -- Check for working C compiler: /usr/bin/cc - skipped
[0.171s] -- Detecting C compile features
[0.172s] -- Detecting C compile features - done
[0.174s] -- Detecting CXX compiler ABI info
[0.241s] -- Detecting CXX compiler ABI info - done
[0.251s] -- Check for working CXX compiler: /usr/bin/c++ - skipped
[0.251s] -- Detecting CXX compile features
[0.252s] -- Detecting CXX compile features - done
[0.253s] -- Found ament_cmake: 1.3.10 (/opt/ros/humble/share/ament_cmake/cmake)
[0.401s] -- Found Python3: /usr/bin/python3 (found version "3.10.12") found components: Interpreter 
[0.446s] -- Override CMake install command with custom implementation using symlinks instead of copying resources
[0.462s] -- Found rclcpp: 16.0.10 (/opt/ros/humble/share/rclcpp/cmake)
[0.489s] -- Found rosidl_generator_c: 3.1.5 (/opt/ros/humble/share/rosidl_generator_c/cmake)
[0.491s] -- Found rosidl_adapter: 3.1.5 (/opt/ros/humble/share/rosidl_adapter/cmake)
[0.496s] -- Found rosidl_generator_cpp: 3.1.5 (/opt/ros/humble/share/rosidl_generator_cpp/cmake)
[0.504s] -- Using all available rosidl_typesupport_c: rosidl_typesupport_fastrtps_c;rosidl_typesupport_introspection_c
[0.513s] -- Using all available rosidl_typesupport_cpp: rosidl_typesupport_fastrtps_cpp;rosidl_typesupport_introspection_cpp
[0.539s] -- Found rmw_implementation_cmake: 6.1.2 (/opt/ros/humble/share/rmw_implementation_cmake/cmake)
[0.540s] -- Found rmw_fastrtps_cpp: 6.2.7 (/opt/ros/humble/share/rmw_fastrtps_cpp/cmake)
[0.611s] -- Found OpenSSL: /usr/lib/x86_64-linux-gnu/libcrypto.so (found version "3.0.2")  
[0.632s] -- Found FastRTPS: /opt/ros/humble/include  
[0.667s] -- Using RMW implementation 'rmw_fastrtps_cpp' as default
[0.674s] -- Looking for pthread.h
[0.741s] -- Looking for pthread.h - found
[0.742s] -- Performing Test CMAKE_HAVE_LIBC_PTHREAD
[0.802s] -- Performing Test CMAKE_HAVE_LIBC_PTHREAD - Success
[0.803s] -- Found Threads: TRUE  
[0.836s] -- Found my_interface: 0.0.0 (/home/qep/WorkSpace/RM2025/ROS2tutorial/ros_ws/install/my_interface/share/my_interface/cmake)
[0.856s] -- Found ament_lint_auto: 0.12.11 (/opt/ros/humble/share/ament_lint_auto/cmake)
[0.908s] -- Added test 'cppcheck' to perform static code analysis on C / C++ code
[0.908s] -- Configured cppcheck include dirs: 
[0.909s] -- Configured cppcheck exclude dirs and/or files: 
[0.909s] -- Added test 'lint_cmake' to check CMake code style
[0.909s] -- Added test 'uncrustify' to check C / C++ code style
[0.909s] -- Configured uncrustify additional arguments: 
[0.910s] -- Added test 'xmllint' to check XML markup files
[0.910s] -- Configuring done
[0.917s] -- Generating done
[0.918s] -- Build files have been written to: /home/qep/WorkSpace/RM2025/ROS2tutorial/ros_ws/build/robot_status
[0.925s] Invoked command in '/home/qep/WorkSpace/RM2025/ROS2tutorial/ros_ws/build/robot_status' returned '0': AMENT_PREFIX_PATH=/home/qep/WorkSpace/RM2025/ROS2tutorial/ros_ws/install/my_interface:${AMENT_PREFIX_PATH} CMAKE_PREFIX_PATH=/home/qep/WorkSpace/RM2025/ROS2tutorial/ros_ws/install/my_interface:/opt/ros/humble LD_LIBRARY_PATH=/home/qep/WorkSpace/RM2025/ROS2tutorial/ros_ws/install/my_interface/lib:${LD_LIBRARY_PATH} PYTHONPATH=/home/qep/WorkSpace/RM2025/ROS2tutorial/ros_ws/install/my_interface/local/lib/python3.10/dist-packages:${PYTHONPATH} /usr/bin/cmake /home/qep/WorkSpace/RM2025/ROS2tutorial/ros_ws/src/robot_status -DAMENT_CMAKE_SYMLINK_INSTALL=1 -DCMAKE_INSTALL_PREFIX=/home/qep/WorkSpace/RM2025/ROS2tutorial/ros_ws/install/robot_status
[0.927s] Invoking command in '/home/qep/WorkSpace/RM2025/ROS2tutorial/ros_ws/build/robot_status': AMENT_PREFIX_PATH=/home/qep/WorkSpace/RM2025/ROS2tutorial/ros_ws/install/my_interface:${AMENT_PREFIX_PATH} CMAKE_PREFIX_PATH=/home/qep/WorkSpace/RM2025/ROS2tutorial/ros_ws/install/my_interface:/opt/ros/humble LD_LIBRARY_PATH=/home/qep/WorkSpace/RM2025/ROS2tutorial/ros_ws/install/my_interface/lib:${LD_LIBRARY_PATH} PYTHONPATH=/home/qep/WorkSpace/RM2025/ROS2tutorial/ros_ws/install/my_interface/local/lib/python3.10/dist-packages:${PYTHONPATH} /usr/bin/cmake --build /home/qep/WorkSpace/RM2025/ROS2tutorial/ros_ws/build/robot_status -- -j20 -l20
[0.977s] [ 50%] [32mBuilding CXX object CMakeFiles/robot_publisher.dir/src/publisher.cpp.o[0m
[3.708s] [100%] [32m[1mLinking CXX executable robot_publisher[0m
[3.849s] [100%] Built target robot_publisher
[3.862s] Invoked command in '/home/qep/WorkSpace/RM2025/ROS2tutorial/ros_ws/build/robot_status' returned '0': AMENT_PREFIX_PATH=/home/qep/WorkSpace/RM2025/ROS2tutorial/ros_ws/install/my_interface:${AMENT_PREFIX_PATH} CMAKE_PREFIX_PATH=/home/qep/WorkSpace/RM2025/ROS2tutorial/ros_ws/install/my_interface:/opt/ros/humble LD_LIBRARY_PATH=/home/qep/WorkSpace/RM2025/ROS2tutorial/ros_ws/install/my_interface/lib:${LD_LIBRARY_PATH} PYTHONPATH=/home/qep/WorkSpace/RM2025/ROS2tutorial/ros_ws/install/my_interface/local/lib/python3.10/dist-packages:${PYTHONPATH} /usr/bin/cmake --build /home/qep/WorkSpace/RM2025/ROS2tutorial/ros_ws/build/robot_status -- -j20 -l20
[3.909s] Invoking command in '/home/qep/WorkSpace/RM2025/ROS2tutorial/ros_ws/build/robot_status': AMENT_PREFIX_PATH=/home/qep/WorkSpace/RM2025/ROS2tutorial/ros_ws/install/my_interface:${AMENT_PREFIX_PATH} CMAKE_PREFIX_PATH=/home/qep/WorkSpace/RM2025/ROS2tutorial/ros_ws/install/my_interface:/opt/ros/humble LD_LIBRARY_PATH=/home/qep/WorkSpace/RM2025/ROS2tutorial/ros_ws/install/my_interface/lib:${LD_LIBRARY_PATH} PYTHONPATH=/home/qep/WorkSpace/RM2025/ROS2tutorial/ros_ws/install/my_interface/local/lib/python3.10/dist-packages:${PYTHONPATH} /usr/bin/cmake --install /home/qep/WorkSpace/RM2025/ROS2tutorial/ros_ws/build/robot_status
[3.918s] -- Install configuration: ""
[3.918s] -- Execute custom install script
[3.919s] -- Symlinking: /home/qep/WorkSpace/RM2025/ROS2tutorial/ros_ws/install/robot_status/lib/robot_status/robot_publisher
[3.930s] -- Symlinking: /home/qep/WorkSpace/RM2025/ROS2tutorial/ros_ws/install/robot_status/share/ament_index/resource_index/package_run_dependencies/robot_status
[3.941s] -- Symlinking: /home/qep/WorkSpace/RM2025/ROS2tutorial/ros_ws/install/robot_status/share/ament_index/resource_index/parent_prefix_path/robot_status
[3.954s] -- Symlinking: /home/qep/WorkSpace/RM2025/ROS2tutorial/ros_ws/install/robot_status/share/robot_status/environment/ament_prefix_path.sh
[3.970s] -- Symlinking: /home/qep/WorkSpace/RM2025/ROS2tutorial/ros_ws/install/robot_status/share/robot_status/environment/ament_prefix_path.dsv
[3.986s] -- Symlinking: /home/qep/WorkSpace/RM2025/ROS2tutorial/ros_ws/install/robot_status/share/robot_status/environment/path.sh
[3.999s] -- Symlinking: /home/qep/WorkSpace/RM2025/ROS2tutorial/ros_ws/install/robot_status/share/robot_status/environment/path.dsv
[4.012s] -- Symlinking: /home/qep/WorkSpace/RM2025/ROS2tutorial/ros_ws/install/robot_status/share/robot_status/local_setup.bash
[4.022s] -- Symlinking: /home/qep/WorkSpace/RM2025/ROS2tutorial/ros_ws/install/robot_status/share/robot_status/local_setup.sh
[4.034s] -- Symlinking: /home/qep/WorkSpace/RM2025/ROS2tutorial/ros_ws/install/robot_status/share/robot_status/local_setup.zsh
[4.040s] -- Symlinking: /home/qep/WorkSpace/RM2025/ROS2tutorial/ros_ws/install/robot_status/share/robot_status/local_setup.dsv
[4.048s] -- Symlinking: /home/qep/WorkSpace/RM2025/ROS2tutorial/ros_ws/install/robot_status/share/robot_status/package.dsv
[4.059s] -- Symlinking: /home/qep/WorkSpace/RM2025/ROS2tutorial/ros_ws/install/robot_status/share/ament_index/resource_index/packages/robot_status
[4.076s] -- Symlinking: /home/qep/WorkSpace/RM2025/ROS2tutorial/ros_ws/install/robot_status/share/robot_status/cmake/robot_statusConfig.cmake
[4.090s] -- Symlinking: /home/qep/WorkSpace/RM2025/ROS2tutorial/ros_ws/install/robot_status/share/robot_status/cmake/robot_statusConfig-version.cmake
[4.101s] -- Symlinking: /home/qep/WorkSpace/RM2025/ROS2tutorial/ros_ws/install/robot_status/share/robot_status/package.xml
[4.114s] Invoked command in '/home/qep/WorkSpace/RM2025/ROS2tutorial/ros_ws/build/robot_status' returned '0': AMENT_PREFIX_PATH=/home/qep/WorkSpace/RM2025/ROS2tutorial/ros_ws/install/my_interface:${AMENT_PREFIX_PATH} CMAKE_PREFIX_PATH=/home/qep/WorkSpace/RM2025/ROS2tutorial/ros_ws/install/my_interface:/opt/ros/humble LD_LIBRARY_PATH=/home/qep/WorkSpace/RM2025/ROS2tutorial/ros_ws/install/my_interface/lib:${LD_LIBRARY_PATH} PYTHONPATH=/home/qep/WorkSpace/RM2025/ROS2tutorial/ros_ws/install/my_interface/local/lib/python3.10/dist-packages:${PYTHONPATH} /usr/bin/cmake --install /home/qep/WorkSpace/RM2025/ROS2tutorial/ros_ws/build/robot_status
