[0.086s] DEBUG:colcon:Command line arguments: ['/usr/bin/colcon', 'build', '--packages-select', 'rviz_demo', '--symlink-install']
[0.086s] DEBUG:colcon:Parsed command line arguments: Namespace(log_base=None, log_level=None, verb_name='build', build_base='build', install_base='install', merge_install=False, symlink_install=True, test_result_base=None, continue_on_error=False, executor='parallel', parallel_workers=20, event_handlers=None, ignore_user_meta=False, metas=['./colcon.meta'], base_paths=['.'], packages_ignore=None, packages_ignore_regex=None, paths=None, packages_up_to=None, packages_up_to_regex=None, packages_above=None, packages_above_and_dependencies=None, packages_above_depth=None, packages_select_by_dep=None, packages_skip_by_dep=None, packages_skip_up_to=None, packages_select_build_failed=False, packages_skip_build_finished=False, packages_select_test_failures=False, packages_skip_test_passed=False, packages_select=['rviz_demo'], packages_skip=None, packages_select_regex=None, packages_skip_regex=None, packages_start=None, packages_end=None, allow_overriding=[], cmake_args=None, cmake_target=None, cmake_target_skip_unavailable=False, cmake_clean_cache=False, cmake_clean_first=False, cmake_force_configure=False, ament_cmake_args=None, catkin_cmake_args=None, catkin_skip_building_tests=False, verb_parser=<colcon_defaults.argument_parser.defaults.DefaultArgumentsDecorator object at 0x711060d30910>, verb_extension=<colcon_core.verb.build.BuildVerb object at 0x711060e514e0>, main=<bound method BuildVerb.main of <colcon_core.verb.build.BuildVerb object at 0x711060e514e0>>)
[0.240s] Level 1:colcon.colcon_core.package_discovery:discover_packages(colcon_meta) check parameters
[0.240s] Level 1:colcon.colcon_core.package_discovery:discover_packages(recursive) check parameters
[0.240s] Level 1:colcon.colcon_core.package_discovery:discover_packages(ignore) check parameters
[0.240s] Level 1:colcon.colcon_core.package_discovery:discover_packages(path) check parameters
[0.240s] Level 1:colcon.colcon_core.package_discovery:discover_packages(colcon_meta) discover
[0.240s] Level 1:colcon.colcon_core.package_discovery:discover_packages(recursive) discover
[0.240s] INFO:colcon.colcon_core.package_discovery:Crawling recursively for packages in '/home/qep/WorkSpace/RM2025/ROS2tutorial/ros_ws'
[0.240s] Level 1:colcon.colcon_core.package_identification:_identify(.) by extensions ['ignore', 'ignore_ament_install']
[0.240s] Level 1:colcon.colcon_core.package_identification:_identify(.) by extension 'ignore'
[0.240s] Level 1:colcon.colcon_core.package_identification:_identify(.) by extension 'ignore_ament_install'
[0.241s] Level 1:colcon.colcon_core.package_identification:_identify(.) by extensions ['colcon_pkg']
[0.241s] Level 1:colcon.colcon_core.package_identification:_identify(.) by extension 'colcon_pkg'
[0.241s] Level 1:colcon.colcon_core.package_identification:_identify(.) by extensions ['colcon_meta']
[0.241s] Level 1:colcon.colcon_core.package_identification:_identify(.) by extension 'colcon_meta'
[0.241s] Level 1:colcon.colcon_core.package_identification:_identify(.) by extensions ['ros']
[0.241s] Level 1:colcon.colcon_core.package_identification:_identify(.) by extension 'ros'
[0.248s] Level 1:colcon.colcon_core.package_identification:_identify(.) by extensions ['cmake', 'python']
[0.248s] Level 1:colcon.colcon_core.package_identification:_identify(.) by extension 'cmake'
[0.248s] Level 1:colcon.colcon_core.package_identification:_identify(.) by extension 'python'
[0.248s] Level 1:colcon.colcon_core.package_identification:_identify(.) by extensions ['python_setup_py']
[0.248s] Level 1:colcon.colcon_core.package_identification:_identify(.) by extension 'python_setup_py'
[0.248s] Level 1:colcon.colcon_core.package_identification:_identify(build) by extensions ['ignore', 'ignore_ament_install']
[0.248s] Level 1:colcon.colcon_core.package_identification:_identify(build) by extension 'ignore'
[0.248s] Level 1:colcon.colcon_core.package_identification:_identify(build) ignored
[0.248s] Level 1:colcon.colcon_core.package_identification:_identify(install) by extensions ['ignore', 'ignore_ament_install']
[0.248s] Level 1:colcon.colcon_core.package_identification:_identify(install) by extension 'ignore'
[0.248s] Level 1:colcon.colcon_core.package_identification:_identify(install) ignored
[0.248s] Level 1:colcon.colcon_core.package_identification:_identify(log) by extensions ['ignore', 'ignore_ament_install']
[0.248s] Level 1:colcon.colcon_core.package_identification:_identify(log) by extension 'ignore'
[0.248s] Level 1:colcon.colcon_core.package_identification:_identify(log) ignored
[0.248s] Level 1:colcon.colcon_core.package_identification:_identify(src) by extensions ['ignore', 'ignore_ament_install']
[0.248s] Level 1:colcon.colcon_core.package_identification:_identify(src) by extension 'ignore'
[0.248s] Level 1:colcon.colcon_core.package_identification:_identify(src) by extension 'ignore_ament_install'
[0.248s] Level 1:colcon.colcon_core.package_identification:_identify(src) by extensions ['colcon_pkg']
[0.248s] Level 1:colcon.colcon_core.package_identification:_identify(src) by extension 'colcon_pkg'
[0.249s] Level 1:colcon.colcon_core.package_identification:_identify(src) by extensions ['colcon_meta']
[0.249s] Level 1:colcon.colcon_core.package_identification:_identify(src) by extension 'colcon_meta'
[0.249s] Level 1:colcon.colcon_core.package_identification:_identify(src) by extensions ['ros']
[0.249s] Level 1:colcon.colcon_core.package_identification:_identify(src) by extension 'ros'
[0.249s] Level 1:colcon.colcon_core.package_identification:_identify(src) by extensions ['cmake', 'python']
[0.249s] Level 1:colcon.colcon_core.package_identification:_identify(src) by extension 'cmake'
[0.249s] Level 1:colcon.colcon_core.package_identification:_identify(src) by extension 'python'
[0.249s] Level 1:colcon.colcon_core.package_identification:_identify(src) by extensions ['python_setup_py']
[0.249s] Level 1:colcon.colcon_core.package_identification:_identify(src) by extension 'python_setup_py'
[0.249s] Level 1:colcon.colcon_core.package_identification:_identify(src/example_param_rclcpp) by extensions ['ignore', 'ignore_ament_install']
[0.249s] Level 1:colcon.colcon_core.package_identification:_identify(src/example_param_rclcpp) by extension 'ignore'
[0.249s] Level 1:colcon.colcon_core.package_identification:_identify(src/example_param_rclcpp) by extension 'ignore_ament_install'
[0.249s] Level 1:colcon.colcon_core.package_identification:_identify(src/example_param_rclcpp) by extensions ['colcon_pkg']
[0.249s] Level 1:colcon.colcon_core.package_identification:_identify(src/example_param_rclcpp) by extension 'colcon_pkg'
[0.249s] Level 1:colcon.colcon_core.package_identification:_identify(src/example_param_rclcpp) by extensions ['colcon_meta']
[0.249s] Level 1:colcon.colcon_core.package_identification:_identify(src/example_param_rclcpp) by extension 'colcon_meta'
[0.249s] Level 1:colcon.colcon_core.package_identification:_identify(src/example_param_rclcpp) by extensions ['ros']
[0.249s] Level 1:colcon.colcon_core.package_identification:_identify(src/example_param_rclcpp) by extension 'ros'
[0.251s] DEBUG:colcon.colcon_core.package_identification:Package 'src/example_param_rclcpp' with type 'ros.ament_cmake' and name 'example_param_rclcpp'
[0.251s] Level 1:colcon.colcon_core.package_identification:_identify(src/example_service_rclcpp) by extensions ['ignore', 'ignore_ament_install']
[0.251s] Level 1:colcon.colcon_core.package_identification:_identify(src/example_service_rclcpp) by extension 'ignore'
[0.251s] Level 1:colcon.colcon_core.package_identification:_identify(src/example_service_rclcpp) by extension 'ignore_ament_install'
[0.251s] Level 1:colcon.colcon_core.package_identification:_identify(src/example_service_rclcpp) by extensions ['colcon_pkg']
[0.251s] Level 1:colcon.colcon_core.package_identification:_identify(src/example_service_rclcpp) by extension 'colcon_pkg'
[0.251s] Level 1:colcon.colcon_core.package_identification:_identify(src/example_service_rclcpp) by extensions ['colcon_meta']
[0.251s] Level 1:colcon.colcon_core.package_identification:_identify(src/example_service_rclcpp) by extension 'colcon_meta'
[0.251s] Level 1:colcon.colcon_core.package_identification:_identify(src/example_service_rclcpp) by extensions ['ros']
[0.252s] Level 1:colcon.colcon_core.package_identification:_identify(src/example_service_rclcpp) by extension 'ros'
[0.252s] DEBUG:colcon.colcon_core.package_identification:Package 'src/example_service_rclcpp' with type 'ros.ament_cmake' and name 'example_service_rclcpp'
[0.252s] Level 1:colcon.colcon_core.package_identification:_identify(src/example_topic_rclcpp) by extensions ['ignore', 'ignore_ament_install']
[0.252s] Level 1:colcon.colcon_core.package_identification:_identify(src/example_topic_rclcpp) by extension 'ignore'
[0.252s] Level 1:colcon.colcon_core.package_identification:_identify(src/example_topic_rclcpp) by extension 'ignore_ament_install'
[0.252s] Level 1:colcon.colcon_core.package_identification:_identify(src/example_topic_rclcpp) by extensions ['colcon_pkg']
[0.252s] Level 1:colcon.colcon_core.package_identification:_identify(src/example_topic_rclcpp) by extension 'colcon_pkg'
[0.252s] Level 1:colcon.colcon_core.package_identification:_identify(src/example_topic_rclcpp) by extensions ['colcon_meta']
[0.252s] Level 1:colcon.colcon_core.package_identification:_identify(src/example_topic_rclcpp) by extension 'colcon_meta'
[0.252s] Level 1:colcon.colcon_core.package_identification:_identify(src/example_topic_rclcpp) by extensions ['ros']
[0.252s] Level 1:colcon.colcon_core.package_identification:_identify(src/example_topic_rclcpp) by extension 'ros'
[0.253s] DEBUG:colcon.colcon_core.package_identification:Package 'src/example_topic_rclcpp' with type 'ros.ament_cmake' and name 'example_topic_rclcpp'
[0.253s] Level 1:colcon.colcon_core.package_identification:_identify(src/my_interface) by extensions ['ignore', 'ignore_ament_install']
[0.253s] Level 1:colcon.colcon_core.package_identification:_identify(src/my_interface) by extension 'ignore'
[0.253s] Level 1:colcon.colcon_core.package_identification:_identify(src/my_interface) by extension 'ignore_ament_install'
[0.253s] Level 1:colcon.colcon_core.package_identification:_identify(src/my_interface) by extensions ['colcon_pkg']
[0.253s] Level 1:colcon.colcon_core.package_identification:_identify(src/my_interface) by extension 'colcon_pkg'
[0.253s] Level 1:colcon.colcon_core.package_identification:_identify(src/my_interface) by extensions ['colcon_meta']
[0.254s] Level 1:colcon.colcon_core.package_identification:_identify(src/my_interface) by extension 'colcon_meta'
[0.254s] Level 1:colcon.colcon_core.package_identification:_identify(src/my_interface) by extensions ['ros']
[0.254s] Level 1:colcon.colcon_core.package_identification:_identify(src/my_interface) by extension 'ros'
[0.254s] DEBUG:colcon.colcon_core.package_identification:Package 'src/my_interface' with type 'ros.ament_cmake' and name 'my_interface'
[0.254s] Level 1:colcon.colcon_core.package_identification:_identify(src/robot_status) by extensions ['ignore', 'ignore_ament_install']
[0.255s] Level 1:colcon.colcon_core.package_identification:_identify(src/robot_status) by extension 'ignore'
[0.255s] Level 1:colcon.colcon_core.package_identification:_identify(src/robot_status) by extension 'ignore_ament_install'
[0.255s] Level 1:colcon.colcon_core.package_identification:_identify(src/robot_status) by extensions ['colcon_pkg']
[0.255s] Level 1:colcon.colcon_core.package_identification:_identify(src/robot_status) by extension 'colcon_pkg'
[0.255s] Level 1:colcon.colcon_core.package_identification:_identify(src/robot_status) by extensions ['colcon_meta']
[0.255s] Level 1:colcon.colcon_core.package_identification:_identify(src/robot_status) by extension 'colcon_meta'
[0.255s] Level 1:colcon.colcon_core.package_identification:_identify(src/robot_status) by extensions ['ros']
[0.255s] Level 1:colcon.colcon_core.package_identification:_identify(src/robot_status) by extension 'ros'
[0.256s] DEBUG:colcon.colcon_core.package_identification:Package 'src/robot_status' with type 'ros.ament_cmake' and name 'robot_status'
[0.256s] Level 1:colcon.colcon_core.package_identification:_identify(src/rviz_demo) by extensions ['ignore', 'ignore_ament_install']
[0.256s] Level 1:colcon.colcon_core.package_identification:_identify(src/rviz_demo) by extension 'ignore'
[0.256s] Level 1:colcon.colcon_core.package_identification:_identify(src/rviz_demo) by extension 'ignore_ament_install'
[0.256s] Level 1:colcon.colcon_core.package_identification:_identify(src/rviz_demo) by extensions ['colcon_pkg']
[0.256s] Level 1:colcon.colcon_core.package_identification:_identify(src/rviz_demo) by extension 'colcon_pkg'
[0.256s] Level 1:colcon.colcon_core.package_identification:_identify(src/rviz_demo) by extensions ['colcon_meta']
[0.256s] Level 1:colcon.colcon_core.package_identification:_identify(src/rviz_demo) by extension 'colcon_meta'
[0.256s] Level 1:colcon.colcon_core.package_identification:_identify(src/rviz_demo) by extensions ['ros']
[0.256s] Level 1:colcon.colcon_core.package_identification:_identify(src/rviz_demo) by extension 'ros'
[0.256s] DEBUG:colcon.colcon_core.package_identification:Package 'src/rviz_demo' with type 'ros.ament_cmake' and name 'rviz_demo'
[0.256s] Level 1:colcon.colcon_core.package_identification:_identify(src/tf_demo) by extensions ['ignore', 'ignore_ament_install']
[0.256s] Level 1:colcon.colcon_core.package_identification:_identify(src/tf_demo) by extension 'ignore'
[0.256s] Level 1:colcon.colcon_core.package_identification:_identify(src/tf_demo) by extension 'ignore_ament_install'
[0.256s] Level 1:colcon.colcon_core.package_identification:_identify(src/tf_demo) by extensions ['colcon_pkg']
[0.256s] Level 1:colcon.colcon_core.package_identification:_identify(src/tf_demo) by extension 'colcon_pkg'
[0.256s] Level 1:colcon.colcon_core.package_identification:_identify(src/tf_demo) by extensions ['colcon_meta']
[0.256s] Level 1:colcon.colcon_core.package_identification:_identify(src/tf_demo) by extension 'colcon_meta'
[0.257s] Level 1:colcon.colcon_core.package_identification:_identify(src/tf_demo) by extensions ['ros']
[0.257s] Level 1:colcon.colcon_core.package_identification:_identify(src/tf_demo) by extension 'ros'
[0.257s] DEBUG:colcon.colcon_core.package_identification:Package 'src/tf_demo' with type 'ros.ament_cmake' and name 'tf_demo'
[0.257s] Level 1:colcon.colcon_core.package_identification:_identify(test) by extensions ['ignore', 'ignore_ament_install']
[0.257s] Level 1:colcon.colcon_core.package_identification:_identify(test) by extension 'ignore'
[0.257s] Level 1:colcon.colcon_core.package_identification:_identify(test) by extension 'ignore_ament_install'
[0.257s] Level 1:colcon.colcon_core.package_identification:_identify(test) by extensions ['colcon_pkg']
[0.257s] Level 1:colcon.colcon_core.package_identification:_identify(test) by extension 'colcon_pkg'
[0.257s] Level 1:colcon.colcon_core.package_identification:_identify(test) by extensions ['colcon_meta']
[0.257s] Level 1:colcon.colcon_core.package_identification:_identify(test) by extension 'colcon_meta'
[0.257s] Level 1:colcon.colcon_core.package_identification:_identify(test) by extensions ['ros']
[0.257s] Level 1:colcon.colcon_core.package_identification:_identify(test) by extension 'ros'
[0.257s] Level 1:colcon.colcon_core.package_identification:_identify(test) by extensions ['cmake', 'python']
[0.257s] Level 1:colcon.colcon_core.package_identification:_identify(test) by extension 'cmake'
[0.257s] Level 1:colcon.colcon_core.package_identification:_identify(test) by extension 'python'
[0.257s] Level 1:colcon.colcon_core.package_identification:_identify(test) by extensions ['python_setup_py']
[0.257s] Level 1:colcon.colcon_core.package_identification:_identify(test) by extension 'python_setup_py'
[0.257s] Level 1:colcon.colcon_core.package_discovery:discover_packages(recursive) using defaults
[0.257s] Level 1:colcon.colcon_core.package_discovery:discover_packages(ignore) discover
[0.257s] Level 1:colcon.colcon_core.package_discovery:discover_packages(ignore) using defaults
[0.257s] Level 1:colcon.colcon_core.package_discovery:discover_packages(path) discover
[0.257s] Level 1:colcon.colcon_core.package_discovery:discover_packages(path) using defaults
[0.273s] INFO:colcon.colcon_core.package_selection:Skipping not selected package 'example_param_rclcpp' in 'src/example_param_rclcpp'
[0.273s] INFO:colcon.colcon_core.package_selection:Skipping not selected package 'example_service_rclcpp' in 'src/example_service_rclcpp'
[0.273s] INFO:colcon.colcon_core.package_selection:Skipping not selected package 'example_topic_rclcpp' in 'src/example_topic_rclcpp'
[0.273s] INFO:colcon.colcon_core.package_selection:Skipping not selected package 'my_interface' in 'src/my_interface'
[0.273s] INFO:colcon.colcon_core.package_selection:Skipping not selected package 'tf_demo' in 'src/tf_demo'
[0.273s] INFO:colcon.colcon_core.package_selection:Skipping not selected package 'robot_status' in 'src/robot_status'
[0.273s] Level 1:colcon.colcon_core.package_discovery:discover_packages(prefix_path) check parameters
[0.273s] Level 1:colcon.colcon_core.package_discovery:discover_packages(prefix_path) discover
[0.275s] DEBUG:colcon.colcon_installed_package_information.package_discovery:Found 272 installed packages in /opt/ros/humble
[0.281s] Level 1:colcon.colcon_core.package_discovery:discover_packages(prefix_path) using defaults
[0.302s] Level 5:colcon.colcon_core.verb:set package 'rviz_demo' build argument 'cmake_args' from command line to 'None'
[0.302s] Level 5:colcon.colcon_core.verb:set package 'rviz_demo' build argument 'cmake_target' from command line to 'None'
[0.302s] Level 5:colcon.colcon_core.verb:set package 'rviz_demo' build argument 'cmake_target_skip_unavailable' from command line to 'False'
[0.302s] Level 5:colcon.colcon_core.verb:set package 'rviz_demo' build argument 'cmake_clean_cache' from command line to 'False'
[0.302s] Level 5:colcon.colcon_core.verb:set package 'rviz_demo' build argument 'cmake_clean_first' from command line to 'False'
[0.302s] Level 5:colcon.colcon_core.verb:set package 'rviz_demo' build argument 'cmake_force_configure' from command line to 'False'
[0.302s] Level 5:colcon.colcon_core.verb:set package 'rviz_demo' build argument 'ament_cmake_args' from command line to 'None'
[0.302s] Level 5:colcon.colcon_core.verb:set package 'rviz_demo' build argument 'catkin_cmake_args' from command line to 'None'
[0.302s] Level 5:colcon.colcon_core.verb:set package 'rviz_demo' build argument 'catkin_skip_building_tests' from command line to 'False'
[0.302s] DEBUG:colcon.colcon_core.verb:Building package 'rviz_demo' with the following arguments: {'ament_cmake_args': None, 'build_base': '/home/qep/WorkSpace/RM2025/ROS2tutorial/ros_ws/build/rviz_demo', 'catkin_cmake_args': None, 'catkin_skip_building_tests': False, 'cmake_args': None, 'cmake_clean_cache': False, 'cmake_clean_first': False, 'cmake_force_configure': False, 'cmake_target': None, 'cmake_target_skip_unavailable': False, 'install_base': '/home/qep/WorkSpace/RM2025/ROS2tutorial/ros_ws/install/rviz_demo', 'merge_install': False, 'path': '/home/qep/WorkSpace/RM2025/ROS2tutorial/ros_ws/src/rviz_demo', 'symlink_install': True, 'test_result_base': None}
[0.302s] INFO:colcon.colcon_core.executor:Executing jobs using 'parallel' executor
[0.303s] DEBUG:colcon.colcon_parallel_executor.executor.parallel:run_until_complete
[0.303s] INFO:colcon.colcon_ros.task.ament_cmake.build:Building ROS package in '/home/qep/WorkSpace/RM2025/ROS2tutorial/ros_ws/src/rviz_demo' with build type 'ament_cmake'
[0.303s] INFO:colcon.colcon_cmake.task.cmake.build:Building CMake package in '/home/qep/WorkSpace/RM2025/ROS2tutorial/ros_ws/src/rviz_demo'
[0.306s] INFO:colcon.colcon_core.plugin_system:Skipping extension 'colcon_core.shell.bat': Not used on non-Windows systems
[0.306s] INFO:colcon.colcon_core.shell:Skip shell extension 'powershell' for command environment: Not usable outside of PowerShell
[0.306s] DEBUG:colcon.colcon_core.shell:Skip shell extension 'dsv' for command environment
[0.312s] DEBUG:colcon.colcon_core.event_handler.log_command:Invoking command in '/home/qep/WorkSpace/RM2025/ROS2tutorial/ros_ws/build/rviz_demo': CMAKE_PREFIX_PATH=/opt/ros/humble /usr/bin/cmake /home/qep/WorkSpace/RM2025/ROS2tutorial/ros_ws/src/rviz_demo -DAMENT_CMAKE_SYMLINK_INSTALL=1 -DCMAKE_INSTALL_PREFIX=/home/qep/WorkSpace/RM2025/ROS2tutorial/ros_ws/install/rviz_demo
[1.668s] DEBUG:colcon.colcon_core.event_handler.log_command:Invoked command in '/home/qep/WorkSpace/RM2025/ROS2tutorial/ros_ws/build/rviz_demo' returned '0': CMAKE_PREFIX_PATH=/opt/ros/humble /usr/bin/cmake /home/qep/WorkSpace/RM2025/ROS2tutorial/ros_ws/src/rviz_demo -DAMENT_CMAKE_SYMLINK_INSTALL=1 -DCMAKE_INSTALL_PREFIX=/home/qep/WorkSpace/RM2025/ROS2tutorial/ros_ws/install/rviz_demo
[1.669s] DEBUG:colcon.colcon_core.event_handler.log_command:Invoking command in '/home/qep/WorkSpace/RM2025/ROS2tutorial/ros_ws/build/rviz_demo': CMAKE_PREFIX_PATH=/opt/ros/humble /usr/bin/cmake --build /home/qep/WorkSpace/RM2025/ROS2tutorial/ros_ws/build/rviz_demo -- -j20 -l20
[4.694s] DEBUG:colcon.colcon_core.event_handler.log_command:Invoked command in '/home/qep/WorkSpace/RM2025/ROS2tutorial/ros_ws/build/rviz_demo' returned '0': CMAKE_PREFIX_PATH=/opt/ros/humble /usr/bin/cmake --build /home/qep/WorkSpace/RM2025/ROS2tutorial/ros_ws/build/rviz_demo -- -j20 -l20
[4.725s] DEBUG:colcon.colcon_core.event_handler.log_command:Invoking command in '/home/qep/WorkSpace/RM2025/ROS2tutorial/ros_ws/build/rviz_demo': CMAKE_PREFIX_PATH=/opt/ros/humble /usr/bin/cmake --install /home/qep/WorkSpace/RM2025/ROS2tutorial/ros_ws/build/rviz_demo
[4.918s] Level 1:colcon.colcon_core.environment:create_environment_scripts_only(rviz_demo)
[4.918s] DEBUG:colcon.colcon_core.event_handler.log_command:Invoked command in '/home/qep/WorkSpace/RM2025/ROS2tutorial/ros_ws/build/rviz_demo' returned '0': CMAKE_PREFIX_PATH=/opt/ros/humble /usr/bin/cmake --install /home/qep/WorkSpace/RM2025/ROS2tutorial/ros_ws/build/rviz_demo
[4.938s] Level 1:colcon.colcon_core.environment:checking '/home/qep/WorkSpace/RM2025/ROS2tutorial/ros_ws/install/rviz_demo' for CMake module files
[4.939s] Level 1:colcon.colcon_core.environment:checking '/home/qep/WorkSpace/RM2025/ROS2tutorial/ros_ws/install/rviz_demo' for CMake config files
[4.940s] Level 1:colcon.colcon_core.shell:create_environment_hook('rviz_demo', 'cmake_prefix_path')
[4.940s] INFO:colcon.colcon_core.shell:Creating environment hook '/home/qep/WorkSpace/RM2025/ROS2tutorial/ros_ws/install/rviz_demo/share/rviz_demo/hook/cmake_prefix_path.ps1'
[4.942s] INFO:colcon.colcon_core.shell:Creating environment descriptor '/home/qep/WorkSpace/RM2025/ROS2tutorial/ros_ws/install/rviz_demo/share/rviz_demo/hook/cmake_prefix_path.dsv'
[4.942s] INFO:colcon.colcon_core.shell:Creating environment hook '/home/qep/WorkSpace/RM2025/ROS2tutorial/ros_ws/install/rviz_demo/share/rviz_demo/hook/cmake_prefix_path.sh'
[4.944s] Level 1:colcon.colcon_core.environment:checking '/home/qep/WorkSpace/RM2025/ROS2tutorial/ros_ws/install/rviz_demo/lib'
[4.944s] Level 1:colcon.colcon_core.environment:checking '/home/qep/WorkSpace/RM2025/ROS2tutorial/ros_ws/install/rviz_demo/bin'
[4.944s] Level 1:colcon.colcon_core.environment:checking '/home/qep/WorkSpace/RM2025/ROS2tutorial/ros_ws/install/rviz_demo/lib/pkgconfig/rviz_demo.pc'
[4.945s] Level 1:colcon.colcon_core.environment:checking '/home/qep/WorkSpace/RM2025/ROS2tutorial/ros_ws/install/rviz_demo/lib/python3.10/site-packages'
[4.945s] Level 1:colcon.colcon_core.environment:checking '/home/qep/WorkSpace/RM2025/ROS2tutorial/ros_ws/install/rviz_demo/bin'
[4.945s] INFO:colcon.colcon_core.shell:Creating package script '/home/qep/WorkSpace/RM2025/ROS2tutorial/ros_ws/install/rviz_demo/share/rviz_demo/package.ps1'
[4.946s] INFO:colcon.colcon_core.shell:Creating package descriptor '/home/qep/WorkSpace/RM2025/ROS2tutorial/ros_ws/install/rviz_demo/share/rviz_demo/package.dsv'
[4.947s] INFO:colcon.colcon_core.shell:Creating package script '/home/qep/WorkSpace/RM2025/ROS2tutorial/ros_ws/install/rviz_demo/share/rviz_demo/package.sh'
[4.948s] INFO:colcon.colcon_core.shell:Creating package script '/home/qep/WorkSpace/RM2025/ROS2tutorial/ros_ws/install/rviz_demo/share/rviz_demo/package.bash'
[4.950s] INFO:colcon.colcon_core.shell:Creating package script '/home/qep/WorkSpace/RM2025/ROS2tutorial/ros_ws/install/rviz_demo/share/rviz_demo/package.zsh'
[4.950s] Level 1:colcon.colcon_core.environment:create_file_with_runtime_dependencies(/home/qep/WorkSpace/RM2025/ROS2tutorial/ros_ws/install/rviz_demo/share/colcon-core/packages/rviz_demo)
[4.982s] Level 1:colcon.colcon_core.environment:create_environment_scripts_only(rviz_demo)
[4.983s] Level 1:colcon.colcon_core.environment:checking '/home/qep/WorkSpace/RM2025/ROS2tutorial/ros_ws/install/rviz_demo' for CMake module files
[4.983s] Level 1:colcon.colcon_core.environment:checking '/home/qep/WorkSpace/RM2025/ROS2tutorial/ros_ws/install/rviz_demo' for CMake config files
[4.984s] Level 1:colcon.colcon_core.shell:create_environment_hook('rviz_demo', 'cmake_prefix_path')
[4.984s] INFO:colcon.colcon_core.shell:Creating environment hook '/home/qep/WorkSpace/RM2025/ROS2tutorial/ros_ws/install/rviz_demo/share/rviz_demo/hook/cmake_prefix_path.ps1'
[4.984s] INFO:colcon.colcon_core.shell:Creating environment descriptor '/home/qep/WorkSpace/RM2025/ROS2tutorial/ros_ws/install/rviz_demo/share/rviz_demo/hook/cmake_prefix_path.dsv'
[4.985s] INFO:colcon.colcon_core.shell:Creating environment hook '/home/qep/WorkSpace/RM2025/ROS2tutorial/ros_ws/install/rviz_demo/share/rviz_demo/hook/cmake_prefix_path.sh'
[4.986s] Level 1:colcon.colcon_core.environment:checking '/home/qep/WorkSpace/RM2025/ROS2tutorial/ros_ws/install/rviz_demo/lib'
[4.986s] Level 1:colcon.colcon_core.environment:checking '/home/qep/WorkSpace/RM2025/ROS2tutorial/ros_ws/install/rviz_demo/bin'
[4.986s] Level 1:colcon.colcon_core.environment:checking '/home/qep/WorkSpace/RM2025/ROS2tutorial/ros_ws/install/rviz_demo/lib/pkgconfig/rviz_demo.pc'
[4.986s] Level 1:colcon.colcon_core.environment:checking '/home/qep/WorkSpace/RM2025/ROS2tutorial/ros_ws/install/rviz_demo/lib/python3.10/site-packages'
[4.986s] Level 1:colcon.colcon_core.environment:checking '/home/qep/WorkSpace/RM2025/ROS2tutorial/ros_ws/install/rviz_demo/bin'
[4.987s] INFO:colcon.colcon_core.shell:Creating package script '/home/qep/WorkSpace/RM2025/ROS2tutorial/ros_ws/install/rviz_demo/share/rviz_demo/package.ps1'
[4.988s] INFO:colcon.colcon_core.shell:Creating package descriptor '/home/qep/WorkSpace/RM2025/ROS2tutorial/ros_ws/install/rviz_demo/share/rviz_demo/package.dsv'
[4.988s] INFO:colcon.colcon_core.shell:Creating package script '/home/qep/WorkSpace/RM2025/ROS2tutorial/ros_ws/install/rviz_demo/share/rviz_demo/package.sh'
[4.989s] INFO:colcon.colcon_core.shell:Creating package script '/home/qep/WorkSpace/RM2025/ROS2tutorial/ros_ws/install/rviz_demo/share/rviz_demo/package.bash'
[4.989s] INFO:colcon.colcon_core.shell:Creating package script '/home/qep/WorkSpace/RM2025/ROS2tutorial/ros_ws/install/rviz_demo/share/rviz_demo/package.zsh'
[4.990s] Level 1:colcon.colcon_core.environment:create_file_with_runtime_dependencies(/home/qep/WorkSpace/RM2025/ROS2tutorial/ros_ws/install/rviz_demo/share/colcon-core/packages/rviz_demo)
[4.990s] DEBUG:colcon.colcon_parallel_executor.executor.parallel:closing loop
[4.990s] DEBUG:colcon.colcon_parallel_executor.executor.parallel:loop closed
[4.991s] DEBUG:colcon.colcon_parallel_executor.executor.parallel:run_until_complete finished with '0'
[4.991s] DEBUG:colcon.colcon_core.event_reactor:joining thread
[5.000s] INFO:colcon.colcon_core.plugin_system:Skipping extension 'colcon_notification.desktop_notification.terminal_notifier': Not used on non-Darwin systems
[5.000s] INFO:colcon.colcon_core.plugin_system:Skipping extension 'colcon_notification.desktop_notification.win32': Not used on non-Windows systems
[5.000s] INFO:colcon.colcon_notification.desktop_notification:Sending desktop notification using 'notify2'
[5.029s] DEBUG:colcon.colcon_core.event_reactor:joined thread
[5.029s] INFO:colcon.colcon_core.shell:Creating prefix script '/home/qep/WorkSpace/RM2025/ROS2tutorial/ros_ws/install/local_setup.ps1'
[5.031s] INFO:colcon.colcon_core.shell:Creating prefix util module '/home/qep/WorkSpace/RM2025/ROS2tutorial/ros_ws/install/_local_setup_util_ps1.py'
[5.033s] INFO:colcon.colcon_core.shell:Creating prefix chain script '/home/qep/WorkSpace/RM2025/ROS2tutorial/ros_ws/install/setup.ps1'
[5.034s] INFO:colcon.colcon_core.shell:Creating prefix script '/home/qep/WorkSpace/RM2025/ROS2tutorial/ros_ws/install/local_setup.sh'
[5.035s] INFO:colcon.colcon_core.shell:Creating prefix util module '/home/qep/WorkSpace/RM2025/ROS2tutorial/ros_ws/install/_local_setup_util_sh.py'
[5.035s] INFO:colcon.colcon_core.shell:Creating prefix chain script '/home/qep/WorkSpace/RM2025/ROS2tutorial/ros_ws/install/setup.sh'
[5.036s] INFO:colcon.colcon_core.shell:Creating prefix script '/home/qep/WorkSpace/RM2025/ROS2tutorial/ros_ws/install/local_setup.bash'
[5.037s] INFO:colcon.colcon_core.shell:Creating prefix chain script '/home/qep/WorkSpace/RM2025/ROS2tutorial/ros_ws/install/setup.bash'
[5.038s] INFO:colcon.colcon_core.shell:Creating prefix script '/home/qep/WorkSpace/RM2025/ROS2tutorial/ros_ws/install/local_setup.zsh'
[5.038s] INFO:colcon.colcon_core.shell:Creating prefix chain script '/home/qep/WorkSpace/RM2025/ROS2tutorial/ros_ws/install/setup.zsh'
