[0.009s] Invoking command in '/home/qep/WorkSpace/RM2025/ROS2tutorial/ros_ws/build/robot_status': CMAKE_PREFIX_PATH=/home/qep/WorkSpace/RM2025/ROS2tutorial/ros_ws/install/my_interface:/home/qep/WorkSpace/RM2025/ROS2tutorial/ros_ws/install/example_param_rclcpp:/home/qep/WorkSpace/RM2025/ROS2tutorial/ros_ws/install/robot_status:/home/qep/WorkSpace/RM2025/ROS2tutorial/ros_ws/install/example_service_rclcpp:/home/qep/WorkSpace/RM2025/ROS2tutorial/ros_ws/install/example_topic_rclcpp:/opt/ros/humble /usr/bin/cmake /home/qep/WorkSpace/RM2025/ROS2tutorial/ros_ws/src/robot_status -DAMENT_CMAKE_SYMLINK_INSTALL=1 -DCMAKE_INSTALL_PREFIX=/home/qep/WorkSpace/RM2025/ROS2tutorial/ros_ws/install/robot_status
[0.057s] -- The C compiler identification is GNU 11.4.0
[0.101s] -- The CXX compiler identification is GNU 11.4.0
[0.106s] -- Detecting C compiler ABI info
[0.163s] -- Detecting C compiler ABI info - done
[0.169s] -- Check for working C compiler: /usr/bin/cc - skipped
[0.169s] -- Detecting C compile features
[0.170s] -- Detecting C compile features - done
[0.172s] -- Detecting CXX compiler ABI info
[0.233s] -- Detecting CXX compiler ABI info - done
[0.238s] -- Check for working CXX compiler: /usr/bin/c++ - skipped
[0.238s] -- Detecting CXX compile features
[0.238s] -- Detecting CXX compile features - done
[0.240s] -- Found ament_cmake: 1.3.10 (/opt/ros/humble/share/ament_cmake/cmake)
[0.358s] -- Found Python3: /usr/bin/python3 (found version "3.10.12") found components: Interpreter 
[0.399s] -- Override CMake install command with custom implementation using symlinks instead of copying resources
[0.418s] -- Found rclcpp: 16.0.10 (/opt/ros/humble/share/rclcpp/cmake)
[0.446s] -- Found rosidl_generator_c: 3.1.5 (/opt/ros/humble/share/rosidl_generator_c/cmake)
[0.449s] -- Found rosidl_adapter: 3.1.5 (/opt/ros/humble/share/rosidl_adapter/cmake)
[0.454s] -- Found rosidl_generator_cpp: 3.1.5 (/opt/ros/humble/share/rosidl_generator_cpp/cmake)
[0.462s] -- Using all available rosidl_typesupport_c: rosidl_typesupport_fastrtps_c;rosidl_typesupport_introspection_c
[0.471s] -- Using all available rosidl_typesupport_cpp: rosidl_typesupport_fastrtps_cpp;rosidl_typesupport_introspection_cpp
[0.498s] -- Found rmw_implementation_cmake: 6.1.2 (/opt/ros/humble/share/rmw_implementation_cmake/cmake)
[0.500s] -- Found rmw_fastrtps_cpp: 6.2.7 (/opt/ros/humble/share/rmw_fastrtps_cpp/cmake)
[0.570s] -- Found OpenSSL: /usr/lib/x86_64-linux-gnu/libcrypto.so (found version "3.0.2")  
[0.599s] -- Found FastRTPS: /opt/ros/humble/include  
[0.630s] -- Using RMW implementation 'rmw_fastrtps_cpp' as default
[0.635s] -- Looking for pthread.h
[0.692s] -- Looking for pthread.h - found
[0.692s] -- Performing Test CMAKE_HAVE_LIBC_PTHREAD
[0.757s] -- Performing Test CMAKE_HAVE_LIBC_PTHREAD - Success
[0.757s] -- Found Threads: TRUE  
[0.789s] -- Found my_interface: 0.0.0 (/home/qep/WorkSpace/RM2025/ROS2tutorial/ros_ws/install/my_interface/share/my_interface/cmake)
[0.808s] -- Found ament_lint_auto: 0.12.11 (/opt/ros/humble/share/ament_lint_auto/cmake)
[0.860s] -- Added test 'cppcheck' to perform static code analysis on C / C++ code
[0.860s] -- Configured cppcheck include dirs: 
[0.860s] -- Configured cppcheck exclude dirs and/or files: 
[0.860s] -- Added test 'lint_cmake' to check CMake code style
[0.861s] -- Added test 'uncrustify' to check C / C++ code style
[0.861s] -- Configured uncrustify additional arguments: 
[0.861s] -- Added test 'xmllint' to check XML markup files
[0.862s] -- Configuring done
[0.867s] -- Generating done
[0.868s] -- Build files have been written to: /home/qep/WorkSpace/RM2025/ROS2tutorial/ros_ws/build/robot_status
[0.874s] Invoked command in '/home/qep/WorkSpace/RM2025/ROS2tutorial/ros_ws/build/robot_status' returned '0': CMAKE_PREFIX_PATH=/home/qep/WorkSpace/RM2025/ROS2tutorial/ros_ws/install/my_interface:/home/qep/WorkSpace/RM2025/ROS2tutorial/ros_ws/install/example_param_rclcpp:/home/qep/WorkSpace/RM2025/ROS2tutorial/ros_ws/install/robot_status:/home/qep/WorkSpace/RM2025/ROS2tutorial/ros_ws/install/example_service_rclcpp:/home/qep/WorkSpace/RM2025/ROS2tutorial/ros_ws/install/example_topic_rclcpp:/opt/ros/humble /usr/bin/cmake /home/qep/WorkSpace/RM2025/ROS2tutorial/ros_ws/src/robot_status -DAMENT_CMAKE_SYMLINK_INSTALL=1 -DCMAKE_INSTALL_PREFIX=/home/qep/WorkSpace/RM2025/ROS2tutorial/ros_ws/install/robot_status
[0.875s] Invoking command in '/home/qep/WorkSpace/RM2025/ROS2tutorial/ros_ws/build/robot_status': CMAKE_PREFIX_PATH=/home/qep/WorkSpace/RM2025/ROS2tutorial/ros_ws/install/my_interface:/home/qep/WorkSpace/RM2025/ROS2tutorial/ros_ws/install/example_param_rclcpp:/home/qep/WorkSpace/RM2025/ROS2tutorial/ros_ws/install/robot_status:/home/qep/WorkSpace/RM2025/ROS2tutorial/ros_ws/install/example_service_rclcpp:/home/qep/WorkSpace/RM2025/ROS2tutorial/ros_ws/install/example_topic_rclcpp:/opt/ros/humble /usr/bin/cmake --build /home/qep/WorkSpace/RM2025/ROS2tutorial/ros_ws/build/robot_status -- -j20 -l20
[0.920s] [ 50%] [32mBuilding CXX object CMakeFiles/robot_publisher.dir/src/publisher.cpp.o[0m
[3.630s] [100%] [32m[1mLinking CXX executable robot_publisher[0m
[3.770s] [100%] Built target robot_publisher
[3.783s] Invoked command in '/home/qep/WorkSpace/RM2025/ROS2tutorial/ros_ws/build/robot_status' returned '0': CMAKE_PREFIX_PATH=/home/qep/WorkSpace/RM2025/ROS2tutorial/ros_ws/install/my_interface:/home/qep/WorkSpace/RM2025/ROS2tutorial/ros_ws/install/example_param_rclcpp:/home/qep/WorkSpace/RM2025/ROS2tutorial/ros_ws/install/robot_status:/home/qep/WorkSpace/RM2025/ROS2tutorial/ros_ws/install/example_service_rclcpp:/home/qep/WorkSpace/RM2025/ROS2tutorial/ros_ws/install/example_topic_rclcpp:/opt/ros/humble /usr/bin/cmake --build /home/qep/WorkSpace/RM2025/ROS2tutorial/ros_ws/build/robot_status -- -j20 -l20
[3.820s] Invoking command in '/home/qep/WorkSpace/RM2025/ROS2tutorial/ros_ws/build/robot_status': CMAKE_PREFIX_PATH=/home/qep/WorkSpace/RM2025/ROS2tutorial/ros_ws/install/my_interface:/home/qep/WorkSpace/RM2025/ROS2tutorial/ros_ws/install/example_param_rclcpp:/home/qep/WorkSpace/RM2025/ROS2tutorial/ros_ws/install/robot_status:/home/qep/WorkSpace/RM2025/ROS2tutorial/ros_ws/install/example_service_rclcpp:/home/qep/WorkSpace/RM2025/ROS2tutorial/ros_ws/install/example_topic_rclcpp:/opt/ros/humble /usr/bin/cmake --install /home/qep/WorkSpace/RM2025/ROS2tutorial/ros_ws/build/robot_status
[3.831s] -- Install configuration: ""
[3.832s] -- Execute custom install script
[3.833s] -- Symlinking: /home/qep/WorkSpace/RM2025/ROS2tutorial/ros_ws/install/robot_status/lib/robot_status/robot_publisher
[3.848s] -- Symlinking: /home/qep/WorkSpace/RM2025/ROS2tutorial/ros_ws/install/robot_status/share/ament_index/resource_index/package_run_dependencies/robot_status
[3.862s] -- Symlinking: /home/qep/WorkSpace/RM2025/ROS2tutorial/ros_ws/install/robot_status/share/ament_index/resource_index/parent_prefix_path/robot_status
[3.875s] -- Symlinking: /home/qep/WorkSpace/RM2025/ROS2tutorial/ros_ws/install/robot_status/share/robot_status/environment/ament_prefix_path.sh
[3.886s] -- Symlinking: /home/qep/WorkSpace/RM2025/ROS2tutorial/ros_ws/install/robot_status/share/robot_status/environment/ament_prefix_path.dsv
[3.899s] -- Symlinking: /home/qep/WorkSpace/RM2025/ROS2tutorial/ros_ws/install/robot_status/share/robot_status/environment/path.sh
[3.908s] -- Symlinking: /home/qep/WorkSpace/RM2025/ROS2tutorial/ros_ws/install/robot_status/share/robot_status/environment/path.dsv
[3.919s] -- Symlinking: /home/qep/WorkSpace/RM2025/ROS2tutorial/ros_ws/install/robot_status/share/robot_status/local_setup.bash
[3.932s] -- Symlinking: /home/qep/WorkSpace/RM2025/ROS2tutorial/ros_ws/install/robot_status/share/robot_status/local_setup.sh
[3.946s] -- Symlinking: /home/qep/WorkSpace/RM2025/ROS2tutorial/ros_ws/install/robot_status/share/robot_status/local_setup.zsh
[3.959s] -- Symlinking: /home/qep/WorkSpace/RM2025/ROS2tutorial/ros_ws/install/robot_status/share/robot_status/local_setup.dsv
[3.971s] -- Symlinking: /home/qep/WorkSpace/RM2025/ROS2tutorial/ros_ws/install/robot_status/share/robot_status/package.dsv
[3.983s] -- Symlinking: /home/qep/WorkSpace/RM2025/ROS2tutorial/ros_ws/install/robot_status/share/ament_index/resource_index/packages/robot_status
[3.993s] -- Symlinking: /home/qep/WorkSpace/RM2025/ROS2tutorial/ros_ws/install/robot_status/share/robot_status/cmake/robot_statusConfig.cmake
[4.003s] -- Symlinking: /home/qep/WorkSpace/RM2025/ROS2tutorial/ros_ws/install/robot_status/share/robot_status/cmake/robot_statusConfig-version.cmake
[4.013s] -- Symlinking: /home/qep/WorkSpace/RM2025/ROS2tutorial/ros_ws/install/robot_status/share/robot_status/package.xml
[4.025s] Invoked command in '/home/qep/WorkSpace/RM2025/ROS2tutorial/ros_ws/build/robot_status' returned '0': CMAKE_PREFIX_PATH=/home/qep/WorkSpace/RM2025/ROS2tutorial/ros_ws/install/my_interface:/home/qep/WorkSpace/RM2025/ROS2tutorial/ros_ws/install/example_param_rclcpp:/home/qep/WorkSpace/RM2025/ROS2tutorial/ros_ws/install/robot_status:/home/qep/WorkSpace/RM2025/ROS2tutorial/ros_ws/install/example_service_rclcpp:/home/qep/WorkSpace/RM2025/ROS2tutorial/ros_ws/install/example_topic_rclcpp:/opt/ros/humble /usr/bin/cmake --install /home/qep/WorkSpace/RM2025/ROS2tutorial/ros_ws/build/robot_status
