[35m[1mConsolidate compiler generated dependencies of target param_node[0m
[100%] Built target param_node
-- Install configuration: ""
-- Execute custom install script
-- Up-to-date symlink: /home/qep/WorkSpace/RM2025/ROS2tutorial/ros_ws/install/example_param_rclcpp/lib/example_param_rclcpp/param_node
-- Up-to-date symlink: /home/qep/WorkSpace/RM2025/ROS2tutorial/ros_ws/install/example_param_rclcpp/share/ament_index/resource_index/package_run_dependencies/example_param_rclcpp
-- Up-to-date symlink: /home/qep/WorkSpace/RM2025/ROS2tutorial/ros_ws/install/example_param_rclcpp/share/ament_index/resource_index/parent_prefix_path/example_param_rclcpp
-- Up-to-date symlink: /home/qep/WorkSpace/RM2025/ROS2tutorial/ros_ws/install/example_param_rclcpp/share/example_param_rclcpp/environment/ament_prefix_path.sh
-- Up-to-date symlink: /home/qep/WorkSpace/RM2025/ROS2tutorial/ros_ws/install/example_param_rclcpp/share/example_param_rclcpp/environment/ament_prefix_path.dsv
-- Up-to-date symlink: /home/qep/WorkSpace/RM2025/ROS2tutorial/ros_ws/install/example_param_rclcpp/share/example_param_rclcpp/environment/path.sh
-- Up-to-date symlink: /home/qep/WorkSpace/RM2025/ROS2tutorial/ros_ws/install/example_param_rclcpp/share/example_param_rclcpp/environment/path.dsv
-- Up-to-date symlink: /home/qep/WorkSpace/RM2025/ROS2tutorial/ros_ws/install/example_param_rclcpp/share/example_param_rclcpp/local_setup.bash
-- Up-to-date symlink: /home/qep/WorkSpace/RM2025/ROS2tutorial/ros_ws/install/example_param_rclcpp/share/example_param_rclcpp/local_setup.sh
-- Up-to-date symlink: /home/qep/WorkSpace/RM2025/ROS2tutorial/ros_ws/install/example_param_rclcpp/share/example_param_rclcpp/local_setup.zsh
-- Up-to-date symlink: /home/qep/WorkSpace/RM2025/ROS2tutorial/ros_ws/install/example_param_rclcpp/share/example_param_rclcpp/local_setup.dsv
-- Symlinking: /home/qep/WorkSpace/RM2025/ROS2tutorial/ros_ws/install/example_param_rclcpp/share/example_param_rclcpp/package.dsv
-- Up-to-date symlink: /home/qep/WorkSpace/RM2025/ROS2tutorial/ros_ws/install/example_param_rclcpp/share/ament_index/resource_index/packages/example_param_rclcpp
-- Up-to-date symlink: /home/qep/WorkSpace/RM2025/ROS2tutorial/ros_ws/install/example_param_rclcpp/share/example_param_rclcpp/cmake/example_param_rclcppConfig.cmake
-- Up-to-date symlink: /home/qep/WorkSpace/RM2025/ROS2tutorial/ros_ws/install/example_param_rclcpp/share/example_param_rclcpp/cmake/example_param_rclcppConfig-version.cmake
-- Up-to-date symlink: /home/qep/WorkSpace/RM2025/ROS2tutorial/ros_ws/install/example_param_rclcpp/share/example_param_rclcpp/package.xml
