[0.011s] Invoking command in '/home/qep/WorkSpace/RM2025/ROS2tutorial/ros_ws/build/example_param_rclcpp': CMAKE_PREFIX_PATH=${CMAKE_PREFIX_PATH}:/opt/ros/humble /usr/bin/cmake --build /home/qep/WorkSpace/RM2025/ROS2tutorial/ros_ws/build/example_param_rclcpp -- -j20 -l20
[0.043s] [35m[1mConsolidate compiler generated dependencies of target param_node[0m
[0.053s] [100%] Built target param_node
[0.063s] Invoked command in '/home/qep/WorkSpace/RM2025/ROS2tutorial/ros_ws/build/example_param_rclcpp' returned '0': CMAKE_PREFIX_PATH=${CMAKE_PREFIX_PATH}:/opt/ros/humble /usr/bin/cmake --build /home/qep/WorkSpace/RM2025/ROS2tutorial/ros_ws/build/example_param_rclcpp -- -j20 -l20
[0.099s] Invoking command in '/home/qep/WorkSpace/RM2025/ROS2tutorial/ros_ws/build/example_param_rclcpp': CMAKE_PREFIX_PATH=${CMAKE_PREFIX_PATH}:/opt/ros/humble /usr/bin/cmake --install /home/qep/WorkSpace/RM2025/ROS2tutorial/ros_ws/build/example_param_rclcpp
[0.105s] -- Install configuration: ""
[0.105s] -- Execute custom install script
[0.105s] -- Up-to-date symlink: /home/qep/WorkSpace/RM2025/ROS2tutorial/ros_ws/install/example_param_rclcpp/lib/example_param_rclcpp/param_node
[0.106s] -- Up-to-date symlink: /home/qep/WorkSpace/RM2025/ROS2tutorial/ros_ws/install/example_param_rclcpp/share/ament_index/resource_index/package_run_dependencies/example_param_rclcpp
[0.106s] -- Up-to-date symlink: /home/qep/WorkSpace/RM2025/ROS2tutorial/ros_ws/install/example_param_rclcpp/share/ament_index/resource_index/parent_prefix_path/example_param_rclcpp
[0.106s] -- Up-to-date symlink: /home/qep/WorkSpace/RM2025/ROS2tutorial/ros_ws/install/example_param_rclcpp/share/example_param_rclcpp/environment/ament_prefix_path.sh
[0.106s] -- Up-to-date symlink: /home/qep/WorkSpace/RM2025/ROS2tutorial/ros_ws/install/example_param_rclcpp/share/example_param_rclcpp/environment/ament_prefix_path.dsv
[0.106s] -- Up-to-date symlink: /home/qep/WorkSpace/RM2025/ROS2tutorial/ros_ws/install/example_param_rclcpp/share/example_param_rclcpp/environment/path.sh
[0.106s] -- Up-to-date symlink: /home/qep/WorkSpace/RM2025/ROS2tutorial/ros_ws/install/example_param_rclcpp/share/example_param_rclcpp/environment/path.dsv
[0.106s] -- Up-to-date symlink: /home/qep/WorkSpace/RM2025/ROS2tutorial/ros_ws/install/example_param_rclcpp/share/example_param_rclcpp/local_setup.bash
[0.106s] -- Up-to-date symlink: /home/qep/WorkSpace/RM2025/ROS2tutorial/ros_ws/install/example_param_rclcpp/share/example_param_rclcpp/local_setup.sh
[0.106s] -- Up-to-date symlink: /home/qep/WorkSpace/RM2025/ROS2tutorial/ros_ws/install/example_param_rclcpp/share/example_param_rclcpp/local_setup.zsh
[0.106s] -- Up-to-date symlink: /home/qep/WorkSpace/RM2025/ROS2tutorial/ros_ws/install/example_param_rclcpp/share/example_param_rclcpp/local_setup.dsv
[0.106s] -- Symlinking: /home/qep/WorkSpace/RM2025/ROS2tutorial/ros_ws/install/example_param_rclcpp/share/example_param_rclcpp/package.dsv
[0.114s] -- Up-to-date symlink: /home/qep/WorkSpace/RM2025/ROS2tutorial/ros_ws/install/example_param_rclcpp/share/ament_index/resource_index/packages/example_param_rclcpp
[0.114s] -- Up-to-date symlink: /home/qep/WorkSpace/RM2025/ROS2tutorial/ros_ws/install/example_param_rclcpp/share/example_param_rclcpp/cmake/example_param_rclcppConfig.cmake
[0.114s] -- Up-to-date symlink: /home/qep/WorkSpace/RM2025/ROS2tutorial/ros_ws/install/example_param_rclcpp/share/example_param_rclcpp/cmake/example_param_rclcppConfig-version.cmake
[0.114s] -- Up-to-date symlink: /home/qep/WorkSpace/RM2025/ROS2tutorial/ros_ws/install/example_param_rclcpp/share/example_param_rclcpp/package.xml
[0.116s] Invoked command in '/home/qep/WorkSpace/RM2025/ROS2tutorial/ros_ws/build/example_param_rclcpp' returned '0': CMAKE_PREFIX_PATH=${CMAKE_PREFIX_PATH}:/opt/ros/humble /usr/bin/cmake --install /home/qep/WorkSpace/RM2025/ROS2tutorial/ros_ws/build/example_param_rclcpp
