[0.023s] Invoking command in '/home/qep/WorkSpace/RM2025/ROS2tutorial/ros_ws/build/self_interface': CMAKE_PREFIX_PATH=/opt/ros/humble /usr/bin/cmake /home/qep/WorkSpace/RM2025/ROS2tutorial/ros_ws/src/self_interface -DAMENT_CMAKE_SYMLINK_INSTALL=1 -DCMAKE_INSTALL_PREFIX=/home/qep/WorkSpace/RM2025/ROS2tutorial/ros_ws/install/self_interface
[0.108s] -- The C compiler identification is GNU 11.4.0
[0.199s] -- The CXX compiler identification is GNU 11.4.0
[0.207s] -- Detecting C compiler ABI info
[0.262s] -- Detecting C compiler ABI info - done
[0.271s] -- Check for working C compiler: /usr/bin/cc - skipped
[0.271s] -- Detecting C compile features
[0.272s] -- Detecting C compile features - done
[0.275s] -- Detecting CXX compiler ABI info
[0.339s] -- Detecting CXX compiler ABI info - done
[0.348s] -- Check for working CXX compiler: /usr/bin/c++ - skipped
[0.348s] -- Detecting CXX compile features
[0.349s] -- Detecting CXX compile features - done
[0.351s] -- Found ament_cmake: 1.3.10 (/opt/ros/humble/share/ament_cmake/cmake)
[0.472s] -- Found Python3: /usr/bin/python3 (found version "3.10.12") found components: Interpreter 
[0.527s] -- Override CMake install command with custom implementation using symlinks instead of copying resources
[0.545s] -- Found rosidl_default_generators: 1.2.0 (/opt/ros/humble/share/rosidl_default_generators/cmake)
[0.548s] -- Using all available rosidl_typesupport_c: rosidl_typesupport_fastrtps_c;rosidl_typesupport_introspection_c
[0.551s] -- Found rosidl_adapter: 3.1.5 (/opt/ros/humble/share/rosidl_adapter/cmake)
[0.576s] -- Using all available rosidl_typesupport_cpp: rosidl_typesupport_fastrtps_cpp;rosidl_typesupport_introspection_cpp
[0.599s] -- Found rclcpp: 16.0.10 (/opt/ros/humble/share/rclcpp/cmake)
[0.645s] -- Found rmw_implementation_cmake: 6.1.2 (/opt/ros/humble/share/rmw_implementation_cmake/cmake)
[0.647s] -- Found rmw_fastrtps_cpp: 6.2.7 (/opt/ros/humble/share/rmw_fastrtps_cpp/cmake)
[0.703s] -- Found OpenSSL: /usr/lib/x86_64-linux-gnu/libcrypto.so (found version "3.0.2")  
[0.734s] -- Found FastRTPS: /opt/ros/humble/include  
[0.782s] -- Using RMW implementation 'rmw_fastrtps_cpp' as default
[0.786s] -- Looking for pthread.h
[0.836s] -- Looking for pthread.h - found
[0.836s] -- Performing Test CMAKE_HAVE_LIBC_PTHREAD
[0.883s] -- Performing Test CMAKE_HAVE_LIBC_PTHREAD - Success
[0.884s] -- Found Threads: TRUE  
[0.916s] -- Found geometry_msgs: 4.2.4 (/opt/ros/humble/share/geometry_msgs/cmake)
[1.148s] -- Found ament_cmake_ros: 0.10.0 (/opt/ros/humble/share/ament_cmake_ros/cmake)
[1.441s] -- Using all available rosidl_typesupport_c: rosidl_typesupport_fastrtps_c;rosidl_typesupport_introspection_c
[1.769s] -- Using all available rosidl_typesupport_cpp: rosidl_typesupport_fastrtps_cpp;rosidl_typesupport_introspection_cpp
[1.796s] -- Found PythonInterp: /usr/bin/python3 (found suitable version "3.10.12", minimum required is "3.6") 
[1.797s] -- Found python_cmake_module: 0.10.0 (/opt/ros/humble/share/python_cmake_module/cmake)
[1.829s] -- Found PythonLibs: /usr/lib/x86_64-linux-gnu/libpython3.10.so (found suitable version "3.10.12", minimum required is "3.5") 
[1.829s] -- Using PYTHON_EXECUTABLE: /usr/bin/python3
[1.830s] -- Using PYTHON_INCLUDE_DIRS: /usr/include/python3.10
[1.830s] -- Using PYTHON_LIBRARIES: /usr/lib/x86_64-linux-gnu/libpython3.10.so
[1.856s] -- Found PythonExtra: .so  
[1.932s] [0mCMake Deprecation Warning at /opt/ros/humble/share/rosidl_cmake/cmake/rosidl_target_interfaces.cmake:32 (message):
[1.933s]   Use rosidl_get_typesupport_target() and target_link_libraries() instead of
[1.933s]   rosidl_target_interfaces()
[1.933s] Call Stack (most recent call first):
[1.933s]   CMakeLists.txt:24 (rosidl_target_interfaces)
[1.933s] 
[1.933s] [0m
[1.934s] -- Found ament_lint_auto: 0.12.11 (/opt/ros/humble/share/ament_lint_auto/cmake)
[1.955s] -- Added test 'cppcheck' to perform static code analysis on C / C++ code
[1.956s] -- Configured cppcheck include dirs: /home/qep/WorkSpace/RM2025/ROS2tutorial/ros_ws/src/self_interface/ros_ws/install/self_interface/include/self_interface
[1.957s] -- Configured cppcheck exclude dirs and/or files: 
[1.957s] -- Added test 'lint_cmake' to check CMake code style
[1.959s] -- Added test 'uncrustify' to check C / C++ code style
[1.959s] -- Configured uncrustify additional arguments: 
[1.959s] -- Added test 'xmllint' to check XML markup files
[1.964s] -- Configuring done
[2.013s] -- Generating done
[2.017s] -- Build files have been written to: /home/qep/WorkSpace/RM2025/ROS2tutorial/ros_ws/build/self_interface
[2.031s] Invoked command in '/home/qep/WorkSpace/RM2025/ROS2tutorial/ros_ws/build/self_interface' returned '0': CMAKE_PREFIX_PATH=/opt/ros/humble /usr/bin/cmake /home/qep/WorkSpace/RM2025/ROS2tutorial/ros_ws/src/self_interface -DAMENT_CMAKE_SYMLINK_INSTALL=1 -DCMAKE_INSTALL_PREFIX=/home/qep/WorkSpace/RM2025/ROS2tutorial/ros_ws/install/self_interface
[2.033s] Invoking command in '/home/qep/WorkSpace/RM2025/ROS2tutorial/ros_ws/build/self_interface': CMAKE_PREFIX_PATH=/opt/ros/humble /usr/bin/cmake --build /home/qep/WorkSpace/RM2025/ROS2tutorial/ros_ws/build/self_interface -- -j20 -l20
[2.077s] [  3%] [34m[1mGenerating C code for ROS interfaces[0m
[2.085s] [  6%] [34m[1mGenerating C++ code for ROS interfaces[0m
[2.091s] [  6%] Built target ament_cmake_python_symlink_self_interface
[2.290s] running egg_info
[2.290s] creating self_interface.egg-info
[2.290s] writing self_interface.egg-info/PKG-INFO
[2.290s] writing dependency_links to self_interface.egg-info/dependency_links.txt
[2.290s] writing top-level names to self_interface.egg-info/top_level.txt
[2.290s] writing manifest file 'self_interface.egg-info/SOURCES.txt'
[2.290s] reading manifest file 'self_interface.egg-info/SOURCES.txt'
[2.290s] writing manifest file 'self_interface.egg-info/SOURCES.txt'
[2.316s] [  6%] Built target ament_cmake_python_build_self_interface_egg
[2.402s] [  9%] [32mBuilding C object CMakeFiles/self_interface__rosidl_generator_c.dir/rosidl_generator_c/self_interface/msg/detail/robot__functions.c.o[0m
[2.403s] [  9%] Built target self_interface__cpp
[2.415s] [ 12%] [34m[1mGenerating C++ type support dispatch for ROS interfaces[0m
[2.417s] [ 15%] [34m[1mGenerating C++ introspection for ROS interfaces[0m
[2.417s] [ 18%] [34m[1mGenerating C++ type support for eProsima Fast-RTPS[0m
[2.462s] [ 21%] [32m[1mLinking C shared library libself_interface__rosidl_generator_c.so[0m
[2.501s] [ 21%] Built target self_interface__rosidl_generator_c
[2.515s] [ 24%] [34m[1mGenerating C introspection for ROS interfaces[0m
[2.521s] [ 27%] [34m[1mGenerating C type support for eProsima Fast-RTPS[0m
[2.529s] [ 30%] [34m[1mGenerating C type support dispatch for ROS interfaces[0m
[2.716s] [ 33%] [32mBuilding CXX object CMakeFiles/self_interface__rosidl_typesupport_cpp.dir/rosidl_typesupport_cpp/self_interface/msg/robot__type_support.cpp.o[0m
[2.716s] [ 36%] [32mBuilding CXX object CMakeFiles/self_interface__rosidl_typesupport_introspection_cpp.dir/rosidl_typesupport_introspection_cpp/self_interface/msg/detail/robot__type_support.cpp.o[0m
[2.743s] [ 39%] [32mBuilding CXX object CMakeFiles/self_interface__rosidl_typesupport_fastrtps_cpp.dir/rosidl_typesupport_fastrtps_cpp/self_interface/msg/detail/dds_fastrtps/robot__type_support.cpp.o[0m
[2.803s] [ 42%] [32mBuilding CXX object CMakeFiles/self_interface__rosidl_typesupport_c.dir/rosidl_typesupport_c/self_interface/msg/robot__type_support.cpp.o[0m
[2.841s] [ 45%] [32m[1mLinking CXX shared library libself_interface__rosidl_typesupport_c.so[0m
[2.866s] [ 48%] [32mBuilding C object CMakeFiles/self_interface__rosidl_typesupport_introspection_c.dir/rosidl_typesupport_introspection_c/self_interface/msg/detail/robot__type_support.c.o[0m
[2.868s] [ 51%] [32mBuilding CXX object CMakeFiles/self_interface__rosidl_typesupport_fastrtps_c.dir/rosidl_typesupport_fastrtps_c/self_interface/msg/detail/robot__type_support_c.cpp.o[0m
[2.890s] [ 51%] Built target self_interface__rosidl_typesupport_c
[2.905s] [ 54%] [32m[1mLinking C shared library libself_interface__rosidl_typesupport_introspection_c.so[0m
[2.936s] [ 54%] Built target self_interface__rosidl_typesupport_introspection_c
[3.002s] [ 57%] [32m[1mLinking CXX shared library libself_interface__rosidl_typesupport_cpp.so[0m
[3.044s] [ 57%] Built target self_interface__rosidl_typesupport_cpp
[3.161s] [ 60%] [32m[1mLinking CXX shared library libself_interface__rosidl_typesupport_fastrtps_c.so[0m
[3.214s] [ 63%] [32m[1mLinking CXX shared library libself_interface__rosidl_typesupport_introspection_cpp.so[0m
[3.230s] [ 63%] Built target self_interface__rosidl_typesupport_fastrtps_c
[3.272s] [ 63%] Built target self_interface__rosidl_typesupport_introspection_cpp
[3.303s] [ 66%] [32m[1mLinking CXX shared library libself_interface__rosidl_typesupport_fastrtps_cpp.so[0m
[3.372s] [ 66%] Built target self_interface__rosidl_typesupport_fastrtps_cpp
[3.394s] [ 66%] Built target self_interface
[3.414s] [ 69%] [34m[1mGenerating Python code for ROS interfaces[0m
[3.416s] [ 72%] [32mBuilding CXX object CMakeFiles/robot_publisher.dir/src/main.cpp.o[0m
[3.793s] [ 72%] Built target self_interface__py
[3.808s] [ 75%] [32mBuilding C object CMakeFiles/self_interface__rosidl_generator_py.dir/rosidl_generator_py/self_interface/msg/_robot_s.c.o[0m
[3.921s] [ 78%] [32m[1mLinking C shared library rosidl_generator_py/self_interface/libself_interface__rosidl_generator_py.so[0m
[3.952s] [ 78%] Built target self_interface__rosidl_generator_py
[3.968s] [ 81%] [32mBuilding C object CMakeFiles/self_interface__rosidl_typesupport_c__pyext.dir/rosidl_generator_py/self_interface/_self_interface_s.ep.rosidl_typesupport_c.c.o[0m
[3.968s] [ 84%] [32mBuilding C object CMakeFiles/self_interface__rosidl_typesupport_introspection_c__pyext.dir/rosidl_generator_py/self_interface/_self_interface_s.ep.rosidl_typesupport_introspection_c.c.o[0m
[3.974s] [ 87%] [32mBuilding C object CMakeFiles/self_interface__rosidl_typesupport_fastrtps_c__pyext.dir/rosidl_generator_py/self_interface/_self_interface_s.ep.rosidl_typesupport_fastrtps_c.c.o[0m
[4.039s] [ 90%] [32m[1mLinking C shared library rosidl_generator_py/self_interface/self_interface_s__rosidl_typesupport_introspection_c.cpython-310-x86_64-linux-gnu.so[0m
[4.059s] [ 93%] [32m[1mLinking C shared library rosidl_generator_py/self_interface/self_interface_s__rosidl_typesupport_fastrtps_c.cpython-310-x86_64-linux-gnu.so[0m
[4.069s] [ 93%] Built target self_interface__rosidl_typesupport_introspection_c__pyext
[4.081s] [ 96%] [32m[1mLinking C shared library rosidl_generator_py/self_interface/self_interface_s__rosidl_typesupport_c.cpython-310-x86_64-linux-gnu.so[0m
[4.096s] [ 96%] Built target self_interface__rosidl_typesupport_fastrtps_c__pyext
[4.115s] [ 96%] Built target self_interface__rosidl_typesupport_c__pyext
[6.359s] [100%] [32m[1mLinking CXX executable robot_publisher[0m
[6.481s] [100%] Built target robot_publisher
[6.493s] Invoked command in '/home/qep/WorkSpace/RM2025/ROS2tutorial/ros_ws/build/self_interface' returned '0': CMAKE_PREFIX_PATH=/opt/ros/humble /usr/bin/cmake --build /home/qep/WorkSpace/RM2025/ROS2tutorial/ros_ws/build/self_interface -- -j20 -l20
[6.545s] Invoking command in '/home/qep/WorkSpace/RM2025/ROS2tutorial/ros_ws/build/self_interface': CMAKE_PREFIX_PATH=/opt/ros/humble /usr/bin/cmake --install /home/qep/WorkSpace/RM2025/ROS2tutorial/ros_ws/build/self_interface
[6.550s] -- Install configuration: ""
[6.551s] -- Execute custom install script
[6.551s] -- Symlinking: /home/qep/WorkSpace/RM2025/ROS2tutorial/ros_ws/install/self_interface/share/ament_index/resource_index/rosidl_interfaces/self_interface
[6.559s] -- Symlinking: /home/qep/WorkSpace/RM2025/ROS2tutorial/ros_ws/install/self_interface/include/self_interface/self_interface/msg/detail/robot__functions.h
[6.568s] -- Symlinking: /home/qep/WorkSpace/RM2025/ROS2tutorial/ros_ws/install/self_interface/include/self_interface/self_interface/msg/detail/robot__struct.h
[6.576s] -- Symlinking: /home/qep/WorkSpace/RM2025/ROS2tutorial/ros_ws/install/self_interface/include/self_interface/self_interface/msg/detail/robot__type_support.h
[6.585s] -- Symlinking: /home/qep/WorkSpace/RM2025/ROS2tutorial/ros_ws/install/self_interface/include/self_interface/self_interface/msg/robot.h
[6.594s] -- Symlinking: /home/qep/WorkSpace/RM2025/ROS2tutorial/ros_ws/install/self_interface/include/self_interface/self_interface/msg/rosidl_generator_c__visibility_control.h
[6.601s] -- Symlinking: /home/qep/WorkSpace/RM2025/ROS2tutorial/ros_ws/install/self_interface/share/self_interface/environment/library_path.sh
[6.610s] -- Symlinking: /home/qep/WorkSpace/RM2025/ROS2tutorial/ros_ws/install/self_interface/share/self_interface/environment/library_path.dsv
[6.617s] -- Symlinking: /home/qep/WorkSpace/RM2025/ROS2tutorial/ros_ws/install/self_interface/include/self_interface/self_interface/msg/detail/robot__rosidl_typesupport_fastrtps_c.h
[6.624s] -- Symlinking: /home/qep/WorkSpace/RM2025/ROS2tutorial/ros_ws/install/self_interface/include/self_interface/self_interface/msg/rosidl_typesupport_fastrtps_c__visibility_control.h
[6.629s] -- Symlinking: /home/qep/WorkSpace/RM2025/ROS2tutorial/ros_ws/install/self_interface/include/self_interface/self_interface/msg/detail/robot__rosidl_typesupport_introspection_c.h
[6.639s] -- Symlinking: /home/qep/WorkSpace/RM2025/ROS2tutorial/ros_ws/install/self_interface/include/self_interface/self_interface/msg/rosidl_typesupport_introspection_c__visibility_control.h
[6.647s] -- Symlinking: /home/qep/WorkSpace/RM2025/ROS2tutorial/ros_ws/install/self_interface/include/self_interface/self_interface/msg/detail/robot__builder.hpp
[6.653s] -- Symlinking: /home/qep/WorkSpace/RM2025/ROS2tutorial/ros_ws/install/self_interface/include/self_interface/self_interface/msg/detail/robot__struct.hpp
[6.660s] -- Symlinking: /home/qep/WorkSpace/RM2025/ROS2tutorial/ros_ws/install/self_interface/include/self_interface/self_interface/msg/detail/robot__traits.hpp
[6.667s] -- Symlinking: /home/qep/WorkSpace/RM2025/ROS2tutorial/ros_ws/install/self_interface/include/self_interface/self_interface/msg/robot.hpp
[6.673s] -- Symlinking: /home/qep/WorkSpace/RM2025/ROS2tutorial/ros_ws/install/self_interface/include/self_interface/self_interface/msg/detail/robot__rosidl_typesupport_fastrtps_cpp.hpp
[6.682s] -- Symlinking: /home/qep/WorkSpace/RM2025/ROS2tutorial/ros_ws/install/self_interface/include/self_interface/self_interface/msg/rosidl_typesupport_fastrtps_cpp__visibility_control.h
[6.691s] -- Symlinking: /home/qep/WorkSpace/RM2025/ROS2tutorial/ros_ws/install/self_interface/include/self_interface/self_interface/msg/detail/robot__rosidl_typesupport_introspection_cpp.hpp
[6.697s] -- Symlinking: /home/qep/WorkSpace/RM2025/ROS2tutorial/ros_ws/install/self_interface/share/self_interface/environment/pythonpath.sh
[6.706s] -- Symlinking: /home/qep/WorkSpace/RM2025/ROS2tutorial/ros_ws/install/self_interface/share/self_interface/environment/pythonpath.dsv
[6.715s] -- Symlinking: /home/qep/WorkSpace/RM2025/ROS2tutorial/ros_ws/install/self_interface/local/lib/python3.10/dist-packages/self_interface-0.0.0-py3.10.egg-info/PKG-INFO
[6.721s] -- Symlinking: /home/qep/WorkSpace/RM2025/ROS2tutorial/ros_ws/install/self_interface/local/lib/python3.10/dist-packages/self_interface-0.0.0-py3.10.egg-info/SOURCES.txt
[6.728s] -- Symlinking: /home/qep/WorkSpace/RM2025/ROS2tutorial/ros_ws/install/self_interface/local/lib/python3.10/dist-packages/self_interface-0.0.0-py3.10.egg-info/dependency_links.txt
[6.737s] -- Symlinking: /home/qep/WorkSpace/RM2025/ROS2tutorial/ros_ws/install/self_interface/local/lib/python3.10/dist-packages/self_interface-0.0.0-py3.10.egg-info/top_level.txt
[6.745s] -- Symlinking: /home/qep/WorkSpace/RM2025/ROS2tutorial/ros_ws/install/self_interface/local/lib/python3.10/dist-packages/self_interface/__init__.py
[6.750s] -- Symlinking: /home/qep/WorkSpace/RM2025/ROS2tutorial/ros_ws/install/self_interface/local/lib/python3.10/dist-packages/self_interface/_self_interface_s.ep.rosidl_typesupport_c.c
[6.759s] -- Symlinking: /home/qep/WorkSpace/RM2025/ROS2tutorial/ros_ws/install/self_interface/local/lib/python3.10/dist-packages/self_interface/_self_interface_s.ep.rosidl_typesupport_fastrtps_c.c
[6.765s] -- Symlinking: /home/qep/WorkSpace/RM2025/ROS2tutorial/ros_ws/install/self_interface/local/lib/python3.10/dist-packages/self_interface/_self_interface_s.ep.rosidl_typesupport_introspection_c.c
[6.770s] -- Symlinking: /home/qep/WorkSpace/RM2025/ROS2tutorial/ros_ws/install/self_interface/local/lib/python3.10/dist-packages/self_interface/libself_interface__rosidl_generator_py.so
[6.779s] -- Symlinking: /home/qep/WorkSpace/RM2025/ROS2tutorial/ros_ws/install/self_interface/local/lib/python3.10/dist-packages/self_interface/msg/__init__.py
[6.785s] -- Symlinking: /home/qep/WorkSpace/RM2025/ROS2tutorial/ros_ws/install/self_interface/local/lib/python3.10/dist-packages/self_interface/msg/_robot.py
[6.790s] -- Symlinking: /home/qep/WorkSpace/RM2025/ROS2tutorial/ros_ws/install/self_interface/local/lib/python3.10/dist-packages/self_interface/msg/_robot_s.c
[6.799s] -- Symlinking: /home/qep/WorkSpace/RM2025/ROS2tutorial/ros_ws/install/self_interface/local/lib/python3.10/dist-packages/self_interface/self_interface_s__rosidl_typesupport_c.cpython-310-x86_64-linux-gnu.so
[6.805s] -- Symlinking: /home/qep/WorkSpace/RM2025/ROS2tutorial/ros_ws/install/self_interface/local/lib/python3.10/dist-packages/self_interface/self_interface_s__rosidl_typesupport_fastrtps_c.cpython-310-x86_64-linux-gnu.so
[6.811s] -- Symlinking: /home/qep/WorkSpace/RM2025/ROS2tutorial/ros_ws/install/self_interface/local/lib/python3.10/dist-packages/self_interface/self_interface_s__rosidl_typesupport_introspection_c.cpython-310-x86_64-linux-gnu.so
[6.821s] -- Up-to-date symlink: /home/qep/WorkSpace/RM2025/ROS2tutorial/ros_ws/install/self_interface/local/lib/python3.10/dist-packages/self_interface/self_interface_s__rosidl_typesupport_fastrtps_c.cpython-310-x86_64-linux-gnu.so
[6.821s] -- Up-to-date symlink: /home/qep/WorkSpace/RM2025/ROS2tutorial/ros_ws/install/self_interface/local/lib/python3.10/dist-packages/self_interface/self_interface_s__rosidl_typesupport_introspection_c.cpython-310-x86_64-linux-gnu.so
[6.821s] -- Up-to-date symlink: /home/qep/WorkSpace/RM2025/ROS2tutorial/ros_ws/install/self_interface/local/lib/python3.10/dist-packages/self_interface/self_interface_s__rosidl_typesupport_c.cpython-310-x86_64-linux-gnu.so
[6.821s] -- Symlinking: /home/qep/WorkSpace/RM2025/ROS2tutorial/ros_ws/install/self_interface/share/self_interface/msg/Robot.idl
[6.828s] -- Symlinking: /home/qep/WorkSpace/RM2025/ROS2tutorial/ros_ws/install/self_interface/share/self_interface/msg/Robot.msg
[6.833s] -- Symlinking: /home/qep/WorkSpace/RM2025/ROS2tutorial/ros_ws/install/self_interface/lib/self_interface/robot_publisher
[6.840s] -- Symlinking: /home/qep/WorkSpace/RM2025/ROS2tutorial/ros_ws/install/self_interface/share/ament_index/resource_index/package_run_dependencies/self_interface
[6.846s] -- Symlinking: /home/qep/WorkSpace/RM2025/ROS2tutorial/ros_ws/install/self_interface/share/ament_index/resource_index/parent_prefix_path/self_interface
[6.853s] -- Symlinking: /home/qep/WorkSpace/RM2025/ROS2tutorial/ros_ws/install/self_interface/share/self_interface/environment/ament_prefix_path.sh
[6.859s] -- Symlinking: /home/qep/WorkSpace/RM2025/ROS2tutorial/ros_ws/install/self_interface/share/self_interface/environment/ament_prefix_path.dsv
[6.866s] -- Symlinking: /home/qep/WorkSpace/RM2025/ROS2tutorial/ros_ws/install/self_interface/share/self_interface/environment/path.sh
[6.871s] -- Symlinking: /home/qep/WorkSpace/RM2025/ROS2tutorial/ros_ws/install/self_interface/share/self_interface/environment/path.dsv
[6.880s] -- Symlinking: /home/qep/WorkSpace/RM2025/ROS2tutorial/ros_ws/install/self_interface/share/self_interface/local_setup.bash
[6.886s] -- Symlinking: /home/qep/WorkSpace/RM2025/ROS2tutorial/ros_ws/install/self_interface/share/self_interface/local_setup.sh
[6.894s] -- Symlinking: /home/qep/WorkSpace/RM2025/ROS2tutorial/ros_ws/install/self_interface/share/self_interface/local_setup.zsh
[6.899s] -- Symlinking: /home/qep/WorkSpace/RM2025/ROS2tutorial/ros_ws/install/self_interface/share/self_interface/local_setup.dsv
[6.905s] -- Symlinking: /home/qep/WorkSpace/RM2025/ROS2tutorial/ros_ws/install/self_interface/share/self_interface/package.dsv
[6.912s] -- Symlinking: /home/qep/WorkSpace/RM2025/ROS2tutorial/ros_ws/install/self_interface/share/ament_index/resource_index/packages/self_interface
[6.920s] -- Symlinking: /home/qep/WorkSpace/RM2025/ROS2tutorial/ros_ws/install/self_interface/share/self_interface/cmake/rosidl_cmake-extras.cmake
[6.926s] -- Symlinking: /home/qep/WorkSpace/RM2025/ROS2tutorial/ros_ws/install/self_interface/share/self_interface/cmake/ament_cmake_export_dependencies-extras.cmake
[6.935s] -- Symlinking: /home/qep/WorkSpace/RM2025/ROS2tutorial/ros_ws/install/self_interface/share/self_interface/cmake/ament_cmake_export_include_directories-extras.cmake
[6.942s] -- Symlinking: /home/qep/WorkSpace/RM2025/ROS2tutorial/ros_ws/install/self_interface/share/self_interface/cmake/ament_cmake_export_libraries-extras.cmake
[6.948s] -- Symlinking: /home/qep/WorkSpace/RM2025/ROS2tutorial/ros_ws/install/self_interface/share/self_interface/cmake/ament_cmake_export_targets-extras.cmake
[6.954s] -- Symlinking: /home/qep/WorkSpace/RM2025/ROS2tutorial/ros_ws/install/self_interface/share/self_interface/cmake/rosidl_cmake_export_typesupport_targets-extras.cmake
[6.960s] -- Symlinking: /home/qep/WorkSpace/RM2025/ROS2tutorial/ros_ws/install/self_interface/share/self_interface/cmake/rosidl_cmake_export_typesupport_libraries-extras.cmake
[6.967s] -- Symlinking: /home/qep/WorkSpace/RM2025/ROS2tutorial/ros_ws/install/self_interface/share/self_interface/cmake/self_interfaceConfig.cmake
[6.973s] -- Symlinking: /home/qep/WorkSpace/RM2025/ROS2tutorial/ros_ws/install/self_interface/share/self_interface/cmake/self_interfaceConfig-version.cmake
[6.982s] -- Symlinking: /home/qep/WorkSpace/RM2025/ROS2tutorial/ros_ws/install/self_interface/share/self_interface/package.xml
[6.988s] -- Installing: /home/qep/WorkSpace/RM2025/ROS2tutorial/ros_ws/install/self_interface/lib/libself_interface__rosidl_generator_c.so
[6.988s] -- Set runtime path of "/home/qep/WorkSpace/RM2025/ROS2tutorial/ros_ws/install/self_interface/lib/libself_interface__rosidl_generator_c.so" to ""
[6.989s] -- Installing: /home/qep/WorkSpace/RM2025/ROS2tutorial/ros_ws/install/self_interface/lib/libself_interface__rosidl_typesupport_fastrtps_c.so
[6.989s] -- Set runtime path of "/home/qep/WorkSpace/RM2025/ROS2tutorial/ros_ws/install/self_interface/lib/libself_interface__rosidl_typesupport_fastrtps_c.so" to ""
[6.989s] -- Installing: /home/qep/WorkSpace/RM2025/ROS2tutorial/ros_ws/install/self_interface/lib/libself_interface__rosidl_typesupport_introspection_c.so
[6.989s] -- Set runtime path of "/home/qep/WorkSpace/RM2025/ROS2tutorial/ros_ws/install/self_interface/lib/libself_interface__rosidl_typesupport_introspection_c.so" to ""
[6.989s] -- Installing: /home/qep/WorkSpace/RM2025/ROS2tutorial/ros_ws/install/self_interface/lib/libself_interface__rosidl_typesupport_c.so
[6.989s] -- Set runtime path of "/home/qep/WorkSpace/RM2025/ROS2tutorial/ros_ws/install/self_interface/lib/libself_interface__rosidl_typesupport_c.so" to ""
[6.989s] -- Installing: /home/qep/WorkSpace/RM2025/ROS2tutorial/ros_ws/install/self_interface/lib/libself_interface__rosidl_typesupport_fastrtps_cpp.so
[6.989s] -- Set runtime path of "/home/qep/WorkSpace/RM2025/ROS2tutorial/ros_ws/install/self_interface/lib/libself_interface__rosidl_typesupport_fastrtps_cpp.so" to ""
[6.989s] -- Installing: /home/qep/WorkSpace/RM2025/ROS2tutorial/ros_ws/install/self_interface/lib/libself_interface__rosidl_typesupport_introspection_cpp.so
[6.989s] -- Set runtime path of "/home/qep/WorkSpace/RM2025/ROS2tutorial/ros_ws/install/self_interface/lib/libself_interface__rosidl_typesupport_introspection_cpp.so" to ""
[6.989s] -- Installing: /home/qep/WorkSpace/RM2025/ROS2tutorial/ros_ws/install/self_interface/lib/libself_interface__rosidl_typesupport_cpp.so
[6.989s] -- Set runtime path of "/home/qep/WorkSpace/RM2025/ROS2tutorial/ros_ws/install/self_interface/lib/libself_interface__rosidl_typesupport_cpp.so" to ""
[7.012s] Listing '/home/qep/WorkSpace/RM2025/ROS2tutorial/ros_ws/install/self_interface/local/lib/python3.10/dist-packages/self_interface'...
[7.013s] Compiling '/home/qep/WorkSpace/RM2025/ROS2tutorial/ros_ws/install/self_interface/local/lib/python3.10/dist-packages/self_interface/__init__.py'...
[7.013s] Listing '/home/qep/WorkSpace/RM2025/ROS2tutorial/ros_ws/install/self_interface/local/lib/python3.10/dist-packages/self_interface/msg'...
[7.013s] Compiling '/home/qep/WorkSpace/RM2025/ROS2tutorial/ros_ws/install/self_interface/local/lib/python3.10/dist-packages/self_interface/msg/__init__.py'...
[7.013s] Compiling '/home/qep/WorkSpace/RM2025/ROS2tutorial/ros_ws/install/self_interface/local/lib/python3.10/dist-packages/self_interface/msg/_robot.py'...
[7.016s] -- Installing: /home/qep/WorkSpace/RM2025/ROS2tutorial/ros_ws/install/self_interface/lib/libself_interface__rosidl_generator_py.so
[7.016s] -- Set runtime path of "/home/qep/WorkSpace/RM2025/ROS2tutorial/ros_ws/install/self_interface/lib/libself_interface__rosidl_generator_py.so" to ""
[7.016s] -- Installing: /home/qep/WorkSpace/RM2025/ROS2tutorial/ros_ws/install/self_interface/share/self_interface/cmake/export_self_interface__rosidl_generator_cExport.cmake
[7.016s] -- Installing: /home/qep/WorkSpace/RM2025/ROS2tutorial/ros_ws/install/self_interface/share/self_interface/cmake/export_self_interface__rosidl_generator_cExport-noconfig.cmake
[7.016s] -- Installing: /home/qep/WorkSpace/RM2025/ROS2tutorial/ros_ws/install/self_interface/share/self_interface/cmake/export_self_interface__rosidl_typesupport_fastrtps_cExport.cmake
[7.016s] -- Installing: /home/qep/WorkSpace/RM2025/ROS2tutorial/ros_ws/install/self_interface/share/self_interface/cmake/export_self_interface__rosidl_typesupport_fastrtps_cExport-noconfig.cmake
[7.016s] -- Installing: /home/qep/WorkSpace/RM2025/ROS2tutorial/ros_ws/install/self_interface/share/self_interface/cmake/self_interface__rosidl_typesupport_introspection_cExport.cmake
[7.016s] -- Installing: /home/qep/WorkSpace/RM2025/ROS2tutorial/ros_ws/install/self_interface/share/self_interface/cmake/self_interface__rosidl_typesupport_introspection_cExport-noconfig.cmake
[7.016s] -- Installing: /home/qep/WorkSpace/RM2025/ROS2tutorial/ros_ws/install/self_interface/share/self_interface/cmake/self_interface__rosidl_typesupport_cExport.cmake
[7.016s] -- Installing: /home/qep/WorkSpace/RM2025/ROS2tutorial/ros_ws/install/self_interface/share/self_interface/cmake/self_interface__rosidl_typesupport_cExport-noconfig.cmake
[7.016s] -- Installing: /home/qep/WorkSpace/RM2025/ROS2tutorial/ros_ws/install/self_interface/share/self_interface/cmake/export_self_interface__rosidl_generator_cppExport.cmake
[7.017s] -- Installing: /home/qep/WorkSpace/RM2025/ROS2tutorial/ros_ws/install/self_interface/share/self_interface/cmake/export_self_interface__rosidl_typesupport_fastrtps_cppExport.cmake
[7.017s] -- Installing: /home/qep/WorkSpace/RM2025/ROS2tutorial/ros_ws/install/self_interface/share/self_interface/cmake/export_self_interface__rosidl_typesupport_fastrtps_cppExport-noconfig.cmake
[7.017s] -- Installing: /home/qep/WorkSpace/RM2025/ROS2tutorial/ros_ws/install/self_interface/share/self_interface/cmake/self_interface__rosidl_typesupport_introspection_cppExport.cmake
[7.017s] -- Installing: /home/qep/WorkSpace/RM2025/ROS2tutorial/ros_ws/install/self_interface/share/self_interface/cmake/self_interface__rosidl_typesupport_introspection_cppExport-noconfig.cmake
[7.017s] -- Installing: /home/qep/WorkSpace/RM2025/ROS2tutorial/ros_ws/install/self_interface/share/self_interface/cmake/self_interface__rosidl_typesupport_cppExport.cmake
[7.017s] -- Installing: /home/qep/WorkSpace/RM2025/ROS2tutorial/ros_ws/install/self_interface/share/self_interface/cmake/self_interface__rosidl_typesupport_cppExport-noconfig.cmake
[7.017s] -- Installing: /home/qep/WorkSpace/RM2025/ROS2tutorial/ros_ws/install/self_interface/share/self_interface/cmake/export_self_interface__rosidl_generator_pyExport.cmake
[7.017s] -- Installing: /home/qep/WorkSpace/RM2025/ROS2tutorial/ros_ws/install/self_interface/share/self_interface/cmake/export_self_interface__rosidl_generator_pyExport-noconfig.cmake
[7.020s] Invoked command in '/home/qep/WorkSpace/RM2025/ROS2tutorial/ros_ws/build/self_interface' returned '0': CMAKE_PREFIX_PATH=/opt/ros/humble /usr/bin/cmake --install /home/qep/WorkSpace/RM2025/ROS2tutorial/ros_ws/build/self_interface
