[0.012s] Invoking command in '/home/qep/WorkSpace/RM2025/ROS2tutorial/ros_ws/build/my_interface': CMAKE_PREFIX_PATH=${CMAKE_PREFIX_PATH}:/opt/ros/humble /usr/bin/cmake --build /home/qep/WorkSpace/RM2025/ROS2tutorial/ros_ws/build/my_interface -- -j20 -l20
[0.043s] [35m[1mConsolidate compiler generated dependencies of target my_interface__rosidl_generator_c[0m
[0.047s] [  3%] Built target my_interface__cpp
[0.054s] [35m[1mConsolidate compiler generated dependencies of target my_interface__rosidl_typesupport_introspection_cpp[0m
[0.054s] [35m[1mConsolidate compiler generated dependencies of target my_interface__rosidl_typesupport_fastrtps_cpp[0m
[0.055s] [ 12%] Built target my_interface__rosidl_generator_c
[0.057s] [35m[1mConsolidate compiler generated dependencies of target my_interface__rosidl_typesupport_cpp[0m
[0.057s] [ 12%] Built target ament_cmake_python_symlink_my_interface
[0.062s] [35m[1mConsolidate compiler generated dependencies of target my_interface__rosidl_typesupport_c[0m
[0.062s] [ 22%] Built target my_interface__rosidl_typesupport_introspection_cpp
[0.063s] [35m[1mConsolidate compiler generated dependencies of target my_interface__rosidl_typesupport_introspection_c[0m
[0.063s] [35m[1mConsolidate compiler generated dependencies of target my_interface__rosidl_typesupport_fastrtps_c[0m
[0.064s] [ 32%] Built target my_interface__rosidl_typesupport_fastrtps_cpp
[0.069s] [ 41%] Built target my_interface__rosidl_typesupport_cpp
[0.078s] [ 51%] Built target my_interface__rosidl_typesupport_c
[0.078s] [ 61%] Built target my_interface__rosidl_typesupport_fastrtps_c
[0.079s] [ 70%] Built target my_interface__rosidl_typesupport_introspection_c
[0.095s] [ 70%] Built target my_interface
[0.112s] [ 74%] Built target my_interface__py
[0.120s] [35m[1mConsolidate compiler generated dependencies of target my_interface__rosidl_generator_py[0m
[0.130s] [ 80%] Built target my_interface__rosidl_generator_py
[0.141s] [35m[1mConsolidate compiler generated dependencies of target my_interface__rosidl_typesupport_introspection_c__pyext[0m
[0.141s] [35m[1mConsolidate compiler generated dependencies of target my_interface__rosidl_typesupport_fastrtps_c__pyext[0m
[0.141s] [35m[1mConsolidate compiler generated dependencies of target my_interface__rosidl_typesupport_c__pyext[0m
[0.148s] [ 87%] Built target my_interface__rosidl_typesupport_introspection_c__pyext
[0.150s] [ 93%] Built target my_interface__rosidl_typesupport_fastrtps_c__pyext
[0.150s] [100%] Built target my_interface__rosidl_typesupport_c__pyext
[0.211s] running egg_info
[0.211s] writing my_interface.egg-info/PKG-INFO
[0.211s] writing dependency_links to my_interface.egg-info/dependency_links.txt
[0.211s] writing top-level names to my_interface.egg-info/top_level.txt
[0.213s] reading manifest file 'my_interface.egg-info/SOURCES.txt'
[0.213s] writing manifest file 'my_interface.egg-info/SOURCES.txt'
[0.234s] [100%] Built target ament_cmake_python_build_my_interface_egg
[0.242s] Invoked command in '/home/qep/WorkSpace/RM2025/ROS2tutorial/ros_ws/build/my_interface' returned '0': CMAKE_PREFIX_PATH=${CMAKE_PREFIX_PATH}:/opt/ros/humble /usr/bin/cmake --build /home/qep/WorkSpace/RM2025/ROS2tutorial/ros_ws/build/my_interface -- -j20 -l20
[0.296s] Invoking command in '/home/qep/WorkSpace/RM2025/ROS2tutorial/ros_ws/build/my_interface': CMAKE_PREFIX_PATH=${CMAKE_PREFIX_PATH}:/opt/ros/humble /usr/bin/cmake --install /home/qep/WorkSpace/RM2025/ROS2tutorial/ros_ws/build/my_interface
[0.302s] -- Install configuration: ""
[0.302s] -- Execute custom install script
[0.302s] -- Up-to-date symlink: /home/qep/WorkSpace/RM2025/ROS2tutorial/ros_ws/install/my_interface/share/ament_index/resource_index/rosidl_interfaces/my_interface
[0.303s] -- Up-to-date symlink: /home/qep/WorkSpace/RM2025/ROS2tutorial/ros_ws/install/my_interface/include/my_interface/my_interface/msg/detail/robot__functions.h
[0.303s] -- Up-to-date symlink: /home/qep/WorkSpace/RM2025/ROS2tutorial/ros_ws/install/my_interface/include/my_interface/my_interface/msg/detail/robot__struct.h
[0.303s] -- Up-to-date symlink: /home/qep/WorkSpace/RM2025/ROS2tutorial/ros_ws/install/my_interface/include/my_interface/my_interface/msg/detail/robot__type_support.h
[0.303s] -- Up-to-date symlink: /home/qep/WorkSpace/RM2025/ROS2tutorial/ros_ws/install/my_interface/include/my_interface/my_interface/msg/robot.h
[0.303s] -- Up-to-date symlink: /home/qep/WorkSpace/RM2025/ROS2tutorial/ros_ws/install/my_interface/include/my_interface/my_interface/msg/rosidl_generator_c__visibility_control.h
[0.303s] -- Up-to-date symlink: /home/qep/WorkSpace/RM2025/ROS2tutorial/ros_ws/install/my_interface/share/my_interface/environment/library_path.sh
[0.303s] -- Up-to-date symlink: /home/qep/WorkSpace/RM2025/ROS2tutorial/ros_ws/install/my_interface/share/my_interface/environment/library_path.dsv
[0.303s] -- Up-to-date symlink: /home/qep/WorkSpace/RM2025/ROS2tutorial/ros_ws/install/my_interface/include/my_interface/my_interface/msg/detail/robot__rosidl_typesupport_fastrtps_c.h
[0.303s] -- Up-to-date symlink: /home/qep/WorkSpace/RM2025/ROS2tutorial/ros_ws/install/my_interface/include/my_interface/my_interface/msg/rosidl_typesupport_fastrtps_c__visibility_control.h
[0.303s] -- Up-to-date symlink: /home/qep/WorkSpace/RM2025/ROS2tutorial/ros_ws/install/my_interface/include/my_interface/my_interface/msg/detail/robot__rosidl_typesupport_introspection_c.h
[0.304s] -- Up-to-date symlink: /home/qep/WorkSpace/RM2025/ROS2tutorial/ros_ws/install/my_interface/include/my_interface/my_interface/msg/rosidl_typesupport_introspection_c__visibility_control.h
[0.304s] -- Up-to-date symlink: /home/qep/WorkSpace/RM2025/ROS2tutorial/ros_ws/install/my_interface/include/my_interface/my_interface/msg/detail/robot__builder.hpp
[0.304s] -- Up-to-date symlink: /home/qep/WorkSpace/RM2025/ROS2tutorial/ros_ws/install/my_interface/include/my_interface/my_interface/msg/detail/robot__struct.hpp
[0.304s] -- Up-to-date symlink: /home/qep/WorkSpace/RM2025/ROS2tutorial/ros_ws/install/my_interface/include/my_interface/my_interface/msg/detail/robot__traits.hpp
[0.304s] -- Up-to-date symlink: /home/qep/WorkSpace/RM2025/ROS2tutorial/ros_ws/install/my_interface/include/my_interface/my_interface/msg/robot.hpp
[0.304s] -- Up-to-date symlink: /home/qep/WorkSpace/RM2025/ROS2tutorial/ros_ws/install/my_interface/include/my_interface/my_interface/msg/detail/robot__rosidl_typesupport_fastrtps_cpp.hpp
[0.304s] -- Up-to-date symlink: /home/qep/WorkSpace/RM2025/ROS2tutorial/ros_ws/install/my_interface/include/my_interface/my_interface/msg/rosidl_typesupport_fastrtps_cpp__visibility_control.h
[0.304s] -- Up-to-date symlink: /home/qep/WorkSpace/RM2025/ROS2tutorial/ros_ws/install/my_interface/include/my_interface/my_interface/msg/detail/robot__rosidl_typesupport_introspection_cpp.hpp
[0.304s] -- Up-to-date symlink: /home/qep/WorkSpace/RM2025/ROS2tutorial/ros_ws/install/my_interface/share/my_interface/environment/pythonpath.sh
[0.305s] -- Up-to-date symlink: /home/qep/WorkSpace/RM2025/ROS2tutorial/ros_ws/install/my_interface/share/my_interface/environment/pythonpath.dsv
[0.305s] -- Up-to-date symlink: /home/qep/WorkSpace/RM2025/ROS2tutorial/ros_ws/install/my_interface/local/lib/python3.10/dist-packages/my_interface-0.0.0-py3.10.egg-info/PKG-INFO
[0.305s] -- Up-to-date symlink: /home/qep/WorkSpace/RM2025/ROS2tutorial/ros_ws/install/my_interface/local/lib/python3.10/dist-packages/my_interface-0.0.0-py3.10.egg-info/SOURCES.txt
[0.305s] -- Up-to-date symlink: /home/qep/WorkSpace/RM2025/ROS2tutorial/ros_ws/install/my_interface/local/lib/python3.10/dist-packages/my_interface-0.0.0-py3.10.egg-info/dependency_links.txt
[0.305s] -- Up-to-date symlink: /home/qep/WorkSpace/RM2025/ROS2tutorial/ros_ws/install/my_interface/local/lib/python3.10/dist-packages/my_interface-0.0.0-py3.10.egg-info/top_level.txt
[0.305s] -- Up-to-date symlink: /home/qep/WorkSpace/RM2025/ROS2tutorial/ros_ws/install/my_interface/local/lib/python3.10/dist-packages/my_interface/__init__.py
[0.305s] -- Up-to-date symlink: /home/qep/WorkSpace/RM2025/ROS2tutorial/ros_ws/install/my_interface/local/lib/python3.10/dist-packages/my_interface/_my_interface_s.ep.rosidl_typesupport_c.c
[0.306s] -- Up-to-date symlink: /home/qep/WorkSpace/RM2025/ROS2tutorial/ros_ws/install/my_interface/local/lib/python3.10/dist-packages/my_interface/_my_interface_s.ep.rosidl_typesupport_fastrtps_c.c
[0.306s] -- Up-to-date symlink: /home/qep/WorkSpace/RM2025/ROS2tutorial/ros_ws/install/my_interface/local/lib/python3.10/dist-packages/my_interface/_my_interface_s.ep.rosidl_typesupport_introspection_c.c
[0.306s] -- Up-to-date symlink: /home/qep/WorkSpace/RM2025/ROS2tutorial/ros_ws/install/my_interface/local/lib/python3.10/dist-packages/my_interface/libmy_interface__rosidl_generator_py.so
[0.306s] -- Up-to-date symlink: /home/qep/WorkSpace/RM2025/ROS2tutorial/ros_ws/install/my_interface/local/lib/python3.10/dist-packages/my_interface/msg/__init__.py
[0.306s] -- Up-to-date symlink: /home/qep/WorkSpace/RM2025/ROS2tutorial/ros_ws/install/my_interface/local/lib/python3.10/dist-packages/my_interface/msg/_robot.py
[0.306s] -- Up-to-date symlink: /home/qep/WorkSpace/RM2025/ROS2tutorial/ros_ws/install/my_interface/local/lib/python3.10/dist-packages/my_interface/msg/_robot_s.c
[0.306s] -- Up-to-date symlink: /home/qep/WorkSpace/RM2025/ROS2tutorial/ros_ws/install/my_interface/local/lib/python3.10/dist-packages/my_interface/my_interface_s__rosidl_typesupport_c.cpython-310-x86_64-linux-gnu.so
[0.306s] -- Up-to-date symlink: /home/qep/WorkSpace/RM2025/ROS2tutorial/ros_ws/install/my_interface/local/lib/python3.10/dist-packages/my_interface/my_interface_s__rosidl_typesupport_fastrtps_c.cpython-310-x86_64-linux-gnu.so
[0.306s] -- Up-to-date symlink: /home/qep/WorkSpace/RM2025/ROS2tutorial/ros_ws/install/my_interface/local/lib/python3.10/dist-packages/my_interface/my_interface_s__rosidl_typesupport_introspection_c.cpython-310-x86_64-linux-gnu.so
[0.306s] -- Up-to-date symlink: /home/qep/WorkSpace/RM2025/ROS2tutorial/ros_ws/install/my_interface/local/lib/python3.10/dist-packages/my_interface/my_interface_s__rosidl_typesupport_fastrtps_c.cpython-310-x86_64-linux-gnu.so
[0.306s] -- Up-to-date symlink: /home/qep/WorkSpace/RM2025/ROS2tutorial/ros_ws/install/my_interface/local/lib/python3.10/dist-packages/my_interface/my_interface_s__rosidl_typesupport_introspection_c.cpython-310-x86_64-linux-gnu.so
[0.307s] -- Up-to-date symlink: /home/qep/WorkSpace/RM2025/ROS2tutorial/ros_ws/install/my_interface/local/lib/python3.10/dist-packages/my_interface/my_interface_s__rosidl_typesupport_c.cpython-310-x86_64-linux-gnu.so
[0.307s] -- Up-to-date symlink: /home/qep/WorkSpace/RM2025/ROS2tutorial/ros_ws/install/my_interface/share/my_interface/msg/Robot.idl
[0.307s] -- Up-to-date symlink: /home/qep/WorkSpace/RM2025/ROS2tutorial/ros_ws/install/my_interface/share/my_interface/msg/Robot.msg
[0.307s] -- Up-to-date symlink: /home/qep/WorkSpace/RM2025/ROS2tutorial/ros_ws/install/my_interface/share/ament_index/resource_index/package_run_dependencies/my_interface
[0.307s] -- Up-to-date symlink: /home/qep/WorkSpace/RM2025/ROS2tutorial/ros_ws/install/my_interface/share/ament_index/resource_index/parent_prefix_path/my_interface
[0.307s] -- Up-to-date symlink: /home/qep/WorkSpace/RM2025/ROS2tutorial/ros_ws/install/my_interface/share/my_interface/environment/ament_prefix_path.sh
[0.307s] -- Up-to-date symlink: /home/qep/WorkSpace/RM2025/ROS2tutorial/ros_ws/install/my_interface/share/my_interface/environment/ament_prefix_path.dsv
[0.307s] -- Up-to-date symlink: /home/qep/WorkSpace/RM2025/ROS2tutorial/ros_ws/install/my_interface/share/my_interface/environment/path.sh
[0.307s] -- Up-to-date symlink: /home/qep/WorkSpace/RM2025/ROS2tutorial/ros_ws/install/my_interface/share/my_interface/environment/path.dsv
[0.307s] -- Up-to-date symlink: /home/qep/WorkSpace/RM2025/ROS2tutorial/ros_ws/install/my_interface/share/my_interface/local_setup.bash
[0.307s] -- Up-to-date symlink: /home/qep/WorkSpace/RM2025/ROS2tutorial/ros_ws/install/my_interface/share/my_interface/local_setup.sh
[0.307s] -- Up-to-date symlink: /home/qep/WorkSpace/RM2025/ROS2tutorial/ros_ws/install/my_interface/share/my_interface/local_setup.zsh
[0.307s] -- Up-to-date symlink: /home/qep/WorkSpace/RM2025/ROS2tutorial/ros_ws/install/my_interface/share/my_interface/local_setup.dsv
[0.308s] -- Symlinking: /home/qep/WorkSpace/RM2025/ROS2tutorial/ros_ws/install/my_interface/share/my_interface/package.dsv
[0.313s] -- Up-to-date symlink: /home/qep/WorkSpace/RM2025/ROS2tutorial/ros_ws/install/my_interface/share/ament_index/resource_index/packages/my_interface
[0.313s] -- Up-to-date symlink: /home/qep/WorkSpace/RM2025/ROS2tutorial/ros_ws/install/my_interface/share/my_interface/cmake/rosidl_cmake-extras.cmake
[0.314s] -- Up-to-date symlink: /home/qep/WorkSpace/RM2025/ROS2tutorial/ros_ws/install/my_interface/share/my_interface/cmake/ament_cmake_export_dependencies-extras.cmake
[0.314s] -- Up-to-date symlink: /home/qep/WorkSpace/RM2025/ROS2tutorial/ros_ws/install/my_interface/share/my_interface/cmake/ament_cmake_export_include_directories-extras.cmake
[0.314s] -- Up-to-date symlink: /home/qep/WorkSpace/RM2025/ROS2tutorial/ros_ws/install/my_interface/share/my_interface/cmake/ament_cmake_export_libraries-extras.cmake
[0.314s] -- Up-to-date symlink: /home/qep/WorkSpace/RM2025/ROS2tutorial/ros_ws/install/my_interface/share/my_interface/cmake/ament_cmake_export_targets-extras.cmake
[0.314s] -- Up-to-date symlink: /home/qep/WorkSpace/RM2025/ROS2tutorial/ros_ws/install/my_interface/share/my_interface/cmake/rosidl_cmake_export_typesupport_targets-extras.cmake
[0.314s] -- Up-to-date symlink: /home/qep/WorkSpace/RM2025/ROS2tutorial/ros_ws/install/my_interface/share/my_interface/cmake/rosidl_cmake_export_typesupport_libraries-extras.cmake
[0.314s] -- Up-to-date symlink: /home/qep/WorkSpace/RM2025/ROS2tutorial/ros_ws/install/my_interface/share/my_interface/cmake/my_interfaceConfig.cmake
[0.314s] -- Up-to-date symlink: /home/qep/WorkSpace/RM2025/ROS2tutorial/ros_ws/install/my_interface/share/my_interface/cmake/my_interfaceConfig-version.cmake
[0.314s] -- Up-to-date symlink: /home/qep/WorkSpace/RM2025/ROS2tutorial/ros_ws/install/my_interface/share/my_interface/package.xml
[0.314s] -- Up-to-date: /home/qep/WorkSpace/RM2025/ROS2tutorial/ros_ws/install/my_interface/lib/libmy_interface__rosidl_generator_c.so
[0.314s] -- Up-to-date: /home/qep/WorkSpace/RM2025/ROS2tutorial/ros_ws/install/my_interface/lib/libmy_interface__rosidl_typesupport_fastrtps_c.so
[0.314s] -- Up-to-date: /home/qep/WorkSpace/RM2025/ROS2tutorial/ros_ws/install/my_interface/lib/libmy_interface__rosidl_typesupport_introspection_c.so
[0.315s] -- Up-to-date: /home/qep/WorkSpace/RM2025/ROS2tutorial/ros_ws/install/my_interface/lib/libmy_interface__rosidl_typesupport_c.so
[0.315s] -- Up-to-date: /home/qep/WorkSpace/RM2025/ROS2tutorial/ros_ws/install/my_interface/lib/libmy_interface__rosidl_typesupport_fastrtps_cpp.so
[0.315s] -- Up-to-date: /home/qep/WorkSpace/RM2025/ROS2tutorial/ros_ws/install/my_interface/lib/libmy_interface__rosidl_typesupport_introspection_cpp.so
[0.315s] -- Up-to-date: /home/qep/WorkSpace/RM2025/ROS2tutorial/ros_ws/install/my_interface/lib/libmy_interface__rosidl_typesupport_cpp.so
[0.337s] Listing '/home/qep/WorkSpace/RM2025/ROS2tutorial/ros_ws/install/my_interface/local/lib/python3.10/dist-packages/my_interface'...
[0.337s] Listing '/home/qep/WorkSpace/RM2025/ROS2tutorial/ros_ws/install/my_interface/local/lib/python3.10/dist-packages/my_interface/msg'...
[0.339s] -- Up-to-date: /home/qep/WorkSpace/RM2025/ROS2tutorial/ros_ws/install/my_interface/lib/libmy_interface__rosidl_generator_py.so
[0.339s] -- Up-to-date: /home/qep/WorkSpace/RM2025/ROS2tutorial/ros_ws/install/my_interface/share/my_interface/cmake/export_my_interface__rosidl_generator_cExport.cmake
[0.339s] -- Up-to-date: /home/qep/WorkSpace/RM2025/ROS2tutorial/ros_ws/install/my_interface/share/my_interface/cmake/export_my_interface__rosidl_generator_cExport-noconfig.cmake
[0.340s] -- Up-to-date: /home/qep/WorkSpace/RM2025/ROS2tutorial/ros_ws/install/my_interface/share/my_interface/cmake/export_my_interface__rosidl_typesupport_fastrtps_cExport.cmake
[0.340s] -- Up-to-date: /home/qep/WorkSpace/RM2025/ROS2tutorial/ros_ws/install/my_interface/share/my_interface/cmake/export_my_interface__rosidl_typesupport_fastrtps_cExport-noconfig.cmake
[0.340s] -- Up-to-date: /home/qep/WorkSpace/RM2025/ROS2tutorial/ros_ws/install/my_interface/share/my_interface/cmake/my_interface__rosidl_typesupport_introspection_cExport.cmake
[0.340s] -- Up-to-date: /home/qep/WorkSpace/RM2025/ROS2tutorial/ros_ws/install/my_interface/share/my_interface/cmake/my_interface__rosidl_typesupport_introspection_cExport-noconfig.cmake
[0.340s] -- Up-to-date: /home/qep/WorkSpace/RM2025/ROS2tutorial/ros_ws/install/my_interface/share/my_interface/cmake/my_interface__rosidl_typesupport_cExport.cmake
[0.340s] -- Up-to-date: /home/qep/WorkSpace/RM2025/ROS2tutorial/ros_ws/install/my_interface/share/my_interface/cmake/my_interface__rosidl_typesupport_cExport-noconfig.cmake
[0.340s] -- Up-to-date: /home/qep/WorkSpace/RM2025/ROS2tutorial/ros_ws/install/my_interface/share/my_interface/cmake/export_my_interface__rosidl_generator_cppExport.cmake
[0.340s] -- Up-to-date: /home/qep/WorkSpace/RM2025/ROS2tutorial/ros_ws/install/my_interface/share/my_interface/cmake/export_my_interface__rosidl_typesupport_fastrtps_cppExport.cmake
[0.340s] -- Up-to-date: /home/qep/WorkSpace/RM2025/ROS2tutorial/ros_ws/install/my_interface/share/my_interface/cmake/export_my_interface__rosidl_typesupport_fastrtps_cppExport-noconfig.cmake
[0.340s] -- Up-to-date: /home/qep/WorkSpace/RM2025/ROS2tutorial/ros_ws/install/my_interface/share/my_interface/cmake/my_interface__rosidl_typesupport_introspection_cppExport.cmake
[0.340s] -- Up-to-date: /home/qep/WorkSpace/RM2025/ROS2tutorial/ros_ws/install/my_interface/share/my_interface/cmake/my_interface__rosidl_typesupport_introspection_cppExport-noconfig.cmake
[0.340s] -- Up-to-date: /home/qep/WorkSpace/RM2025/ROS2tutorial/ros_ws/install/my_interface/share/my_interface/cmake/my_interface__rosidl_typesupport_cppExport.cmake
[0.340s] -- Up-to-date: /home/qep/WorkSpace/RM2025/ROS2tutorial/ros_ws/install/my_interface/share/my_interface/cmake/my_interface__rosidl_typesupport_cppExport-noconfig.cmake
[0.340s] -- Up-to-date: /home/qep/WorkSpace/RM2025/ROS2tutorial/ros_ws/install/my_interface/share/my_interface/cmake/export_my_interface__rosidl_generator_pyExport.cmake
[0.340s] -- Up-to-date: /home/qep/WorkSpace/RM2025/ROS2tutorial/ros_ws/install/my_interface/share/my_interface/cmake/export_my_interface__rosidl_generator_pyExport-noconfig.cmake
[0.342s] Invoked command in '/home/qep/WorkSpace/RM2025/ROS2tutorial/ros_ws/build/my_interface' returned '0': CMAKE_PREFIX_PATH=${CMAKE_PREFIX_PATH}:/opt/ros/humble /usr/bin/cmake --install /home/qep/WorkSpace/RM2025/ROS2tutorial/ros_ws/build/my_interface
