-- Found ament_cmake: 1.3.10 (/opt/ros/humble/share/ament_cmake/cmake)
-- Override CMake install command with custom implementation using symlinks instead of copying resources
-- Found rosidl_default_generators: 1.2.0 (/opt/ros/humble/share/rosidl_default_generators/cmake)
-- Using all available rosidl_typesupport_c: rosidl_typesupport_fastrtps_c;rosidl_typesupport_introspection_c
-- Found rosidl_adapter: 3.1.5 (/opt/ros/humble/share/rosidl_adapter/cmake)
-- Using all available rosidl_typesupport_cpp: rosidl_typesupport_fastrtps_cpp;rosidl_typesupport_introspection_cpp
-- Found rclcpp: 16.0.10 (/opt/ros/humble/share/rclcpp/cmake)
-- Found rmw_implementation_cmake: 6.1.2 (/opt/ros/humble/share/rmw_implementation_cmake/cmake)
-- Found rmw_fastrtps_cpp: 6.2.7 (/opt/ros/humble/share/rmw_fastrtps_cpp/cmake)
-- Using RMW implementation 'rmw_fastrtps_cpp' as default
-- Found geometry_msgs: 4.2.4 (/opt/ros/humble/share/geometry_msgs/cmake)
-- Found ament_cmake_ros: 0.10.0 (/opt/ros/humble/share/ament_cmake_ros/cmake)
-- Using all available rosidl_typesupport_c: rosidl_typesupport_fastrtps_c;rosidl_typesupport_introspection_c
-- Using all available rosidl_typesupport_cpp: rosidl_typesupport_fastrtps_cpp;rosidl_typesupport_introspection_cpp
-- Found python_cmake_module: 0.10.0 (/opt/ros/humble/share/python_cmake_module/cmake)
-- Using PYTHON_EXECUTABLE: /usr/bin/python3
-- Using PYTHON_INCLUDE_DIRS: /usr/include/python3.10
-- Using PYTHON_LIBRARIES: /usr/lib/x86_64-linux-gnu/libpython3.10.so
-- Found ament_lint_auto: 0.12.11 (/opt/ros/humble/share/ament_lint_auto/cmake)
-- Added test 'cppcheck' to perform static code analysis on C / C++ code
-- Configured cppcheck include dirs: /home/qep/WorkSpace/RM2025/ROS2tutorial/ros_ws/src/self_interface/ros_ws/install/self_interface/include/self_interface
-- Configured cppcheck exclude dirs and/or files: 
-- Added test 'lint_cmake' to check CMake code style
-- Added test 'uncrustify' to check C / C++ code style
-- Configured uncrustify additional arguments: 
-- Added test 'xmllint' to check XML markup files
-- Configuring done
-- Generating done
-- Build files have been written to: /home/qep/WorkSpace/RM2025/ROS2tutorial/ros_ws/build/self_interface
[35m[1mConsolidate compiler generated dependencies of target self_interface__rosidl_generator_c[0m
[  3%] [32mBuilding C object CMakeFiles/self_interface__rosidl_generator_c.dir/rosidl_generator_c/self_interface/msg/detail/robot__functions.c.o[0m
[  6%] Built target self_interface__cpp
[  6%] Built target ament_cmake_python_symlink_self_interface
[35m[1mConsolidate compiler generated dependencies of target self_interface__rosidl_typesupport_introspection_cpp[0m
[35m[1mConsolidate compiler generated dependencies of target self_interface__rosidl_typesupport_cpp[0m
[35m[1mConsolidate compiler generated dependencies of target self_interface__rosidl_typesupport_fastrtps_cpp[0m
[  9%] [32mBuilding CXX object CMakeFiles/self_interface__rosidl_typesupport_introspection_cpp.dir/rosidl_typesupport_introspection_cpp/self_interface/msg/detail/robot__type_support.cpp.o[0m
[ 12%] [32mBuilding CXX object CMakeFiles/self_interface__rosidl_typesupport_cpp.dir/rosidl_typesupport_cpp/self_interface/msg/robot__type_support.cpp.o[0m
[ 15%] [32mBuilding CXX object CMakeFiles/self_interface__rosidl_typesupport_fastrtps_cpp.dir/rosidl_typesupport_fastrtps_cpp/self_interface/msg/detail/dds_fastrtps/robot__type_support.cpp.o[0m
[ 18%] [32m[1mLinking C shared library libself_interface__rosidl_generator_c.so[0m
[ 21%] Built target self_interface__rosidl_generator_c
[35m[1mConsolidate compiler generated dependencies of target self_interface__rosidl_typesupport_introspection_c[0m
[35m[1mConsolidate compiler generated dependencies of target self_interface__rosidl_typesupport_c[0m
[35m[1mConsolidate compiler generated dependencies of target self_interface__rosidl_typesupport_fastrtps_c[0m
[ 24%] [32mBuilding CXX object CMakeFiles/self_interface__rosidl_typesupport_fastrtps_c.dir/rosidl_typesupport_fastrtps_c/self_interface/msg/detail/robot__type_support_c.cpp.o[0m
[ 27%] [32mBuilding CXX object CMakeFiles/self_interface__rosidl_typesupport_c.dir/rosidl_typesupport_c/self_interface/msg/robot__type_support.cpp.o[0m
[ 30%] [32mBuilding C object CMakeFiles/self_interface__rosidl_typesupport_introspection_c.dir/rosidl_typesupport_introspection_c/self_interface/msg/detail/robot__type_support.c.o[0m
[ 33%] [32m[1mLinking C shared library libself_interface__rosidl_typesupport_introspection_c.so[0m
[ 36%] [32m[1mLinking CXX shared library libself_interface__rosidl_typesupport_c.so[0m
running egg_info
writing self_interface.egg-info/PKG-INFO
writing dependency_links to self_interface.egg-info/dependency_links.txt
writing top-level names to self_interface.egg-info/top_level.txt
reading manifest file 'self_interface.egg-info/SOURCES.txt'
writing manifest file 'self_interface.egg-info/SOURCES.txt'
[ 39%] Built target self_interface__rosidl_typesupport_introspection_c
[ 42%] Built target self_interface__rosidl_typesupport_c
[ 42%] Built target ament_cmake_python_build_self_interface_egg
[ 45%] [32m[1mLinking CXX shared library libself_interface__rosidl_typesupport_cpp.so[0m
[ 48%] Built target self_interface__rosidl_typesupport_cpp
[ 51%] [32m[1mLinking CXX shared library libself_interface__rosidl_typesupport_introspection_cpp.so[0m
[ 54%] [32m[1mLinking CXX shared library libself_interface__rosidl_typesupport_fastrtps_cpp.so[0m
[ 57%] Built target self_interface__rosidl_typesupport_introspection_cpp
[ 60%] [32m[1mLinking CXX shared library libself_interface__rosidl_typesupport_fastrtps_c.so[0m
[ 63%] Built target self_interface__rosidl_typesupport_fastrtps_cpp
[ 66%] Built target self_interface__rosidl_typesupport_fastrtps_c
[ 66%] Built target self_interface
[35m[1mConsolidate compiler generated dependencies of target robot_publisher[0m
[ 69%] Built target self_interface__py
[ 72%] [32mBuilding CXX object CMakeFiles/robot_publisher.dir/src/main.cpp.o[0m
[35m[1mConsolidate compiler generated dependencies of target self_interface__rosidl_generator_py[0m
[ 75%] [32mBuilding C object CMakeFiles/self_interface__rosidl_generator_py.dir/rosidl_generator_py/self_interface/msg/_robot_s.c.o[0m
[ 78%] [32m[1mLinking C shared library rosidl_generator_py/self_interface/libself_interface__rosidl_generator_py.so[0m
[ 78%] Built target self_interface__rosidl_generator_py
[35m[1mConsolidate compiler generated dependencies of target self_interface__rosidl_typesupport_fastrtps_c__pyext[0m
[35m[1mConsolidate compiler generated dependencies of target self_interface__rosidl_typesupport_c__pyext[0m
[35m[1mConsolidate compiler generated dependencies of target self_interface__rosidl_typesupport_introspection_c__pyext[0m
[ 81%] [32mBuilding C object CMakeFiles/self_interface__rosidl_typesupport_introspection_c__pyext.dir/rosidl_generator_py/self_interface/_self_interface_s.ep.rosidl_typesupport_introspection_c.c.o[0m
[ 84%] [32mBuilding C object CMakeFiles/self_interface__rosidl_typesupport_fastrtps_c__pyext.dir/rosidl_generator_py/self_interface/_self_interface_s.ep.rosidl_typesupport_fastrtps_c.c.o[0m
[ 87%] [32mBuilding C object CMakeFiles/self_interface__rosidl_typesupport_c__pyext.dir/rosidl_generator_py/self_interface/_self_interface_s.ep.rosidl_typesupport_c.c.o[0m
[ 90%] [32m[1mLinking C shared library rosidl_generator_py/self_interface/self_interface_s__rosidl_typesupport_introspection_c.cpython-310-x86_64-linux-gnu.so[0m
[ 93%] [32m[1mLinking C shared library rosidl_generator_py/self_interface/self_interface_s__rosidl_typesupport_c.cpython-310-x86_64-linux-gnu.so[0m
[ 93%] Built target self_interface__rosidl_typesupport_c__pyext
[ 93%] Built target self_interface__rosidl_typesupport_introspection_c__pyext
[ 96%] [32m[1mLinking C shared library rosidl_generator_py/self_interface/self_interface_s__rosidl_typesupport_fastrtps_c.cpython-310-x86_64-linux-gnu.so[0m
[ 96%] Built target self_interface__rosidl_typesupport_fastrtps_c__pyext
