-- Found ament_cmake: 1.3.10 (/opt/ros/humble/share/ament_cmake/cmake)
-- Override CMake install command with custom implementation using symlinks instead of copying resources
-- Found rosidl_default_generators: 1.2.0 (/opt/ros/humble/share/rosidl_default_generators/cmake)
-- Using all available rosidl_typesupport_c: rosidl_typesupport_fastrtps_c;rosidl_typesupport_introspection_c
-- Found rosidl_adapter: 3.1.5 (/opt/ros/humble/share/rosidl_adapter/cmake)
-- Using all available rosidl_typesupport_cpp: rosidl_typesupport_fastrtps_cpp;rosidl_typesupport_introspection_cpp
-- Found rclcpp: 16.0.10 (/opt/ros/humble/share/rclcpp/cmake)
-- Found rmw_implementation_cmake: 6.1.2 (/opt/ros/humble/share/rmw_implementation_cmake/cmake)
-- Found rmw_fastrtps_cpp: 6.2.7 (/opt/ros/humble/share/rmw_fastrtps_cpp/cmake)
-- Using RMW implementation 'rmw_fastrtps_cpp' as default
-- Found geometry_msgs: 4.2.4 (/opt/ros/humble/share/geometry_msgs/cmake)
-- Found ament_lint_auto: 0.12.11 (/opt/ros/humble/share/ament_lint_auto/cmake)
-- Added test 'cppcheck' to perform static code analysis on C / C++ code
-- Configured cppcheck include dirs: /home/qep/WorkSpace/RM2025/ROS2tutorial/ros_ws/src/self_interface/ros_ws/install/self_interface/include/self_interface
-- Configured cppcheck exclude dirs and/or files: 
-- Added test 'lint_cmake' to check CMake code style
-- Added test 'uncrustify' to check C / C++ code style
-- Configured uncrustify additional arguments: 
-- Added test 'xmllint' to check XML markup files
-- Configuring done
-- Generating done
-- Build files have been written to: /home/qep/WorkSpace/RM2025/ROS2tutorial/ros_ws/build/self_interface
[35m[1mConsolidate compiler generated dependencies of target robot_publisher[0m
[ 50%] [32mBuilding CXX object CMakeFiles/robot_publisher.dir/src/main.cpp.o[0m
In file included from [01m[K/home/qep/WorkSpace/RM2025/ROS2tutorial/ros_ws/src/self_interface/src/main.cpp:2[m[K:
[01m[K/home/qep/WorkSpace/RM2025/ROS2tutorial/ros_ws/install/self_interface/include/self_interface/self_interface/msg/robot.hpp:7:10:[m[K [01;31m[Kfatal error: [m[Kself_interface/msg/detail/robot__struct.hpp: No such file or directory
    7 | #include [01;31m[K"self_interface/msg/detail/robot__struct.hpp"[m[K
      |          [01;31m[K^~~~~~~~~~~~~~~~~~~~~~~~~~~~~~~~~~~~~~~~~~~~~[m[K
compilation terminated.
gmake[2]: *** [CMakeFiles/robot_publisher.dir/build.make:76: CMakeFiles/robot_publisher.dir/src/main.cpp.o] Error 1
gmake[1]: *** [CMakeFiles/Makefile2:137: CMakeFiles/robot_publisher.dir/all] Error 2
gmake: *** [Makefile:146: all] Error 2
