[0.008s] Invoking command in '/home/qep/WorkSpace/RM2025/ROS2tutorial/ros_ws/build/self_interface': CMAKE_PREFIX_PATH=${CMAKE_PREFIX_PATH}:/opt/ros/humble /usr/bin/cmake --build /home/qep/WorkSpace/RM2025/ROS2tutorial/ros_ws/build/self_interface -- -j20 -l20
[0.030s] -- Found ament_cmake: 1.3.10 (/opt/ros/humble/share/ament_cmake/cmake)
[0.129s] -- Override CMake install command with custom implementation using symlinks instead of copying resources
[0.133s] -- Found rosidl_default_generators: 1.2.0 (/opt/ros/humble/share/rosidl_default_generators/cmake)
[0.135s] -- Using all available rosidl_typesupport_c: rosidl_typesupport_fastrtps_c;rosidl_typesupport_introspection_c
[0.136s] -- Found rosidl_adapter: 3.1.5 (/opt/ros/humble/share/rosidl_adapter/cmake)
[0.160s] -- Using all available rosidl_typesupport_cpp: rosidl_typesupport_fastrtps_cpp;rosidl_typesupport_introspection_cpp
[0.176s] -- Found rclcpp: 16.0.10 (/opt/ros/humble/share/rclcpp/cmake)
[0.199s] -- Found rmw_implementation_cmake: 6.1.2 (/opt/ros/humble/share/rmw_implementation_cmake/cmake)
[0.199s] -- Found rmw_fastrtps_cpp: 6.2.7 (/opt/ros/humble/share/rmw_fastrtps_cpp/cmake)
[0.278s] -- Using RMW implementation 'rmw_fastrtps_cpp' as default
[0.309s] -- Found geometry_msgs: 4.2.4 (/opt/ros/humble/share/geometry_msgs/cmake)
[0.317s] -- Found ament_lint_auto: 0.12.11 (/opt/ros/humble/share/ament_lint_auto/cmake)
[0.362s] -- Added test 'cppcheck' to perform static code analysis on C / C++ code
[0.362s] -- Configured cppcheck include dirs: /home/qep/WorkSpace/RM2025/ROS2tutorial/ros_ws/src/self_interface/ros_ws/install/self_interface/include/self_interface
[0.362s] -- Configured cppcheck exclude dirs and/or files: 
[0.362s] -- Added test 'lint_cmake' to check CMake code style
[0.363s] -- Added test 'uncrustify' to check C / C++ code style
[0.363s] -- Configured uncrustify additional arguments: 
[0.363s] -- Added test 'xmllint' to check XML markup files
[0.363s] -- Configuring done
[0.368s] -- Generating done
[0.369s] -- Build files have been written to: /home/qep/WorkSpace/RM2025/ROS2tutorial/ros_ws/build/self_interface
[0.389s] [35m[1mConsolidate compiler generated dependencies of target robot_publisher[0m
[0.403s] [ 50%] [32mBuilding CXX object CMakeFiles/robot_publisher.dir/src/main.cpp.o[0m
[0.524s] In file included from [01m[K/home/qep/WorkSpace/RM2025/ROS2tutorial/ros_ws/src/self_interface/src/main.cpp:2[m[K:
[0.524s] [01m[K/home/qep/WorkSpace/RM2025/ROS2tutorial/ros_ws/install/self_interface/include/self_interface/self_interface/msg/robot.hpp:7:10:[m[K [01;31m[Kfatal error: [m[Kself_interface/msg/detail/robot__struct.hpp: No such file or directory
[0.524s]     7 | #include [01;31m[K"self_interface/msg/detail/robot__struct.hpp"[m[K
[0.524s]       |          [01;31m[K^~~~~~~~~~~~~~~~~~~~~~~~~~~~~~~~~~~~~~~~~~~~~[m[K
[0.524s] compilation terminated.
[0.533s] gmake[2]: *** [CMakeFiles/robot_publisher.dir/build.make:76: CMakeFiles/robot_publisher.dir/src/main.cpp.o] Error 1
[0.533s] gmake[1]: *** [CMakeFiles/Makefile2:137: CMakeFiles/robot_publisher.dir/all] Error 2
[0.533s] gmake: *** [Makefile:146: all] Error 2
[0.535s] Invoked command in '/home/qep/WorkSpace/RM2025/ROS2tutorial/ros_ws/build/self_interface' returned '2': CMAKE_PREFIX_PATH=${CMAKE_PREFIX_PATH}:/opt/ros/humble /usr/bin/cmake --build /home/qep/WorkSpace/RM2025/ROS2tutorial/ros_ws/build/self_interface -- -j20 -l20
