[0.007s] Invoking command in '/home/qep/WorkSpace/RM2025/ROS2tutorial/ros_ws/build/self_interface': CMAKE_PREFIX_PATH=${CMAKE_PREFIX_PATH}:/opt/ros/humble /usr/bin/cmake --build /home/qep/WorkSpace/RM2025/ROS2tutorial/ros_ws/build/self_interface -- -j20 -l20
[0.050s] [  3%] Built target self_interface__cpp
[0.050s] [ 12%] Built target self_interface__rosidl_generator_c
[0.052s] [ 15%] [32mBuilding CXX object CMakeFiles/robot_publisher.dir/src/main.cpp.o[0m
[0.057s] [ 15%] Built target ament_cmake_python_symlink_self_interface
[0.076s] [ 24%] Built target self_interface__rosidl_typesupport_cpp
[0.088s] [ 33%] Built target self_interface__rosidl_typesupport_introspection_cpp
[0.090s] [ 42%] Built target self_interface__rosidl_typesupport_fastrtps_cpp
[0.093s] [ 51%] Built target self_interface__rosidl_typesupport_c
[0.096s] [ 60%] Built target self_interface__rosidl_typesupport_introspection_c
[0.099s] [ 69%] Built target self_interface__rosidl_typesupport_fastrtps_c
[0.116s] [ 69%] Built target self_interface
[0.135s] [ 72%] Built target self_interface__py
[0.154s] [ 78%] Built target self_interface__rosidl_generator_py
[0.173s] [ 84%] Built target self_interface__rosidl_typesupport_fastrtps_c__pyext
[0.175s] [ 90%] Built target self_interface__rosidl_typesupport_introspection_c__pyext
[0.176s] [ 96%] Built target self_interface__rosidl_typesupport_c__pyext
[0.191s] [01m[K/home/qep/WorkSpace/RM2025/ROS2tutorial/ros_ws/src/self_interface/src/main.cpp:2:10:[m[K [01;31m[Kfatal error: [m[Kself_interface/msg/robot.hpp: No such file or directory
[0.191s]     2 | #include [01;31m[K"self_interface/msg/robot.hpp"[m[K
[0.191s]       |          [01;31m[K^~~~~~~~~~~~~~~~~~~~~~~~~~~~~~[m[K
[0.191s] compilation terminated.
[0.201s] gmake[2]: *** [CMakeFiles/robot_publisher.dir/build.make:76: CMakeFiles/robot_publisher.dir/src/main.cpp.o] Error 1
[0.201s] gmake[1]: *** [CMakeFiles/Makefile2:592: CMakeFiles/robot_publisher.dir/all] Error 2
[0.201s] gmake[1]: *** Waiting for unfinished jobs....
[0.222s] running egg_info
[0.222s] writing self_interface.egg-info/PKG-INFO
[0.222s] writing dependency_links to self_interface.egg-info/dependency_links.txt
[0.222s] writing top-level names to self_interface.egg-info/top_level.txt
[0.223s] reading manifest file 'self_interface.egg-info/SOURCES.txt'
[0.224s] writing manifest file 'self_interface.egg-info/SOURCES.txt'
[0.242s] [ 96%] Built target ament_cmake_python_build_self_interface_egg
[0.243s] gmake: *** [Makefile:146: all] Error 2
[0.245s] Invoked command in '/home/qep/WorkSpace/RM2025/ROS2tutorial/ros_ws/build/self_interface' returned '2': CMAKE_PREFIX_PATH=${CMAKE_PREFIX_PATH}:/opt/ros/humble /usr/bin/cmake --build /home/qep/WorkSpace/RM2025/ROS2tutorial/ros_ws/build/self_interface -- -j20 -l20
